running egg_info
writing ../build/py_qt_app/py_qt_app.egg-info/PKG-INFO
writing dependency_links to ../build/py_qt_app/py_qt_app.egg-info/dependency_links.txt
writing entry points to ../build/py_qt_app/py_qt_app.egg-info/entry_points.txt
writing requirements to ../build/py_qt_app/py_qt_app.egg-info/requires.txt
writing top-level names to ../build/py_qt_app/py_qt_app.egg-info/top_level.txt
reading manifest file '../build/py_qt_app/py_qt_app.egg-info/SOURCES.txt'
adding license file 'LICENSE'
writing manifest file '../build/py_qt_app/py_qt_app.egg-info/SOURCES.txt'
running build
running build_py
running install
running install_lib
running install_data
running install_egg_info
removing '/workspaces/ros_agv_pc/src/install/py_qt_app/lib/python3.10/site-packages/py_qt_app-0.0.0-py3.10.egg-info' (and everything under it)
/usr/lib/python3/dist-packages/setuptools/command/install.py:34: SetuptoolsDeprecationWarning: setup.py install is deprecated. Use build and pip and other standards-based tools.
  warnings.warn(
Copying ../build/py_qt_app/py_qt_app.egg-info to /workspaces/ros_agv_pc/src/install/py_qt_app/lib/python3.10/site-packages/py_qt_app-0.0.0-py3.10.egg-info
running install_scripts
Installing py_qt_app script to /workspaces/ros_agv_pc/src/install/py_qt_app/lib/py_qt_app
writing list of installed files to '/workspaces/ros_agv_pc/src/build/py_qt_app/install.log'
