[4.280s] Invoking command in '/workspaces/ros_agv_pc/src/py_qt_app': PYTHONPATH=/workspaces/ros_agv_pc/src/build/py_qt_app/prefix_override:/workspaces/ros_agv_pc/src/install/py_qt_app/lib/python3.10/site-packages:${PYTHONPATH} /usr/bin/python3 setup.py egg_info --egg-base ../build/py_qt_app build --build-base /workspaces/ros_agv_pc/src/build/py_qt_app/build install --record /workspaces/ros_agv_pc/src/build/py_qt_app/install.log --single-version-externally-managed
[4.947s] running egg_info
[4.948s] writing ../build/py_qt_app/py_qt_app.egg-info/PKG-INFO
[4.951s] writing dependency_links to ../build/py_qt_app/py_qt_app.egg-info/dependency_links.txt
[4.951s] writing entry points to ../build/py_qt_app/py_qt_app.egg-info/entry_points.txt
[4.957s] writing requirements to ../build/py_qt_app/py_qt_app.egg-info/requires.txt
[4.957s] writing top-level names to ../build/py_qt_app/py_qt_app.egg-info/top_level.txt
[4.964s] reading manifest file '../build/py_qt_app/py_qt_app.egg-info/SOURCES.txt'
[4.965s] adding license file 'LICENSE'
[4.966s] writing manifest file '../build/py_qt_app/py_qt_app.egg-info/SOURCES.txt'
[4.966s] running build
[4.967s] running build_py
[4.967s] running install
[4.973s] /usr/lib/python3/dist-packages/setuptools/command/install.py:34: SetuptoolsDeprecationWarning: setup.py install is deprecated. Use build and pip and other standards-based tools.
[4.973s]   warnings.warn(
[4.975s] running install_lib
[4.975s] running install_data
[4.981s] running install_egg_info
[4.981s] removing '/workspaces/ros_agv_pc/src/install/py_qt_app/lib/python3.10/site-packages/py_qt_app-0.0.0-py3.10.egg-info' (and everything under it)
[4.981s] Copying ../build/py_qt_app/py_qt_app.egg-info to /workspaces/ros_agv_pc/src/install/py_qt_app/lib/python3.10/site-packages/py_qt_app-0.0.0-py3.10.egg-info
[4.981s] running install_scripts
[5.067s] Installing py_qt_app script to /workspaces/ros_agv_pc/src/install/py_qt_app/lib/py_qt_app
[5.076s] writing list of installed files to '/workspaces/ros_agv_pc/src/build/py_qt_app/install.log'
[5.444s] Invoked command in '/workspaces/ros_agv_pc/src/py_qt_app' returned '0': PYTHONPATH=/workspaces/ros_agv_pc/src/build/py_qt_app/prefix_override:/workspaces/ros_agv_pc/src/install/py_qt_app/lib/python3.10/site-packages:${PYTHONPATH} /usr/bin/python3 setup.py egg_info --egg-base ../build/py_qt_app build --build-base /workspaces/ros_agv_pc/src/build/py_qt_app/build install --record /workspaces/ros_agv_pc/src/build/py_qt_app/install.log --single-version-externally-managed
