/workspaces/ros_agv_pc/src/install/AGV_simulator_description/lib/python3.10/site-packages/AGV_simulator_description/__init__.py
/workspaces/ros_agv_pc/src/install/AGV_simulator_description/lib/python3.10/site-packages/AGV_simulator_description/__pycache__/__init__.cpython-310.pyc
/workspaces/ros_agv_pc/src/install/AGV_simulator_description/share/ament_index/resource_index/packages/AGV_simulator_description
/workspaces/ros_agv_pc/src/install/AGV_simulator_description/share/AGV_simulator_description/package.xml
/workspaces/ros_agv_pc/src/install/AGV_simulator_description/share/AGV_simulator_description/launch/gazebo.launch.py
/workspaces/ros_agv_pc/src/install/AGV_simulator_description/share/AGV_simulator_description/launch/display.launch.py
/workspaces/ros_agv_pc/src/install/AGV_simulator_description/share/AGV_simulator_description/urdf/AGV_simulator.trans
/workspaces/ros_agv_pc/src/install/AGV_simulator_description/share/AGV_simulator_description/urdf/materials.xacro
/workspaces/ros_agv_pc/src/install/AGV_simulator_description/share/AGV_simulator_description/urdf/AGV_simulator.xacro
/workspaces/ros_agv_pc/src/install/AGV_simulator_description/share/AGV_simulator_description/urdf/AGV_simulator.gazebo
/workspaces/ros_agv_pc/src/install/AGV_simulator_description/share/AGV_simulator_description/meshes/base_link.stl
/workspaces/ros_agv_pc/src/install/AGV_simulator_description/share/AGV_simulator_description/meshes/back_left_1_1_1_1.stl
/workspaces/ros_agv_pc/src/install/AGV_simulator_description/share/AGV_simulator_description/meshes/front_left_1_1_1_1.stl
/workspaces/ros_agv_pc/src/install/AGV_simulator_description/share/AGV_simulator_description/meshes/back_right_1_1_1_1.stl
/workspaces/ros_agv_pc/src/install/AGV_simulator_description/share/AGV_simulator_description/meshes/front_right_1_1_1_1.stl
/workspaces/ros_agv_pc/src/install/AGV_simulator_description/share/AGV_simulator_description/config/display.rviz
/workspaces/ros_agv_pc/src/install/AGV_simulator_description/lib/python3.10/site-packages/AGV_simulator_description-0.0.0-py3.10.egg-info/PKG-INFO
/workspaces/ros_agv_pc/src/install/AGV_simulator_description/lib/python3.10/site-packages/AGV_simulator_description-0.0.0-py3.10.egg-info/dependency_links.txt
/workspaces/ros_agv_pc/src/install/AGV_simulator_description/lib/python3.10/site-packages/AGV_simulator_description-0.0.0-py3.10.egg-info/top_level.txt
/workspaces/ros_agv_pc/src/install/AGV_simulator_description/lib/python3.10/site-packages/AGV_simulator_description-0.0.0-py3.10.egg-info/entry_points.txt
/workspaces/ros_agv_pc/src/install/AGV_simulator_description/lib/python3.10/site-packages/AGV_simulator_description-0.0.0-py3.10.egg-info/SOURCES.txt
/workspaces/ros_agv_pc/src/install/AGV_simulator_description/lib/python3.10/site-packages/AGV_simulator_description-0.0.0-py3.10.egg-info/zip-safe
/workspaces/ros_agv_pc/src/install/AGV_simulator_description/lib/python3.10/site-packages/AGV_simulator_description-0.0.0-py3.10.egg-info/requires.txt
