[1.995s] Invoking command in '/workspaces/ros_agv_pc/src/build/agv_mcu_package': CMAKE_PREFIX_PATH=${CMAKE_PREFIX_PATH}:/workspaces/ros_agv_pc/src/install/textual_gui_pkg:/workspaces/ros_agv_pc/src/install/py_qt_app:/workspaces/ros_agv_pc/src/install/AGV_simulator_description:/opt/ros/humble /usr/bin/cmake --build /workspaces/ros_agv_pc/src/build/agv_mcu_package -- -j8 -l8
[2.832s] [100%] Built target stm32_bridge
[3.413s] Invoked command in '/workspaces/ros_agv_pc/src/build/agv_mcu_package' returned '0': CMAKE_PREFIX_PATH=${CMAKE_PREFIX_PATH}:/workspaces/ros_agv_pc/src/install/textual_gui_pkg:/workspaces/ros_agv_pc/src/install/py_qt_app:/workspaces/ros_agv_pc/src/install/AGV_simulator_description:/opt/ros/humble /usr/bin/cmake --build /workspaces/ros_agv_pc/src/build/agv_mcu_package -- -j8 -l8
[3.541s] Invoking command in '/workspaces/ros_agv_pc/src/build/agv_mcu_package': CMAKE_PREFIX_PATH=${CMAKE_PREFIX_PATH}:/workspaces/ros_agv_pc/src/install/textual_gui_pkg:/workspaces/ros_agv_pc/src/install/py_qt_app:/workspaces/ros_agv_pc/src/install/AGV_simulator_description:/opt/ros/humble /usr/bin/cmake --install /workspaces/ros_agv_pc/src/build/agv_mcu_package
[3.599s] -- Install configuration: ""
[3.599s] -- Up-to-date: /workspaces/ros_agv_pc/src/install/agv_mcu_package/lib/agv_mcu_package/stm32_bridge
[3.599s] -- Up-to-date: /workspaces/ros_agv_pc/src/install/agv_mcu_package/share/ament_index/resource_index/package_run_dependencies/agv_mcu_package
[3.600s] -- Up-to-date: /workspaces/ros_agv_pc/src/install/agv_mcu_package/share/ament_index/resource_index/parent_prefix_path/agv_mcu_package
[3.600s] -- Up-to-date: /workspaces/ros_agv_pc/src/install/agv_mcu_package/share/agv_mcu_package/environment/ament_prefix_path.sh
[3.600s] -- Up-to-date: /workspaces/ros_agv_pc/src/install/agv_mcu_package/share/agv_mcu_package/environment/ament_prefix_path.dsv
[3.600s] -- Up-to-date: /workspaces/ros_agv_pc/src/install/agv_mcu_package/share/agv_mcu_package/environment/path.sh
[3.601s] -- Up-to-date: /workspaces/ros_agv_pc/src/install/agv_mcu_package/share/agv_mcu_package/environment/path.dsv
[3.601s] -- Up-to-date: /workspaces/ros_agv_pc/src/install/agv_mcu_package/share/agv_mcu_package/local_setup.bash
[3.601s] -- Up-to-date: /workspaces/ros_agv_pc/src/install/agv_mcu_package/share/agv_mcu_package/local_setup.sh
[3.601s] -- Up-to-date: /workspaces/ros_agv_pc/src/install/agv_mcu_package/share/agv_mcu_package/local_setup.zsh
[3.602s] -- Up-to-date: /workspaces/ros_agv_pc/src/install/agv_mcu_package/share/agv_mcu_package/local_setup.dsv
[3.616s] -- Installing: /workspaces/ros_agv_pc/src/install/agv_mcu_package/share/agv_mcu_package/package.dsv
[3.616s] -- Up-to-date: /workspaces/ros_agv_pc/src/install/agv_mcu_package/share/ament_index/resource_index/packages/agv_mcu_package
[3.616s] -- Up-to-date: /workspaces/ros_agv_pc/src/install/agv_mcu_package/share/agv_mcu_package/cmake/agv_mcu_packageConfig.cmake
[3.617s] -- Up-to-date: /workspaces/ros_agv_pc/src/install/agv_mcu_package/share/agv_mcu_package/cmake/agv_mcu_packageConfig-version.cmake
[3.617s] -- Up-to-date: /workspaces/ros_agv_pc/src/install/agv_mcu_package/share/agv_mcu_package/package.xml
[3.618s] Invoked command in '/workspaces/ros_agv_pc/src/build/agv_mcu_package' returned '0': CMAKE_PREFIX_PATH=${CMAKE_PREFIX_PATH}:/workspaces/ros_agv_pc/src/install/textual_gui_pkg:/workspaces/ros_agv_pc/src/install/py_qt_app:/workspaces/ros_agv_pc/src/install/AGV_simulator_description:/opt/ros/humble /usr/bin/cmake --install /workspaces/ros_agv_pc/src/build/agv_mcu_package
