[0.605s] Invoking command in '/workspaces/ros_agv_pc/src/build/interfaces': CMAKE_PREFIX_PATH=/opt/ros/humble /usr/bin/cmake --build /workspaces/ros_agv_pc/src/build/interfaces -- -j8 -l8
[1.583s] [  3%] Built target interfaces__cpp
[1.583s] [ 12%] Built target interfaces__rosidl_generator_c
[1.583s] [ 12%] Built target ament_cmake_python_copy_interfaces
[1.583s] [ 22%] Built target interfaces__rosidl_typesupport_cpp
[1.584s] [ 32%] Built target interfaces__rosidl_typesupport_introspection_cpp
[1.584s] [ 41%] Built target interfaces__rosidl_typesupport_fastrtps_cpp
[1.584s] [ 51%] Built target interfaces__rosidl_typesupport_fastrtps_c
[1.585s] [ 61%] Built target interfaces__rosidl_typesupport_c
[1.585s] [ 70%] Built target interfaces__rosidl_typesupport_introspection_c
[1.586s] [ 70%] Built target interfaces
[1.586s] [ 74%] Built target interfaces__py
[1.586s] [ 80%] Built target interfaces__rosidl_generator_py
[1.586s] [ 87%] Built target interfaces__rosidl_typesupport_fastrtps_c__pyext
[1.586s] [ 96%] Built target interfaces__rosidl_typesupport_c__pyext
[1.586s] [100%] Built target interfaces__rosidl_typesupport_introspection_c__pyext
[1.587s] running egg_info
[1.587s] writing interfaces.egg-info/PKG-INFO
[1.587s] writing dependency_links to interfaces.egg-info/dependency_links.txt
[1.587s] writing top-level names to interfaces.egg-info/top_level.txt
[1.587s] reading manifest file 'interfaces.egg-info/SOURCES.txt'
[1.587s] writing manifest file 'interfaces.egg-info/SOURCES.txt'
[1.588s] [100%] Built target ament_cmake_python_build_interfaces_egg
[2.064s] Invoked command in '/workspaces/ros_agv_pc/src/build/interfaces' returned '0': CMAKE_PREFIX_PATH=/opt/ros/humble /usr/bin/cmake --build /workspaces/ros_agv_pc/src/build/interfaces -- -j8 -l8
[2.194s] Invoking command in '/workspaces/ros_agv_pc/src/build/interfaces': CMAKE_PREFIX_PATH=/opt/ros/humble /usr/bin/cmake --install /workspaces/ros_agv_pc/src/build/interfaces
[2.205s] -- Install configuration: ""
[2.206s] -- Up-to-date: /workspaces/ros_agv_pc/src/install/interfaces/share/ament_index/resource_index/rosidl_interfaces/interfaces
[2.206s] -- Up-to-date: /workspaces/ros_agv_pc/src/install/interfaces/include/interfaces/interfaces
[2.206s] -- Up-to-date: /workspaces/ros_agv_pc/src/install/interfaces/include/interfaces/interfaces/msg
[2.206s] -- Up-to-date: /workspaces/ros_agv_pc/src/install/interfaces/include/interfaces/interfaces/msg/rosidl_generator_c__visibility_control.h
[2.208s] -- Up-to-date: /workspaces/ros_agv_pc/src/install/interfaces/include/interfaces/interfaces/msg/steer.h
[2.208s] -- Up-to-date: /workspaces/ros_agv_pc/src/install/interfaces/include/interfaces/interfaces/msg/detail
[2.208s] -- Up-to-date: /workspaces/ros_agv_pc/src/install/interfaces/include/interfaces/interfaces/msg/detail/steer__functions.c
[2.208s] -- Up-to-date: /workspaces/ros_agv_pc/src/install/interfaces/include/interfaces/interfaces/msg/detail/steer__struct.h
[2.209s] -- Up-to-date: /workspaces/ros_agv_pc/src/install/interfaces/include/interfaces/interfaces/msg/detail/steer__type_support.h
[2.209s] -- Up-to-date: /workspaces/ros_agv_pc/src/install/interfaces/include/interfaces/interfaces/msg/detail/steer__functions.h
[2.209s] -- Up-to-date: /workspaces/ros_agv_pc/src/install/interfaces/share/interfaces/environment/library_path.sh
[2.209s] -- Up-to-date: /workspaces/ros_agv_pc/src/install/interfaces/share/interfaces/environment/library_path.dsv
[2.213s] -- Up-to-date: /workspaces/ros_agv_pc/src/install/interfaces/lib/libinterfaces__rosidl_generator_c.so
[2.213s] -- Up-to-date: /workspaces/ros_agv_pc/src/install/interfaces/include/interfaces/interfaces
[2.213s] -- Up-to-date: /workspaces/ros_agv_pc/src/install/interfaces/include/interfaces/interfaces/msg
[2.214s] -- Up-to-date: /workspaces/ros_agv_pc/src/install/interfaces/include/interfaces/interfaces/msg/rosidl_typesupport_fastrtps_c__visibility_control.h
[2.214s] -- Up-to-date: /workspaces/ros_agv_pc/src/install/interfaces/include/interfaces/interfaces/msg/detail
[2.215s] -- Up-to-date: /workspaces/ros_agv_pc/src/install/interfaces/include/interfaces/interfaces/msg/detail/steer__rosidl_typesupport_fastrtps_c.h
[2.215s] -- Up-to-date: /workspaces/ros_agv_pc/src/install/interfaces/lib/libinterfaces__rosidl_typesupport_fastrtps_c.so
[2.215s] -- Up-to-date: /workspaces/ros_agv_pc/src/install/interfaces/include/interfaces/interfaces
[2.215s] -- Up-to-date: /workspaces/ros_agv_pc/src/install/interfaces/include/interfaces/interfaces/msg
[2.215s] -- Up-to-date: /workspaces/ros_agv_pc/src/install/interfaces/include/interfaces/interfaces/msg/rosidl_typesupport_introspection_c__visibility_control.h
[2.215s] -- Up-to-date: /workspaces/ros_agv_pc/src/install/interfaces/include/interfaces/interfaces/msg/detail
[2.215s] -- Up-to-date: /workspaces/ros_agv_pc/src/install/interfaces/include/interfaces/interfaces/msg/detail/steer__type_support.c
[2.215s] -- Up-to-date: /workspaces/ros_agv_pc/src/install/interfaces/include/interfaces/interfaces/msg/detail/steer__rosidl_typesupport_introspection_c.h
[2.216s] -- Up-to-date: /workspaces/ros_agv_pc/src/install/interfaces/lib/libinterfaces__rosidl_typesupport_introspection_c.so
[2.216s] -- Up-to-date: /workspaces/ros_agv_pc/src/install/interfaces/lib/libinterfaces__rosidl_typesupport_c.so
[2.216s] -- Up-to-date: /workspaces/ros_agv_pc/src/install/interfaces/include/interfaces/interfaces
[2.216s] -- Up-to-date: /workspaces/ros_agv_pc/src/install/interfaces/include/interfaces/interfaces/msg
[2.216s] -- Up-to-date: /workspaces/ros_agv_pc/src/install/interfaces/include/interfaces/interfaces/msg/detail
[2.216s] -- Up-to-date: /workspaces/ros_agv_pc/src/install/interfaces/include/interfaces/interfaces/msg/detail/steer__struct.hpp
[2.216s] -- Up-to-date: /workspaces/ros_agv_pc/src/install/interfaces/include/interfaces/interfaces/msg/detail/steer__builder.hpp
[2.216s] -- Up-to-date: /workspaces/ros_agv_pc/src/install/interfaces/include/interfaces/interfaces/msg/detail/steer__traits.hpp
[2.216s] -- Up-to-date: /workspaces/ros_agv_pc/src/install/interfaces/include/interfaces/interfaces/msg/steer.hpp
[2.216s] -- Up-to-date: /workspaces/ros_agv_pc/src/install/interfaces/include/interfaces/interfaces
[2.216s] -- Up-to-date: /workspaces/ros_agv_pc/src/install/interfaces/include/interfaces/interfaces/msg
[2.217s] -- Up-to-date: /workspaces/ros_agv_pc/src/install/interfaces/include/interfaces/interfaces/msg/detail
[2.217s] -- Up-to-date: /workspaces/ros_agv_pc/src/install/interfaces/include/interfaces/interfaces/msg/detail/steer__rosidl_typesupport_fastrtps_cpp.hpp
[2.217s] -- Up-to-date: /workspaces/ros_agv_pc/src/install/interfaces/include/interfaces/interfaces/msg/detail/dds_fastrtps
[2.217s] -- Up-to-date: /workspaces/ros_agv_pc/src/install/interfaces/include/interfaces/interfaces/msg/rosidl_typesupport_fastrtps_cpp__visibility_control.h
[2.217s] -- Up-to-date: /workspaces/ros_agv_pc/src/install/interfaces/lib/libinterfaces__rosidl_typesupport_fastrtps_cpp.so
[2.217s] -- Up-to-date: /workspaces/ros_agv_pc/src/install/interfaces/include/interfaces/interfaces
[2.218s] -- Up-to-date: /workspaces/ros_agv_pc/src/install/interfaces/include/interfaces/interfaces/msg
[2.218s] -- Up-to-date: /workspaces/ros_agv_pc/src/install/interfaces/include/interfaces/interfaces/msg/detail
[2.218s] -- Up-to-date: /workspaces/ros_agv_pc/src/install/interfaces/include/interfaces/interfaces/msg/detail/steer__rosidl_typesupport_introspection_cpp.hpp
[2.218s] -- Up-to-date: /workspaces/ros_agv_pc/src/install/interfaces/include/interfaces/interfaces/msg/detail/steer__type_support.cpp
[2.218s] -- Up-to-date: /workspaces/ros_agv_pc/src/install/interfaces/lib/libinterfaces__rosidl_typesupport_introspection_cpp.so
[2.218s] -- Up-to-date: /workspaces/ros_agv_pc/src/install/interfaces/lib/libinterfaces__rosidl_typesupport_cpp.so
[2.218s] -- Up-to-date: /workspaces/ros_agv_pc/src/install/interfaces/share/interfaces/environment/pythonpath.sh
[2.218s] -- Up-to-date: /workspaces/ros_agv_pc/src/install/interfaces/share/interfaces/environment/pythonpath.dsv
[2.218s] -- Up-to-date: /workspaces/ros_agv_pc/src/install/interfaces/local/lib/python3.10/dist-packages/interfaces-0.0.0-py3.10.egg-info
[2.218s] -- Installing: /workspaces/ros_agv_pc/src/install/interfaces/local/lib/python3.10/dist-packages/interfaces-0.0.0-py3.10.egg-info/top_level.txt
[2.218s] -- Installing: /workspaces/ros_agv_pc/src/install/interfaces/local/lib/python3.10/dist-packages/interfaces-0.0.0-py3.10.egg-info/SOURCES.txt
[2.222s] -- Installing: /workspaces/ros_agv_pc/src/install/interfaces/local/lib/python3.10/dist-packages/interfaces-0.0.0-py3.10.egg-info/dependency_links.txt
[2.224s] -- Installing: /workspaces/ros_agv_pc/src/install/interfaces/local/lib/python3.10/dist-packages/interfaces-0.0.0-py3.10.egg-info/PKG-INFO
[2.224s] -- Up-to-date: /workspaces/ros_agv_pc/src/install/interfaces/local/lib/python3.10/dist-packages/interfaces
[2.225s] -- Up-to-date: /workspaces/ros_agv_pc/src/install/interfaces/local/lib/python3.10/dist-packages/interfaces/interfaces_s__rosidl_typesupport_introspection_c.cpython-310-x86_64-linux-gnu.so
[2.225s] -- Up-to-date: /workspaces/ros_agv_pc/src/install/interfaces/local/lib/python3.10/dist-packages/interfaces/_interfaces_s.ep.rosidl_typesupport_fastrtps_c.c
[2.226s] -- Up-to-date: /workspaces/ros_agv_pc/src/install/interfaces/local/lib/python3.10/dist-packages/interfaces/libinterfaces__rosidl_generator_py.so
[2.226s] -- Up-to-date: /workspaces/ros_agv_pc/src/install/interfaces/local/lib/python3.10/dist-packages/interfaces/msg
[2.227s] -- Up-to-date: /workspaces/ros_agv_pc/src/install/interfaces/local/lib/python3.10/dist-packages/interfaces/msg/_steer_s.c
[2.227s] -- Up-to-date: /workspaces/ros_agv_pc/src/install/interfaces/local/lib/python3.10/dist-packages/interfaces/msg/__init__.py
[2.227s] -- Up-to-date: /workspaces/ros_agv_pc/src/install/interfaces/local/lib/python3.10/dist-packages/interfaces/msg/_steer.py
[2.227s] -- Up-to-date: /workspaces/ros_agv_pc/src/install/interfaces/local/lib/python3.10/dist-packages/interfaces/interfaces_s__rosidl_typesupport_fastrtps_c.cpython-310-x86_64-linux-gnu.so
[2.227s] -- Up-to-date: /workspaces/ros_agv_pc/src/install/interfaces/local/lib/python3.10/dist-packages/interfaces/__init__.py
[2.227s] -- Up-to-date: /workspaces/ros_agv_pc/src/install/interfaces/local/lib/python3.10/dist-packages/interfaces/interfaces_s__rosidl_typesupport_c.cpython-310-x86_64-linux-gnu.so
[2.228s] -- Up-to-date: /workspaces/ros_agv_pc/src/install/interfaces/local/lib/python3.10/dist-packages/interfaces/_interfaces_s.ep.rosidl_typesupport_c.c
[2.228s] -- Up-to-date: /workspaces/ros_agv_pc/src/install/interfaces/local/lib/python3.10/dist-packages/interfaces/_interfaces_s.ep.rosidl_typesupport_introspection_c.c
[2.265s] Listing '/workspaces/ros_agv_pc/src/install/interfaces/local/lib/python3.10/dist-packages/interfaces'...
[2.265s] Listing '/workspaces/ros_agv_pc/src/install/interfaces/local/lib/python3.10/dist-packages/interfaces/msg'...
[2.272s] -- Up-to-date: /workspaces/ros_agv_pc/src/install/interfaces/local/lib/python3.10/dist-packages/interfaces/interfaces_s__rosidl_typesupport_fastrtps_c.cpython-310-x86_64-linux-gnu.so
[2.272s] -- Up-to-date: /workspaces/ros_agv_pc/src/install/interfaces/local/lib/python3.10/dist-packages/interfaces/interfaces_s__rosidl_typesupport_introspection_c.cpython-310-x86_64-linux-gnu.so
[2.273s] -- Up-to-date: /workspaces/ros_agv_pc/src/install/interfaces/local/lib/python3.10/dist-packages/interfaces/interfaces_s__rosidl_typesupport_c.cpython-310-x86_64-linux-gnu.so
[2.273s] -- Up-to-date: /workspaces/ros_agv_pc/src/install/interfaces/lib/libinterfaces__rosidl_generator_py.so
[2.274s] -- Up-to-date: /workspaces/ros_agv_pc/src/install/interfaces/share/interfaces/msg/Steer.idl
[2.274s] -- Up-to-date: /workspaces/ros_agv_pc/src/install/interfaces/share/interfaces/msg/Steer.msg
[2.274s] -- Up-to-date: /workspaces/ros_agv_pc/src/install/interfaces/share/ament_index/resource_index/package_run_dependencies/interfaces
[2.274s] -- Up-to-date: /workspaces/ros_agv_pc/src/install/interfaces/share/ament_index/resource_index/parent_prefix_path/interfaces
[2.275s] -- Up-to-date: /workspaces/ros_agv_pc/src/install/interfaces/share/interfaces/environment/ament_prefix_path.sh
[2.275s] -- Up-to-date: /workspaces/ros_agv_pc/src/install/interfaces/share/interfaces/environment/ament_prefix_path.dsv
[2.275s] -- Up-to-date: /workspaces/ros_agv_pc/src/install/interfaces/share/interfaces/environment/path.sh
[2.275s] -- Up-to-date: /workspaces/ros_agv_pc/src/install/interfaces/share/interfaces/environment/path.dsv
[2.275s] -- Up-to-date: /workspaces/ros_agv_pc/src/install/interfaces/share/interfaces/local_setup.bash
[2.275s] -- Up-to-date: /workspaces/ros_agv_pc/src/install/interfaces/share/interfaces/local_setup.sh
[2.276s] -- Up-to-date: /workspaces/ros_agv_pc/src/install/interfaces/share/interfaces/local_setup.zsh
[2.276s] -- Up-to-date: /workspaces/ros_agv_pc/src/install/interfaces/share/interfaces/local_setup.dsv
[2.276s] -- Installing: /workspaces/ros_agv_pc/src/install/interfaces/share/interfaces/package.dsv
[2.276s] -- Up-to-date: /workspaces/ros_agv_pc/src/install/interfaces/share/ament_index/resource_index/packages/interfaces
[2.276s] -- Up-to-date: /workspaces/ros_agv_pc/src/install/interfaces/share/interfaces/cmake/export_interfaces__rosidl_generator_cExport.cmake
[2.276s] -- Up-to-date: /workspaces/ros_agv_pc/src/install/interfaces/share/interfaces/cmake/export_interfaces__rosidl_generator_cExport-noconfig.cmake
[2.277s] -- Up-to-date: /workspaces/ros_agv_pc/src/install/interfaces/share/interfaces/cmake/export_interfaces__rosidl_typesupport_fastrtps_cExport.cmake
[2.277s] -- Up-to-date: /workspaces/ros_agv_pc/src/install/interfaces/share/interfaces/cmake/export_interfaces__rosidl_typesupport_fastrtps_cExport-noconfig.cmake
[2.277s] -- Up-to-date: /workspaces/ros_agv_pc/src/install/interfaces/share/interfaces/cmake/interfaces__rosidl_typesupport_introspection_cExport.cmake
[2.277s] -- Up-to-date: /workspaces/ros_agv_pc/src/install/interfaces/share/interfaces/cmake/interfaces__rosidl_typesupport_introspection_cExport-noconfig.cmake
[2.277s] -- Up-to-date: /workspaces/ros_agv_pc/src/install/interfaces/share/interfaces/cmake/interfaces__rosidl_typesupport_cExport.cmake
[2.277s] -- Up-to-date: /workspaces/ros_agv_pc/src/install/interfaces/share/interfaces/cmake/interfaces__rosidl_typesupport_cExport-noconfig.cmake
[2.278s] -- Up-to-date: /workspaces/ros_agv_pc/src/install/interfaces/share/interfaces/cmake/export_interfaces__rosidl_generator_cppExport.cmake
[2.278s] -- Up-to-date: /workspaces/ros_agv_pc/src/install/interfaces/share/interfaces/cmake/export_interfaces__rosidl_typesupport_fastrtps_cppExport.cmake
[2.278s] -- Up-to-date: /workspaces/ros_agv_pc/src/install/interfaces/share/interfaces/cmake/export_interfaces__rosidl_typesupport_fastrtps_cppExport-noconfig.cmake
[2.278s] -- Up-to-date: /workspaces/ros_agv_pc/src/install/interfaces/share/interfaces/cmake/interfaces__rosidl_typesupport_introspection_cppExport.cmake
[2.278s] -- Up-to-date: /workspaces/ros_agv_pc/src/install/interfaces/share/interfaces/cmake/interfaces__rosidl_typesupport_introspection_cppExport-noconfig.cmake
[2.278s] -- Up-to-date: /workspaces/ros_agv_pc/src/install/interfaces/share/interfaces/cmake/interfaces__rosidl_typesupport_cppExport.cmake
[2.278s] -- Up-to-date: /workspaces/ros_agv_pc/src/install/interfaces/share/interfaces/cmake/interfaces__rosidl_typesupport_cppExport-noconfig.cmake
[2.278s] -- Up-to-date: /workspaces/ros_agv_pc/src/install/interfaces/share/interfaces/cmake/export_interfaces__rosidl_generator_pyExport.cmake
[2.279s] -- Up-to-date: /workspaces/ros_agv_pc/src/install/interfaces/share/interfaces/cmake/export_interfaces__rosidl_generator_pyExport-noconfig.cmake
[2.279s] -- Up-to-date: /workspaces/ros_agv_pc/src/install/interfaces/share/interfaces/cmake/rosidl_cmake-extras.cmake
[2.279s] -- Up-to-date: /workspaces/ros_agv_pc/src/install/interfaces/share/interfaces/cmake/ament_cmake_export_include_directories-extras.cmake
[2.279s] -- Up-to-date: /workspaces/ros_agv_pc/src/install/interfaces/share/interfaces/cmake/ament_cmake_export_libraries-extras.cmake
[2.279s] -- Up-to-date: /workspaces/ros_agv_pc/src/install/interfaces/share/interfaces/cmake/ament_cmake_export_targets-extras.cmake
[2.279s] -- Up-to-date: /workspaces/ros_agv_pc/src/install/interfaces/share/interfaces/cmake/rosidl_cmake_export_typesupport_targets-extras.cmake
[2.280s] -- Up-to-date: /workspaces/ros_agv_pc/src/install/interfaces/share/interfaces/cmake/ament_cmake_export_dependencies-extras.cmake
[2.280s] -- Up-to-date: /workspaces/ros_agv_pc/src/install/interfaces/share/interfaces/cmake/rosidl_cmake_export_typesupport_libraries-extras.cmake
[2.280s] -- Up-to-date: /workspaces/ros_agv_pc/src/install/interfaces/share/interfaces/cmake/interfacesConfig.cmake
[2.280s] -- Up-to-date: /workspaces/ros_agv_pc/src/install/interfaces/share/interfaces/cmake/interfacesConfig-version.cmake
[2.280s] -- Up-to-date: /workspaces/ros_agv_pc/src/install/interfaces/share/interfaces/package.xml
[3.293s] Invoked command in '/workspaces/ros_agv_pc/src/build/interfaces' returned '0': CMAKE_PREFIX_PATH=/opt/ros/humble /usr/bin/cmake --install /workspaces/ros_agv_pc/src/build/interfaces
