[1.099s] Invoking command in '/workspaces/ros_agv_pc/src/build/publisher_pkg': /usr/bin/cmake --build /workspaces/ros_agv_pc/src/build/publisher_pkg -- -j8 -l8
[2.976s] [100%] Built target publisher_exp
[2.996s] Invoked command in '/workspaces/ros_agv_pc/src/build/publisher_pkg' returned '0': /usr/bin/cmake --build /workspaces/ros_agv_pc/src/build/publisher_pkg -- -j8 -l8
[3.219s] Invoking command in '/workspaces/ros_agv_pc/src/build/publisher_pkg': /usr/bin/cmake --install /workspaces/ros_agv_pc/src/build/publisher_pkg
[3.255s] -- Install configuration: ""
[3.260s] -- Up-to-date: /workspaces/ros_agv_pc/src/install/publisher_pkg/lib/publisher_pkg/publisher_exp
[3.260s] -- Up-to-date: /workspaces/ros_agv_pc/src/install/publisher_pkg/share/ament_index/resource_index/package_run_dependencies/publisher_pkg
[3.261s] -- Up-to-date: /workspaces/ros_agv_pc/src/install/publisher_pkg/share/ament_index/resource_index/parent_prefix_path/publisher_pkg
[3.261s] -- Up-to-date: /workspaces/ros_agv_pc/src/install/publisher_pkg/share/publisher_pkg/environment/ament_prefix_path.sh
[3.261s] -- Up-to-date: /workspaces/ros_agv_pc/src/install/publisher_pkg/share/publisher_pkg/environment/ament_prefix_path.dsv
[3.261s] -- Up-to-date: /workspaces/ros_agv_pc/src/install/publisher_pkg/share/publisher_pkg/environment/path.sh
[3.261s] -- Up-to-date: /workspaces/ros_agv_pc/src/install/publisher_pkg/share/publisher_pkg/environment/path.dsv
[3.261s] -- Up-to-date: /workspaces/ros_agv_pc/src/install/publisher_pkg/share/publisher_pkg/local_setup.bash
[3.262s] -- Up-to-date: /workspaces/ros_agv_pc/src/install/publisher_pkg/share/publisher_pkg/local_setup.sh
[3.262s] -- Up-to-date: /workspaces/ros_agv_pc/src/install/publisher_pkg/share/publisher_pkg/local_setup.zsh
[3.262s] -- Up-to-date: /workspaces/ros_agv_pc/src/install/publisher_pkg/share/publisher_pkg/local_setup.dsv
[3.262s] -- Installing: /workspaces/ros_agv_pc/src/install/publisher_pkg/share/publisher_pkg/package.dsv
[3.262s] -- Up-to-date: /workspaces/ros_agv_pc/src/install/publisher_pkg/share/ament_index/resource_index/packages/publisher_pkg
[3.262s] -- Up-to-date: /workspaces/ros_agv_pc/src/install/publisher_pkg/share/publisher_pkg/cmake/publisher_pkgConfig.cmake
[3.263s] -- Up-to-date: /workspaces/ros_agv_pc/src/install/publisher_pkg/share/publisher_pkg/cmake/publisher_pkgConfig-version.cmake
[3.263s] -- Up-to-date: /workspaces/ros_agv_pc/src/install/publisher_pkg/share/publisher_pkg/package.xml
[3.336s] Invoked command in '/workspaces/ros_agv_pc/src/build/publisher_pkg' returned '0': /usr/bin/cmake --install /workspaces/ros_agv_pc/src/build/publisher_pkg
