[2.976s] Invoking command in '/workspaces/ros_agv_pc/src/textual_gui_pkg': PYTHONPATH=/workspaces/ros_agv_pc/src/build/textual_gui_pkg/prefix_override:/workspaces/ros_agv_pc/src/install/textual_gui_pkg/lib/python3.10/site-packages:${PYTHONPATH} /usr/bin/python3 setup.py egg_info --egg-base ../build/textual_gui_pkg build --build-base /workspaces/ros_agv_pc/src/build/textual_gui_pkg/build install --record /workspaces/ros_agv_pc/src/build/textual_gui_pkg/install.log --single-version-externally-managed
[3.703s] running egg_info
[3.705s] writing ../build/textual_gui_pkg/textual_gui_pkg.egg-info/PKG-INFO
[3.707s] writing dependency_links to ../build/textual_gui_pkg/textual_gui_pkg.egg-info/dependency_links.txt
[3.708s] writing entry points to ../build/textual_gui_pkg/textual_gui_pkg.egg-info/entry_points.txt
[3.708s] writing requirements to ../build/textual_gui_pkg/textual_gui_pkg.egg-info/requires.txt
[3.708s] writing top-level names to ../build/textual_gui_pkg/textual_gui_pkg.egg-info/top_level.txt
[3.715s] reading manifest file '../build/textual_gui_pkg/textual_gui_pkg.egg-info/SOURCES.txt'
[3.716s] adding license file 'LICENSE'
[3.718s] writing manifest file '../build/textual_gui_pkg/textual_gui_pkg.egg-info/SOURCES.txt'
[3.718s] running build
[3.719s] running build_py
[3.719s] running install
[3.719s] /usr/lib/python3/dist-packages/setuptools/command/install.py:34: SetuptoolsDeprecationWarning: setup.py install is deprecated. Use build and pip and other standards-based tools.
[3.719s]   warnings.warn(
[3.720s] running install_lib
[3.722s] running install_data
[3.723s] running install_egg_info
[3.729s] removing '/workspaces/ros_agv_pc/src/install/textual_gui_pkg/lib/python3.10/site-packages/textual_gui_pkg-0.0.0-py3.10.egg-info' (and everything under it)
[3.729s] Copying ../build/textual_gui_pkg/textual_gui_pkg.egg-info to /workspaces/ros_agv_pc/src/install/textual_gui_pkg/lib/python3.10/site-packages/textual_gui_pkg-0.0.0-py3.10.egg-info
[3.742s] running install_scripts
[3.810s] Installing tui_2 script to /workspaces/ros_agv_pc/src/install/textual_gui_pkg/lib/textual_gui_pkg
[3.811s] Installing tui_serial script to /workspaces/ros_agv_pc/src/install/textual_gui_pkg/lib/textual_gui_pkg
[3.812s] Installing tui_topic script to /workspaces/ros_agv_pc/src/install/textual_gui_pkg/lib/textual_gui_pkg
[3.813s] writing list of installed files to '/workspaces/ros_agv_pc/src/build/textual_gui_pkg/install.log'
