[1.642s] Invoking command in '/workspaces/ros_agv_pc/src/py_qt_app': PYTHONPATH=/workspaces/ros_agv_pc/src/build/py_qt_app/prefix_override:/workspaces/ros_agv_pc/src/install/py_qt_app/lib/python3.10/site-packages:${PYTHONPATH} /usr/bin/python3 setup.py egg_info --egg-base ../build/py_qt_app build --build-base /workspaces/ros_agv_pc/src/build/py_qt_app/build install --record /workspaces/ros_agv_pc/src/build/py_qt_app/install.log --single-version-externally-managed
[1.879s] running egg_info
[1.879s] writing ../build/py_qt_app/py_qt_app.egg-info/PKG-INFO
[1.880s] writing dependency_links to ../build/py_qt_app/py_qt_app.egg-info/dependency_links.txt
[1.880s] writing entry points to ../build/py_qt_app/py_qt_app.egg-info/entry_points.txt
[1.880s] writing requirements to ../build/py_qt_app/py_qt_app.egg-info/requires.txt
[1.880s] writing top-level names to ../build/py_qt_app/py_qt_app.egg-info/top_level.txt
[1.882s] reading manifest file '../build/py_qt_app/py_qt_app.egg-info/SOURCES.txt'
[1.891s] adding license file 'LICENSE'
[1.893s] writing manifest file '../build/py_qt_app/py_qt_app.egg-info/SOURCES.txt'
[1.893s] running build
[1.893s] running build_py
[1.893s] copying py_qt_app/main_qt.py -> /workspaces/ros_agv_pc/src/build/py_qt_app/build/lib/py_qt_app
[1.894s] running install
[1.895s] /usr/lib/python3/dist-packages/setuptools/command/install.py:34: SetuptoolsDeprecationWarning: setup.py install is deprecated. Use build and pip and other standards-based tools.
[1.896s]   warnings.warn(
[1.896s] running install_lib
[1.897s] copying /workspaces/ros_agv_pc/src/build/py_qt_app/build/lib/py_qt_app/main_qt.py -> /workspaces/ros_agv_pc/src/install/py_qt_app/lib/python3.10/site-packages/py_qt_app
[1.898s] byte-compiling /workspaces/ros_agv_pc/src/install/py_qt_app/lib/python3.10/site-packages/py_qt_app/main_qt.py to main_qt.cpython-310.pyc
[1.899s] running install_data
[1.901s] running install_egg_info
[1.907s] removing '/workspaces/ros_agv_pc/src/install/py_qt_app/lib/python3.10/site-packages/py_qt_app-0.0.0-py3.10.egg-info' (and everything under it)
[1.907s] Copying ../build/py_qt_app/py_qt_app.egg-info to /workspaces/ros_agv_pc/src/install/py_qt_app/lib/python3.10/site-packages/py_qt_app-0.0.0-py3.10.egg-info
[1.908s] running install_scripts
[1.939s] Installing py_qt_app script to /workspaces/ros_agv_pc/src/install/py_qt_app/lib/py_qt_app
[1.939s] writing list of installed files to '/workspaces/ros_agv_pc/src/build/py_qt_app/install.log'
[1.990s] Invoked command in '/workspaces/ros_agv_pc/src/py_qt_app' returned '0': PYTHONPATH=/workspaces/ros_agv_pc/src/build/py_qt_app/prefix_override:/workspaces/ros_agv_pc/src/install/py_qt_app/lib/python3.10/site-packages:${PYTHONPATH} /usr/bin/python3 setup.py egg_info --egg-base ../build/py_qt_app build --build-base /workspaces/ros_agv_pc/src/build/py_qt_app/build install --record /workspaces/ros_agv_pc/src/build/py_qt_app/install.log --single-version-externally-managed
