[4.098s] Invoking command in '/workspaces/ros_agv_pc/src/textual_gui_pkg': PYTHONPATH=/workspaces/ros_agv_pc/src/build/textual_gui_pkg/prefix_override:/workspaces/ros_agv_pc/src/install/textual_gui_pkg/lib/python3.10/site-packages:${PYTHONPATH} /usr/bin/python3 setup.py egg_info --egg-base ../build/textual_gui_pkg build --build-base /workspaces/ros_agv_pc/src/build/textual_gui_pkg/build install --record /workspaces/ros_agv_pc/src/build/textual_gui_pkg/install.log --single-version-externally-managed
[4.817s] running egg_info
[4.820s] writing ../build/textual_gui_pkg/textual_gui_pkg.egg-info/PKG-INFO
[4.822s] writing dependency_links to ../build/textual_gui_pkg/textual_gui_pkg.egg-info/dependency_links.txt
[4.823s] writing entry points to ../build/textual_gui_pkg/textual_gui_pkg.egg-info/entry_points.txt
[4.823s] writing requirements to ../build/textual_gui_pkg/textual_gui_pkg.egg-info/requires.txt
[4.823s] writing top-level names to ../build/textual_gui_pkg/textual_gui_pkg.egg-info/top_level.txt
[4.831s] /usr/lib/python3/dist-packages/setuptools/command/install.py:34: SetuptoolsDeprecationWarning: setup.py install is deprecated. Use build and pip and other standards-based tools.
[4.832s]   warnings.warn(
[4.832s] reading manifest file '../build/textual_gui_pkg/textual_gui_pkg.egg-info/SOURCES.txt'
[4.832s] adding license file 'LICENSE'
[4.832s] writing manifest file '../build/textual_gui_pkg/textual_gui_pkg.egg-info/SOURCES.txt'
[4.832s] running build
[4.833s] running build_py
[4.833s] running install
[4.833s] running install_lib
[4.840s] running install_data
[4.840s] running install_egg_info
[4.841s] removing '/workspaces/ros_agv_pc/src/install/textual_gui_pkg/lib/python3.10/site-packages/textual_gui_pkg-0.0.0-py3.10.egg-info' (and everything under it)
[4.841s] Copying ../build/textual_gui_pkg/textual_gui_pkg.egg-info to /workspaces/ros_agv_pc/src/install/textual_gui_pkg/lib/python3.10/site-packages/textual_gui_pkg-0.0.0-py3.10.egg-info
[4.843s] running install_scripts
[4.908s] Installing tui_2 script to /workspaces/ros_agv_pc/src/install/textual_gui_pkg/lib/textual_gui_pkg
[4.909s] Installing tui_serial script to /workspaces/ros_agv_pc/src/install/textual_gui_pkg/lib/textual_gui_pkg
[4.910s] Installing tui_topic script to /workspaces/ros_agv_pc/src/install/textual_gui_pkg/lib/textual_gui_pkg
[4.910s] writing list of installed files to '/workspaces/ros_agv_pc/src/build/textual_gui_pkg/install.log'
[5.286s] Invoked command in '/workspaces/ros_agv_pc/src/textual_gui_pkg' returned '0': PYTHONPATH=/workspaces/ros_agv_pc/src/build/textual_gui_pkg/prefix_override:/workspaces/ros_agv_pc/src/install/textual_gui_pkg/lib/python3.10/site-packages:${PYTHONPATH} /usr/bin/python3 setup.py egg_info --egg-base ../build/textual_gui_pkg build --build-base /workspaces/ros_agv_pc/src/build/textual_gui_pkg/build install --record /workspaces/ros_agv_pc/src/build/textual_gui_pkg/install.log --single-version-externally-managed
