[2.783s] Invoking command in '/workspaces/ros_agv_pc/src/py_qt_app': PYTHONPATH=/workspaces/ros_agv_pc/src/build/py_qt_app/prefix_override:/workspaces/ros_agv_pc/src/install/py_qt_app/lib/python3.10/site-packages:${PYTHONPATH} /usr/bin/python3 setup.py egg_info --egg-base ../build/py_qt_app build --build-base /workspaces/ros_agv_pc/src/build/py_qt_app/build install --record /workspaces/ros_agv_pc/src/build/py_qt_app/install.log --single-version-externally-managed
[3.432s] running egg_info
[3.434s] writing ../build/py_qt_app/py_qt_app.egg-info/PKG-INFO
[3.434s] writing dependency_links to ../build/py_qt_app/py_qt_app.egg-info/dependency_links.txt
[3.434s] writing entry points to ../build/py_qt_app/py_qt_app.egg-info/entry_points.txt
[3.434s] writing requirements to ../build/py_qt_app/py_qt_app.egg-info/requires.txt
[3.435s] writing top-level names to ../build/py_qt_app/py_qt_app.egg-info/top_level.txt
[3.438s] reading manifest file '../build/py_qt_app/py_qt_app.egg-info/SOURCES.txt'
[3.439s] adding license file 'LICENSE'
[3.441s] writing manifest file '../build/py_qt_app/py_qt_app.egg-info/SOURCES.txt'
[3.442s] running build
[3.442s] running build_py
[3.443s] running install
[3.444s] /usr/lib/python3/dist-packages/setuptools/command/install.py:34: SetuptoolsDeprecationWarning: setup.py install is deprecated. Use build and pip and other standards-based tools.
[3.445s]   warnings.warn(
[3.445s] running install_lib
[3.448s] running install_data
[3.449s] running install_egg_info
[3.452s] removing '/workspaces/ros_agv_pc/src/install/py_qt_app/lib/python3.10/site-packages/py_qt_app-0.0.0-py3.10.egg-info' (and everything under it)
[3.453s] Copying ../build/py_qt_app/py_qt_app.egg-info to /workspaces/ros_agv_pc/src/install/py_qt_app/lib/python3.10/site-packages/py_qt_app-0.0.0-py3.10.egg-info
[3.454s] running install_scripts
[3.511s] Installing py_qt_app script to /workspaces/ros_agv_pc/src/install/py_qt_app/lib/py_qt_app
[3.511s] writing list of installed files to '/workspaces/ros_agv_pc/src/build/py_qt_app/install.log'
[3.612s] Invoked command in '/workspaces/ros_agv_pc/src/py_qt_app' returned '0': PYTHONPATH=/workspaces/ros_agv_pc/src/build/py_qt_app/prefix_override:/workspaces/ros_agv_pc/src/install/py_qt_app/lib/python3.10/site-packages:${PYTHONPATH} /usr/bin/python3 setup.py egg_info --egg-base ../build/py_qt_app build --build-base /workspaces/ros_agv_pc/src/build/py_qt_app/build install --record /workspaces/ros_agv_pc/src/build/py_qt_app/install.log --single-version-externally-managed
