[1.008s] DEBUG:colcon:Command line arguments: ['/usr/bin/colcon', 'build']
[1.008s] DEBUG:colcon:Parsed command line arguments: Namespace(log_base=None, log_level=None, verb_name='build', build_base='build', install_base='install', merge_install=False, symlink_install=False, test_result_base=None, continue_on_error=False, executor='parallel', parallel_workers=8, event_handlers=None, ignore_user_meta=False, metas=['./colcon.meta'], base_paths=['.'], packages_ignore=None, packages_ignore_regex=None, paths=None, packages_up_to=None, packages_up_to_regex=None, packages_above=None, packages_above_and_dependencies=None, packages_above_depth=None, packages_select_by_dep=None, packages_skip_by_dep=None, packages_skip_up_to=None, packages_select_build_failed=False, packages_skip_build_finished=False, packages_select_test_failures=False, packages_skip_test_passed=False, packages_select=None, packages_skip=None, packages_select_regex=None, packages_skip_regex=None, packages_start=None, packages_end=None, cmake_args=None, cmake_target=None, cmake_target_skip_unavailable=False, cmake_clean_cache=False, cmake_clean_first=False, cmake_force_configure=False, ament_cmake_args=None, catkin_cmake_args=None, catkin_skip_building_tests=False, mixin_files=None, mixin=None, verb_parser=<colcon_mixin.mixin.mixin_argument.MixinArgumentDecorator object at 0x7f5591e6abf0>, verb_extension=<colcon_core.verb.build.BuildVerb object at 0x7f5591e6be20>, main=<bound method BuildVerb.main of <colcon_core.verb.build.BuildVerb object at 0x7f5591e6be20>>, mixin_verb=('build',))
[1.047s] Level 1:colcon.colcon_core.package_discovery:discover_packages(colcon_meta) check parameters
[1.047s] INFO:colcon.colcon_metadata.package_discovery.colcon_meta:Using configuration from '/root/.colcon/metadata/default/Gazebo.meta'
[1.048s] INFO:colcon.colcon_metadata.package_discovery.colcon_meta:Using configuration from '/root/.colcon/metadata/default/fastrtps.meta'
[1.048s] Level 1:colcon.colcon_core.package_discovery:discover_packages(recursive) check parameters
[1.048s] Level 1:colcon.colcon_core.package_discovery:discover_packages(ignore) check parameters
[1.048s] Level 1:colcon.colcon_core.package_discovery:discover_packages(path) check parameters
[1.048s] Level 1:colcon.colcon_core.package_discovery:discover_packages(colcon_meta) discover
[1.048s] Level 1:colcon.colcon_core.package_discovery:discover_packages(recursive) discover
[1.048s] INFO:colcon.colcon_core.package_discovery:Crawling recursively for packages in '/workspaces/ros_agv_pc/src'
[1.048s] Level 1:colcon.colcon_core.package_identification:_identify(.) by extensions ['ignore', 'ignore_ament_install']
[1.048s] Level 1:colcon.colcon_core.package_identification:_identify(.) by extension 'ignore'
[1.048s] Level 1:colcon.colcon_core.package_identification:_identify(.) by extension 'ignore_ament_install'
[1.048s] Level 1:colcon.colcon_core.package_identification:_identify(.) by extensions ['colcon_pkg']
[1.048s] Level 1:colcon.colcon_core.package_identification:_identify(.) by extension 'colcon_pkg'
[1.049s] Level 1:colcon.colcon_core.package_identification:_identify(.) by extensions ['colcon_meta']
[1.049s] Level 1:colcon.colcon_core.package_identification:_identify(.) by extension 'colcon_meta'
[1.049s] Level 1:colcon.colcon_core.package_identification:_identify(.) by extensions ['ros']
[1.049s] Level 1:colcon.colcon_core.package_identification:_identify(.) by extension 'ros'
[1.059s] Level 1:colcon.colcon_core.package_identification:_identify(.) by extensions ['cmake', 'python']
[1.059s] Level 1:colcon.colcon_core.package_identification:_identify(.) by extension 'cmake'
[1.059s] Level 1:colcon.colcon_core.package_identification:_identify(.) by extension 'python'
[1.059s] Level 1:colcon.colcon_core.package_identification:_identify(.) by extensions ['python_setup_py']
[1.059s] Level 1:colcon.colcon_core.package_identification:_identify(.) by extension 'python_setup_py'
[1.060s] Level 1:colcon.colcon_core.package_identification:_identify(AGV_simulator_description) by extensions ['ignore', 'ignore_ament_install']
[1.060s] Level 1:colcon.colcon_core.package_identification:_identify(AGV_simulator_description) by extension 'ignore'
[1.060s] Level 1:colcon.colcon_core.package_identification:_identify(AGV_simulator_description) by extension 'ignore_ament_install'
[1.060s] Level 1:colcon.colcon_core.package_identification:_identify(AGV_simulator_description) by extensions ['colcon_pkg']
[1.060s] Level 1:colcon.colcon_core.package_identification:_identify(AGV_simulator_description) by extension 'colcon_pkg'
[1.060s] Level 1:colcon.colcon_core.package_identification:_identify(AGV_simulator_description) by extensions ['colcon_meta']
[1.060s] Level 1:colcon.colcon_core.package_identification:_identify(AGV_simulator_description) by extension 'colcon_meta'
[1.060s] Level 1:colcon.colcon_core.package_identification:_identify(AGV_simulator_description) by extensions ['ros']
[1.060s] Level 1:colcon.colcon_core.package_identification:_identify(AGV_simulator_description) by extension 'ros'
[1.063s] DEBUG:colcon.colcon_core.package_identification:Package 'AGV_simulator_description' with type 'ros.ament_python' and name 'AGV_simulator_description'
[1.063s] Level 1:colcon.colcon_core.package_identification:_identify(agv_mcu_package) by extensions ['ignore', 'ignore_ament_install']
[1.063s] Level 1:colcon.colcon_core.package_identification:_identify(agv_mcu_package) by extension 'ignore'
[1.063s] Level 1:colcon.colcon_core.package_identification:_identify(agv_mcu_package) by extension 'ignore_ament_install'
[1.064s] Level 1:colcon.colcon_core.package_identification:_identify(agv_mcu_package) by extensions ['colcon_pkg']
[1.064s] Level 1:colcon.colcon_core.package_identification:_identify(agv_mcu_package) by extension 'colcon_pkg'
[1.064s] Level 1:colcon.colcon_core.package_identification:_identify(agv_mcu_package) by extensions ['colcon_meta']
[1.064s] Level 1:colcon.colcon_core.package_identification:_identify(agv_mcu_package) by extension 'colcon_meta'
[1.064s] Level 1:colcon.colcon_core.package_identification:_identify(agv_mcu_package) by extensions ['ros']
[1.064s] Level 1:colcon.colcon_core.package_identification:_identify(agv_mcu_package) by extension 'ros'
[1.064s] DEBUG:colcon.colcon_core.package_identification:Package 'agv_mcu_package' with type 'ros.ament_cmake' and name 'agv_mcu_package'
[1.064s] Level 1:colcon.colcon_core.package_identification:_identify(agv_sensor_package) by extensions ['ignore', 'ignore_ament_install']
[1.064s] Level 1:colcon.colcon_core.package_identification:_identify(agv_sensor_package) by extension 'ignore'
[1.064s] Level 1:colcon.colcon_core.package_identification:_identify(agv_sensor_package) by extension 'ignore_ament_install'
[1.065s] Level 1:colcon.colcon_core.package_identification:_identify(agv_sensor_package) by extensions ['colcon_pkg']
[1.065s] Level 1:colcon.colcon_core.package_identification:_identify(agv_sensor_package) by extension 'colcon_pkg'
[1.065s] Level 1:colcon.colcon_core.package_identification:_identify(agv_sensor_package) by extensions ['colcon_meta']
[1.065s] Level 1:colcon.colcon_core.package_identification:_identify(agv_sensor_package) by extension 'colcon_meta'
[1.065s] Level 1:colcon.colcon_core.package_identification:_identify(agv_sensor_package) by extensions ['ros']
[1.065s] Level 1:colcon.colcon_core.package_identification:_identify(agv_sensor_package) by extension 'ros'
[1.066s] DEBUG:colcon.colcon_core.package_identification:Package 'agv_sensor_package' with type 'ros.ament_cmake' and name 'agv_sensor_package'
[1.066s] Level 1:colcon.colcon_core.package_identification:_identify(build) by extensions ['ignore', 'ignore_ament_install']
[1.066s] Level 1:colcon.colcon_core.package_identification:_identify(build) by extension 'ignore'
[1.066s] Level 1:colcon.colcon_core.package_identification:_identify(build) ignored
[1.066s] Level 1:colcon.colcon_core.package_identification:_identify(cpp_qt_app) by extensions ['ignore', 'ignore_ament_install']
[1.066s] Level 1:colcon.colcon_core.package_identification:_identify(cpp_qt_app) by extension 'ignore'
[1.066s] Level 1:colcon.colcon_core.package_identification:_identify(cpp_qt_app) by extension 'ignore_ament_install'
[1.066s] Level 1:colcon.colcon_core.package_identification:_identify(cpp_qt_app) by extensions ['colcon_pkg']
[1.066s] Level 1:colcon.colcon_core.package_identification:_identify(cpp_qt_app) by extension 'colcon_pkg'
[1.066s] Level 1:colcon.colcon_core.package_identification:_identify(cpp_qt_app) by extensions ['colcon_meta']
[1.066s] Level 1:colcon.colcon_core.package_identification:_identify(cpp_qt_app) by extension 'colcon_meta'
[1.066s] Level 1:colcon.colcon_core.package_identification:_identify(cpp_qt_app) by extensions ['ros']
[1.066s] Level 1:colcon.colcon_core.package_identification:_identify(cpp_qt_app) by extension 'ros'
[1.067s] DEBUG:colcon.colcon_core.package_identification:Package 'cpp_qt_app' with type 'ros.ament_cmake' and name 'cpp_qt_app'
[1.067s] Level 1:colcon.colcon_core.package_identification:_identify(install) by extensions ['ignore', 'ignore_ament_install']
[1.067s] Level 1:colcon.colcon_core.package_identification:_identify(install) by extension 'ignore'
[1.067s] Level 1:colcon.colcon_core.package_identification:_identify(install) ignored
[1.067s] Level 1:colcon.colcon_core.package_identification:_identify(interfaces) by extensions ['ignore', 'ignore_ament_install']
[1.067s] Level 1:colcon.colcon_core.package_identification:_identify(interfaces) by extension 'ignore'
[1.067s] Level 1:colcon.colcon_core.package_identification:_identify(interfaces) by extension 'ignore_ament_install'
[1.067s] Level 1:colcon.colcon_core.package_identification:_identify(interfaces) by extensions ['colcon_pkg']
[1.067s] Level 1:colcon.colcon_core.package_identification:_identify(interfaces) by extension 'colcon_pkg'
[1.068s] Level 1:colcon.colcon_core.package_identification:_identify(interfaces) by extensions ['colcon_meta']
[1.068s] Level 1:colcon.colcon_core.package_identification:_identify(interfaces) by extension 'colcon_meta'
[1.068s] Level 1:colcon.colcon_core.package_identification:_identify(interfaces) by extensions ['ros']
[1.068s] Level 1:colcon.colcon_core.package_identification:_identify(interfaces) by extension 'ros'
[1.068s] DEBUG:colcon.colcon_core.package_identification:Package 'interfaces' with type 'ros.ament_cmake' and name 'interfaces'
[1.068s] Level 1:colcon.colcon_core.package_identification:_identify(log) by extensions ['ignore', 'ignore_ament_install']
[1.068s] Level 1:colcon.colcon_core.package_identification:_identify(log) by extension 'ignore'
[1.068s] Level 1:colcon.colcon_core.package_identification:_identify(log) ignored
[1.068s] Level 1:colcon.colcon_core.package_identification:_identify(publisher_pkg) by extensions ['ignore', 'ignore_ament_install']
[1.068s] Level 1:colcon.colcon_core.package_identification:_identify(publisher_pkg) by extension 'ignore'
[1.068s] Level 1:colcon.colcon_core.package_identification:_identify(publisher_pkg) by extension 'ignore_ament_install'
[1.068s] Level 1:colcon.colcon_core.package_identification:_identify(publisher_pkg) by extensions ['colcon_pkg']
[1.069s] Level 1:colcon.colcon_core.package_identification:_identify(publisher_pkg) by extension 'colcon_pkg'
[1.069s] Level 1:colcon.colcon_core.package_identification:_identify(publisher_pkg) by extensions ['colcon_meta']
[1.069s] Level 1:colcon.colcon_core.package_identification:_identify(publisher_pkg) by extension 'colcon_meta'
[1.069s] Level 1:colcon.colcon_core.package_identification:_identify(publisher_pkg) by extensions ['ros']
[1.069s] Level 1:colcon.colcon_core.package_identification:_identify(publisher_pkg) by extension 'ros'
[1.069s] DEBUG:colcon.colcon_core.package_identification:Package 'publisher_pkg' with type 'ros.ament_cmake' and name 'publisher_pkg'
[1.069s] Level 1:colcon.colcon_core.package_identification:_identify(py_qt_app) by extensions ['ignore', 'ignore_ament_install']
[1.069s] Level 1:colcon.colcon_core.package_identification:_identify(py_qt_app) by extension 'ignore'
[1.070s] Level 1:colcon.colcon_core.package_identification:_identify(py_qt_app) by extension 'ignore_ament_install'
[1.070s] Level 1:colcon.colcon_core.package_identification:_identify(py_qt_app) by extensions ['colcon_pkg']
[1.070s] Level 1:colcon.colcon_core.package_identification:_identify(py_qt_app) by extension 'colcon_pkg'
[1.070s] Level 1:colcon.colcon_core.package_identification:_identify(py_qt_app) by extensions ['colcon_meta']
[1.070s] Level 1:colcon.colcon_core.package_identification:_identify(py_qt_app) by extension 'colcon_meta'
[1.070s] Level 1:colcon.colcon_core.package_identification:_identify(py_qt_app) by extensions ['ros']
[1.070s] Level 1:colcon.colcon_core.package_identification:_identify(py_qt_app) by extension 'ros'
[1.070s] DEBUG:colcon.colcon_core.package_identification:Package 'py_qt_app' with type 'ros.ament_python' and name 'py_qt_app'
[1.070s] Level 1:colcon.colcon_core.package_identification:_identify(subpkg) by extensions ['ignore', 'ignore_ament_install']
[1.070s] Level 1:colcon.colcon_core.package_identification:_identify(subpkg) by extension 'ignore'
[1.070s] Level 1:colcon.colcon_core.package_identification:_identify(subpkg) by extension 'ignore_ament_install'
[1.071s] Level 1:colcon.colcon_core.package_identification:_identify(subpkg) by extensions ['colcon_pkg']
[1.071s] Level 1:colcon.colcon_core.package_identification:_identify(subpkg) by extension 'colcon_pkg'
[1.071s] Level 1:colcon.colcon_core.package_identification:_identify(subpkg) by extensions ['colcon_meta']
[1.071s] Level 1:colcon.colcon_core.package_identification:_identify(subpkg) by extension 'colcon_meta'
[1.071s] Level 1:colcon.colcon_core.package_identification:_identify(subpkg) by extensions ['ros']
[1.071s] Level 1:colcon.colcon_core.package_identification:_identify(subpkg) by extension 'ros'
[1.071s] DEBUG:colcon.colcon_core.package_identification:Package 'subpkg' with type 'ros.ament_cmake' and name 'subscriber_package'
[1.072s] Level 1:colcon.colcon_core.package_identification:_identify(textual_gui_pkg) by extensions ['ignore', 'ignore_ament_install']
[1.072s] Level 1:colcon.colcon_core.package_identification:_identify(textual_gui_pkg) by extension 'ignore'
[1.072s] Level 1:colcon.colcon_core.package_identification:_identify(textual_gui_pkg) by extension 'ignore_ament_install'
[1.072s] Level 1:colcon.colcon_core.package_identification:_identify(textual_gui_pkg) by extensions ['colcon_pkg']
[1.072s] Level 1:colcon.colcon_core.package_identification:_identify(textual_gui_pkg) by extension 'colcon_pkg'
[1.072s] Level 1:colcon.colcon_core.package_identification:_identify(textual_gui_pkg) by extensions ['colcon_meta']
[1.072s] Level 1:colcon.colcon_core.package_identification:_identify(textual_gui_pkg) by extension 'colcon_meta'
[1.072s] Level 1:colcon.colcon_core.package_identification:_identify(textual_gui_pkg) by extensions ['ros']
[1.072s] Level 1:colcon.colcon_core.package_identification:_identify(textual_gui_pkg) by extension 'ros'
[1.073s] DEBUG:colcon.colcon_core.package_identification:Package 'textual_gui_pkg' with type 'ros.ament_python' and name 'textual_gui_pkg'
[1.073s] Level 1:colcon.colcon_core.package_discovery:discover_packages(recursive) using defaults
[1.073s] Level 1:colcon.colcon_core.package_discovery:discover_packages(ignore) discover
[1.073s] Level 1:colcon.colcon_core.package_discovery:discover_packages(ignore) using defaults
[1.073s] Level 1:colcon.colcon_core.package_discovery:discover_packages(path) discover
[1.073s] Level 1:colcon.colcon_core.package_discovery:discover_packages(path) using defaults
[1.154s] Level 5:colcon.colcon_core.verb:set package 'AGV_simulator_description' build argument 'cmake_args' from command line to 'None'
[1.154s] Level 5:colcon.colcon_core.verb:set package 'AGV_simulator_description' build argument 'cmake_target' from command line to 'None'
[1.154s] Level 5:colcon.colcon_core.verb:set package 'AGV_simulator_description' build argument 'cmake_target_skip_unavailable' from command line to 'False'
[1.154s] Level 5:colcon.colcon_core.verb:set package 'AGV_simulator_description' build argument 'cmake_clean_cache' from command line to 'False'
[1.154s] Level 5:colcon.colcon_core.verb:set package 'AGV_simulator_description' build argument 'cmake_clean_first' from command line to 'False'
[1.154s] Level 5:colcon.colcon_core.verb:set package 'AGV_simulator_description' build argument 'cmake_force_configure' from command line to 'False'
[1.154s] Level 5:colcon.colcon_core.verb:set package 'AGV_simulator_description' build argument 'ament_cmake_args' from command line to 'None'
[1.155s] Level 5:colcon.colcon_core.verb:set package 'AGV_simulator_description' build argument 'catkin_cmake_args' from command line to 'None'
[1.155s] Level 5:colcon.colcon_core.verb:set package 'AGV_simulator_description' build argument 'catkin_skip_building_tests' from command line to 'False'
[1.155s] DEBUG:colcon.colcon_core.verb:Building package 'AGV_simulator_description' with the following arguments: {'ament_cmake_args': None, 'build_base': '/workspaces/ros_agv_pc/src/build/AGV_simulator_description', 'catkin_cmake_args': None, 'catkin_skip_building_tests': False, 'cmake_args': None, 'cmake_clean_cache': False, 'cmake_clean_first': False, 'cmake_force_configure': False, 'cmake_target': None, 'cmake_target_skip_unavailable': False, 'install_base': '/workspaces/ros_agv_pc/src/install/AGV_simulator_description', 'merge_install': False, 'path': '/workspaces/ros_agv_pc/src/AGV_simulator_description', 'symlink_install': False, 'test_result_base': None}
[1.165s] Level 5:colcon.colcon_core.verb:set package 'agv_mcu_package' build argument 'cmake_args' from command line to 'None'
[1.165s] Level 5:colcon.colcon_core.verb:set package 'agv_mcu_package' build argument 'cmake_target' from command line to 'None'
[1.165s] Level 5:colcon.colcon_core.verb:set package 'agv_mcu_package' build argument 'cmake_target_skip_unavailable' from command line to 'False'
[1.165s] Level 5:colcon.colcon_core.verb:set package 'agv_mcu_package' build argument 'cmake_clean_cache' from command line to 'False'
[1.165s] Level 5:colcon.colcon_core.verb:set package 'agv_mcu_package' build argument 'cmake_clean_first' from command line to 'False'
[1.165s] Level 5:colcon.colcon_core.verb:set package 'agv_mcu_package' build argument 'cmake_force_configure' from command line to 'False'
[1.165s] Level 5:colcon.colcon_core.verb:set package 'agv_mcu_package' build argument 'ament_cmake_args' from command line to 'None'
[1.165s] Level 5:colcon.colcon_core.verb:set package 'agv_mcu_package' build argument 'catkin_cmake_args' from command line to 'None'
[1.165s] Level 5:colcon.colcon_core.verb:set package 'agv_mcu_package' build argument 'catkin_skip_building_tests' from command line to 'False'
[1.165s] DEBUG:colcon.colcon_core.verb:Building package 'agv_mcu_package' with the following arguments: {'ament_cmake_args': None, 'build_base': '/workspaces/ros_agv_pc/src/build/agv_mcu_package', 'catkin_cmake_args': None, 'catkin_skip_building_tests': False, 'cmake_args': None, 'cmake_clean_cache': False, 'cmake_clean_first': False, 'cmake_force_configure': False, 'cmake_target': None, 'cmake_target_skip_unavailable': False, 'install_base': '/workspaces/ros_agv_pc/src/install/agv_mcu_package', 'merge_install': False, 'path': '/workspaces/ros_agv_pc/src/agv_mcu_package', 'symlink_install': False, 'test_result_base': None}
[1.176s] Level 5:colcon.colcon_core.verb:set package 'agv_sensor_package' build argument 'cmake_args' from command line to 'None'
[1.176s] Level 5:colcon.colcon_core.verb:set package 'agv_sensor_package' build argument 'cmake_target' from command line to 'None'
[1.176s] Level 5:colcon.colcon_core.verb:set package 'agv_sensor_package' build argument 'cmake_target_skip_unavailable' from command line to 'False'
[1.176s] Level 5:colcon.colcon_core.verb:set package 'agv_sensor_package' build argument 'cmake_clean_cache' from command line to 'False'
[1.176s] Level 5:colcon.colcon_core.verb:set package 'agv_sensor_package' build argument 'cmake_clean_first' from command line to 'False'
[1.176s] Level 5:colcon.colcon_core.verb:set package 'agv_sensor_package' build argument 'cmake_force_configure' from command line to 'False'
[1.176s] Level 5:colcon.colcon_core.verb:set package 'agv_sensor_package' build argument 'ament_cmake_args' from command line to 'None'
[1.176s] Level 5:colcon.colcon_core.verb:set package 'agv_sensor_package' build argument 'catkin_cmake_args' from command line to 'None'
[1.176s] Level 5:colcon.colcon_core.verb:set package 'agv_sensor_package' build argument 'catkin_skip_building_tests' from command line to 'False'
[1.176s] DEBUG:colcon.colcon_core.verb:Building package 'agv_sensor_package' with the following arguments: {'ament_cmake_args': None, 'build_base': '/workspaces/ros_agv_pc/src/build/agv_sensor_package', 'catkin_cmake_args': None, 'catkin_skip_building_tests': False, 'cmake_args': None, 'cmake_clean_cache': False, 'cmake_clean_first': False, 'cmake_force_configure': False, 'cmake_target': None, 'cmake_target_skip_unavailable': False, 'install_base': '/workspaces/ros_agv_pc/src/install/agv_sensor_package', 'merge_install': False, 'path': '/workspaces/ros_agv_pc/src/agv_sensor_package', 'symlink_install': False, 'test_result_base': None}
[1.186s] Level 5:colcon.colcon_core.verb:set package 'cpp_qt_app' build argument 'cmake_args' from command line to 'None'
[1.186s] Level 5:colcon.colcon_core.verb:set package 'cpp_qt_app' build argument 'cmake_target' from command line to 'None'
[1.186s] Level 5:colcon.colcon_core.verb:set package 'cpp_qt_app' build argument 'cmake_target_skip_unavailable' from command line to 'False'
[1.186s] Level 5:colcon.colcon_core.verb:set package 'cpp_qt_app' build argument 'cmake_clean_cache' from command line to 'False'
[1.187s] Level 5:colcon.colcon_core.verb:set package 'cpp_qt_app' build argument 'cmake_clean_first' from command line to 'False'
[1.187s] Level 5:colcon.colcon_core.verb:set package 'cpp_qt_app' build argument 'cmake_force_configure' from command line to 'False'
[1.187s] Level 5:colcon.colcon_core.verb:set package 'cpp_qt_app' build argument 'ament_cmake_args' from command line to 'None'
[1.187s] Level 5:colcon.colcon_core.verb:set package 'cpp_qt_app' build argument 'catkin_cmake_args' from command line to 'None'
[1.187s] Level 5:colcon.colcon_core.verb:set package 'cpp_qt_app' build argument 'catkin_skip_building_tests' from command line to 'False'
[1.187s] DEBUG:colcon.colcon_core.verb:Building package 'cpp_qt_app' with the following arguments: {'ament_cmake_args': None, 'build_base': '/workspaces/ros_agv_pc/src/build/cpp_qt_app', 'catkin_cmake_args': None, 'catkin_skip_building_tests': False, 'cmake_args': None, 'cmake_clean_cache': False, 'cmake_clean_first': False, 'cmake_force_configure': False, 'cmake_target': None, 'cmake_target_skip_unavailable': False, 'install_base': '/workspaces/ros_agv_pc/src/install/cpp_qt_app', 'merge_install': False, 'path': '/workspaces/ros_agv_pc/src/cpp_qt_app', 'symlink_install': False, 'test_result_base': None}
[1.197s] Level 5:colcon.colcon_core.verb:set package 'interfaces' build argument 'cmake_args' from command line to 'None'
[1.197s] Level 5:colcon.colcon_core.verb:set package 'interfaces' build argument 'cmake_target' from command line to 'None'
[1.197s] Level 5:colcon.colcon_core.verb:set package 'interfaces' build argument 'cmake_target_skip_unavailable' from command line to 'False'
[1.198s] Level 5:colcon.colcon_core.verb:set package 'interfaces' build argument 'cmake_clean_cache' from command line to 'False'
[1.198s] Level 5:colcon.colcon_core.verb:set package 'interfaces' build argument 'cmake_clean_first' from command line to 'False'
[1.198s] Level 5:colcon.colcon_core.verb:set package 'interfaces' build argument 'cmake_force_configure' from command line to 'False'
[1.198s] Level 5:colcon.colcon_core.verb:set package 'interfaces' build argument 'ament_cmake_args' from command line to 'None'
[1.198s] Level 5:colcon.colcon_core.verb:set package 'interfaces' build argument 'catkin_cmake_args' from command line to 'None'
[1.198s] Level 5:colcon.colcon_core.verb:set package 'interfaces' build argument 'catkin_skip_building_tests' from command line to 'False'
[1.198s] DEBUG:colcon.colcon_core.verb:Building package 'interfaces' with the following arguments: {'ament_cmake_args': None, 'build_base': '/workspaces/ros_agv_pc/src/build/interfaces', 'catkin_cmake_args': None, 'catkin_skip_building_tests': False, 'cmake_args': None, 'cmake_clean_cache': False, 'cmake_clean_first': False, 'cmake_force_configure': False, 'cmake_target': None, 'cmake_target_skip_unavailable': False, 'install_base': '/workspaces/ros_agv_pc/src/install/interfaces', 'merge_install': False, 'path': '/workspaces/ros_agv_pc/src/interfaces', 'symlink_install': False, 'test_result_base': None}
[1.212s] Level 5:colcon.colcon_core.verb:set package 'publisher_pkg' build argument 'cmake_args' from command line to 'None'
[1.212s] Level 5:colcon.colcon_core.verb:set package 'publisher_pkg' build argument 'cmake_target' from command line to 'None'
[1.212s] Level 5:colcon.colcon_core.verb:set package 'publisher_pkg' build argument 'cmake_target_skip_unavailable' from command line to 'False'
[1.212s] Level 5:colcon.colcon_core.verb:set package 'publisher_pkg' build argument 'cmake_clean_cache' from command line to 'False'
[1.212s] Level 5:colcon.colcon_core.verb:set package 'publisher_pkg' build argument 'cmake_clean_first' from command line to 'False'
[1.212s] Level 5:colcon.colcon_core.verb:set package 'publisher_pkg' build argument 'cmake_force_configure' from command line to 'False'
[1.212s] Level 5:colcon.colcon_core.verb:set package 'publisher_pkg' build argument 'ament_cmake_args' from command line to 'None'
[1.212s] Level 5:colcon.colcon_core.verb:set package 'publisher_pkg' build argument 'catkin_cmake_args' from command line to 'None'
[1.212s] Level 5:colcon.colcon_core.verb:set package 'publisher_pkg' build argument 'catkin_skip_building_tests' from command line to 'False'
[1.212s] DEBUG:colcon.colcon_core.verb:Building package 'publisher_pkg' with the following arguments: {'ament_cmake_args': None, 'build_base': '/workspaces/ros_agv_pc/src/build/publisher_pkg', 'catkin_cmake_args': None, 'catkin_skip_building_tests': False, 'cmake_args': None, 'cmake_clean_cache': False, 'cmake_clean_first': False, 'cmake_force_configure': False, 'cmake_target': None, 'cmake_target_skip_unavailable': False, 'install_base': '/workspaces/ros_agv_pc/src/install/publisher_pkg', 'merge_install': False, 'path': '/workspaces/ros_agv_pc/src/publisher_pkg', 'symlink_install': False, 'test_result_base': None}
[1.227s] Level 5:colcon.colcon_core.verb:set package 'py_qt_app' build argument 'cmake_args' from command line to 'None'
[1.227s] Level 5:colcon.colcon_core.verb:set package 'py_qt_app' build argument 'cmake_target' from command line to 'None'
[1.227s] Level 5:colcon.colcon_core.verb:set package 'py_qt_app' build argument 'cmake_target_skip_unavailable' from command line to 'False'
[1.227s] Level 5:colcon.colcon_core.verb:set package 'py_qt_app' build argument 'cmake_clean_cache' from command line to 'False'
[1.228s] Level 5:colcon.colcon_core.verb:set package 'py_qt_app' build argument 'cmake_clean_first' from command line to 'False'
[1.228s] Level 5:colcon.colcon_core.verb:set package 'py_qt_app' build argument 'cmake_force_configure' from command line to 'False'
[1.228s] Level 5:colcon.colcon_core.verb:set package 'py_qt_app' build argument 'ament_cmake_args' from command line to 'None'
[1.228s] Level 5:colcon.colcon_core.verb:set package 'py_qt_app' build argument 'catkin_cmake_args' from command line to 'None'
[1.228s] Level 5:colcon.colcon_core.verb:set package 'py_qt_app' build argument 'catkin_skip_building_tests' from command line to 'False'
[1.228s] DEBUG:colcon.colcon_core.verb:Building package 'py_qt_app' with the following arguments: {'ament_cmake_args': None, 'build_base': '/workspaces/ros_agv_pc/src/build/py_qt_app', 'catkin_cmake_args': None, 'catkin_skip_building_tests': False, 'cmake_args': None, 'cmake_clean_cache': False, 'cmake_clean_first': False, 'cmake_force_configure': False, 'cmake_target': None, 'cmake_target_skip_unavailable': False, 'install_base': '/workspaces/ros_agv_pc/src/install/py_qt_app', 'merge_install': False, 'path': '/workspaces/ros_agv_pc/src/py_qt_app', 'symlink_install': False, 'test_result_base': None}
[1.242s] Level 5:colcon.colcon_core.verb:set package 'textual_gui_pkg' build argument 'cmake_args' from command line to 'None'
[1.243s] Level 5:colcon.colcon_core.verb:set package 'textual_gui_pkg' build argument 'cmake_target' from command line to 'None'
[1.243s] Level 5:colcon.colcon_core.verb:set package 'textual_gui_pkg' build argument 'cmake_target_skip_unavailable' from command line to 'False'
[1.243s] Level 5:colcon.colcon_core.verb:set package 'textual_gui_pkg' build argument 'cmake_clean_cache' from command line to 'False'
[1.243s] Level 5:colcon.colcon_core.verb:set package 'textual_gui_pkg' build argument 'cmake_clean_first' from command line to 'False'
[1.243s] Level 5:colcon.colcon_core.verb:set package 'textual_gui_pkg' build argument 'cmake_force_configure' from command line to 'False'
[1.243s] Level 5:colcon.colcon_core.verb:set package 'textual_gui_pkg' build argument 'ament_cmake_args' from command line to 'None'
[1.243s] Level 5:colcon.colcon_core.verb:set package 'textual_gui_pkg' build argument 'catkin_cmake_args' from command line to 'None'
[1.243s] Level 5:colcon.colcon_core.verb:set package 'textual_gui_pkg' build argument 'catkin_skip_building_tests' from command line to 'False'
[1.243s] DEBUG:colcon.colcon_core.verb:Building package 'textual_gui_pkg' with the following arguments: {'ament_cmake_args': None, 'build_base': '/workspaces/ros_agv_pc/src/build/textual_gui_pkg', 'catkin_cmake_args': None, 'catkin_skip_building_tests': False, 'cmake_args': None, 'cmake_clean_cache': False, 'cmake_clean_first': False, 'cmake_force_configure': False, 'cmake_target': None, 'cmake_target_skip_unavailable': False, 'install_base': '/workspaces/ros_agv_pc/src/install/textual_gui_pkg', 'merge_install': False, 'path': '/workspaces/ros_agv_pc/src/textual_gui_pkg', 'symlink_install': False, 'test_result_base': None}
[1.255s] Level 5:colcon.colcon_core.verb:set package 'subscriber_package' build argument 'cmake_args' from command line to 'None'
[1.256s] Level 5:colcon.colcon_core.verb:set package 'subscriber_package' build argument 'cmake_target' from command line to 'None'
[1.256s] Level 5:colcon.colcon_core.verb:set package 'subscriber_package' build argument 'cmake_target_skip_unavailable' from command line to 'False'
[1.256s] Level 5:colcon.colcon_core.verb:set package 'subscriber_package' build argument 'cmake_clean_cache' from command line to 'False'
[1.256s] Level 5:colcon.colcon_core.verb:set package 'subscriber_package' build argument 'cmake_clean_first' from command line to 'False'
[1.256s] Level 5:colcon.colcon_core.verb:set package 'subscriber_package' build argument 'cmake_force_configure' from command line to 'False'
[1.256s] Level 5:colcon.colcon_core.verb:set package 'subscriber_package' build argument 'ament_cmake_args' from command line to 'None'
[1.256s] Level 5:colcon.colcon_core.verb:set package 'subscriber_package' build argument 'catkin_cmake_args' from command line to 'None'
[1.256s] Level 5:colcon.colcon_core.verb:set package 'subscriber_package' build argument 'catkin_skip_building_tests' from command line to 'False'
[1.256s] DEBUG:colcon.colcon_core.verb:Building package 'subscriber_package' with the following arguments: {'ament_cmake_args': None, 'build_base': '/workspaces/ros_agv_pc/src/build/subscriber_package', 'catkin_cmake_args': None, 'catkin_skip_building_tests': False, 'cmake_args': None, 'cmake_clean_cache': False, 'cmake_clean_first': False, 'cmake_force_configure': False, 'cmake_target': None, 'cmake_target_skip_unavailable': False, 'install_base': '/workspaces/ros_agv_pc/src/install/subscriber_package', 'merge_install': False, 'path': '/workspaces/ros_agv_pc/src/subpkg', 'symlink_install': False, 'test_result_base': None}
[1.268s] INFO:colcon.colcon_core.executor:Executing jobs using 'parallel' executor
[1.284s] DEBUG:colcon.colcon_parallel_executor.executor.parallel:run_until_complete
[1.284s] INFO:colcon.colcon_ros.task.ament_cmake.build:Building ROS package in '/workspaces/ros_agv_pc/src/interfaces' with build type 'ament_cmake'
[1.284s] INFO:colcon.colcon_cmake.task.cmake.build:Building CMake package in '/workspaces/ros_agv_pc/src/interfaces'
[1.301s] INFO:colcon.colcon_core.plugin_system:Skipping extension 'colcon_core.shell.bat': Not used on non-Windows systems
[1.302s] INFO:colcon.colcon_core.shell:Skip shell extension 'powershell' for command environment: Not usable outside of PowerShell
[1.302s] DEBUG:colcon.colcon_core.shell:Skip shell extension 'dsv' for command environment
[1.335s] INFO:colcon.colcon_ros.task.ament_python.build:Building ROS package in '/workspaces/ros_agv_pc/src/AGV_simulator_description' with build type 'ament_python'
[1.335s] Level 1:colcon.colcon_core.shell:create_environment_hook('AGV_simulator_description', 'ament_prefix_path')
[1.349s] INFO:colcon.colcon_core.shell:Creating environment hook '/workspaces/ros_agv_pc/src/install/AGV_simulator_description/share/AGV_simulator_description/hook/ament_prefix_path.ps1'
[1.350s] INFO:colcon.colcon_core.shell:Creating environment descriptor '/workspaces/ros_agv_pc/src/install/AGV_simulator_description/share/AGV_simulator_description/hook/ament_prefix_path.dsv'
[1.350s] INFO:colcon.colcon_core.shell:Creating environment hook '/workspaces/ros_agv_pc/src/install/AGV_simulator_description/share/AGV_simulator_description/hook/ament_prefix_path.sh'
[1.365s] INFO:colcon.colcon_core.shell:Skip shell extension 'powershell' for command environment: Not usable outside of PowerShell
[1.365s] DEBUG:colcon.colcon_core.shell:Skip shell extension 'dsv' for command environment
[1.398s] INFO:colcon.colcon_ros.task.ament_cmake.build:Building ROS package in '/workspaces/ros_agv_pc/src/agv_mcu_package' with build type 'ament_cmake'
[1.398s] INFO:colcon.colcon_cmake.task.cmake.build:Building CMake package in '/workspaces/ros_agv_pc/src/agv_mcu_package'
[1.415s] INFO:colcon.colcon_core.shell:Skip shell extension 'powershell' for command environment: Not usable outside of PowerShell
[1.415s] DEBUG:colcon.colcon_core.shell:Skip shell extension 'dsv' for command environment
[1.468s] INFO:colcon.colcon_ros.task.ament_cmake.build:Building ROS package in '/workspaces/ros_agv_pc/src/agv_sensor_package' with build type 'ament_cmake'
[1.468s] INFO:colcon.colcon_cmake.task.cmake.build:Building CMake package in '/workspaces/ros_agv_pc/src/agv_sensor_package'
[1.487s] INFO:colcon.colcon_core.shell:Skip shell extension 'powershell' for command environment: Not usable outside of PowerShell
[1.487s] DEBUG:colcon.colcon_core.shell:Skip shell extension 'dsv' for command environment
[1.523s] INFO:colcon.colcon_ros.task.ament_cmake.build:Building ROS package in '/workspaces/ros_agv_pc/src/cpp_qt_app' with build type 'ament_cmake'
[1.524s] INFO:colcon.colcon_cmake.task.cmake.build:Building CMake package in '/workspaces/ros_agv_pc/src/cpp_qt_app'
[1.541s] INFO:colcon.colcon_core.shell:Skip shell extension 'powershell' for command environment: Not usable outside of PowerShell
[1.541s] DEBUG:colcon.colcon_core.shell:Skip shell extension 'dsv' for command environment
[1.581s] INFO:colcon.colcon_ros.task.ament_cmake.build:Building ROS package in '/workspaces/ros_agv_pc/src/publisher_pkg' with build type 'ament_cmake'
[1.581s] INFO:colcon.colcon_cmake.task.cmake.build:Building CMake package in '/workspaces/ros_agv_pc/src/publisher_pkg'
[1.602s] INFO:colcon.colcon_core.shell:Skip shell extension 'powershell' for command environment: Not usable outside of PowerShell
[1.602s] DEBUG:colcon.colcon_core.shell:Skip shell extension 'dsv' for command environment
[1.633s] INFO:colcon.colcon_ros.task.ament_python.build:Building ROS package in '/workspaces/ros_agv_pc/src/py_qt_app' with build type 'ament_python'
[1.633s] Level 1:colcon.colcon_core.shell:create_environment_hook('py_qt_app', 'ament_prefix_path')
[1.652s] INFO:colcon.colcon_core.shell:Creating environment hook '/workspaces/ros_agv_pc/src/install/py_qt_app/share/py_qt_app/hook/ament_prefix_path.ps1'
[1.652s] INFO:colcon.colcon_core.shell:Creating environment descriptor '/workspaces/ros_agv_pc/src/install/py_qt_app/share/py_qt_app/hook/ament_prefix_path.dsv'
[1.653s] INFO:colcon.colcon_core.shell:Creating environment hook '/workspaces/ros_agv_pc/src/install/py_qt_app/share/py_qt_app/hook/ament_prefix_path.sh'
[1.669s] INFO:colcon.colcon_core.shell:Skip shell extension 'powershell' for command environment: Not usable outside of PowerShell
[1.669s] DEBUG:colcon.colcon_core.shell:Skip shell extension 'dsv' for command environment
[1.699s] INFO:colcon.colcon_ros.task.ament_python.build:Building ROS package in '/workspaces/ros_agv_pc/src/textual_gui_pkg' with build type 'ament_python'
[1.699s] Level 1:colcon.colcon_core.shell:create_environment_hook('textual_gui_pkg', 'ament_prefix_path')
[1.714s] INFO:colcon.colcon_core.shell:Creating environment hook '/workspaces/ros_agv_pc/src/install/textual_gui_pkg/share/textual_gui_pkg/hook/ament_prefix_path.ps1'
[1.715s] INFO:colcon.colcon_core.shell:Creating environment descriptor '/workspaces/ros_agv_pc/src/install/textual_gui_pkg/share/textual_gui_pkg/hook/ament_prefix_path.dsv'
[1.715s] INFO:colcon.colcon_core.shell:Creating environment hook '/workspaces/ros_agv_pc/src/install/textual_gui_pkg/share/textual_gui_pkg/hook/ament_prefix_path.sh'
[1.734s] INFO:colcon.colcon_core.shell:Skip shell extension 'powershell' for command environment: Not usable outside of PowerShell
[1.734s] DEBUG:colcon.colcon_core.shell:Skip shell extension 'dsv' for command environment
[1.773s] DEBUG:colcon.colcon_core.event_handler.log_command:Invoking command in '/workspaces/ros_agv_pc/src/build/interfaces': CMAKE_PREFIX_PATH=/opt/ros/humble /usr/bin/cmake --build /workspaces/ros_agv_pc/src/build/interfaces -- -j8 -l8
[2.135s] INFO:colcon.colcon_core.task.python.build:Building Python package in '/workspaces/ros_agv_pc/src/AGV_simulator_description'
[2.160s] INFO:colcon.colcon_core.shell:Skip shell extension 'powershell' for command environment: Not usable outside of PowerShell
[2.160s] DEBUG:colcon.colcon_core.shell:Skip shell extension 'dsv' for command environment
[2.213s] DEBUG:colcon.colcon_core.event_handler.log_command:Invoking command in '/workspaces/ros_agv_pc/src/build/agv_mcu_package': CMAKE_PREFIX_PATH=/opt/ros/humble /usr/bin/cmake --build /workspaces/ros_agv_pc/src/build/agv_mcu_package -- -j8 -l8
[2.216s] DEBUG:colcon.colcon_core.event_handler.log_command:Invoking command in '/workspaces/ros_agv_pc/src/build/agv_sensor_package': CMAKE_PREFIX_PATH=/opt/ros/humble /usr/bin/cmake --build /workspaces/ros_agv_pc/src/build/agv_sensor_package -- -j8 -l8
[2.221s] DEBUG:colcon.colcon_core.event_handler.log_command:Invoking command in '/workspaces/ros_agv_pc/src/build/cpp_qt_app': CMAKE_PREFIX_PATH=/opt/ros/humble /usr/bin/cmake --build /workspaces/ros_agv_pc/src/build/cpp_qt_app -- -j8 -l8
[2.224s] DEBUG:colcon.colcon_core.event_handler.log_command:Invoking command in '/workspaces/ros_agv_pc/src/build/publisher_pkg': CMAKE_PREFIX_PATH=/opt/ros/humble /usr/bin/cmake --build /workspaces/ros_agv_pc/src/build/publisher_pkg -- -j8 -l8
[2.565s] INFO:colcon.colcon_core.task.python.build:Building Python package in '/workspaces/ros_agv_pc/src/py_qt_app'
[2.578s] INFO:colcon.colcon_core.shell:Skip shell extension 'powershell' for command environment: Not usable outside of PowerShell
[2.578s] DEBUG:colcon.colcon_core.shell:Skip shell extension 'dsv' for command environment
[2.916s] INFO:colcon.colcon_core.task.python.build:Building Python package in '/workspaces/ros_agv_pc/src/textual_gui_pkg'
[2.934s] INFO:colcon.colcon_core.shell:Skip shell extension 'powershell' for command environment: Not usable outside of PowerShell
[2.934s] DEBUG:colcon.colcon_core.shell:Skip shell extension 'dsv' for command environment
[2.980s] DEBUG:colcon.colcon_core.event_handler.log_command:Invoked command in '/workspaces/ros_agv_pc/src/build/agv_mcu_package' returned '0': CMAKE_PREFIX_PATH=/opt/ros/humble /usr/bin/cmake --build /workspaces/ros_agv_pc/src/build/agv_mcu_package -- -j8 -l8
[2.982s] DEBUG:colcon.colcon_core.event_handler.log_command:Invoked command in '/workspaces/ros_agv_pc/src/build/interfaces' returned '0': CMAKE_PREFIX_PATH=/opt/ros/humble /usr/bin/cmake --build /workspaces/ros_agv_pc/src/build/interfaces -- -j8 -l8
[2.984s] DEBUG:colcon.colcon_core.event_handler.log_command:Invoked command in '/workspaces/ros_agv_pc/src/build/agv_sensor_package' returned '0': CMAKE_PREFIX_PATH=/opt/ros/humble /usr/bin/cmake --build /workspaces/ros_agv_pc/src/build/agv_sensor_package -- -j8 -l8
[2.985s] DEBUG:colcon.colcon_core.event_handler.log_command:Invoked command in '/workspaces/ros_agv_pc/src/build/cpp_qt_app' returned '0': CMAKE_PREFIX_PATH=/opt/ros/humble /usr/bin/cmake --build /workspaces/ros_agv_pc/src/build/cpp_qt_app -- -j8 -l8
[2.987s] DEBUG:colcon.colcon_core.event_handler.log_command:Invoked command in '/workspaces/ros_agv_pc/src/build/publisher_pkg' returned '0': CMAKE_PREFIX_PATH=/opt/ros/humble /usr/bin/cmake --build /workspaces/ros_agv_pc/src/build/publisher_pkg -- -j8 -l8
[3.086s] DEBUG:colcon.colcon_core.event_handler.log_command:Invoking command in '/workspaces/ros_agv_pc/src/build/publisher_pkg': CMAKE_PREFIX_PATH=/opt/ros/humble /usr/bin/cmake --install /workspaces/ros_agv_pc/src/build/publisher_pkg
[3.103s] DEBUG:colcon.colcon_core.event_handler.log_command:Invoking command in '/workspaces/ros_agv_pc/src/build/agv_sensor_package': CMAKE_PREFIX_PATH=/opt/ros/humble /usr/bin/cmake --install /workspaces/ros_agv_pc/src/build/agv_sensor_package
[3.142s] DEBUG:colcon.colcon_core.event_handler.log_command:Invoking command in '/workspaces/ros_agv_pc/src/build/agv_mcu_package': CMAKE_PREFIX_PATH=/opt/ros/humble /usr/bin/cmake --install /workspaces/ros_agv_pc/src/build/agv_mcu_package
[3.151s] Level 1:colcon.colcon_core.environment:create_environment_scripts_only(publisher_pkg)
[3.158s] DEBUG:colcon.colcon_core.event_handler.log_command:Invoked command in '/workspaces/ros_agv_pc/src/build/publisher_pkg' returned '0': CMAKE_PREFIX_PATH=/opt/ros/humble /usr/bin/cmake --install /workspaces/ros_agv_pc/src/build/publisher_pkg
[3.200s] Level 1:colcon.colcon_core.environment:checking '/workspaces/ros_agv_pc/src/install/publisher_pkg' for CMake module files
[3.202s] Level 1:colcon.colcon_core.environment:checking '/workspaces/ros_agv_pc/src/install/publisher_pkg' for CMake config files
[3.202s] Level 1:colcon.colcon_core.shell:create_environment_hook('publisher_pkg', 'cmake_prefix_path')
[3.231s] INFO:colcon.colcon_core.shell:Creating environment hook '/workspaces/ros_agv_pc/src/install/publisher_pkg/share/publisher_pkg/hook/cmake_prefix_path.ps1'
[3.232s] INFO:colcon.colcon_core.shell:Creating environment descriptor '/workspaces/ros_agv_pc/src/install/publisher_pkg/share/publisher_pkg/hook/cmake_prefix_path.dsv'
[3.233s] INFO:colcon.colcon_core.shell:Creating environment hook '/workspaces/ros_agv_pc/src/install/publisher_pkg/share/publisher_pkg/hook/cmake_prefix_path.sh'
[3.235s] Level 1:colcon.colcon_core.environment:checking '/workspaces/ros_agv_pc/src/install/publisher_pkg/lib'
[3.236s] Level 1:colcon.colcon_core.environment:checking '/workspaces/ros_agv_pc/src/install/publisher_pkg/bin'
[3.236s] Level 1:colcon.colcon_core.environment:checking '/workspaces/ros_agv_pc/src/install/publisher_pkg/lib/pkgconfig/publisher_pkg.pc'
[3.236s] Level 1:colcon.colcon_core.environment:checking '/workspaces/ros_agv_pc/src/install/publisher_pkg/lib/python3.10/site-packages'
[3.237s] Level 1:colcon.colcon_core.environment:checking '/workspaces/ros_agv_pc/src/install/publisher_pkg/bin'
[3.267s] INFO:colcon.colcon_core.shell:Creating package script '/workspaces/ros_agv_pc/src/install/publisher_pkg/share/publisher_pkg/package.ps1'
[3.269s] INFO:colcon.colcon_core.shell:Creating package descriptor '/workspaces/ros_agv_pc/src/install/publisher_pkg/share/publisher_pkg/package.dsv'
[3.270s] INFO:colcon.colcon_core.shell:Creating package script '/workspaces/ros_agv_pc/src/install/publisher_pkg/share/publisher_pkg/package.sh'
[3.272s] INFO:colcon.colcon_core.shell:Creating package script '/workspaces/ros_agv_pc/src/install/publisher_pkg/share/publisher_pkg/package.bash'
[3.274s] INFO:colcon.colcon_core.shell:Creating package script '/workspaces/ros_agv_pc/src/install/publisher_pkg/share/publisher_pkg/package.zsh'
[3.276s] Level 1:colcon.colcon_core.environment:create_file_with_runtime_dependencies(/workspaces/ros_agv_pc/src/install/publisher_pkg/share/colcon-core/packages/publisher_pkg)
[3.280s] Level 1:colcon.colcon_core.environment:create_environment_scripts_only(agv_sensor_package)
[3.282s] DEBUG:colcon.colcon_core.event_handler.log_command:Invoked command in '/workspaces/ros_agv_pc/src/build/agv_sensor_package' returned '0': CMAKE_PREFIX_PATH=/opt/ros/humble /usr/bin/cmake --install /workspaces/ros_agv_pc/src/build/agv_sensor_package
[3.311s] Level 1:colcon.colcon_core.environment:checking '/workspaces/ros_agv_pc/src/install/agv_sensor_package' for CMake module files
[3.312s] Level 1:colcon.colcon_core.environment:checking '/workspaces/ros_agv_pc/src/install/agv_sensor_package' for CMake config files
[3.312s] Level 1:colcon.colcon_core.shell:create_environment_hook('agv_sensor_package', 'cmake_prefix_path')
[3.336s] INFO:colcon.colcon_core.shell:Creating environment hook '/workspaces/ros_agv_pc/src/install/agv_sensor_package/share/agv_sensor_package/hook/cmake_prefix_path.ps1'
[3.338s] INFO:colcon.colcon_core.shell:Creating environment descriptor '/workspaces/ros_agv_pc/src/install/agv_sensor_package/share/agv_sensor_package/hook/cmake_prefix_path.dsv'
[3.339s] INFO:colcon.colcon_core.shell:Creating environment hook '/workspaces/ros_agv_pc/src/install/agv_sensor_package/share/agv_sensor_package/hook/cmake_prefix_path.sh'
[3.340s] Level 1:colcon.colcon_core.environment:checking '/workspaces/ros_agv_pc/src/install/agv_sensor_package/lib'
[3.340s] Level 1:colcon.colcon_core.environment:checking '/workspaces/ros_agv_pc/src/install/agv_sensor_package/bin'
[3.340s] Level 1:colcon.colcon_core.environment:checking '/workspaces/ros_agv_pc/src/install/agv_sensor_package/lib/pkgconfig/agv_sensor_package.pc'
[3.341s] Level 1:colcon.colcon_core.environment:checking '/workspaces/ros_agv_pc/src/install/agv_sensor_package/lib/python3.10/site-packages'
[3.341s] Level 1:colcon.colcon_core.environment:checking '/workspaces/ros_agv_pc/src/install/agv_sensor_package/bin'
[3.372s] INFO:colcon.colcon_core.shell:Creating package script '/workspaces/ros_agv_pc/src/install/agv_sensor_package/share/agv_sensor_package/package.ps1'
[3.373s] INFO:colcon.colcon_core.shell:Creating package descriptor '/workspaces/ros_agv_pc/src/install/agv_sensor_package/share/agv_sensor_package/package.dsv'
[3.375s] INFO:colcon.colcon_core.shell:Creating package script '/workspaces/ros_agv_pc/src/install/agv_sensor_package/share/agv_sensor_package/package.sh'
[3.377s] INFO:colcon.colcon_core.shell:Creating package script '/workspaces/ros_agv_pc/src/install/agv_sensor_package/share/agv_sensor_package/package.bash'
[3.378s] INFO:colcon.colcon_core.shell:Creating package script '/workspaces/ros_agv_pc/src/install/agv_sensor_package/share/agv_sensor_package/package.zsh'
[3.379s] Level 1:colcon.colcon_core.environment:create_file_with_runtime_dependencies(/workspaces/ros_agv_pc/src/install/agv_sensor_package/share/colcon-core/packages/agv_sensor_package)
[3.393s] Level 1:colcon.colcon_core.environment:create_environment_scripts_only(agv_mcu_package)
[3.397s] DEBUG:colcon.colcon_core.event_handler.log_command:Invoked command in '/workspaces/ros_agv_pc/src/build/agv_mcu_package' returned '0': CMAKE_PREFIX_PATH=/opt/ros/humble /usr/bin/cmake --install /workspaces/ros_agv_pc/src/build/agv_mcu_package
[3.423s] Level 1:colcon.colcon_core.environment:checking '/workspaces/ros_agv_pc/src/install/agv_mcu_package' for CMake module files
[3.424s] Level 1:colcon.colcon_core.environment:checking '/workspaces/ros_agv_pc/src/install/agv_mcu_package' for CMake config files
[3.424s] Level 1:colcon.colcon_core.shell:create_environment_hook('agv_mcu_package', 'cmake_prefix_path')
[3.446s] INFO:colcon.colcon_core.shell:Creating environment hook '/workspaces/ros_agv_pc/src/install/agv_mcu_package/share/agv_mcu_package/hook/cmake_prefix_path.ps1'
[3.447s] INFO:colcon.colcon_core.shell:Creating environment descriptor '/workspaces/ros_agv_pc/src/install/agv_mcu_package/share/agv_mcu_package/hook/cmake_prefix_path.dsv'
[3.448s] INFO:colcon.colcon_core.shell:Creating environment hook '/workspaces/ros_agv_pc/src/install/agv_mcu_package/share/agv_mcu_package/hook/cmake_prefix_path.sh'
[3.449s] Level 1:colcon.colcon_core.environment:checking '/workspaces/ros_agv_pc/src/install/agv_mcu_package/lib'
[3.449s] Level 1:colcon.colcon_core.environment:checking '/workspaces/ros_agv_pc/src/install/agv_mcu_package/bin'
[3.449s] Level 1:colcon.colcon_core.environment:checking '/workspaces/ros_agv_pc/src/install/agv_mcu_package/lib/pkgconfig/agv_mcu_package.pc'
[3.450s] Level 1:colcon.colcon_core.environment:checking '/workspaces/ros_agv_pc/src/install/agv_mcu_package/lib/python3.10/site-packages'
[3.450s] Level 1:colcon.colcon_core.environment:checking '/workspaces/ros_agv_pc/src/install/agv_mcu_package/bin'
[3.479s] INFO:colcon.colcon_core.shell:Creating package script '/workspaces/ros_agv_pc/src/install/agv_mcu_package/share/agv_mcu_package/package.ps1'
[3.480s] INFO:colcon.colcon_core.shell:Creating package descriptor '/workspaces/ros_agv_pc/src/install/agv_mcu_package/share/agv_mcu_package/package.dsv'
[3.481s] INFO:colcon.colcon_core.shell:Creating package script '/workspaces/ros_agv_pc/src/install/agv_mcu_package/share/agv_mcu_package/package.sh'
[3.481s] INFO:colcon.colcon_core.shell:Creating package script '/workspaces/ros_agv_pc/src/install/agv_mcu_package/share/agv_mcu_package/package.bash'
[3.482s] INFO:colcon.colcon_core.shell:Creating package script '/workspaces/ros_agv_pc/src/install/agv_mcu_package/share/agv_mcu_package/package.zsh'
[3.483s] Level 1:colcon.colcon_core.environment:create_file_with_runtime_dependencies(/workspaces/ros_agv_pc/src/install/agv_mcu_package/share/colcon-core/packages/agv_mcu_package)
[3.486s] DEBUG:colcon.colcon_core.event_handler.log_command:Invoking command in '/workspaces/ros_agv_pc/src/build/interfaces': CMAKE_PREFIX_PATH=/opt/ros/humble /usr/bin/cmake --install /workspaces/ros_agv_pc/src/build/interfaces
[3.490s] DEBUG:colcon.colcon_core.event_handler.log_command:Invoking command in '/workspaces/ros_agv_pc/src/build/cpp_qt_app': CMAKE_PREFIX_PATH=/opt/ros/humble /usr/bin/cmake --install /workspaces/ros_agv_pc/src/build/cpp_qt_app
[3.541s] Level 1:colcon.colcon_core.environment:create_environment_scripts_only(publisher_pkg)
[3.578s] Level 1:colcon.colcon_core.environment:checking '/workspaces/ros_agv_pc/src/install/publisher_pkg' for CMake module files
[3.579s] Level 1:colcon.colcon_core.environment:checking '/workspaces/ros_agv_pc/src/install/publisher_pkg' for CMake config files
[3.580s] Level 1:colcon.colcon_core.shell:create_environment_hook('publisher_pkg', 'cmake_prefix_path')
[3.613s] INFO:colcon.colcon_core.shell:Creating environment hook '/workspaces/ros_agv_pc/src/install/publisher_pkg/share/publisher_pkg/hook/cmake_prefix_path.ps1'
[3.615s] INFO:colcon.colcon_core.shell:Creating environment descriptor '/workspaces/ros_agv_pc/src/install/publisher_pkg/share/publisher_pkg/hook/cmake_prefix_path.dsv'
[3.615s] INFO:colcon.colcon_core.shell:Creating environment hook '/workspaces/ros_agv_pc/src/install/publisher_pkg/share/publisher_pkg/hook/cmake_prefix_path.sh'
[3.616s] Level 1:colcon.colcon_core.environment:checking '/workspaces/ros_agv_pc/src/install/publisher_pkg/lib'
[3.616s] Level 1:colcon.colcon_core.environment:checking '/workspaces/ros_agv_pc/src/install/publisher_pkg/bin'
[3.617s] Level 1:colcon.colcon_core.environment:checking '/workspaces/ros_agv_pc/src/install/publisher_pkg/lib/pkgconfig/publisher_pkg.pc'
[3.617s] Level 1:colcon.colcon_core.environment:checking '/workspaces/ros_agv_pc/src/install/publisher_pkg/lib/python3.10/site-packages'
[3.618s] Level 1:colcon.colcon_core.environment:checking '/workspaces/ros_agv_pc/src/install/publisher_pkg/bin'
[3.638s] INFO:colcon.colcon_core.shell:Creating package script '/workspaces/ros_agv_pc/src/install/publisher_pkg/share/publisher_pkg/package.ps1'
[3.639s] INFO:colcon.colcon_core.shell:Creating package descriptor '/workspaces/ros_agv_pc/src/install/publisher_pkg/share/publisher_pkg/package.dsv'
[3.640s] INFO:colcon.colcon_core.shell:Creating package script '/workspaces/ros_agv_pc/src/install/publisher_pkg/share/publisher_pkg/package.sh'
[3.641s] INFO:colcon.colcon_core.shell:Creating package script '/workspaces/ros_agv_pc/src/install/publisher_pkg/share/publisher_pkg/package.bash'
[3.641s] INFO:colcon.colcon_core.shell:Creating package script '/workspaces/ros_agv_pc/src/install/publisher_pkg/share/publisher_pkg/package.zsh'
[3.642s] Level 1:colcon.colcon_core.environment:create_file_with_runtime_dependencies(/workspaces/ros_agv_pc/src/install/publisher_pkg/share/colcon-core/packages/publisher_pkg)
[3.669s] Level 1:colcon.colcon_core.environment:create_environment_scripts_only(agv_sensor_package)
[3.690s] Level 1:colcon.colcon_core.environment:checking '/workspaces/ros_agv_pc/src/install/agv_sensor_package' for CMake module files
[3.691s] Level 1:colcon.colcon_core.environment:checking '/workspaces/ros_agv_pc/src/install/agv_sensor_package' for CMake config files
[3.691s] Level 1:colcon.colcon_core.shell:create_environment_hook('agv_sensor_package', 'cmake_prefix_path')
[3.711s] INFO:colcon.colcon_core.shell:Creating environment hook '/workspaces/ros_agv_pc/src/install/agv_sensor_package/share/agv_sensor_package/hook/cmake_prefix_path.ps1'
[3.711s] INFO:colcon.colcon_core.shell:Creating environment descriptor '/workspaces/ros_agv_pc/src/install/agv_sensor_package/share/agv_sensor_package/hook/cmake_prefix_path.dsv'
[3.712s] INFO:colcon.colcon_core.shell:Creating environment hook '/workspaces/ros_agv_pc/src/install/agv_sensor_package/share/agv_sensor_package/hook/cmake_prefix_path.sh'
[3.713s] Level 1:colcon.colcon_core.environment:checking '/workspaces/ros_agv_pc/src/install/agv_sensor_package/lib'
[3.713s] Level 1:colcon.colcon_core.environment:checking '/workspaces/ros_agv_pc/src/install/agv_sensor_package/bin'
[3.713s] Level 1:colcon.colcon_core.environment:checking '/workspaces/ros_agv_pc/src/install/agv_sensor_package/lib/pkgconfig/agv_sensor_package.pc'
[3.714s] Level 1:colcon.colcon_core.environment:checking '/workspaces/ros_agv_pc/src/install/agv_sensor_package/lib/python3.10/site-packages'
[3.714s] Level 1:colcon.colcon_core.environment:checking '/workspaces/ros_agv_pc/src/install/agv_sensor_package/bin'
[3.732s] INFO:colcon.colcon_core.shell:Creating package script '/workspaces/ros_agv_pc/src/install/agv_sensor_package/share/agv_sensor_package/package.ps1'
[3.734s] INFO:colcon.colcon_core.shell:Creating package descriptor '/workspaces/ros_agv_pc/src/install/agv_sensor_package/share/agv_sensor_package/package.dsv'
[3.734s] INFO:colcon.colcon_core.shell:Creating package script '/workspaces/ros_agv_pc/src/install/agv_sensor_package/share/agv_sensor_package/package.sh'
[3.735s] INFO:colcon.colcon_core.shell:Creating package script '/workspaces/ros_agv_pc/src/install/agv_sensor_package/share/agv_sensor_package/package.bash'
[3.736s] INFO:colcon.colcon_core.shell:Creating package script '/workspaces/ros_agv_pc/src/install/agv_sensor_package/share/agv_sensor_package/package.zsh'
[3.736s] Level 1:colcon.colcon_core.environment:create_file_with_runtime_dependencies(/workspaces/ros_agv_pc/src/install/agv_sensor_package/share/colcon-core/packages/agv_sensor_package)
[3.738s] Level 1:colcon.colcon_core.environment:create_environment_scripts_only(cpp_qt_app)
[3.739s] DEBUG:colcon.colcon_core.event_handler.log_command:Invoked command in '/workspaces/ros_agv_pc/src/build/cpp_qt_app' returned '0': CMAKE_PREFIX_PATH=/opt/ros/humble /usr/bin/cmake --install /workspaces/ros_agv_pc/src/build/cpp_qt_app
[3.756s] Level 1:colcon.colcon_core.environment:checking '/workspaces/ros_agv_pc/src/install/cpp_qt_app' for CMake module files
[3.757s] Level 1:colcon.colcon_core.environment:checking '/workspaces/ros_agv_pc/src/install/cpp_qt_app' for CMake config files
[3.757s] Level 1:colcon.colcon_core.shell:create_environment_hook('cpp_qt_app', 'cmake_prefix_path')
[3.773s] INFO:colcon.colcon_core.shell:Creating environment hook '/workspaces/ros_agv_pc/src/install/cpp_qt_app/share/cpp_qt_app/hook/cmake_prefix_path.ps1'
[3.774s] INFO:colcon.colcon_core.shell:Creating environment descriptor '/workspaces/ros_agv_pc/src/install/cpp_qt_app/share/cpp_qt_app/hook/cmake_prefix_path.dsv'
[3.775s] INFO:colcon.colcon_core.shell:Creating environment hook '/workspaces/ros_agv_pc/src/install/cpp_qt_app/share/cpp_qt_app/hook/cmake_prefix_path.sh'
[3.776s] Level 1:colcon.colcon_core.environment:checking '/workspaces/ros_agv_pc/src/install/cpp_qt_app/lib'
[3.776s] Level 1:colcon.colcon_core.environment:checking '/workspaces/ros_agv_pc/src/install/cpp_qt_app/bin'
[3.776s] Level 1:colcon.colcon_core.environment:checking '/workspaces/ros_agv_pc/src/install/cpp_qt_app/lib/pkgconfig/cpp_qt_app.pc'
[3.777s] Level 1:colcon.colcon_core.environment:checking '/workspaces/ros_agv_pc/src/install/cpp_qt_app/lib/python3.10/site-packages'
[3.778s] Level 1:colcon.colcon_core.environment:checking '/workspaces/ros_agv_pc/src/install/cpp_qt_app/bin'
[3.805s] INFO:colcon.colcon_core.shell:Creating package script '/workspaces/ros_agv_pc/src/install/cpp_qt_app/share/cpp_qt_app/package.ps1'
[3.806s] INFO:colcon.colcon_core.shell:Creating package descriptor '/workspaces/ros_agv_pc/src/install/cpp_qt_app/share/cpp_qt_app/package.dsv'
[3.806s] INFO:colcon.colcon_core.shell:Creating package script '/workspaces/ros_agv_pc/src/install/cpp_qt_app/share/cpp_qt_app/package.sh'
[3.807s] INFO:colcon.colcon_core.shell:Creating package script '/workspaces/ros_agv_pc/src/install/cpp_qt_app/share/cpp_qt_app/package.bash'
[3.807s] INFO:colcon.colcon_core.shell:Creating package script '/workspaces/ros_agv_pc/src/install/cpp_qt_app/share/cpp_qt_app/package.zsh'
[3.807s] Level 1:colcon.colcon_core.environment:create_file_with_runtime_dependencies(/workspaces/ros_agv_pc/src/install/cpp_qt_app/share/colcon-core/packages/cpp_qt_app)
[3.809s] Level 1:colcon.colcon_core.environment:create_environment_scripts_only(interfaces)
[3.809s] DEBUG:colcon.colcon_core.event_handler.log_command:Invoked command in '/workspaces/ros_agv_pc/src/build/interfaces' returned '0': CMAKE_PREFIX_PATH=/opt/ros/humble /usr/bin/cmake --install /workspaces/ros_agv_pc/src/build/interfaces
[3.827s] Level 1:colcon.colcon_core.environment:checking '/workspaces/ros_agv_pc/src/install/interfaces' for CMake module files
[3.828s] Level 1:colcon.colcon_core.environment:checking '/workspaces/ros_agv_pc/src/install/interfaces' for CMake config files
[3.829s] Level 1:colcon.colcon_core.shell:create_environment_hook('interfaces', 'cmake_prefix_path')
[3.848s] INFO:colcon.colcon_core.shell:Creating environment hook '/workspaces/ros_agv_pc/src/install/interfaces/share/interfaces/hook/cmake_prefix_path.ps1'
[3.848s] INFO:colcon.colcon_core.shell:Creating environment descriptor '/workspaces/ros_agv_pc/src/install/interfaces/share/interfaces/hook/cmake_prefix_path.dsv'
[3.849s] INFO:colcon.colcon_core.shell:Creating environment hook '/workspaces/ros_agv_pc/src/install/interfaces/share/interfaces/hook/cmake_prefix_path.sh'
[3.849s] Level 1:colcon.colcon_core.environment:checking '/workspaces/ros_agv_pc/src/install/interfaces/lib'
[3.850s] Level 1:colcon.colcon_core.shell:create_environment_hook('interfaces', 'ld_library_path_lib')
[3.864s] INFO:colcon.colcon_core.shell:Creating environment hook '/workspaces/ros_agv_pc/src/install/interfaces/share/interfaces/hook/ld_library_path_lib.ps1'
[3.865s] INFO:colcon.colcon_core.shell:Creating environment descriptor '/workspaces/ros_agv_pc/src/install/interfaces/share/interfaces/hook/ld_library_path_lib.dsv'
[3.865s] INFO:colcon.colcon_core.shell:Creating environment hook '/workspaces/ros_agv_pc/src/install/interfaces/share/interfaces/hook/ld_library_path_lib.sh'
[3.866s] Level 1:colcon.colcon_core.environment:checking '/workspaces/ros_agv_pc/src/install/interfaces/bin'
[3.866s] Level 1:colcon.colcon_core.environment:checking '/workspaces/ros_agv_pc/src/install/interfaces/lib/pkgconfig/interfaces.pc'
[3.866s] Level 1:colcon.colcon_core.environment:checking '/workspaces/ros_agv_pc/src/install/interfaces/lib/python3.10/site-packages'
[3.867s] Level 1:colcon.colcon_core.environment:checking '/workspaces/ros_agv_pc/src/install/interfaces/bin'
[3.880s] INFO:colcon.colcon_core.shell:Creating package script '/workspaces/ros_agv_pc/src/install/interfaces/share/interfaces/package.ps1'
[3.881s] INFO:colcon.colcon_core.shell:Creating package descriptor '/workspaces/ros_agv_pc/src/install/interfaces/share/interfaces/package.dsv'
[3.881s] INFO:colcon.colcon_core.shell:Creating package script '/workspaces/ros_agv_pc/src/install/interfaces/share/interfaces/package.sh'
[3.882s] INFO:colcon.colcon_core.shell:Creating package script '/workspaces/ros_agv_pc/src/install/interfaces/share/interfaces/package.bash'
[3.882s] INFO:colcon.colcon_core.shell:Creating package script '/workspaces/ros_agv_pc/src/install/interfaces/share/interfaces/package.zsh'
[3.883s] Level 1:colcon.colcon_core.environment:create_file_with_runtime_dependencies(/workspaces/ros_agv_pc/src/install/interfaces/share/colcon-core/packages/interfaces)
[3.900s] Level 1:colcon.colcon_core.environment:create_environment_scripts_only(agv_mcu_package)
[3.917s] Level 1:colcon.colcon_core.environment:checking '/workspaces/ros_agv_pc/src/install/agv_mcu_package' for CMake module files
[3.917s] Level 1:colcon.colcon_core.environment:checking '/workspaces/ros_agv_pc/src/install/agv_mcu_package' for CMake config files
[3.917s] Level 1:colcon.colcon_core.shell:create_environment_hook('agv_mcu_package', 'cmake_prefix_path')
[3.933s] INFO:colcon.colcon_core.shell:Creating environment hook '/workspaces/ros_agv_pc/src/install/agv_mcu_package/share/agv_mcu_package/hook/cmake_prefix_path.ps1'
[3.934s] INFO:colcon.colcon_core.shell:Creating environment descriptor '/workspaces/ros_agv_pc/src/install/agv_mcu_package/share/agv_mcu_package/hook/cmake_prefix_path.dsv'
[3.934s] INFO:colcon.colcon_core.shell:Creating environment hook '/workspaces/ros_agv_pc/src/install/agv_mcu_package/share/agv_mcu_package/hook/cmake_prefix_path.sh'
[3.935s] Level 1:colcon.colcon_core.environment:checking '/workspaces/ros_agv_pc/src/install/agv_mcu_package/lib'
[3.935s] Level 1:colcon.colcon_core.environment:checking '/workspaces/ros_agv_pc/src/install/agv_mcu_package/bin'
[3.935s] Level 1:colcon.colcon_core.environment:checking '/workspaces/ros_agv_pc/src/install/agv_mcu_package/lib/pkgconfig/agv_mcu_package.pc'
[3.935s] Level 1:colcon.colcon_core.environment:checking '/workspaces/ros_agv_pc/src/install/agv_mcu_package/lib/python3.10/site-packages'
[3.936s] Level 1:colcon.colcon_core.environment:checking '/workspaces/ros_agv_pc/src/install/agv_mcu_package/bin'
[3.953s] INFO:colcon.colcon_core.shell:Creating package script '/workspaces/ros_agv_pc/src/install/agv_mcu_package/share/agv_mcu_package/package.ps1'
[3.954s] INFO:colcon.colcon_core.shell:Creating package descriptor '/workspaces/ros_agv_pc/src/install/agv_mcu_package/share/agv_mcu_package/package.dsv'
[3.955s] INFO:colcon.colcon_core.shell:Creating package script '/workspaces/ros_agv_pc/src/install/agv_mcu_package/share/agv_mcu_package/package.sh'
[3.955s] INFO:colcon.colcon_core.shell:Creating package script '/workspaces/ros_agv_pc/src/install/agv_mcu_package/share/agv_mcu_package/package.bash'
[3.956s] INFO:colcon.colcon_core.shell:Creating package script '/workspaces/ros_agv_pc/src/install/agv_mcu_package/share/agv_mcu_package/package.zsh'
[3.956s] Level 1:colcon.colcon_core.environment:create_file_with_runtime_dependencies(/workspaces/ros_agv_pc/src/install/agv_mcu_package/share/colcon-core/packages/agv_mcu_package)
[3.966s] DEBUG:colcon.colcon_core.event_handler.log_command:Invoking command in '/workspaces/ros_agv_pc/src/py_qt_app': PYTHONPATH=/workspaces/ros_agv_pc/src/build/py_qt_app/prefix_override:/workspaces/ros_agv_pc/src/install/py_qt_app/lib/python3.10/site-packages:${PYTHONPATH} /usr/bin/python3 setup.py egg_info --egg-base ../build/py_qt_app build --build-base /workspaces/ros_agv_pc/src/build/py_qt_app/build install --record /workspaces/ros_agv_pc/src/build/py_qt_app/install.log --single-version-externally-managed
[3.967s] DEBUG:colcon.colcon_core.event_handler.log_command:Invoking command in '/workspaces/ros_agv_pc/src/textual_gui_pkg': PYTHONPATH=/workspaces/ros_agv_pc/src/build/textual_gui_pkg/prefix_override:/workspaces/ros_agv_pc/src/install/textual_gui_pkg/lib/python3.10/site-packages:${PYTHONPATH} /usr/bin/python3 setup.py egg_info --egg-base ../build/textual_gui_pkg build --build-base /workspaces/ros_agv_pc/src/build/textual_gui_pkg/build install --record /workspaces/ros_agv_pc/src/build/textual_gui_pkg/install.log --single-version-externally-managed
[3.968s] DEBUG:colcon.colcon_core.event_handler.log_command:Invoking command in '/workspaces/ros_agv_pc/src/AGV_simulator_description': PYTHONPATH=/workspaces/ros_agv_pc/src/build/AGV_simulator_description/prefix_override:/workspaces/ros_agv_pc/src/install/AGV_simulator_description/lib/python3.10/site-packages:${PYTHONPATH} /usr/bin/python3 setup.py egg_info --egg-base ../build/AGV_simulator_description build --build-base /workspaces/ros_agv_pc/src/build/AGV_simulator_description/build install --record /workspaces/ros_agv_pc/src/build/AGV_simulator_description/install.log --install-scripts $base/lib/AGV_simulator_description --single-version-externally-managed
[4.003s] Level 1:colcon.colcon_core.environment:create_environment_scripts_only(cpp_qt_app)
[4.037s] Level 1:colcon.colcon_core.environment:checking '/workspaces/ros_agv_pc/src/install/cpp_qt_app' for CMake module files
[4.039s] Level 1:colcon.colcon_core.environment:checking '/workspaces/ros_agv_pc/src/install/cpp_qt_app' for CMake config files
[4.041s] Level 1:colcon.colcon_core.shell:create_environment_hook('cpp_qt_app', 'cmake_prefix_path')
[4.080s] INFO:colcon.colcon_core.shell:Creating environment hook '/workspaces/ros_agv_pc/src/install/cpp_qt_app/share/cpp_qt_app/hook/cmake_prefix_path.ps1'
[4.083s] INFO:colcon.colcon_core.shell:Creating environment descriptor '/workspaces/ros_agv_pc/src/install/cpp_qt_app/share/cpp_qt_app/hook/cmake_prefix_path.dsv'
[4.084s] INFO:colcon.colcon_core.shell:Creating environment hook '/workspaces/ros_agv_pc/src/install/cpp_qt_app/share/cpp_qt_app/hook/cmake_prefix_path.sh'
[4.087s] Level 1:colcon.colcon_core.environment:checking '/workspaces/ros_agv_pc/src/install/cpp_qt_app/lib'
[4.088s] Level 1:colcon.colcon_core.environment:checking '/workspaces/ros_agv_pc/src/install/cpp_qt_app/bin'
[4.088s] Level 1:colcon.colcon_core.environment:checking '/workspaces/ros_agv_pc/src/install/cpp_qt_app/lib/pkgconfig/cpp_qt_app.pc'
[4.089s] Level 1:colcon.colcon_core.environment:checking '/workspaces/ros_agv_pc/src/install/cpp_qt_app/lib/python3.10/site-packages'
[4.090s] Level 1:colcon.colcon_core.environment:checking '/workspaces/ros_agv_pc/src/install/cpp_qt_app/bin'
[4.156s] INFO:colcon.colcon_core.shell:Creating package script '/workspaces/ros_agv_pc/src/install/cpp_qt_app/share/cpp_qt_app/package.ps1'
[4.158s] INFO:colcon.colcon_core.shell:Creating package descriptor '/workspaces/ros_agv_pc/src/install/cpp_qt_app/share/cpp_qt_app/package.dsv'
[4.160s] INFO:colcon.colcon_core.shell:Creating package script '/workspaces/ros_agv_pc/src/install/cpp_qt_app/share/cpp_qt_app/package.sh'
[4.161s] INFO:colcon.colcon_core.shell:Creating package script '/workspaces/ros_agv_pc/src/install/cpp_qt_app/share/cpp_qt_app/package.bash'
[4.163s] INFO:colcon.colcon_core.shell:Creating package script '/workspaces/ros_agv_pc/src/install/cpp_qt_app/share/cpp_qt_app/package.zsh'
[4.164s] Level 1:colcon.colcon_core.environment:create_file_with_runtime_dependencies(/workspaces/ros_agv_pc/src/install/cpp_qt_app/share/colcon-core/packages/cpp_qt_app)
[4.200s] Level 1:colcon.colcon_core.environment:create_environment_scripts_only(interfaces)
[4.228s] Level 1:colcon.colcon_core.environment:checking '/workspaces/ros_agv_pc/src/install/interfaces' for CMake module files
[4.229s] Level 1:colcon.colcon_core.environment:checking '/workspaces/ros_agv_pc/src/install/interfaces' for CMake config files
[4.231s] Level 1:colcon.colcon_core.shell:create_environment_hook('interfaces', 'cmake_prefix_path')
[4.257s] INFO:colcon.colcon_core.shell:Creating environment hook '/workspaces/ros_agv_pc/src/install/interfaces/share/interfaces/hook/cmake_prefix_path.ps1'
[4.259s] INFO:colcon.colcon_core.shell:Creating environment descriptor '/workspaces/ros_agv_pc/src/install/interfaces/share/interfaces/hook/cmake_prefix_path.dsv'
[4.261s] INFO:colcon.colcon_core.shell:Creating environment hook '/workspaces/ros_agv_pc/src/install/interfaces/share/interfaces/hook/cmake_prefix_path.sh'
[4.263s] Level 1:colcon.colcon_core.environment:checking '/workspaces/ros_agv_pc/src/install/interfaces/lib'
[4.263s] Level 1:colcon.colcon_core.shell:create_environment_hook('interfaces', 'ld_library_path_lib')
[4.295s] INFO:colcon.colcon_core.shell:Creating environment hook '/workspaces/ros_agv_pc/src/install/interfaces/share/interfaces/hook/ld_library_path_lib.ps1'
[4.297s] INFO:colcon.colcon_core.shell:Creating environment descriptor '/workspaces/ros_agv_pc/src/install/interfaces/share/interfaces/hook/ld_library_path_lib.dsv'
[4.299s] INFO:colcon.colcon_core.shell:Creating environment hook '/workspaces/ros_agv_pc/src/install/interfaces/share/interfaces/hook/ld_library_path_lib.sh'
[4.300s] Level 1:colcon.colcon_core.environment:checking '/workspaces/ros_agv_pc/src/install/interfaces/bin'
[4.300s] Level 1:colcon.colcon_core.environment:checking '/workspaces/ros_agv_pc/src/install/interfaces/lib/pkgconfig/interfaces.pc'
[4.301s] Level 1:colcon.colcon_core.environment:checking '/workspaces/ros_agv_pc/src/install/interfaces/lib/python3.10/site-packages'
[4.301s] Level 1:colcon.colcon_core.environment:checking '/workspaces/ros_agv_pc/src/install/interfaces/bin'
[4.333s] INFO:colcon.colcon_core.shell:Creating package script '/workspaces/ros_agv_pc/src/install/interfaces/share/interfaces/package.ps1'
[4.334s] INFO:colcon.colcon_core.shell:Creating package descriptor '/workspaces/ros_agv_pc/src/install/interfaces/share/interfaces/package.dsv'
[4.335s] INFO:colcon.colcon_core.shell:Creating package script '/workspaces/ros_agv_pc/src/install/interfaces/share/interfaces/package.sh'
[4.336s] INFO:colcon.colcon_core.shell:Creating package script '/workspaces/ros_agv_pc/src/install/interfaces/share/interfaces/package.bash'
[4.337s] INFO:colcon.colcon_core.shell:Creating package script '/workspaces/ros_agv_pc/src/install/interfaces/share/interfaces/package.zsh'
[4.338s] Level 1:colcon.colcon_core.environment:create_file_with_runtime_dependencies(/workspaces/ros_agv_pc/src/install/interfaces/share/colcon-core/packages/interfaces)
[4.338s] INFO:colcon.colcon_ros.task.ament_cmake.build:Building ROS package in '/workspaces/ros_agv_pc/src/subpkg' with build type 'ament_cmake'
[4.340s] INFO:colcon.colcon_cmake.task.cmake.build:Building CMake package in '/workspaces/ros_agv_pc/src/subpkg'
[4.369s] INFO:colcon.colcon_core.shell:Skip shell extension 'powershell' for command environment: Not usable outside of PowerShell
[4.369s] DEBUG:colcon.colcon_core.shell:Skip shell extension 'dsv' for command environment
[4.450s] DEBUG:colcon.colcon_core.event_handler.log_command:Invoking command in '/workspaces/ros_agv_pc/src/build/subscriber_package': AMENT_PREFIX_PATH=/workspaces/ros_agv_pc/src/install/interfaces:${AMENT_PREFIX_PATH} CMAKE_PREFIX_PATH=/workspaces/ros_agv_pc/src/install/interfaces:/opt/ros/humble LD_LIBRARY_PATH=/workspaces/ros_agv_pc/src/install/interfaces/lib:${LD_LIBRARY_PATH} PYTHONPATH=/workspaces/ros_agv_pc/src/install/interfaces/local/lib/python3.10/dist-packages:${PYTHONPATH} /usr/bin/cmake --build /workspaces/ros_agv_pc/src/build/subscriber_package -- -j8 -l8
[4.568s] DEBUG:colcon.colcon_core.event_handler.log_command:Invoked command in '/workspaces/ros_agv_pc/src/py_qt_app' returned '0': PYTHONPATH=/workspaces/ros_agv_pc/src/build/py_qt_app/prefix_override:/workspaces/ros_agv_pc/src/install/py_qt_app/lib/python3.10/site-packages:${PYTHONPATH} /usr/bin/python3 setup.py egg_info --egg-base ../build/py_qt_app build --build-base /workspaces/ros_agv_pc/src/build/py_qt_app/build install --record /workspaces/ros_agv_pc/src/build/py_qt_app/install.log --single-version-externally-managed
[4.625s] Level 1:colcon.colcon_core.environment:checking '/workspaces/ros_agv_pc/src/install/py_qt_app' for CMake module files
[4.626s] Level 1:colcon.colcon_core.environment:checking '/workspaces/ros_agv_pc/src/install/py_qt_app' for CMake config files
[4.628s] Level 1:colcon.colcon_core.environment:checking '/workspaces/ros_agv_pc/src/install/py_qt_app/lib'
[4.628s] Level 1:colcon.colcon_core.environment:checking '/workspaces/ros_agv_pc/src/install/py_qt_app/bin'
[4.628s] Level 1:colcon.colcon_core.environment:checking '/workspaces/ros_agv_pc/src/install/py_qt_app/lib/pkgconfig/py_qt_app.pc'
[4.630s] Level 1:colcon.colcon_core.environment:checking '/workspaces/ros_agv_pc/src/install/py_qt_app/lib/python3.10/site-packages'
[4.631s] Level 1:colcon.colcon_core.shell:create_environment_hook('py_qt_app', 'pythonpath')
[4.652s] INFO:colcon.colcon_core.shell:Creating environment hook '/workspaces/ros_agv_pc/src/install/py_qt_app/share/py_qt_app/hook/pythonpath.ps1'
[4.653s] INFO:colcon.colcon_core.shell:Creating environment descriptor '/workspaces/ros_agv_pc/src/install/py_qt_app/share/py_qt_app/hook/pythonpath.dsv'
[4.654s] INFO:colcon.colcon_core.shell:Creating environment hook '/workspaces/ros_agv_pc/src/install/py_qt_app/share/py_qt_app/hook/pythonpath.sh'
[4.655s] Level 1:colcon.colcon_core.environment:checking '/workspaces/ros_agv_pc/src/install/py_qt_app/bin'
[4.655s] Level 1:colcon.colcon_core.environment:create_environment_scripts_only(py_qt_app)
[4.672s] INFO:colcon.colcon_core.shell:Creating package script '/workspaces/ros_agv_pc/src/install/py_qt_app/share/py_qt_app/package.ps1'
[4.673s] INFO:colcon.colcon_core.shell:Creating package descriptor '/workspaces/ros_agv_pc/src/install/py_qt_app/share/py_qt_app/package.dsv'
[4.674s] INFO:colcon.colcon_core.shell:Creating package script '/workspaces/ros_agv_pc/src/install/py_qt_app/share/py_qt_app/package.sh'
[4.675s] INFO:colcon.colcon_core.shell:Creating package script '/workspaces/ros_agv_pc/src/install/py_qt_app/share/py_qt_app/package.bash'
[4.675s] INFO:colcon.colcon_core.shell:Creating package script '/workspaces/ros_agv_pc/src/install/py_qt_app/share/py_qt_app/package.zsh'
[4.675s] Level 1:colcon.colcon_core.environment:create_file_with_runtime_dependencies(/workspaces/ros_agv_pc/src/install/py_qt_app/share/colcon-core/packages/py_qt_app)
[4.679s] DEBUG:colcon.colcon_core.event_handler.log_command:Invoked command in '/workspaces/ros_agv_pc/src/textual_gui_pkg' returned '0': PYTHONPATH=/workspaces/ros_agv_pc/src/build/textual_gui_pkg/prefix_override:/workspaces/ros_agv_pc/src/install/textual_gui_pkg/lib/python3.10/site-packages:${PYTHONPATH} /usr/bin/python3 setup.py egg_info --egg-base ../build/textual_gui_pkg build --build-base /workspaces/ros_agv_pc/src/build/textual_gui_pkg/build install --record /workspaces/ros_agv_pc/src/build/textual_gui_pkg/install.log --single-version-externally-managed
[4.699s] Level 1:colcon.colcon_core.environment:checking '/workspaces/ros_agv_pc/src/install/textual_gui_pkg' for CMake module files
[4.700s] Level 1:colcon.colcon_core.environment:checking '/workspaces/ros_agv_pc/src/install/textual_gui_pkg' for CMake config files
[4.700s] Level 1:colcon.colcon_core.environment:checking '/workspaces/ros_agv_pc/src/install/textual_gui_pkg/lib'
[4.700s] Level 1:colcon.colcon_core.environment:checking '/workspaces/ros_agv_pc/src/install/textual_gui_pkg/bin'
[4.700s] Level 1:colcon.colcon_core.environment:checking '/workspaces/ros_agv_pc/src/install/textual_gui_pkg/lib/pkgconfig/textual_gui_pkg.pc'
[4.701s] Level 1:colcon.colcon_core.environment:checking '/workspaces/ros_agv_pc/src/install/textual_gui_pkg/lib/python3.10/site-packages'
[4.701s] Level 1:colcon.colcon_core.shell:create_environment_hook('textual_gui_pkg', 'pythonpath')
[4.727s] INFO:colcon.colcon_core.shell:Creating environment hook '/workspaces/ros_agv_pc/src/install/textual_gui_pkg/share/textual_gui_pkg/hook/pythonpath.ps1'
[4.728s] INFO:colcon.colcon_core.shell:Creating environment descriptor '/workspaces/ros_agv_pc/src/install/textual_gui_pkg/share/textual_gui_pkg/hook/pythonpath.dsv'
[4.729s] INFO:colcon.colcon_core.shell:Creating environment hook '/workspaces/ros_agv_pc/src/install/textual_gui_pkg/share/textual_gui_pkg/hook/pythonpath.sh'
[4.730s] Level 1:colcon.colcon_core.environment:checking '/workspaces/ros_agv_pc/src/install/textual_gui_pkg/bin'
[4.730s] Level 1:colcon.colcon_core.environment:create_environment_scripts_only(textual_gui_pkg)
[4.753s] INFO:colcon.colcon_core.shell:Creating package script '/workspaces/ros_agv_pc/src/install/textual_gui_pkg/share/textual_gui_pkg/package.ps1'
[4.754s] INFO:colcon.colcon_core.shell:Creating package descriptor '/workspaces/ros_agv_pc/src/install/textual_gui_pkg/share/textual_gui_pkg/package.dsv'
[4.755s] INFO:colcon.colcon_core.shell:Creating package script '/workspaces/ros_agv_pc/src/install/textual_gui_pkg/share/textual_gui_pkg/package.sh'
[4.756s] INFO:colcon.colcon_core.shell:Creating package script '/workspaces/ros_agv_pc/src/install/textual_gui_pkg/share/textual_gui_pkg/package.bash'
[4.757s] INFO:colcon.colcon_core.shell:Creating package script '/workspaces/ros_agv_pc/src/install/textual_gui_pkg/share/textual_gui_pkg/package.zsh'
[4.758s] Level 1:colcon.colcon_core.environment:create_file_with_runtime_dependencies(/workspaces/ros_agv_pc/src/install/textual_gui_pkg/share/colcon-core/packages/textual_gui_pkg)
[4.760s] DEBUG:colcon.colcon_core.event_handler.log_command:Invoked command in '/workspaces/ros_agv_pc/src/AGV_simulator_description' returned '0': PYTHONPATH=/workspaces/ros_agv_pc/src/build/AGV_simulator_description/prefix_override:/workspaces/ros_agv_pc/src/install/AGV_simulator_description/lib/python3.10/site-packages:${PYTHONPATH} /usr/bin/python3 setup.py egg_info --egg-base ../build/AGV_simulator_description build --build-base /workspaces/ros_agv_pc/src/build/AGV_simulator_description/build install --record /workspaces/ros_agv_pc/src/build/AGV_simulator_description/install.log --install-scripts $base/lib/AGV_simulator_description --single-version-externally-managed
[4.791s] Level 1:colcon.colcon_core.environment:checking '/workspaces/ros_agv_pc/src/install/AGV_simulator_description' for CMake module files
[4.792s] Level 1:colcon.colcon_core.environment:checking '/workspaces/ros_agv_pc/src/install/AGV_simulator_description' for CMake config files
[4.793s] Level 1:colcon.colcon_core.environment:checking '/workspaces/ros_agv_pc/src/install/AGV_simulator_description/lib'
[4.793s] Level 1:colcon.colcon_core.environment:checking '/workspaces/ros_agv_pc/src/install/AGV_simulator_description/bin'
[4.794s] Level 1:colcon.colcon_core.environment:checking '/workspaces/ros_agv_pc/src/install/AGV_simulator_description/lib/pkgconfig/AGV_simulator_description.pc'
[4.794s] Level 1:colcon.colcon_core.environment:checking '/workspaces/ros_agv_pc/src/install/AGV_simulator_description/lib/python3.10/site-packages'
[4.794s] Level 1:colcon.colcon_core.shell:create_environment_hook('AGV_simulator_description', 'pythonpath')
[4.818s] INFO:colcon.colcon_core.shell:Creating environment hook '/workspaces/ros_agv_pc/src/install/AGV_simulator_description/share/AGV_simulator_description/hook/pythonpath.ps1'
[4.819s] INFO:colcon.colcon_core.shell:Creating environment descriptor '/workspaces/ros_agv_pc/src/install/AGV_simulator_description/share/AGV_simulator_description/hook/pythonpath.dsv'
[4.820s] INFO:colcon.colcon_core.shell:Creating environment hook '/workspaces/ros_agv_pc/src/install/AGV_simulator_description/share/AGV_simulator_description/hook/pythonpath.sh'
[4.821s] Level 1:colcon.colcon_core.environment:checking '/workspaces/ros_agv_pc/src/install/AGV_simulator_description/bin'
[4.821s] Level 1:colcon.colcon_core.environment:create_environment_scripts_only(AGV_simulator_description)
[4.846s] INFO:colcon.colcon_core.shell:Creating package script '/workspaces/ros_agv_pc/src/install/AGV_simulator_description/share/AGV_simulator_description/package.ps1'
[4.847s] INFO:colcon.colcon_core.shell:Creating package descriptor '/workspaces/ros_agv_pc/src/install/AGV_simulator_description/share/AGV_simulator_description/package.dsv'
[4.848s] INFO:colcon.colcon_core.shell:Creating package script '/workspaces/ros_agv_pc/src/install/AGV_simulator_description/share/AGV_simulator_description/package.sh'
[4.850s] INFO:colcon.colcon_core.shell:Creating package script '/workspaces/ros_agv_pc/src/install/AGV_simulator_description/share/AGV_simulator_description/package.bash'
[4.851s] INFO:colcon.colcon_core.shell:Creating package script '/workspaces/ros_agv_pc/src/install/AGV_simulator_description/share/AGV_simulator_description/package.zsh'
[4.851s] Level 1:colcon.colcon_core.environment:create_file_with_runtime_dependencies(/workspaces/ros_agv_pc/src/install/AGV_simulator_description/share/colcon-core/packages/AGV_simulator_description)
[4.854s] DEBUG:colcon.colcon_core.event_handler.log_command:Invoked command in '/workspaces/ros_agv_pc/src/build/subscriber_package' returned '0': AMENT_PREFIX_PATH=/workspaces/ros_agv_pc/src/install/interfaces:${AMENT_PREFIX_PATH} CMAKE_PREFIX_PATH=/workspaces/ros_agv_pc/src/install/interfaces:/opt/ros/humble LD_LIBRARY_PATH=/workspaces/ros_agv_pc/src/install/interfaces/lib:${LD_LIBRARY_PATH} PYTHONPATH=/workspaces/ros_agv_pc/src/install/interfaces/local/lib/python3.10/dist-packages:${PYTHONPATH} /usr/bin/cmake --build /workspaces/ros_agv_pc/src/build/subscriber_package -- -j8 -l8
[4.900s] DEBUG:colcon.colcon_core.event_handler.log_command:Invoking command in '/workspaces/ros_agv_pc/src/build/subscriber_package': AMENT_PREFIX_PATH=/workspaces/ros_agv_pc/src/install/interfaces:${AMENT_PREFIX_PATH} CMAKE_PREFIX_PATH=/workspaces/ros_agv_pc/src/install/interfaces:/opt/ros/humble LD_LIBRARY_PATH=/workspaces/ros_agv_pc/src/install/interfaces/lib:${LD_LIBRARY_PATH} PYTHONPATH=/workspaces/ros_agv_pc/src/install/interfaces/local/lib/python3.10/dist-packages:${PYTHONPATH} /usr/bin/cmake --install /workspaces/ros_agv_pc/src/build/subscriber_package
[4.917s] Level 1:colcon.colcon_core.environment:create_environment_scripts_only(subscriber_package)
[4.918s] DEBUG:colcon.colcon_core.event_handler.log_command:Invoked command in '/workspaces/ros_agv_pc/src/build/subscriber_package' returned '0': AMENT_PREFIX_PATH=/workspaces/ros_agv_pc/src/install/interfaces:${AMENT_PREFIX_PATH} CMAKE_PREFIX_PATH=/workspaces/ros_agv_pc/src/install/interfaces:/opt/ros/humble LD_LIBRARY_PATH=/workspaces/ros_agv_pc/src/install/interfaces/lib:${LD_LIBRARY_PATH} PYTHONPATH=/workspaces/ros_agv_pc/src/install/interfaces/local/lib/python3.10/dist-packages:${PYTHONPATH} /usr/bin/cmake --install /workspaces/ros_agv_pc/src/build/subscriber_package
[4.936s] Level 1:colcon.colcon_core.environment:checking '/workspaces/ros_agv_pc/src/install/subscriber_package' for CMake module files
[4.937s] Level 1:colcon.colcon_core.environment:checking '/workspaces/ros_agv_pc/src/install/subscriber_package' for CMake config files
[4.937s] Level 1:colcon.colcon_core.shell:create_environment_hook('subscriber_package', 'cmake_prefix_path')
[4.958s] INFO:colcon.colcon_core.shell:Creating environment hook '/workspaces/ros_agv_pc/src/install/subscriber_package/share/subscriber_package/hook/cmake_prefix_path.ps1'
[4.959s] INFO:colcon.colcon_core.shell:Creating environment descriptor '/workspaces/ros_agv_pc/src/install/subscriber_package/share/subscriber_package/hook/cmake_prefix_path.dsv'
[4.960s] INFO:colcon.colcon_core.shell:Creating environment hook '/workspaces/ros_agv_pc/src/install/subscriber_package/share/subscriber_package/hook/cmake_prefix_path.sh'
[4.961s] Level 1:colcon.colcon_core.environment:checking '/workspaces/ros_agv_pc/src/install/subscriber_package/lib'
[4.961s] Level 1:colcon.colcon_core.environment:checking '/workspaces/ros_agv_pc/src/install/subscriber_package/bin'
[4.961s] Level 1:colcon.colcon_core.environment:checking '/workspaces/ros_agv_pc/src/install/subscriber_package/lib/pkgconfig/subscriber_package.pc'
[4.961s] Level 1:colcon.colcon_core.environment:checking '/workspaces/ros_agv_pc/src/install/subscriber_package/lib/python3.10/site-packages'
[4.962s] Level 1:colcon.colcon_core.environment:checking '/workspaces/ros_agv_pc/src/install/subscriber_package/bin'
[4.985s] INFO:colcon.colcon_core.shell:Creating package script '/workspaces/ros_agv_pc/src/install/subscriber_package/share/subscriber_package/package.ps1'
[4.986s] INFO:colcon.colcon_core.shell:Creating package descriptor '/workspaces/ros_agv_pc/src/install/subscriber_package/share/subscriber_package/package.dsv'
[4.986s] INFO:colcon.colcon_core.shell:Creating package script '/workspaces/ros_agv_pc/src/install/subscriber_package/share/subscriber_package/package.sh'
[4.987s] INFO:colcon.colcon_core.shell:Creating package script '/workspaces/ros_agv_pc/src/install/subscriber_package/share/subscriber_package/package.bash'
[4.988s] INFO:colcon.colcon_core.shell:Creating package script '/workspaces/ros_agv_pc/src/install/subscriber_package/share/subscriber_package/package.zsh'
[4.988s] Level 1:colcon.colcon_core.environment:create_file_with_runtime_dependencies(/workspaces/ros_agv_pc/src/install/subscriber_package/share/colcon-core/packages/subscriber_package)
[5.048s] Level 1:colcon.colcon_core.environment:create_environment_scripts_only(subscriber_package)
[5.062s] Level 1:colcon.colcon_core.environment:checking '/workspaces/ros_agv_pc/src/install/subscriber_package' for CMake module files
[5.063s] Level 1:colcon.colcon_core.environment:checking '/workspaces/ros_agv_pc/src/install/subscriber_package' for CMake config files
[5.063s] Level 1:colcon.colcon_core.shell:create_environment_hook('subscriber_package', 'cmake_prefix_path')
[5.077s] INFO:colcon.colcon_core.shell:Creating environment hook '/workspaces/ros_agv_pc/src/install/subscriber_package/share/subscriber_package/hook/cmake_prefix_path.ps1'
[5.078s] INFO:colcon.colcon_core.shell:Creating environment descriptor '/workspaces/ros_agv_pc/src/install/subscriber_package/share/subscriber_package/hook/cmake_prefix_path.dsv'
[5.078s] INFO:colcon.colcon_core.shell:Creating environment hook '/workspaces/ros_agv_pc/src/install/subscriber_package/share/subscriber_package/hook/cmake_prefix_path.sh'
[5.079s] Level 1:colcon.colcon_core.environment:checking '/workspaces/ros_agv_pc/src/install/subscriber_package/lib'
[5.079s] Level 1:colcon.colcon_core.environment:checking '/workspaces/ros_agv_pc/src/install/subscriber_package/bin'
[5.079s] Level 1:colcon.colcon_core.environment:checking '/workspaces/ros_agv_pc/src/install/subscriber_package/lib/pkgconfig/subscriber_package.pc'
[5.080s] Level 1:colcon.colcon_core.environment:checking '/workspaces/ros_agv_pc/src/install/subscriber_package/lib/python3.10/site-packages'
[5.080s] Level 1:colcon.colcon_core.environment:checking '/workspaces/ros_agv_pc/src/install/subscriber_package/bin'
[5.102s] INFO:colcon.colcon_core.shell:Creating package script '/workspaces/ros_agv_pc/src/install/subscriber_package/share/subscriber_package/package.ps1'
[5.103s] INFO:colcon.colcon_core.shell:Creating package descriptor '/workspaces/ros_agv_pc/src/install/subscriber_package/share/subscriber_package/package.dsv'
[5.104s] INFO:colcon.colcon_core.shell:Creating package script '/workspaces/ros_agv_pc/src/install/subscriber_package/share/subscriber_package/package.sh'
[5.105s] INFO:colcon.colcon_core.shell:Creating package script '/workspaces/ros_agv_pc/src/install/subscriber_package/share/subscriber_package/package.bash'
[5.106s] INFO:colcon.colcon_core.shell:Creating package script '/workspaces/ros_agv_pc/src/install/subscriber_package/share/subscriber_package/package.zsh'
[5.107s] Level 1:colcon.colcon_core.environment:create_file_with_runtime_dependencies(/workspaces/ros_agv_pc/src/install/subscriber_package/share/colcon-core/packages/subscriber_package)
[5.108s] DEBUG:colcon.colcon_parallel_executor.executor.parallel:closing loop
[5.108s] DEBUG:colcon.colcon_parallel_executor.executor.parallel:loop closed
[5.108s] DEBUG:colcon.colcon_parallel_executor.executor.parallel:run_until_complete finished with '0'
[5.108s] DEBUG:colcon.colcon_core.event_reactor:joining thread
[5.149s] INFO:colcon.colcon_core.plugin_system:Skipping extension 'colcon_notification.desktop_notification.notify_send': Could not find 'notify-send'
[5.150s] INFO:colcon.colcon_core.plugin_system:Skipping extension 'colcon_notification.desktop_notification.terminal_notifier': Not used on non-Darwin systems
[5.150s] INFO:colcon.colcon_core.plugin_system:Skipping extension 'colcon_notification.desktop_notification.win32': Not used on non-Windows systems
[5.150s] INFO:colcon.colcon_notification.desktop_notification:Sending desktop notification using 'notify2'
[5.158s] DEBUG:colcon.colcon_notification.desktop_notification.notify2:Failed to initialize notify2: org.freedesktop.DBus.Error.Spawn.ExecFailed: /usr/bin/dbus-launch terminated abnormally without any error message
[5.159s] DEBUG:colcon.colcon_core.event_reactor:joined thread
[5.191s] INFO:colcon.colcon_core.shell:Creating prefix script '/workspaces/ros_agv_pc/src/install/local_setup.ps1'
[5.192s] INFO:colcon.colcon_core.shell:Creating prefix util module '/workspaces/ros_agv_pc/src/install/_local_setup_util_ps1.py'
[5.195s] INFO:colcon.colcon_core.shell:Creating prefix chain script '/workspaces/ros_agv_pc/src/install/setup.ps1'
[5.218s] INFO:colcon.colcon_core.shell:Creating prefix script '/workspaces/ros_agv_pc/src/install/local_setup.sh'
[5.219s] INFO:colcon.colcon_core.shell:Creating prefix util module '/workspaces/ros_agv_pc/src/install/_local_setup_util_sh.py'
[5.219s] INFO:colcon.colcon_core.shell:Creating prefix chain script '/workspaces/ros_agv_pc/src/install/setup.sh'
[5.240s] INFO:colcon.colcon_core.shell:Creating prefix script '/workspaces/ros_agv_pc/src/install/local_setup.bash'
[5.241s] INFO:colcon.colcon_core.shell:Creating prefix chain script '/workspaces/ros_agv_pc/src/install/setup.bash'
[5.266s] INFO:colcon.colcon_core.shell:Creating prefix script '/workspaces/ros_agv_pc/src/install/local_setup.zsh'
[5.267s] INFO:colcon.colcon_core.shell:Creating prefix chain script '/workspaces/ros_agv_pc/src/install/setup.zsh'
