[1.393s] Invoking command in '/workspaces/ros_agv_pc/src/build/agv_sensor_package': CMAKE_PREFIX_PATH=${CMAKE_PREFIX_PATH}:/workspaces/ros_agv_pc/src/install/py_qt_app:/workspaces/ros_agv_pc/src/install/AGV_simulator_description:/opt/ros/humble /usr/bin/cmake --build /workspaces/ros_agv_pc/src/build/agv_sensor_package -- -j8 -l8
[1.845s] [100%] Built target oak_d_publisher
[1.853s] Invoked command in '/workspaces/ros_agv_pc/src/build/agv_sensor_package' returned '0': CMAKE_PREFIX_PATH=${CMAKE_PREFIX_PATH}:/workspaces/ros_agv_pc/src/install/py_qt_app:/workspaces/ros_agv_pc/src/install/AGV_simulator_description:/opt/ros/humble /usr/bin/cmake --build /workspaces/ros_agv_pc/src/build/agv_sensor_package -- -j8 -l8
[1.970s] Invoking command in '/workspaces/ros_agv_pc/src/build/agv_sensor_package': CMAKE_PREFIX_PATH=${CMAKE_PREFIX_PATH}:/workspaces/ros_agv_pc/src/install/py_qt_app:/workspaces/ros_agv_pc/src/install/AGV_simulator_description:/opt/ros/humble /usr/bin/cmake --install /workspaces/ros_agv_pc/src/build/agv_sensor_package
[2.001s] -- Install configuration: ""
[2.002s] -- Up-to-date: /workspaces/ros_agv_pc/src/install/agv_sensor_package/lib/agv_sensor_package/oak_d_publisher
[2.002s] -- Up-to-date: /workspaces/ros_agv_pc/src/install/agv_sensor_package/share/ament_index/resource_index/package_run_dependencies/agv_sensor_package
[2.002s] -- Up-to-date: /workspaces/ros_agv_pc/src/install/agv_sensor_package/share/ament_index/resource_index/parent_prefix_path/agv_sensor_package
[2.002s] -- Up-to-date: /workspaces/ros_agv_pc/src/install/agv_sensor_package/share/agv_sensor_package/environment/ament_prefix_path.sh
[2.003s] -- Up-to-date: /workspaces/ros_agv_pc/src/install/agv_sensor_package/share/agv_sensor_package/environment/ament_prefix_path.dsv
[2.014s] -- Up-to-date: /workspaces/ros_agv_pc/src/install/agv_sensor_package/share/agv_sensor_package/environment/path.sh
[2.016s] -- Up-to-date: /workspaces/ros_agv_pc/src/install/agv_sensor_package/share/agv_sensor_package/environment/path.dsv
[2.017s] -- Up-to-date: /workspaces/ros_agv_pc/src/install/agv_sensor_package/share/agv_sensor_package/local_setup.bash
[2.018s] -- Up-to-date: /workspaces/ros_agv_pc/src/install/agv_sensor_package/share/agv_sensor_package/local_setup.sh
[2.018s] -- Up-to-date: /workspaces/ros_agv_pc/src/install/agv_sensor_package/share/agv_sensor_package/local_setup.zsh
[2.018s] -- Up-to-date: /workspaces/ros_agv_pc/src/install/agv_sensor_package/share/agv_sensor_package/local_setup.dsv
[2.018s] -- Installing: /workspaces/ros_agv_pc/src/install/agv_sensor_package/share/agv_sensor_package/package.dsv
[2.019s] -- Up-to-date: /workspaces/ros_agv_pc/src/install/agv_sensor_package/share/ament_index/resource_index/packages/agv_sensor_package
[2.019s] -- Up-to-date: /workspaces/ros_agv_pc/src/install/agv_sensor_package/share/agv_sensor_package/cmake/agv_sensor_packageConfig.cmake
[2.019s] -- Up-to-date: /workspaces/ros_agv_pc/src/install/agv_sensor_package/share/agv_sensor_package/cmake/agv_sensor_packageConfig-version.cmake
[2.020s] -- Up-to-date: /workspaces/ros_agv_pc/src/install/agv_sensor_package/share/agv_sensor_package/package.xml
[2.194s] Invoked command in '/workspaces/ros_agv_pc/src/build/agv_sensor_package' returned '0': CMAKE_PREFIX_PATH=${CMAKE_PREFIX_PATH}:/workspaces/ros_agv_pc/src/install/py_qt_app:/workspaces/ros_agv_pc/src/install/AGV_simulator_description:/opt/ros/humble /usr/bin/cmake --install /workspaces/ros_agv_pc/src/build/agv_sensor_package
