[0.872s] DEBUG:colcon:Command line arguments: ['/usr/bin/colcon', 'build']
[0.872s] DEBUG:colcon:Parsed command line arguments: Namespace(log_base=None, log_level=None, verb_name='build', build_base='build', install_base='install', merge_install=False, symlink_install=False, test_result_base=None, continue_on_error=False, executor='parallel', parallel_workers=8, event_handlers=None, ignore_user_meta=False, metas=['./colcon.meta'], base_paths=['.'], packages_ignore=None, packages_ignore_regex=None, paths=None, packages_up_to=None, packages_up_to_regex=None, packages_above=None, packages_above_and_dependencies=None, packages_above_depth=None, packages_select_by_dep=None, packages_skip_by_dep=None, packages_skip_up_to=None, packages_select_build_failed=False, packages_skip_build_finished=False, packages_select_test_failures=False, packages_skip_test_passed=False, packages_select=None, packages_skip=None, packages_select_regex=None, packages_skip_regex=None, packages_start=None, packages_end=None, cmake_args=None, cmake_target=None, cmake_target_skip_unavailable=False, cmake_clean_cache=False, cmake_clean_first=False, cmake_force_configure=False, ament_cmake_args=None, catkin_cmake_args=None, catkin_skip_building_tests=False, mixin_files=None, mixin=None, verb_parser=<colcon_mixin.mixin.mixin_argument.MixinArgumentDecorator object at 0x7f88079f20e0>, verb_extension=<colcon_core.verb.build.BuildVerb object at 0x7f88079f1390>, main=<bound method BuildVerb.main of <colcon_core.verb.build.BuildVerb object at 0x7f88079f1390>>, mixin_verb=('build',))
[0.943s] Level 1:colcon.colcon_core.package_discovery:discover_packages(colcon_meta) check parameters
[0.945s] INFO:colcon.colcon_metadata.package_discovery.colcon_meta:Using configuration from '/root/.colcon/metadata/default/Gazebo.meta'
[0.946s] INFO:colcon.colcon_metadata.package_discovery.colcon_meta:Using configuration from '/root/.colcon/metadata/default/fastrtps.meta'
[0.946s] Level 1:colcon.colcon_core.package_discovery:discover_packages(recursive) check parameters
[0.946s] Level 1:colcon.colcon_core.package_discovery:discover_packages(ignore) check parameters
[0.946s] Level 1:colcon.colcon_core.package_discovery:discover_packages(path) check parameters
[0.946s] Level 1:colcon.colcon_core.package_discovery:discover_packages(colcon_meta) discover
[0.946s] Level 1:colcon.colcon_core.package_discovery:discover_packages(recursive) discover
[0.946s] INFO:colcon.colcon_core.package_discovery:Crawling recursively for packages in '/workspaces/ros_agv_pc/src'
[0.946s] Level 1:colcon.colcon_core.package_identification:_identify(.) by extensions ['ignore', 'ignore_ament_install']
[0.947s] Level 1:colcon.colcon_core.package_identification:_identify(.) by extension 'ignore'
[0.947s] Level 1:colcon.colcon_core.package_identification:_identify(.) by extension 'ignore_ament_install'
[0.947s] Level 1:colcon.colcon_core.package_identification:_identify(.) by extensions ['colcon_pkg']
[0.947s] Level 1:colcon.colcon_core.package_identification:_identify(.) by extension 'colcon_pkg'
[0.947s] Level 1:colcon.colcon_core.package_identification:_identify(.) by extensions ['colcon_meta']
[0.947s] Level 1:colcon.colcon_core.package_identification:_identify(.) by extension 'colcon_meta'
[0.947s] Level 1:colcon.colcon_core.package_identification:_identify(.) by extensions ['ros']
[0.947s] Level 1:colcon.colcon_core.package_identification:_identify(.) by extension 'ros'
[0.968s] Level 1:colcon.colcon_core.package_identification:_identify(.) by extensions ['cmake', 'python']
[0.968s] Level 1:colcon.colcon_core.package_identification:_identify(.) by extension 'cmake'
[0.968s] Level 1:colcon.colcon_core.package_identification:_identify(.) by extension 'python'
[0.968s] Level 1:colcon.colcon_core.package_identification:_identify(.) by extensions ['python_setup_py']
[0.968s] Level 1:colcon.colcon_core.package_identification:_identify(.) by extension 'python_setup_py'
[0.968s] Level 1:colcon.colcon_core.package_identification:_identify(AGV_simulator_description) by extensions ['ignore', 'ignore_ament_install']
[0.968s] Level 1:colcon.colcon_core.package_identification:_identify(AGV_simulator_description) by extension 'ignore'
[0.968s] Level 1:colcon.colcon_core.package_identification:_identify(AGV_simulator_description) by extension 'ignore_ament_install'
[0.968s] Level 1:colcon.colcon_core.package_identification:_identify(AGV_simulator_description) by extensions ['colcon_pkg']
[0.969s] Level 1:colcon.colcon_core.package_identification:_identify(AGV_simulator_description) by extension 'colcon_pkg'
[0.969s] Level 1:colcon.colcon_core.package_identification:_identify(AGV_simulator_description) by extensions ['colcon_meta']
[0.969s] Level 1:colcon.colcon_core.package_identification:_identify(AGV_simulator_description) by extension 'colcon_meta'
[0.969s] Level 1:colcon.colcon_core.package_identification:_identify(AGV_simulator_description) by extensions ['ros']
[0.969s] Level 1:colcon.colcon_core.package_identification:_identify(AGV_simulator_description) by extension 'ros'
[0.973s] DEBUG:colcon.colcon_core.package_identification:Package 'AGV_simulator_description' with type 'ros.ament_python' and name 'AGV_simulator_description'
[0.973s] Level 1:colcon.colcon_core.package_identification:_identify(agv_mcu_package) by extensions ['ignore', 'ignore_ament_install']
[0.973s] Level 1:colcon.colcon_core.package_identification:_identify(agv_mcu_package) by extension 'ignore'
[0.973s] Level 1:colcon.colcon_core.package_identification:_identify(agv_mcu_package) by extension 'ignore_ament_install'
[0.973s] Level 1:colcon.colcon_core.package_identification:_identify(agv_mcu_package) by extensions ['colcon_pkg']
[0.973s] Level 1:colcon.colcon_core.package_identification:_identify(agv_mcu_package) by extension 'colcon_pkg'
[0.973s] Level 1:colcon.colcon_core.package_identification:_identify(agv_mcu_package) by extensions ['colcon_meta']
[0.973s] Level 1:colcon.colcon_core.package_identification:_identify(agv_mcu_package) by extension 'colcon_meta'
[0.973s] Level 1:colcon.colcon_core.package_identification:_identify(agv_mcu_package) by extensions ['ros']
[0.973s] Level 1:colcon.colcon_core.package_identification:_identify(agv_mcu_package) by extension 'ros'
[0.974s] DEBUG:colcon.colcon_core.package_identification:Package 'agv_mcu_package' with type 'ros.ament_cmake' and name 'agv_mcu_package'
[0.974s] Level 1:colcon.colcon_core.package_identification:_identify(agv_sensor_package) by extensions ['ignore', 'ignore_ament_install']
[0.974s] Level 1:colcon.colcon_core.package_identification:_identify(agv_sensor_package) by extension 'ignore'
[0.974s] Level 1:colcon.colcon_core.package_identification:_identify(agv_sensor_package) by extension 'ignore_ament_install'
[0.974s] Level 1:colcon.colcon_core.package_identification:_identify(agv_sensor_package) by extensions ['colcon_pkg']
[0.975s] Level 1:colcon.colcon_core.package_identification:_identify(agv_sensor_package) by extension 'colcon_pkg'
[0.975s] Level 1:colcon.colcon_core.package_identification:_identify(agv_sensor_package) by extensions ['colcon_meta']
[0.975s] Level 1:colcon.colcon_core.package_identification:_identify(agv_sensor_package) by extension 'colcon_meta'
[0.975s] Level 1:colcon.colcon_core.package_identification:_identify(agv_sensor_package) by extensions ['ros']
[0.975s] Level 1:colcon.colcon_core.package_identification:_identify(agv_sensor_package) by extension 'ros'
[0.976s] DEBUG:colcon.colcon_core.package_identification:Package 'agv_sensor_package' with type 'ros.ament_cmake' and name 'agv_sensor_package'
[0.976s] Level 1:colcon.colcon_core.package_identification:_identify(build) by extensions ['ignore', 'ignore_ament_install']
[0.976s] Level 1:colcon.colcon_core.package_identification:_identify(build) by extension 'ignore'
[0.976s] Level 1:colcon.colcon_core.package_identification:_identify(build) ignored
[0.976s] Level 1:colcon.colcon_core.package_identification:_identify(cpp_qt_app) by extensions ['ignore', 'ignore_ament_install']
[0.976s] Level 1:colcon.colcon_core.package_identification:_identify(cpp_qt_app) by extension 'ignore'
[0.976s] Level 1:colcon.colcon_core.package_identification:_identify(cpp_qt_app) by extension 'ignore_ament_install'
[0.976s] Level 1:colcon.colcon_core.package_identification:_identify(cpp_qt_app) by extensions ['colcon_pkg']
[0.976s] Level 1:colcon.colcon_core.package_identification:_identify(cpp_qt_app) by extension 'colcon_pkg'
[0.976s] Level 1:colcon.colcon_core.package_identification:_identify(cpp_qt_app) by extensions ['colcon_meta']
[0.976s] Level 1:colcon.colcon_core.package_identification:_identify(cpp_qt_app) by extension 'colcon_meta'
[0.976s] Level 1:colcon.colcon_core.package_identification:_identify(cpp_qt_app) by extensions ['ros']
[0.977s] Level 1:colcon.colcon_core.package_identification:_identify(cpp_qt_app) by extension 'ros'
[0.977s] DEBUG:colcon.colcon_core.package_identification:Package 'cpp_qt_app' with type 'ros.ament_cmake' and name 'cpp_qt_app'
[0.977s] Level 1:colcon.colcon_core.package_identification:_identify(install) by extensions ['ignore', 'ignore_ament_install']
[0.978s] Level 1:colcon.colcon_core.package_identification:_identify(install) by extension 'ignore'
[0.978s] Level 1:colcon.colcon_core.package_identification:_identify(install) ignored
[0.978s] Level 1:colcon.colcon_core.package_identification:_identify(log) by extensions ['ignore', 'ignore_ament_install']
[0.978s] Level 1:colcon.colcon_core.package_identification:_identify(log) by extension 'ignore'
[0.978s] Level 1:colcon.colcon_core.package_identification:_identify(log) ignored
[0.978s] Level 1:colcon.colcon_core.package_identification:_identify(publisher_pkg) by extensions ['ignore', 'ignore_ament_install']
[0.978s] Level 1:colcon.colcon_core.package_identification:_identify(publisher_pkg) by extension 'ignore'
[0.978s] Level 1:colcon.colcon_core.package_identification:_identify(publisher_pkg) by extension 'ignore_ament_install'
[0.978s] Level 1:colcon.colcon_core.package_identification:_identify(publisher_pkg) by extensions ['colcon_pkg']
[0.978s] Level 1:colcon.colcon_core.package_identification:_identify(publisher_pkg) by extension 'colcon_pkg'
[0.978s] Level 1:colcon.colcon_core.package_identification:_identify(publisher_pkg) by extensions ['colcon_meta']
[0.978s] Level 1:colcon.colcon_core.package_identification:_identify(publisher_pkg) by extension 'colcon_meta'
[0.978s] Level 1:colcon.colcon_core.package_identification:_identify(publisher_pkg) by extensions ['ros']
[0.978s] Level 1:colcon.colcon_core.package_identification:_identify(publisher_pkg) by extension 'ros'
[0.979s] DEBUG:colcon.colcon_core.package_identification:Package 'publisher_pkg' with type 'ros.ament_cmake' and name 'publisher_pkg'
[0.979s] Level 1:colcon.colcon_core.package_identification:_identify(py_qt_app) by extensions ['ignore', 'ignore_ament_install']
[0.979s] Level 1:colcon.colcon_core.package_identification:_identify(py_qt_app) by extension 'ignore'
[0.979s] Level 1:colcon.colcon_core.package_identification:_identify(py_qt_app) by extension 'ignore_ament_install'
[0.979s] Level 1:colcon.colcon_core.package_identification:_identify(py_qt_app) by extensions ['colcon_pkg']
[0.979s] Level 1:colcon.colcon_core.package_identification:_identify(py_qt_app) by extension 'colcon_pkg'
[0.980s] Level 1:colcon.colcon_core.package_identification:_identify(py_qt_app) by extensions ['colcon_meta']
[0.980s] Level 1:colcon.colcon_core.package_identification:_identify(py_qt_app) by extension 'colcon_meta'
[0.980s] Level 1:colcon.colcon_core.package_identification:_identify(py_qt_app) by extensions ['ros']
[0.980s] Level 1:colcon.colcon_core.package_identification:_identify(py_qt_app) by extension 'ros'
[0.981s] DEBUG:colcon.colcon_core.package_identification:Package 'py_qt_app' with type 'ros.ament_python' and name 'py_qt_app'
[0.981s] Level 1:colcon.colcon_core.package_identification:_identify(subpkg) by extensions ['ignore', 'ignore_ament_install']
[0.981s] Level 1:colcon.colcon_core.package_identification:_identify(subpkg) by extension 'ignore'
[0.981s] Level 1:colcon.colcon_core.package_identification:_identify(subpkg) by extension 'ignore_ament_install'
[0.981s] Level 1:colcon.colcon_core.package_identification:_identify(subpkg) by extensions ['colcon_pkg']
[0.981s] Level 1:colcon.colcon_core.package_identification:_identify(subpkg) by extension 'colcon_pkg'
[0.981s] Level 1:colcon.colcon_core.package_identification:_identify(subpkg) by extensions ['colcon_meta']
[0.981s] Level 1:colcon.colcon_core.package_identification:_identify(subpkg) by extension 'colcon_meta'
[0.981s] Level 1:colcon.colcon_core.package_identification:_identify(subpkg) by extensions ['ros']
[0.981s] Level 1:colcon.colcon_core.package_identification:_identify(subpkg) by extension 'ros'
[0.982s] DEBUG:colcon.colcon_core.package_identification:Package 'subpkg' with type 'ros.ament_cmake' and name 'subscriber_package'
[0.982s] Level 1:colcon.colcon_core.package_identification:_identify(textual_gui_pkg) by extensions ['ignore', 'ignore_ament_install']
[0.983s] Level 1:colcon.colcon_core.package_identification:_identify(textual_gui_pkg) by extension 'ignore'
[0.983s] Level 1:colcon.colcon_core.package_identification:_identify(textual_gui_pkg) by extension 'ignore_ament_install'
[0.983s] Level 1:colcon.colcon_core.package_identification:_identify(textual_gui_pkg) by extensions ['colcon_pkg']
[0.983s] Level 1:colcon.colcon_core.package_identification:_identify(textual_gui_pkg) by extension 'colcon_pkg'
[0.983s] Level 1:colcon.colcon_core.package_identification:_identify(textual_gui_pkg) by extensions ['colcon_meta']
[0.983s] Level 1:colcon.colcon_core.package_identification:_identify(textual_gui_pkg) by extension 'colcon_meta'
[0.983s] Level 1:colcon.colcon_core.package_identification:_identify(textual_gui_pkg) by extensions ['ros']
[0.983s] Level 1:colcon.colcon_core.package_identification:_identify(textual_gui_pkg) by extension 'ros'
[0.984s] DEBUG:colcon.colcon_core.package_identification:Package 'textual_gui_pkg' with type 'ros.ament_python' and name 'textual_gui_pkg'
[0.984s] Level 1:colcon.colcon_core.package_discovery:discover_packages(recursive) using defaults
[0.984s] Level 1:colcon.colcon_core.package_discovery:discover_packages(ignore) discover
[0.984s] Level 1:colcon.colcon_core.package_discovery:discover_packages(ignore) using defaults
[0.984s] Level 1:colcon.colcon_core.package_discovery:discover_packages(path) discover
[0.984s] Level 1:colcon.colcon_core.package_discovery:discover_packages(path) using defaults
[1.070s] Level 5:colcon.colcon_core.verb:set package 'AGV_simulator_description' build argument 'cmake_args' from command line to 'None'
[1.070s] Level 5:colcon.colcon_core.verb:set package 'AGV_simulator_description' build argument 'cmake_target' from command line to 'None'
[1.070s] Level 5:colcon.colcon_core.verb:set package 'AGV_simulator_description' build argument 'cmake_target_skip_unavailable' from command line to 'False'
[1.070s] Level 5:colcon.colcon_core.verb:set package 'AGV_simulator_description' build argument 'cmake_clean_cache' from command line to 'False'
[1.070s] Level 5:colcon.colcon_core.verb:set package 'AGV_simulator_description' build argument 'cmake_clean_first' from command line to 'False'
[1.070s] Level 5:colcon.colcon_core.verb:set package 'AGV_simulator_description' build argument 'cmake_force_configure' from command line to 'False'
[1.070s] Level 5:colcon.colcon_core.verb:set package 'AGV_simulator_description' build argument 'ament_cmake_args' from command line to 'None'
[1.070s] Level 5:colcon.colcon_core.verb:set package 'AGV_simulator_description' build argument 'catkin_cmake_args' from command line to 'None'
[1.070s] Level 5:colcon.colcon_core.verb:set package 'AGV_simulator_description' build argument 'catkin_skip_building_tests' from command line to 'False'
[1.070s] DEBUG:colcon.colcon_core.verb:Building package 'AGV_simulator_description' with the following arguments: {'ament_cmake_args': None, 'build_base': '/workspaces/ros_agv_pc/src/build/AGV_simulator_description', 'catkin_cmake_args': None, 'catkin_skip_building_tests': False, 'cmake_args': None, 'cmake_clean_cache': False, 'cmake_clean_first': False, 'cmake_force_configure': False, 'cmake_target': None, 'cmake_target_skip_unavailable': False, 'install_base': '/workspaces/ros_agv_pc/src/install/AGV_simulator_description', 'merge_install': False, 'path': '/workspaces/ros_agv_pc/src/AGV_simulator_description', 'symlink_install': False, 'test_result_base': None}
[1.081s] Level 5:colcon.colcon_core.verb:set package 'agv_mcu_package' build argument 'cmake_args' from command line to 'None'
[1.081s] Level 5:colcon.colcon_core.verb:set package 'agv_mcu_package' build argument 'cmake_target' from command line to 'None'
[1.081s] Level 5:colcon.colcon_core.verb:set package 'agv_mcu_package' build argument 'cmake_target_skip_unavailable' from command line to 'False'
[1.081s] Level 5:colcon.colcon_core.verb:set package 'agv_mcu_package' build argument 'cmake_clean_cache' from command line to 'False'
[1.081s] Level 5:colcon.colcon_core.verb:set package 'agv_mcu_package' build argument 'cmake_clean_first' from command line to 'False'
[1.081s] Level 5:colcon.colcon_core.verb:set package 'agv_mcu_package' build argument 'cmake_force_configure' from command line to 'False'
[1.081s] Level 5:colcon.colcon_core.verb:set package 'agv_mcu_package' build argument 'ament_cmake_args' from command line to 'None'
[1.081s] Level 5:colcon.colcon_core.verb:set package 'agv_mcu_package' build argument 'catkin_cmake_args' from command line to 'None'
[1.081s] Level 5:colcon.colcon_core.verb:set package 'agv_mcu_package' build argument 'catkin_skip_building_tests' from command line to 'False'
[1.081s] DEBUG:colcon.colcon_core.verb:Building package 'agv_mcu_package' with the following arguments: {'ament_cmake_args': None, 'build_base': '/workspaces/ros_agv_pc/src/build/agv_mcu_package', 'catkin_cmake_args': None, 'catkin_skip_building_tests': False, 'cmake_args': None, 'cmake_clean_cache': False, 'cmake_clean_first': False, 'cmake_force_configure': False, 'cmake_target': None, 'cmake_target_skip_unavailable': False, 'install_base': '/workspaces/ros_agv_pc/src/install/agv_mcu_package', 'merge_install': False, 'path': '/workspaces/ros_agv_pc/src/agv_mcu_package', 'symlink_install': False, 'test_result_base': None}
[1.091s] Level 5:colcon.colcon_core.verb:set package 'agv_sensor_package' build argument 'cmake_args' from command line to 'None'
[1.091s] Level 5:colcon.colcon_core.verb:set package 'agv_sensor_package' build argument 'cmake_target' from command line to 'None'
[1.091s] Level 5:colcon.colcon_core.verb:set package 'agv_sensor_package' build argument 'cmake_target_skip_unavailable' from command line to 'False'
[1.091s] Level 5:colcon.colcon_core.verb:set package 'agv_sensor_package' build argument 'cmake_clean_cache' from command line to 'False'
[1.091s] Level 5:colcon.colcon_core.verb:set package 'agv_sensor_package' build argument 'cmake_clean_first' from command line to 'False'
[1.091s] Level 5:colcon.colcon_core.verb:set package 'agv_sensor_package' build argument 'cmake_force_configure' from command line to 'False'
[1.091s] Level 5:colcon.colcon_core.verb:set package 'agv_sensor_package' build argument 'ament_cmake_args' from command line to 'None'
[1.091s] Level 5:colcon.colcon_core.verb:set package 'agv_sensor_package' build argument 'catkin_cmake_args' from command line to 'None'
[1.091s] Level 5:colcon.colcon_core.verb:set package 'agv_sensor_package' build argument 'catkin_skip_building_tests' from command line to 'False'
[1.091s] DEBUG:colcon.colcon_core.verb:Building package 'agv_sensor_package' with the following arguments: {'ament_cmake_args': None, 'build_base': '/workspaces/ros_agv_pc/src/build/agv_sensor_package', 'catkin_cmake_args': None, 'catkin_skip_building_tests': False, 'cmake_args': None, 'cmake_clean_cache': False, 'cmake_clean_first': False, 'cmake_force_configure': False, 'cmake_target': None, 'cmake_target_skip_unavailable': False, 'install_base': '/workspaces/ros_agv_pc/src/install/agv_sensor_package', 'merge_install': False, 'path': '/workspaces/ros_agv_pc/src/agv_sensor_package', 'symlink_install': False, 'test_result_base': None}
[1.101s] Level 5:colcon.colcon_core.verb:set package 'cpp_qt_app' build argument 'cmake_args' from command line to 'None'
[1.101s] Level 5:colcon.colcon_core.verb:set package 'cpp_qt_app' build argument 'cmake_target' from command line to 'None'
[1.101s] Level 5:colcon.colcon_core.verb:set package 'cpp_qt_app' build argument 'cmake_target_skip_unavailable' from command line to 'False'
[1.101s] Level 5:colcon.colcon_core.verb:set package 'cpp_qt_app' build argument 'cmake_clean_cache' from command line to 'False'
[1.101s] Level 5:colcon.colcon_core.verb:set package 'cpp_qt_app' build argument 'cmake_clean_first' from command line to 'False'
[1.101s] Level 5:colcon.colcon_core.verb:set package 'cpp_qt_app' build argument 'cmake_force_configure' from command line to 'False'
[1.101s] Level 5:colcon.colcon_core.verb:set package 'cpp_qt_app' build argument 'ament_cmake_args' from command line to 'None'
[1.101s] Level 5:colcon.colcon_core.verb:set package 'cpp_qt_app' build argument 'catkin_cmake_args' from command line to 'None'
[1.101s] Level 5:colcon.colcon_core.verb:set package 'cpp_qt_app' build argument 'catkin_skip_building_tests' from command line to 'False'
[1.101s] DEBUG:colcon.colcon_core.verb:Building package 'cpp_qt_app' with the following arguments: {'ament_cmake_args': None, 'build_base': '/workspaces/ros_agv_pc/src/build/cpp_qt_app', 'catkin_cmake_args': None, 'catkin_skip_building_tests': False, 'cmake_args': None, 'cmake_clean_cache': False, 'cmake_clean_first': False, 'cmake_force_configure': False, 'cmake_target': None, 'cmake_target_skip_unavailable': False, 'install_base': '/workspaces/ros_agv_pc/src/install/cpp_qt_app', 'merge_install': False, 'path': '/workspaces/ros_agv_pc/src/cpp_qt_app', 'symlink_install': False, 'test_result_base': None}
[1.111s] Level 5:colcon.colcon_core.verb:set package 'publisher_pkg' build argument 'cmake_args' from command line to 'None'
[1.111s] Level 5:colcon.colcon_core.verb:set package 'publisher_pkg' build argument 'cmake_target' from command line to 'None'
[1.111s] Level 5:colcon.colcon_core.verb:set package 'publisher_pkg' build argument 'cmake_target_skip_unavailable' from command line to 'False'
[1.111s] Level 5:colcon.colcon_core.verb:set package 'publisher_pkg' build argument 'cmake_clean_cache' from command line to 'False'
[1.111s] Level 5:colcon.colcon_core.verb:set package 'publisher_pkg' build argument 'cmake_clean_first' from command line to 'False'
[1.111s] Level 5:colcon.colcon_core.verb:set package 'publisher_pkg' build argument 'cmake_force_configure' from command line to 'False'
[1.111s] Level 5:colcon.colcon_core.verb:set package 'publisher_pkg' build argument 'ament_cmake_args' from command line to 'None'
[1.111s] Level 5:colcon.colcon_core.verb:set package 'publisher_pkg' build argument 'catkin_cmake_args' from command line to 'None'
[1.111s] Level 5:colcon.colcon_core.verb:set package 'publisher_pkg' build argument 'catkin_skip_building_tests' from command line to 'False'
[1.111s] DEBUG:colcon.colcon_core.verb:Building package 'publisher_pkg' with the following arguments: {'ament_cmake_args': None, 'build_base': '/workspaces/ros_agv_pc/src/build/publisher_pkg', 'catkin_cmake_args': None, 'catkin_skip_building_tests': False, 'cmake_args': None, 'cmake_clean_cache': False, 'cmake_clean_first': False, 'cmake_force_configure': False, 'cmake_target': None, 'cmake_target_skip_unavailable': False, 'install_base': '/workspaces/ros_agv_pc/src/install/publisher_pkg', 'merge_install': False, 'path': '/workspaces/ros_agv_pc/src/publisher_pkg', 'symlink_install': False, 'test_result_base': None}
[1.122s] Level 5:colcon.colcon_core.verb:set package 'py_qt_app' build argument 'cmake_args' from command line to 'None'
[1.122s] Level 5:colcon.colcon_core.verb:set package 'py_qt_app' build argument 'cmake_target' from command line to 'None'
[1.122s] Level 5:colcon.colcon_core.verb:set package 'py_qt_app' build argument 'cmake_target_skip_unavailable' from command line to 'False'
[1.122s] Level 5:colcon.colcon_core.verb:set package 'py_qt_app' build argument 'cmake_clean_cache' from command line to 'False'
[1.122s] Level 5:colcon.colcon_core.verb:set package 'py_qt_app' build argument 'cmake_clean_first' from command line to 'False'
[1.122s] Level 5:colcon.colcon_core.verb:set package 'py_qt_app' build argument 'cmake_force_configure' from command line to 'False'
[1.122s] Level 5:colcon.colcon_core.verb:set package 'py_qt_app' build argument 'ament_cmake_args' from command line to 'None'
[1.122s] Level 5:colcon.colcon_core.verb:set package 'py_qt_app' build argument 'catkin_cmake_args' from command line to 'None'
[1.122s] Level 5:colcon.colcon_core.verb:set package 'py_qt_app' build argument 'catkin_skip_building_tests' from command line to 'False'
[1.122s] DEBUG:colcon.colcon_core.verb:Building package 'py_qt_app' with the following arguments: {'ament_cmake_args': None, 'build_base': '/workspaces/ros_agv_pc/src/build/py_qt_app', 'catkin_cmake_args': None, 'catkin_skip_building_tests': False, 'cmake_args': None, 'cmake_clean_cache': False, 'cmake_clean_first': False, 'cmake_force_configure': False, 'cmake_target': None, 'cmake_target_skip_unavailable': False, 'install_base': '/workspaces/ros_agv_pc/src/install/py_qt_app', 'merge_install': False, 'path': '/workspaces/ros_agv_pc/src/py_qt_app', 'symlink_install': False, 'test_result_base': None}
[1.132s] Level 5:colcon.colcon_core.verb:set package 'subscriber_package' build argument 'cmake_args' from command line to 'None'
[1.132s] Level 5:colcon.colcon_core.verb:set package 'subscriber_package' build argument 'cmake_target' from command line to 'None'
[1.132s] Level 5:colcon.colcon_core.verb:set package 'subscriber_package' build argument 'cmake_target_skip_unavailable' from command line to 'False'
[1.132s] Level 5:colcon.colcon_core.verb:set package 'subscriber_package' build argument 'cmake_clean_cache' from command line to 'False'
[1.132s] Level 5:colcon.colcon_core.verb:set package 'subscriber_package' build argument 'cmake_clean_first' from command line to 'False'
[1.132s] Level 5:colcon.colcon_core.verb:set package 'subscriber_package' build argument 'cmake_force_configure' from command line to 'False'
[1.132s] Level 5:colcon.colcon_core.verb:set package 'subscriber_package' build argument 'ament_cmake_args' from command line to 'None'
[1.132s] Level 5:colcon.colcon_core.verb:set package 'subscriber_package' build argument 'catkin_cmake_args' from command line to 'None'
[1.132s] Level 5:colcon.colcon_core.verb:set package 'subscriber_package' build argument 'catkin_skip_building_tests' from command line to 'False'
[1.132s] DEBUG:colcon.colcon_core.verb:Building package 'subscriber_package' with the following arguments: {'ament_cmake_args': None, 'build_base': '/workspaces/ros_agv_pc/src/build/subscriber_package', 'catkin_cmake_args': None, 'catkin_skip_building_tests': False, 'cmake_args': None, 'cmake_clean_cache': False, 'cmake_clean_first': False, 'cmake_force_configure': False, 'cmake_target': None, 'cmake_target_skip_unavailable': False, 'install_base': '/workspaces/ros_agv_pc/src/install/subscriber_package', 'merge_install': False, 'path': '/workspaces/ros_agv_pc/src/subpkg', 'symlink_install': False, 'test_result_base': None}
[1.142s] Level 5:colcon.colcon_core.verb:set package 'textual_gui_pkg' build argument 'cmake_args' from command line to 'None'
[1.142s] Level 5:colcon.colcon_core.verb:set package 'textual_gui_pkg' build argument 'cmake_target' from command line to 'None'
[1.142s] Level 5:colcon.colcon_core.verb:set package 'textual_gui_pkg' build argument 'cmake_target_skip_unavailable' from command line to 'False'
[1.142s] Level 5:colcon.colcon_core.verb:set package 'textual_gui_pkg' build argument 'cmake_clean_cache' from command line to 'False'
[1.142s] Level 5:colcon.colcon_core.verb:set package 'textual_gui_pkg' build argument 'cmake_clean_first' from command line to 'False'
[1.142s] Level 5:colcon.colcon_core.verb:set package 'textual_gui_pkg' build argument 'cmake_force_configure' from command line to 'False'
[1.142s] Level 5:colcon.colcon_core.verb:set package 'textual_gui_pkg' build argument 'ament_cmake_args' from command line to 'None'
[1.142s] Level 5:colcon.colcon_core.verb:set package 'textual_gui_pkg' build argument 'catkin_cmake_args' from command line to 'None'
[1.142s] Level 5:colcon.colcon_core.verb:set package 'textual_gui_pkg' build argument 'catkin_skip_building_tests' from command line to 'False'
[1.142s] DEBUG:colcon.colcon_core.verb:Building package 'textual_gui_pkg' with the following arguments: {'ament_cmake_args': None, 'build_base': '/workspaces/ros_agv_pc/src/build/textual_gui_pkg', 'catkin_cmake_args': None, 'catkin_skip_building_tests': False, 'cmake_args': None, 'cmake_clean_cache': False, 'cmake_clean_first': False, 'cmake_force_configure': False, 'cmake_target': None, 'cmake_target_skip_unavailable': False, 'install_base': '/workspaces/ros_agv_pc/src/install/textual_gui_pkg', 'merge_install': False, 'path': '/workspaces/ros_agv_pc/src/textual_gui_pkg', 'symlink_install': False, 'test_result_base': None}
[1.152s] INFO:colcon.colcon_core.executor:Executing jobs using 'parallel' executor
[1.162s] DEBUG:colcon.colcon_parallel_executor.executor.parallel:run_until_complete
[1.162s] INFO:colcon.colcon_ros.task.ament_python.build:Building ROS package in '/workspaces/ros_agv_pc/src/AGV_simulator_description' with build type 'ament_python'
[1.162s] Level 1:colcon.colcon_core.shell:create_environment_hook('AGV_simulator_description', 'ament_prefix_path')
[1.178s] INFO:colcon.colcon_core.plugin_system:Skipping extension 'colcon_core.shell.bat': Not used on non-Windows systems
[1.178s] INFO:colcon.colcon_core.shell:Creating environment hook '/workspaces/ros_agv_pc/src/install/AGV_simulator_description/share/AGV_simulator_description/hook/ament_prefix_path.ps1'
[1.180s] INFO:colcon.colcon_core.shell:Creating environment descriptor '/workspaces/ros_agv_pc/src/install/AGV_simulator_description/share/AGV_simulator_description/hook/ament_prefix_path.dsv'
[1.182s] INFO:colcon.colcon_core.shell:Creating environment hook '/workspaces/ros_agv_pc/src/install/AGV_simulator_description/share/AGV_simulator_description/hook/ament_prefix_path.sh'
[1.199s] INFO:colcon.colcon_core.shell:Skip shell extension 'powershell' for command environment: Not usable outside of PowerShell
[1.199s] DEBUG:colcon.colcon_core.shell:Skip shell extension 'dsv' for command environment
[1.230s] INFO:colcon.colcon_ros.task.ament_cmake.build:Building ROS package in '/workspaces/ros_agv_pc/src/agv_mcu_package' with build type 'ament_cmake'
[1.230s] INFO:colcon.colcon_cmake.task.cmake.build:Building CMake package in '/workspaces/ros_agv_pc/src/agv_mcu_package'
[1.241s] INFO:colcon.colcon_core.shell:Skip shell extension 'powershell' for command environment: Not usable outside of PowerShell
[1.241s] DEBUG:colcon.colcon_core.shell:Skip shell extension 'dsv' for command environment
[1.265s] INFO:colcon.colcon_ros.task.ament_cmake.build:Building ROS package in '/workspaces/ros_agv_pc/src/agv_sensor_package' with build type 'ament_cmake'
[1.266s] INFO:colcon.colcon_cmake.task.cmake.build:Building CMake package in '/workspaces/ros_agv_pc/src/agv_sensor_package'
[1.279s] INFO:colcon.colcon_core.shell:Skip shell extension 'powershell' for command environment: Not usable outside of PowerShell
[1.280s] DEBUG:colcon.colcon_core.shell:Skip shell extension 'dsv' for command environment
[1.307s] INFO:colcon.colcon_ros.task.ament_cmake.build:Building ROS package in '/workspaces/ros_agv_pc/src/cpp_qt_app' with build type 'ament_cmake'
[1.308s] INFO:colcon.colcon_cmake.task.cmake.build:Building CMake package in '/workspaces/ros_agv_pc/src/cpp_qt_app'
[1.321s] INFO:colcon.colcon_core.shell:Skip shell extension 'powershell' for command environment: Not usable outside of PowerShell
[1.321s] DEBUG:colcon.colcon_core.shell:Skip shell extension 'dsv' for command environment
[1.348s] INFO:colcon.colcon_ros.task.ament_cmake.build:Building ROS package in '/workspaces/ros_agv_pc/src/publisher_pkg' with build type 'ament_cmake'
[1.348s] INFO:colcon.colcon_cmake.task.cmake.build:Building CMake package in '/workspaces/ros_agv_pc/src/publisher_pkg'
[1.363s] INFO:colcon.colcon_core.shell:Skip shell extension 'powershell' for command environment: Not usable outside of PowerShell
[1.363s] DEBUG:colcon.colcon_core.shell:Skip shell extension 'dsv' for command environment
[1.393s] INFO:colcon.colcon_ros.task.ament_python.build:Building ROS package in '/workspaces/ros_agv_pc/src/py_qt_app' with build type 'ament_python'
[1.393s] Level 1:colcon.colcon_core.shell:create_environment_hook('py_qt_app', 'ament_prefix_path')
[1.406s] INFO:colcon.colcon_core.shell:Creating environment hook '/workspaces/ros_agv_pc/src/install/py_qt_app/share/py_qt_app/hook/ament_prefix_path.ps1'
[1.407s] INFO:colcon.colcon_core.shell:Creating environment descriptor '/workspaces/ros_agv_pc/src/install/py_qt_app/share/py_qt_app/hook/ament_prefix_path.dsv'
[1.407s] INFO:colcon.colcon_core.shell:Creating environment hook '/workspaces/ros_agv_pc/src/install/py_qt_app/share/py_qt_app/hook/ament_prefix_path.sh'
[1.420s] INFO:colcon.colcon_core.shell:Skip shell extension 'powershell' for command environment: Not usable outside of PowerShell
[1.420s] DEBUG:colcon.colcon_core.shell:Skip shell extension 'dsv' for command environment
[1.446s] INFO:colcon.colcon_ros.task.ament_cmake.build:Building ROS package in '/workspaces/ros_agv_pc/src/subpkg' with build type 'ament_cmake'
[1.446s] INFO:colcon.colcon_cmake.task.cmake.build:Building CMake package in '/workspaces/ros_agv_pc/src/subpkg'
[1.463s] INFO:colcon.colcon_core.shell:Skip shell extension 'powershell' for command environment: Not usable outside of PowerShell
[1.463s] DEBUG:colcon.colcon_core.shell:Skip shell extension 'dsv' for command environment
[1.496s] INFO:colcon.colcon_ros.task.ament_python.build:Building ROS package in '/workspaces/ros_agv_pc/src/textual_gui_pkg' with build type 'ament_python'
[1.496s] Level 1:colcon.colcon_core.shell:create_environment_hook('textual_gui_pkg', 'ament_prefix_path')
[1.513s] INFO:colcon.colcon_core.shell:Creating environment hook '/workspaces/ros_agv_pc/src/install/textual_gui_pkg/share/textual_gui_pkg/hook/ament_prefix_path.ps1'
[1.513s] INFO:colcon.colcon_core.shell:Creating environment descriptor '/workspaces/ros_agv_pc/src/install/textual_gui_pkg/share/textual_gui_pkg/hook/ament_prefix_path.dsv'
[1.514s] INFO:colcon.colcon_core.shell:Creating environment hook '/workspaces/ros_agv_pc/src/install/textual_gui_pkg/share/textual_gui_pkg/hook/ament_prefix_path.sh'
[1.528s] INFO:colcon.colcon_core.shell:Skip shell extension 'powershell' for command environment: Not usable outside of PowerShell
[1.528s] DEBUG:colcon.colcon_core.shell:Skip shell extension 'dsv' for command environment
[1.781s] INFO:colcon.colcon_core.task.python.build:Building Python package in '/workspaces/ros_agv_pc/src/AGV_simulator_description'
[1.796s] INFO:colcon.colcon_core.shell:Skip shell extension 'powershell' for command environment: Not usable outside of PowerShell
[1.796s] DEBUG:colcon.colcon_core.shell:Skip shell extension 'dsv' for command environment
[1.827s] DEBUG:colcon.colcon_core.event_handler.log_command:Invoking command in '/workspaces/ros_agv_pc/src/build/agv_mcu_package': CMAKE_PREFIX_PATH=/opt/ros/humble /usr/bin/cmake --build /workspaces/ros_agv_pc/src/build/agv_mcu_package -- -j8 -l8
[1.838s] DEBUG:colcon.colcon_core.event_handler.log_command:Invoking command in '/workspaces/ros_agv_pc/src/build/agv_sensor_package': CMAKE_PREFIX_PATH=/opt/ros/humble /usr/bin/cmake --build /workspaces/ros_agv_pc/src/build/agv_sensor_package -- -j8 -l8
[1.842s] DEBUG:colcon.colcon_core.event_handler.log_command:Invoking command in '/workspaces/ros_agv_pc/src/build/cpp_qt_app': CMAKE_PREFIX_PATH=/opt/ros/humble /usr/bin/cmake --build /workspaces/ros_agv_pc/src/build/cpp_qt_app -- -j8 -l8
[1.850s] DEBUG:colcon.colcon_core.event_handler.log_command:Invoking command in '/workspaces/ros_agv_pc/src/build/publisher_pkg': CMAKE_PREFIX_PATH=/opt/ros/humble /usr/bin/cmake --build /workspaces/ros_agv_pc/src/build/publisher_pkg -- -j8 -l8
[2.068s] INFO:colcon.colcon_core.task.python.build:Building Python package in '/workspaces/ros_agv_pc/src/py_qt_app'
[2.081s] INFO:colcon.colcon_core.shell:Skip shell extension 'powershell' for command environment: Not usable outside of PowerShell
[2.081s] DEBUG:colcon.colcon_core.shell:Skip shell extension 'dsv' for command environment
[2.123s] DEBUG:colcon.colcon_core.event_handler.log_command:Invoking command in '/workspaces/ros_agv_pc/src/build/subscriber_package': CMAKE_PREFIX_PATH=/opt/ros/humble /usr/bin/cmake --build /workspaces/ros_agv_pc/src/build/subscriber_package -- -j8 -l8
[2.346s] INFO:colcon.colcon_core.task.python.build:Building Python package in '/workspaces/ros_agv_pc/src/textual_gui_pkg'
[2.356s] INFO:colcon.colcon_core.shell:Skip shell extension 'powershell' for command environment: Not usable outside of PowerShell
[2.356s] DEBUG:colcon.colcon_core.shell:Skip shell extension 'dsv' for command environment
[2.404s] DEBUG:colcon.colcon_core.event_handler.log_command:Invoked command in '/workspaces/ros_agv_pc/src/build/agv_mcu_package' returned '0': CMAKE_PREFIX_PATH=/opt/ros/humble /usr/bin/cmake --build /workspaces/ros_agv_pc/src/build/agv_mcu_package -- -j8 -l8
[2.406s] DEBUG:colcon.colcon_core.event_handler.log_command:Invoked command in '/workspaces/ros_agv_pc/src/build/publisher_pkg' returned '0': CMAKE_PREFIX_PATH=/opt/ros/humble /usr/bin/cmake --build /workspaces/ros_agv_pc/src/build/publisher_pkg -- -j8 -l8
[2.407s] DEBUG:colcon.colcon_core.event_handler.log_command:Invoked command in '/workspaces/ros_agv_pc/src/build/subscriber_package' returned '0': CMAKE_PREFIX_PATH=/opt/ros/humble /usr/bin/cmake --build /workspaces/ros_agv_pc/src/build/subscriber_package -- -j8 -l8
[2.408s] DEBUG:colcon.colcon_core.event_handler.log_command:Invoked command in '/workspaces/ros_agv_pc/src/build/agv_sensor_package' returned '0': CMAKE_PREFIX_PATH=/opt/ros/humble /usr/bin/cmake --build /workspaces/ros_agv_pc/src/build/agv_sensor_package -- -j8 -l8
[2.408s] DEBUG:colcon.colcon_core.event_handler.log_command:Invoked command in '/workspaces/ros_agv_pc/src/build/cpp_qt_app' returned '0': CMAKE_PREFIX_PATH=/opt/ros/humble /usr/bin/cmake --build /workspaces/ros_agv_pc/src/build/cpp_qt_app -- -j8 -l8
[2.440s] DEBUG:colcon.colcon_core.event_handler.log_command:Invoking command in '/workspaces/ros_agv_pc/src/build/agv_mcu_package': CMAKE_PREFIX_PATH=/opt/ros/humble /usr/bin/cmake --install /workspaces/ros_agv_pc/src/build/agv_mcu_package
[2.444s] DEBUG:colcon.colcon_core.event_handler.log_command:Invoking command in '/workspaces/ros_agv_pc/src/build/publisher_pkg': CMAKE_PREFIX_PATH=/opt/ros/humble /usr/bin/cmake --install /workspaces/ros_agv_pc/src/build/publisher_pkg
[2.453s] DEBUG:colcon.colcon_core.event_handler.log_command:Invoking command in '/workspaces/ros_agv_pc/src/build/subscriber_package': CMAKE_PREFIX_PATH=/opt/ros/humble /usr/bin/cmake --install /workspaces/ros_agv_pc/src/build/subscriber_package
[2.461s] DEBUG:colcon.colcon_core.event_handler.log_command:Invoking command in '/workspaces/ros_agv_pc/src/build/agv_sensor_package': CMAKE_PREFIX_PATH=/opt/ros/humble /usr/bin/cmake --install /workspaces/ros_agv_pc/src/build/agv_sensor_package
[2.464s] Level 1:colcon.colcon_core.environment:create_environment_scripts_only(agv_mcu_package)
[2.465s] DEBUG:colcon.colcon_core.event_handler.log_command:Invoked command in '/workspaces/ros_agv_pc/src/build/agv_mcu_package' returned '0': CMAKE_PREFIX_PATH=/opt/ros/humble /usr/bin/cmake --install /workspaces/ros_agv_pc/src/build/agv_mcu_package
[2.497s] Level 1:colcon.colcon_core.environment:checking '/workspaces/ros_agv_pc/src/install/agv_mcu_package' for CMake module files
[2.497s] Level 1:colcon.colcon_core.environment:checking '/workspaces/ros_agv_pc/src/install/agv_mcu_package' for CMake config files
[2.498s] Level 1:colcon.colcon_core.shell:create_environment_hook('agv_mcu_package', 'cmake_prefix_path')
[2.518s] INFO:colcon.colcon_core.shell:Creating environment hook '/workspaces/ros_agv_pc/src/install/agv_mcu_package/share/agv_mcu_package/hook/cmake_prefix_path.ps1'
[2.518s] INFO:colcon.colcon_core.shell:Creating environment descriptor '/workspaces/ros_agv_pc/src/install/agv_mcu_package/share/agv_mcu_package/hook/cmake_prefix_path.dsv'
[2.519s] INFO:colcon.colcon_core.shell:Creating environment hook '/workspaces/ros_agv_pc/src/install/agv_mcu_package/share/agv_mcu_package/hook/cmake_prefix_path.sh'
[2.520s] Level 1:colcon.colcon_core.environment:checking '/workspaces/ros_agv_pc/src/install/agv_mcu_package/lib'
[2.520s] Level 1:colcon.colcon_core.environment:checking '/workspaces/ros_agv_pc/src/install/agv_mcu_package/bin'
[2.520s] Level 1:colcon.colcon_core.environment:checking '/workspaces/ros_agv_pc/src/install/agv_mcu_package/lib/pkgconfig/agv_mcu_package.pc'
[2.520s] Level 1:colcon.colcon_core.environment:checking '/workspaces/ros_agv_pc/src/install/agv_mcu_package/lib/python3.10/site-packages'
[2.520s] Level 1:colcon.colcon_core.environment:checking '/workspaces/ros_agv_pc/src/install/agv_mcu_package/bin'
[2.532s] INFO:colcon.colcon_core.shell:Creating package script '/workspaces/ros_agv_pc/src/install/agv_mcu_package/share/agv_mcu_package/package.ps1'
[2.533s] INFO:colcon.colcon_core.shell:Creating package descriptor '/workspaces/ros_agv_pc/src/install/agv_mcu_package/share/agv_mcu_package/package.dsv'
[2.536s] INFO:colcon.colcon_core.shell:Creating package script '/workspaces/ros_agv_pc/src/install/agv_mcu_package/share/agv_mcu_package/package.sh'
[2.539s] INFO:colcon.colcon_core.shell:Creating package script '/workspaces/ros_agv_pc/src/install/agv_mcu_package/share/agv_mcu_package/package.bash'
[2.542s] INFO:colcon.colcon_core.shell:Creating package script '/workspaces/ros_agv_pc/src/install/agv_mcu_package/share/agv_mcu_package/package.zsh'
[2.545s] Level 1:colcon.colcon_core.environment:create_file_with_runtime_dependencies(/workspaces/ros_agv_pc/src/install/agv_mcu_package/share/colcon-core/packages/agv_mcu_package)
[2.547s] DEBUG:colcon.colcon_core.event_handler.log_command:Invoking command in '/workspaces/ros_agv_pc/src/build/cpp_qt_app': CMAKE_PREFIX_PATH=/opt/ros/humble /usr/bin/cmake --install /workspaces/ros_agv_pc/src/build/cpp_qt_app
[2.548s] Level 1:colcon.colcon_core.environment:create_environment_scripts_only(publisher_pkg)
[2.548s] DEBUG:colcon.colcon_core.event_handler.log_command:Invoked command in '/workspaces/ros_agv_pc/src/build/publisher_pkg' returned '0': CMAKE_PREFIX_PATH=/opt/ros/humble /usr/bin/cmake --install /workspaces/ros_agv_pc/src/build/publisher_pkg
[2.567s] Level 1:colcon.colcon_core.environment:checking '/workspaces/ros_agv_pc/src/install/publisher_pkg' for CMake module files
[2.568s] Level 1:colcon.colcon_core.environment:checking '/workspaces/ros_agv_pc/src/install/publisher_pkg' for CMake config files
[2.568s] Level 1:colcon.colcon_core.shell:create_environment_hook('publisher_pkg', 'cmake_prefix_path')
[2.582s] INFO:colcon.colcon_core.shell:Creating environment hook '/workspaces/ros_agv_pc/src/install/publisher_pkg/share/publisher_pkg/hook/cmake_prefix_path.ps1'
[2.583s] INFO:colcon.colcon_core.shell:Creating environment descriptor '/workspaces/ros_agv_pc/src/install/publisher_pkg/share/publisher_pkg/hook/cmake_prefix_path.dsv'
[2.583s] INFO:colcon.colcon_core.shell:Creating environment hook '/workspaces/ros_agv_pc/src/install/publisher_pkg/share/publisher_pkg/hook/cmake_prefix_path.sh'
[2.584s] Level 1:colcon.colcon_core.environment:checking '/workspaces/ros_agv_pc/src/install/publisher_pkg/lib'
[2.584s] Level 1:colcon.colcon_core.environment:checking '/workspaces/ros_agv_pc/src/install/publisher_pkg/bin'
[2.584s] Level 1:colcon.colcon_core.environment:checking '/workspaces/ros_agv_pc/src/install/publisher_pkg/lib/pkgconfig/publisher_pkg.pc'
[2.584s] Level 1:colcon.colcon_core.environment:checking '/workspaces/ros_agv_pc/src/install/publisher_pkg/lib/python3.10/site-packages'
[2.584s] Level 1:colcon.colcon_core.environment:checking '/workspaces/ros_agv_pc/src/install/publisher_pkg/bin'
[2.599s] INFO:colcon.colcon_core.shell:Creating package script '/workspaces/ros_agv_pc/src/install/publisher_pkg/share/publisher_pkg/package.ps1'
[2.599s] INFO:colcon.colcon_core.shell:Creating package descriptor '/workspaces/ros_agv_pc/src/install/publisher_pkg/share/publisher_pkg/package.dsv'
[2.600s] INFO:colcon.colcon_core.shell:Creating package script '/workspaces/ros_agv_pc/src/install/publisher_pkg/share/publisher_pkg/package.sh'
[2.600s] INFO:colcon.colcon_core.shell:Creating package script '/workspaces/ros_agv_pc/src/install/publisher_pkg/share/publisher_pkg/package.bash'
[2.600s] INFO:colcon.colcon_core.shell:Creating package script '/workspaces/ros_agv_pc/src/install/publisher_pkg/share/publisher_pkg/package.zsh'
[2.601s] Level 1:colcon.colcon_core.environment:create_file_with_runtime_dependencies(/workspaces/ros_agv_pc/src/install/publisher_pkg/share/colcon-core/packages/publisher_pkg)
[2.606s] Level 1:colcon.colcon_core.environment:create_environment_scripts_only(subscriber_package)
[2.610s] DEBUG:colcon.colcon_core.event_handler.log_command:Invoked command in '/workspaces/ros_agv_pc/src/build/subscriber_package' returned '0': CMAKE_PREFIX_PATH=/opt/ros/humble /usr/bin/cmake --install /workspaces/ros_agv_pc/src/build/subscriber_package
[2.629s] Level 1:colcon.colcon_core.environment:checking '/workspaces/ros_agv_pc/src/install/subscriber_package' for CMake module files
[2.629s] Level 1:colcon.colcon_core.environment:checking '/workspaces/ros_agv_pc/src/install/subscriber_package' for CMake config files
[2.630s] Level 1:colcon.colcon_core.shell:create_environment_hook('subscriber_package', 'cmake_prefix_path')
[2.649s] INFO:colcon.colcon_core.shell:Creating environment hook '/workspaces/ros_agv_pc/src/install/subscriber_package/share/subscriber_package/hook/cmake_prefix_path.ps1'
[2.650s] INFO:colcon.colcon_core.shell:Creating environment descriptor '/workspaces/ros_agv_pc/src/install/subscriber_package/share/subscriber_package/hook/cmake_prefix_path.dsv'
[2.650s] INFO:colcon.colcon_core.shell:Creating environment hook '/workspaces/ros_agv_pc/src/install/subscriber_package/share/subscriber_package/hook/cmake_prefix_path.sh'
[2.651s] Level 1:colcon.colcon_core.environment:checking '/workspaces/ros_agv_pc/src/install/subscriber_package/lib'
[2.651s] Level 1:colcon.colcon_core.environment:checking '/workspaces/ros_agv_pc/src/install/subscriber_package/bin'
[2.651s] Level 1:colcon.colcon_core.environment:checking '/workspaces/ros_agv_pc/src/install/subscriber_package/lib/pkgconfig/subscriber_package.pc'
[2.651s] Level 1:colcon.colcon_core.environment:checking '/workspaces/ros_agv_pc/src/install/subscriber_package/lib/python3.10/site-packages'
[2.652s] Level 1:colcon.colcon_core.environment:checking '/workspaces/ros_agv_pc/src/install/subscriber_package/bin'
[2.671s] INFO:colcon.colcon_core.shell:Creating package script '/workspaces/ros_agv_pc/src/install/subscriber_package/share/subscriber_package/package.ps1'
[2.671s] INFO:colcon.colcon_core.shell:Creating package descriptor '/workspaces/ros_agv_pc/src/install/subscriber_package/share/subscriber_package/package.dsv'
[2.672s] INFO:colcon.colcon_core.shell:Creating package script '/workspaces/ros_agv_pc/src/install/subscriber_package/share/subscriber_package/package.sh'
[2.672s] INFO:colcon.colcon_core.shell:Creating package script '/workspaces/ros_agv_pc/src/install/subscriber_package/share/subscriber_package/package.bash'
[2.672s] INFO:colcon.colcon_core.shell:Creating package script '/workspaces/ros_agv_pc/src/install/subscriber_package/share/subscriber_package/package.zsh'
[2.673s] Level 1:colcon.colcon_core.environment:create_file_with_runtime_dependencies(/workspaces/ros_agv_pc/src/install/subscriber_package/share/colcon-core/packages/subscriber_package)
[2.674s] Level 1:colcon.colcon_core.environment:create_environment_scripts_only(agv_sensor_package)
[2.674s] DEBUG:colcon.colcon_core.event_handler.log_command:Invoked command in '/workspaces/ros_agv_pc/src/build/agv_sensor_package' returned '0': CMAKE_PREFIX_PATH=/opt/ros/humble /usr/bin/cmake --install /workspaces/ros_agv_pc/src/build/agv_sensor_package
[2.697s] Level 1:colcon.colcon_core.environment:checking '/workspaces/ros_agv_pc/src/install/agv_sensor_package' for CMake module files
[2.698s] Level 1:colcon.colcon_core.environment:checking '/workspaces/ros_agv_pc/src/install/agv_sensor_package' for CMake config files
[2.698s] Level 1:colcon.colcon_core.shell:create_environment_hook('agv_sensor_package', 'cmake_prefix_path')
[2.720s] INFO:colcon.colcon_core.shell:Creating environment hook '/workspaces/ros_agv_pc/src/install/agv_sensor_package/share/agv_sensor_package/hook/cmake_prefix_path.ps1'
[2.720s] INFO:colcon.colcon_core.shell:Creating environment descriptor '/workspaces/ros_agv_pc/src/install/agv_sensor_package/share/agv_sensor_package/hook/cmake_prefix_path.dsv'
[2.721s] INFO:colcon.colcon_core.shell:Creating environment hook '/workspaces/ros_agv_pc/src/install/agv_sensor_package/share/agv_sensor_package/hook/cmake_prefix_path.sh'
[2.721s] Level 1:colcon.colcon_core.environment:checking '/workspaces/ros_agv_pc/src/install/agv_sensor_package/lib'
[2.721s] Level 1:colcon.colcon_core.environment:checking '/workspaces/ros_agv_pc/src/install/agv_sensor_package/bin'
[2.721s] Level 1:colcon.colcon_core.environment:checking '/workspaces/ros_agv_pc/src/install/agv_sensor_package/lib/pkgconfig/agv_sensor_package.pc'
[2.722s] Level 1:colcon.colcon_core.environment:checking '/workspaces/ros_agv_pc/src/install/agv_sensor_package/lib/python3.10/site-packages'
[2.722s] Level 1:colcon.colcon_core.environment:checking '/workspaces/ros_agv_pc/src/install/agv_sensor_package/bin'
[2.734s] INFO:colcon.colcon_core.shell:Creating package script '/workspaces/ros_agv_pc/src/install/agv_sensor_package/share/agv_sensor_package/package.ps1'
[2.735s] INFO:colcon.colcon_core.shell:Creating package descriptor '/workspaces/ros_agv_pc/src/install/agv_sensor_package/share/agv_sensor_package/package.dsv'
[2.735s] INFO:colcon.colcon_core.shell:Creating package script '/workspaces/ros_agv_pc/src/install/agv_sensor_package/share/agv_sensor_package/package.sh'
[2.735s] INFO:colcon.colcon_core.shell:Creating package script '/workspaces/ros_agv_pc/src/install/agv_sensor_package/share/agv_sensor_package/package.bash'
[2.736s] INFO:colcon.colcon_core.shell:Creating package script '/workspaces/ros_agv_pc/src/install/agv_sensor_package/share/agv_sensor_package/package.zsh'
[2.736s] Level 1:colcon.colcon_core.environment:create_file_with_runtime_dependencies(/workspaces/ros_agv_pc/src/install/agv_sensor_package/share/colcon-core/packages/agv_sensor_package)
[2.737s] Level 1:colcon.colcon_core.environment:create_environment_scripts_only(cpp_qt_app)
[2.738s] DEBUG:colcon.colcon_core.event_handler.log_command:Invoked command in '/workspaces/ros_agv_pc/src/build/cpp_qt_app' returned '0': CMAKE_PREFIX_PATH=/opt/ros/humble /usr/bin/cmake --install /workspaces/ros_agv_pc/src/build/cpp_qt_app
[2.749s] Level 1:colcon.colcon_core.environment:checking '/workspaces/ros_agv_pc/src/install/cpp_qt_app' for CMake module files
[2.750s] Level 1:colcon.colcon_core.environment:checking '/workspaces/ros_agv_pc/src/install/cpp_qt_app' for CMake config files
[2.750s] Level 1:colcon.colcon_core.shell:create_environment_hook('cpp_qt_app', 'cmake_prefix_path')
[2.761s] INFO:colcon.colcon_core.shell:Creating environment hook '/workspaces/ros_agv_pc/src/install/cpp_qt_app/share/cpp_qt_app/hook/cmake_prefix_path.ps1'
[2.761s] INFO:colcon.colcon_core.shell:Creating environment descriptor '/workspaces/ros_agv_pc/src/install/cpp_qt_app/share/cpp_qt_app/hook/cmake_prefix_path.dsv'
[2.762s] INFO:colcon.colcon_core.shell:Creating environment hook '/workspaces/ros_agv_pc/src/install/cpp_qt_app/share/cpp_qt_app/hook/cmake_prefix_path.sh'
[2.762s] Level 1:colcon.colcon_core.environment:checking '/workspaces/ros_agv_pc/src/install/cpp_qt_app/lib'
[2.762s] Level 1:colcon.colcon_core.environment:checking '/workspaces/ros_agv_pc/src/install/cpp_qt_app/bin'
[2.762s] Level 1:colcon.colcon_core.environment:checking '/workspaces/ros_agv_pc/src/install/cpp_qt_app/lib/pkgconfig/cpp_qt_app.pc'
[2.763s] Level 1:colcon.colcon_core.environment:checking '/workspaces/ros_agv_pc/src/install/cpp_qt_app/lib/python3.10/site-packages'
[2.763s] Level 1:colcon.colcon_core.environment:checking '/workspaces/ros_agv_pc/src/install/cpp_qt_app/bin'
[2.776s] INFO:colcon.colcon_core.shell:Creating package script '/workspaces/ros_agv_pc/src/install/cpp_qt_app/share/cpp_qt_app/package.ps1'
[2.777s] INFO:colcon.colcon_core.shell:Creating package descriptor '/workspaces/ros_agv_pc/src/install/cpp_qt_app/share/cpp_qt_app/package.dsv'
[2.777s] INFO:colcon.colcon_core.shell:Creating package script '/workspaces/ros_agv_pc/src/install/cpp_qt_app/share/cpp_qt_app/package.sh'
[2.778s] INFO:colcon.colcon_core.shell:Creating package script '/workspaces/ros_agv_pc/src/install/cpp_qt_app/share/cpp_qt_app/package.bash'
[2.778s] INFO:colcon.colcon_core.shell:Creating package script '/workspaces/ros_agv_pc/src/install/cpp_qt_app/share/cpp_qt_app/package.zsh'
[2.778s] Level 1:colcon.colcon_core.environment:create_file_with_runtime_dependencies(/workspaces/ros_agv_pc/src/install/cpp_qt_app/share/colcon-core/packages/cpp_qt_app)
[2.797s] Level 1:colcon.colcon_core.environment:create_environment_scripts_only(agv_mcu_package)
[2.816s] Level 1:colcon.colcon_core.environment:checking '/workspaces/ros_agv_pc/src/install/agv_mcu_package' for CMake module files
[2.816s] Level 1:colcon.colcon_core.environment:checking '/workspaces/ros_agv_pc/src/install/agv_mcu_package' for CMake config files
[2.816s] Level 1:colcon.colcon_core.shell:create_environment_hook('agv_mcu_package', 'cmake_prefix_path')
[2.829s] INFO:colcon.colcon_core.shell:Creating environment hook '/workspaces/ros_agv_pc/src/install/agv_mcu_package/share/agv_mcu_package/hook/cmake_prefix_path.ps1'
[2.830s] INFO:colcon.colcon_core.shell:Creating environment descriptor '/workspaces/ros_agv_pc/src/install/agv_mcu_package/share/agv_mcu_package/hook/cmake_prefix_path.dsv'
[2.831s] INFO:colcon.colcon_core.shell:Creating environment hook '/workspaces/ros_agv_pc/src/install/agv_mcu_package/share/agv_mcu_package/hook/cmake_prefix_path.sh'
[2.831s] Level 1:colcon.colcon_core.environment:checking '/workspaces/ros_agv_pc/src/install/agv_mcu_package/lib'
[2.831s] Level 1:colcon.colcon_core.environment:checking '/workspaces/ros_agv_pc/src/install/agv_mcu_package/bin'
[2.831s] Level 1:colcon.colcon_core.environment:checking '/workspaces/ros_agv_pc/src/install/agv_mcu_package/lib/pkgconfig/agv_mcu_package.pc'
[2.832s] Level 1:colcon.colcon_core.environment:checking '/workspaces/ros_agv_pc/src/install/agv_mcu_package/lib/python3.10/site-packages'
[2.832s] Level 1:colcon.colcon_core.environment:checking '/workspaces/ros_agv_pc/src/install/agv_mcu_package/bin'
[2.845s] INFO:colcon.colcon_core.shell:Creating package script '/workspaces/ros_agv_pc/src/install/agv_mcu_package/share/agv_mcu_package/package.ps1'
[2.846s] INFO:colcon.colcon_core.shell:Creating package descriptor '/workspaces/ros_agv_pc/src/install/agv_mcu_package/share/agv_mcu_package/package.dsv'
[2.846s] INFO:colcon.colcon_core.shell:Creating package script '/workspaces/ros_agv_pc/src/install/agv_mcu_package/share/agv_mcu_package/package.sh'
[2.847s] INFO:colcon.colcon_core.shell:Creating package script '/workspaces/ros_agv_pc/src/install/agv_mcu_package/share/agv_mcu_package/package.bash'
[2.847s] INFO:colcon.colcon_core.shell:Creating package script '/workspaces/ros_agv_pc/src/install/agv_mcu_package/share/agv_mcu_package/package.zsh'
[2.848s] Level 1:colcon.colcon_core.environment:create_file_with_runtime_dependencies(/workspaces/ros_agv_pc/src/install/agv_mcu_package/share/colcon-core/packages/agv_mcu_package)
[2.864s] Level 1:colcon.colcon_core.environment:create_environment_scripts_only(publisher_pkg)
[2.881s] Level 1:colcon.colcon_core.environment:checking '/workspaces/ros_agv_pc/src/install/publisher_pkg' for CMake module files
[2.881s] Level 1:colcon.colcon_core.environment:checking '/workspaces/ros_agv_pc/src/install/publisher_pkg' for CMake config files
[2.882s] Level 1:colcon.colcon_core.shell:create_environment_hook('publisher_pkg', 'cmake_prefix_path')
[2.914s] INFO:colcon.colcon_core.shell:Creating environment hook '/workspaces/ros_agv_pc/src/install/publisher_pkg/share/publisher_pkg/hook/cmake_prefix_path.ps1'
[2.915s] INFO:colcon.colcon_core.shell:Creating environment descriptor '/workspaces/ros_agv_pc/src/install/publisher_pkg/share/publisher_pkg/hook/cmake_prefix_path.dsv'
[2.915s] INFO:colcon.colcon_core.shell:Creating environment hook '/workspaces/ros_agv_pc/src/install/publisher_pkg/share/publisher_pkg/hook/cmake_prefix_path.sh'
[2.915s] Level 1:colcon.colcon_core.environment:checking '/workspaces/ros_agv_pc/src/install/publisher_pkg/lib'
[2.915s] Level 1:colcon.colcon_core.environment:checking '/workspaces/ros_agv_pc/src/install/publisher_pkg/bin'
[2.915s] Level 1:colcon.colcon_core.environment:checking '/workspaces/ros_agv_pc/src/install/publisher_pkg/lib/pkgconfig/publisher_pkg.pc'
[2.916s] Level 1:colcon.colcon_core.environment:checking '/workspaces/ros_agv_pc/src/install/publisher_pkg/lib/python3.10/site-packages'
[2.916s] Level 1:colcon.colcon_core.environment:checking '/workspaces/ros_agv_pc/src/install/publisher_pkg/bin'
[2.932s] INFO:colcon.colcon_core.shell:Creating package script '/workspaces/ros_agv_pc/src/install/publisher_pkg/share/publisher_pkg/package.ps1'
[2.933s] INFO:colcon.colcon_core.shell:Creating package descriptor '/workspaces/ros_agv_pc/src/install/publisher_pkg/share/publisher_pkg/package.dsv'
[2.933s] INFO:colcon.colcon_core.shell:Creating package script '/workspaces/ros_agv_pc/src/install/publisher_pkg/share/publisher_pkg/package.sh'
[2.934s] INFO:colcon.colcon_core.shell:Creating package script '/workspaces/ros_agv_pc/src/install/publisher_pkg/share/publisher_pkg/package.bash'
[2.934s] INFO:colcon.colcon_core.shell:Creating package script '/workspaces/ros_agv_pc/src/install/publisher_pkg/share/publisher_pkg/package.zsh'
[2.934s] Level 1:colcon.colcon_core.environment:create_file_with_runtime_dependencies(/workspaces/ros_agv_pc/src/install/publisher_pkg/share/colcon-core/packages/publisher_pkg)
[2.956s] Level 1:colcon.colcon_core.environment:create_environment_scripts_only(subscriber_package)
[2.967s] Level 1:colcon.colcon_core.environment:checking '/workspaces/ros_agv_pc/src/install/subscriber_package' for CMake module files
[2.968s] Level 1:colcon.colcon_core.environment:checking '/workspaces/ros_agv_pc/src/install/subscriber_package' for CMake config files
[2.968s] Level 1:colcon.colcon_core.shell:create_environment_hook('subscriber_package', 'cmake_prefix_path')
[2.982s] INFO:colcon.colcon_core.shell:Creating environment hook '/workspaces/ros_agv_pc/src/install/subscriber_package/share/subscriber_package/hook/cmake_prefix_path.ps1'
[2.983s] INFO:colcon.colcon_core.shell:Creating environment descriptor '/workspaces/ros_agv_pc/src/install/subscriber_package/share/subscriber_package/hook/cmake_prefix_path.dsv'
[2.983s] INFO:colcon.colcon_core.shell:Creating environment hook '/workspaces/ros_agv_pc/src/install/subscriber_package/share/subscriber_package/hook/cmake_prefix_path.sh'
[2.984s] Level 1:colcon.colcon_core.environment:checking '/workspaces/ros_agv_pc/src/install/subscriber_package/lib'
[2.984s] Level 1:colcon.colcon_core.environment:checking '/workspaces/ros_agv_pc/src/install/subscriber_package/bin'
[2.984s] Level 1:colcon.colcon_core.environment:checking '/workspaces/ros_agv_pc/src/install/subscriber_package/lib/pkgconfig/subscriber_package.pc'
[2.984s] Level 1:colcon.colcon_core.environment:checking '/workspaces/ros_agv_pc/src/install/subscriber_package/lib/python3.10/site-packages'
[2.984s] Level 1:colcon.colcon_core.environment:checking '/workspaces/ros_agv_pc/src/install/subscriber_package/bin'
[2.998s] INFO:colcon.colcon_core.shell:Creating package script '/workspaces/ros_agv_pc/src/install/subscriber_package/share/subscriber_package/package.ps1'
[2.999s] INFO:colcon.colcon_core.shell:Creating package descriptor '/workspaces/ros_agv_pc/src/install/subscriber_package/share/subscriber_package/package.dsv'
[2.999s] INFO:colcon.colcon_core.shell:Creating package script '/workspaces/ros_agv_pc/src/install/subscriber_package/share/subscriber_package/package.sh'
[3.000s] INFO:colcon.colcon_core.shell:Creating package script '/workspaces/ros_agv_pc/src/install/subscriber_package/share/subscriber_package/package.bash'
[3.000s] INFO:colcon.colcon_core.shell:Creating package script '/workspaces/ros_agv_pc/src/install/subscriber_package/share/subscriber_package/package.zsh'
[3.001s] Level 1:colcon.colcon_core.environment:create_file_with_runtime_dependencies(/workspaces/ros_agv_pc/src/install/subscriber_package/share/colcon-core/packages/subscriber_package)
[3.018s] Level 1:colcon.colcon_core.environment:create_environment_scripts_only(agv_sensor_package)
[3.034s] Level 1:colcon.colcon_core.environment:checking '/workspaces/ros_agv_pc/src/install/agv_sensor_package' for CMake module files
[3.035s] Level 1:colcon.colcon_core.environment:checking '/workspaces/ros_agv_pc/src/install/agv_sensor_package' for CMake config files
[3.035s] Level 1:colcon.colcon_core.shell:create_environment_hook('agv_sensor_package', 'cmake_prefix_path')
[3.057s] INFO:colcon.colcon_core.shell:Creating environment hook '/workspaces/ros_agv_pc/src/install/agv_sensor_package/share/agv_sensor_package/hook/cmake_prefix_path.ps1'
[3.058s] INFO:colcon.colcon_core.shell:Creating environment descriptor '/workspaces/ros_agv_pc/src/install/agv_sensor_package/share/agv_sensor_package/hook/cmake_prefix_path.dsv'
[3.059s] INFO:colcon.colcon_core.shell:Creating environment hook '/workspaces/ros_agv_pc/src/install/agv_sensor_package/share/agv_sensor_package/hook/cmake_prefix_path.sh'
[3.060s] Level 1:colcon.colcon_core.environment:checking '/workspaces/ros_agv_pc/src/install/agv_sensor_package/lib'
[3.060s] Level 1:colcon.colcon_core.environment:checking '/workspaces/ros_agv_pc/src/install/agv_sensor_package/bin'
[3.060s] Level 1:colcon.colcon_core.environment:checking '/workspaces/ros_agv_pc/src/install/agv_sensor_package/lib/pkgconfig/agv_sensor_package.pc'
[3.060s] Level 1:colcon.colcon_core.environment:checking '/workspaces/ros_agv_pc/src/install/agv_sensor_package/lib/python3.10/site-packages'
[3.061s] Level 1:colcon.colcon_core.environment:checking '/workspaces/ros_agv_pc/src/install/agv_sensor_package/bin'
[3.076s] INFO:colcon.colcon_core.shell:Creating package script '/workspaces/ros_agv_pc/src/install/agv_sensor_package/share/agv_sensor_package/package.ps1'
[3.076s] INFO:colcon.colcon_core.shell:Creating package descriptor '/workspaces/ros_agv_pc/src/install/agv_sensor_package/share/agv_sensor_package/package.dsv'
[3.077s] INFO:colcon.colcon_core.shell:Creating package script '/workspaces/ros_agv_pc/src/install/agv_sensor_package/share/agv_sensor_package/package.sh'
[3.077s] INFO:colcon.colcon_core.shell:Creating package script '/workspaces/ros_agv_pc/src/install/agv_sensor_package/share/agv_sensor_package/package.bash'
[3.078s] INFO:colcon.colcon_core.shell:Creating package script '/workspaces/ros_agv_pc/src/install/agv_sensor_package/share/agv_sensor_package/package.zsh'
[3.078s] Level 1:colcon.colcon_core.environment:create_file_with_runtime_dependencies(/workspaces/ros_agv_pc/src/install/agv_sensor_package/share/colcon-core/packages/agv_sensor_package)
[3.095s] Level 1:colcon.colcon_core.environment:create_environment_scripts_only(cpp_qt_app)
[3.107s] Level 1:colcon.colcon_core.environment:checking '/workspaces/ros_agv_pc/src/install/cpp_qt_app' for CMake module files
[3.108s] Level 1:colcon.colcon_core.environment:checking '/workspaces/ros_agv_pc/src/install/cpp_qt_app' for CMake config files
[3.108s] Level 1:colcon.colcon_core.shell:create_environment_hook('cpp_qt_app', 'cmake_prefix_path')
[3.119s] INFO:colcon.colcon_core.shell:Creating environment hook '/workspaces/ros_agv_pc/src/install/cpp_qt_app/share/cpp_qt_app/hook/cmake_prefix_path.ps1'
[3.121s] INFO:colcon.colcon_core.shell:Creating environment descriptor '/workspaces/ros_agv_pc/src/install/cpp_qt_app/share/cpp_qt_app/hook/cmake_prefix_path.dsv'
[3.122s] INFO:colcon.colcon_core.shell:Creating environment hook '/workspaces/ros_agv_pc/src/install/cpp_qt_app/share/cpp_qt_app/hook/cmake_prefix_path.sh'
[3.123s] Level 1:colcon.colcon_core.environment:checking '/workspaces/ros_agv_pc/src/install/cpp_qt_app/lib'
[3.123s] Level 1:colcon.colcon_core.environment:checking '/workspaces/ros_agv_pc/src/install/cpp_qt_app/bin'
[3.123s] Level 1:colcon.colcon_core.environment:checking '/workspaces/ros_agv_pc/src/install/cpp_qt_app/lib/pkgconfig/cpp_qt_app.pc'
[3.124s] Level 1:colcon.colcon_core.environment:checking '/workspaces/ros_agv_pc/src/install/cpp_qt_app/lib/python3.10/site-packages'
[3.124s] Level 1:colcon.colcon_core.environment:checking '/workspaces/ros_agv_pc/src/install/cpp_qt_app/bin'
[3.136s] INFO:colcon.colcon_core.shell:Creating package script '/workspaces/ros_agv_pc/src/install/cpp_qt_app/share/cpp_qt_app/package.ps1'
[3.137s] INFO:colcon.colcon_core.shell:Creating package descriptor '/workspaces/ros_agv_pc/src/install/cpp_qt_app/share/cpp_qt_app/package.dsv'
[3.139s] INFO:colcon.colcon_core.shell:Creating package script '/workspaces/ros_agv_pc/src/install/cpp_qt_app/share/cpp_qt_app/package.sh'
[3.140s] INFO:colcon.colcon_core.shell:Creating package script '/workspaces/ros_agv_pc/src/install/cpp_qt_app/share/cpp_qt_app/package.bash'
[3.140s] INFO:colcon.colcon_core.shell:Creating package script '/workspaces/ros_agv_pc/src/install/cpp_qt_app/share/cpp_qt_app/package.zsh'
[3.141s] Level 1:colcon.colcon_core.environment:create_file_with_runtime_dependencies(/workspaces/ros_agv_pc/src/install/cpp_qt_app/share/colcon-core/packages/cpp_qt_app)
[3.145s] DEBUG:colcon.colcon_core.event_handler.log_command:Invoking command in '/workspaces/ros_agv_pc/src/AGV_simulator_description': PYTHONPATH=/workspaces/ros_agv_pc/src/build/AGV_simulator_description/prefix_override:/workspaces/ros_agv_pc/src/install/AGV_simulator_description/lib/python3.10/site-packages:${PYTHONPATH} /usr/bin/python3 setup.py egg_info --egg-base ../build/AGV_simulator_description build --build-base /workspaces/ros_agv_pc/src/build/AGV_simulator_description/build install --record /workspaces/ros_agv_pc/src/build/AGV_simulator_description/install.log --install-scripts $base/lib/AGV_simulator_description --single-version-externally-managed
[3.147s] DEBUG:colcon.colcon_core.event_handler.log_command:Invoking command in '/workspaces/ros_agv_pc/src/textual_gui_pkg': PYTHONPATH=/workspaces/ros_agv_pc/src/build/textual_gui_pkg/prefix_override:/workspaces/ros_agv_pc/src/install/textual_gui_pkg/lib/python3.10/site-packages:${PYTHONPATH} /usr/bin/python3 setup.py egg_info --egg-base ../build/textual_gui_pkg build --build-base /workspaces/ros_agv_pc/src/build/textual_gui_pkg/build install --record /workspaces/ros_agv_pc/src/build/textual_gui_pkg/install.log --single-version-externally-managed
[3.149s] DEBUG:colcon.colcon_core.event_handler.log_command:Invoking command in '/workspaces/ros_agv_pc/src/py_qt_app': PYTHONPATH=/workspaces/ros_agv_pc/src/build/py_qt_app/prefix_override:/workspaces/ros_agv_pc/src/install/py_qt_app/lib/python3.10/site-packages:${PYTHONPATH} /usr/bin/python3 setup.py egg_info --egg-base ../build/py_qt_app build --build-base /workspaces/ros_agv_pc/src/build/py_qt_app/build install --record /workspaces/ros_agv_pc/src/build/py_qt_app/install.log --single-version-externally-managed
[3.450s] DEBUG:colcon.colcon_core.event_handler.log_command:Invoked command in '/workspaces/ros_agv_pc/src/AGV_simulator_description' returned '0': PYTHONPATH=/workspaces/ros_agv_pc/src/build/AGV_simulator_description/prefix_override:/workspaces/ros_agv_pc/src/install/AGV_simulator_description/lib/python3.10/site-packages:${PYTHONPATH} /usr/bin/python3 setup.py egg_info --egg-base ../build/AGV_simulator_description build --build-base /workspaces/ros_agv_pc/src/build/AGV_simulator_description/build install --record /workspaces/ros_agv_pc/src/build/AGV_simulator_description/install.log --install-scripts $base/lib/AGV_simulator_description --single-version-externally-managed
[3.462s] Level 1:colcon.colcon_core.environment:checking '/workspaces/ros_agv_pc/src/install/AGV_simulator_description' for CMake module files
[3.462s] Level 1:colcon.colcon_core.environment:checking '/workspaces/ros_agv_pc/src/install/AGV_simulator_description' for CMake config files
[3.463s] Level 1:colcon.colcon_core.environment:checking '/workspaces/ros_agv_pc/src/install/AGV_simulator_description/lib'
[3.463s] Level 1:colcon.colcon_core.environment:checking '/workspaces/ros_agv_pc/src/install/AGV_simulator_description/bin'
[3.463s] Level 1:colcon.colcon_core.environment:checking '/workspaces/ros_agv_pc/src/install/AGV_simulator_description/lib/pkgconfig/AGV_simulator_description.pc'
[3.463s] Level 1:colcon.colcon_core.environment:checking '/workspaces/ros_agv_pc/src/install/AGV_simulator_description/lib/python3.10/site-packages'
[3.463s] Level 1:colcon.colcon_core.shell:create_environment_hook('AGV_simulator_description', 'pythonpath')
[3.473s] INFO:colcon.colcon_core.shell:Creating environment hook '/workspaces/ros_agv_pc/src/install/AGV_simulator_description/share/AGV_simulator_description/hook/pythonpath.ps1'
[3.474s] INFO:colcon.colcon_core.shell:Creating environment descriptor '/workspaces/ros_agv_pc/src/install/AGV_simulator_description/share/AGV_simulator_description/hook/pythonpath.dsv'
[3.474s] INFO:colcon.colcon_core.shell:Creating environment hook '/workspaces/ros_agv_pc/src/install/AGV_simulator_description/share/AGV_simulator_description/hook/pythonpath.sh'
[3.475s] Level 1:colcon.colcon_core.environment:checking '/workspaces/ros_agv_pc/src/install/AGV_simulator_description/bin'
[3.475s] Level 1:colcon.colcon_core.environment:create_environment_scripts_only(AGV_simulator_description)
[3.489s] INFO:colcon.colcon_core.shell:Creating package script '/workspaces/ros_agv_pc/src/install/AGV_simulator_description/share/AGV_simulator_description/package.ps1'
[3.490s] INFO:colcon.colcon_core.shell:Creating package descriptor '/workspaces/ros_agv_pc/src/install/AGV_simulator_description/share/AGV_simulator_description/package.dsv'
[3.491s] INFO:colcon.colcon_core.shell:Creating package script '/workspaces/ros_agv_pc/src/install/AGV_simulator_description/share/AGV_simulator_description/package.sh'
[3.491s] INFO:colcon.colcon_core.shell:Creating package script '/workspaces/ros_agv_pc/src/install/AGV_simulator_description/share/AGV_simulator_description/package.bash'
[3.491s] INFO:colcon.colcon_core.shell:Creating package script '/workspaces/ros_agv_pc/src/install/AGV_simulator_description/share/AGV_simulator_description/package.zsh'
[3.492s] Level 1:colcon.colcon_core.environment:create_file_with_runtime_dependencies(/workspaces/ros_agv_pc/src/install/AGV_simulator_description/share/colcon-core/packages/AGV_simulator_description)
[3.494s] DEBUG:colcon.colcon_core.event_handler.log_command:Invoked command in '/workspaces/ros_agv_pc/src/py_qt_app' returned '0': PYTHONPATH=/workspaces/ros_agv_pc/src/build/py_qt_app/prefix_override:/workspaces/ros_agv_pc/src/install/py_qt_app/lib/python3.10/site-packages:${PYTHONPATH} /usr/bin/python3 setup.py egg_info --egg-base ../build/py_qt_app build --build-base /workspaces/ros_agv_pc/src/build/py_qt_app/build install --record /workspaces/ros_agv_pc/src/build/py_qt_app/install.log --single-version-externally-managed
[3.507s] Level 1:colcon.colcon_core.environment:checking '/workspaces/ros_agv_pc/src/install/py_qt_app' for CMake module files
[3.508s] Level 1:colcon.colcon_core.environment:checking '/workspaces/ros_agv_pc/src/install/py_qt_app' for CMake config files
[3.508s] Level 1:colcon.colcon_core.environment:checking '/workspaces/ros_agv_pc/src/install/py_qt_app/lib'
[3.508s] Level 1:colcon.colcon_core.environment:checking '/workspaces/ros_agv_pc/src/install/py_qt_app/bin'
[3.508s] Level 1:colcon.colcon_core.environment:checking '/workspaces/ros_agv_pc/src/install/py_qt_app/lib/pkgconfig/py_qt_app.pc'
[3.508s] Level 1:colcon.colcon_core.environment:checking '/workspaces/ros_agv_pc/src/install/py_qt_app/lib/python3.10/site-packages'
[3.508s] Level 1:colcon.colcon_core.shell:create_environment_hook('py_qt_app', 'pythonpath')
[3.522s] INFO:colcon.colcon_core.shell:Creating environment hook '/workspaces/ros_agv_pc/src/install/py_qt_app/share/py_qt_app/hook/pythonpath.ps1'
[3.523s] INFO:colcon.colcon_core.shell:Creating environment descriptor '/workspaces/ros_agv_pc/src/install/py_qt_app/share/py_qt_app/hook/pythonpath.dsv'
[3.523s] INFO:colcon.colcon_core.shell:Creating environment hook '/workspaces/ros_agv_pc/src/install/py_qt_app/share/py_qt_app/hook/pythonpath.sh'
[3.524s] Level 1:colcon.colcon_core.environment:checking '/workspaces/ros_agv_pc/src/install/py_qt_app/bin'
[3.525s] Level 1:colcon.colcon_core.environment:create_environment_scripts_only(py_qt_app)
[3.536s] INFO:colcon.colcon_core.shell:Creating package script '/workspaces/ros_agv_pc/src/install/py_qt_app/share/py_qt_app/package.ps1'
[3.537s] INFO:colcon.colcon_core.shell:Creating package descriptor '/workspaces/ros_agv_pc/src/install/py_qt_app/share/py_qt_app/package.dsv'
[3.539s] INFO:colcon.colcon_core.shell:Creating package script '/workspaces/ros_agv_pc/src/install/py_qt_app/share/py_qt_app/package.sh'
[3.540s] INFO:colcon.colcon_core.shell:Creating package script '/workspaces/ros_agv_pc/src/install/py_qt_app/share/py_qt_app/package.bash'
[3.540s] INFO:colcon.colcon_core.shell:Creating package script '/workspaces/ros_agv_pc/src/install/py_qt_app/share/py_qt_app/package.zsh'
[3.541s] Level 1:colcon.colcon_core.environment:create_file_with_runtime_dependencies(/workspaces/ros_agv_pc/src/install/py_qt_app/share/colcon-core/packages/py_qt_app)
[3.542s] DEBUG:colcon.colcon_core.event_handler.log_command:Invoked command in '/workspaces/ros_agv_pc/src/textual_gui_pkg' returned '0': PYTHONPATH=/workspaces/ros_agv_pc/src/build/textual_gui_pkg/prefix_override:/workspaces/ros_agv_pc/src/install/textual_gui_pkg/lib/python3.10/site-packages:${PYTHONPATH} /usr/bin/python3 setup.py egg_info --egg-base ../build/textual_gui_pkg build --build-base /workspaces/ros_agv_pc/src/build/textual_gui_pkg/build install --record /workspaces/ros_agv_pc/src/build/textual_gui_pkg/install.log --single-version-externally-managed
[3.554s] Level 1:colcon.colcon_core.environment:checking '/workspaces/ros_agv_pc/src/install/textual_gui_pkg' for CMake module files
[3.555s] Level 1:colcon.colcon_core.environment:checking '/workspaces/ros_agv_pc/src/install/textual_gui_pkg' for CMake config files
[3.556s] Level 1:colcon.colcon_core.environment:checking '/workspaces/ros_agv_pc/src/install/textual_gui_pkg/lib'
[3.556s] Level 1:colcon.colcon_core.environment:checking '/workspaces/ros_agv_pc/src/install/textual_gui_pkg/bin'
[3.556s] Level 1:colcon.colcon_core.environment:checking '/workspaces/ros_agv_pc/src/install/textual_gui_pkg/lib/pkgconfig/textual_gui_pkg.pc'
[3.557s] Level 1:colcon.colcon_core.environment:checking '/workspaces/ros_agv_pc/src/install/textual_gui_pkg/lib/python3.10/site-packages'
[3.557s] Level 1:colcon.colcon_core.shell:create_environment_hook('textual_gui_pkg', 'pythonpath')
[3.569s] INFO:colcon.colcon_core.shell:Creating environment hook '/workspaces/ros_agv_pc/src/install/textual_gui_pkg/share/textual_gui_pkg/hook/pythonpath.ps1'
[3.571s] INFO:colcon.colcon_core.shell:Creating environment descriptor '/workspaces/ros_agv_pc/src/install/textual_gui_pkg/share/textual_gui_pkg/hook/pythonpath.dsv'
[3.572s] INFO:colcon.colcon_core.shell:Creating environment hook '/workspaces/ros_agv_pc/src/install/textual_gui_pkg/share/textual_gui_pkg/hook/pythonpath.sh'
[3.573s] Level 1:colcon.colcon_core.environment:checking '/workspaces/ros_agv_pc/src/install/textual_gui_pkg/bin'
[3.573s] Level 1:colcon.colcon_core.environment:create_environment_scripts_only(textual_gui_pkg)
[3.585s] INFO:colcon.colcon_core.shell:Creating package script '/workspaces/ros_agv_pc/src/install/textual_gui_pkg/share/textual_gui_pkg/package.ps1'
[3.586s] INFO:colcon.colcon_core.shell:Creating package descriptor '/workspaces/ros_agv_pc/src/install/textual_gui_pkg/share/textual_gui_pkg/package.dsv'
[3.587s] INFO:colcon.colcon_core.shell:Creating package script '/workspaces/ros_agv_pc/src/install/textual_gui_pkg/share/textual_gui_pkg/package.sh'
[3.587s] INFO:colcon.colcon_core.shell:Creating package script '/workspaces/ros_agv_pc/src/install/textual_gui_pkg/share/textual_gui_pkg/package.bash'
[3.588s] INFO:colcon.colcon_core.shell:Creating package script '/workspaces/ros_agv_pc/src/install/textual_gui_pkg/share/textual_gui_pkg/package.zsh'
[3.589s] Level 1:colcon.colcon_core.environment:create_file_with_runtime_dependencies(/workspaces/ros_agv_pc/src/install/textual_gui_pkg/share/colcon-core/packages/textual_gui_pkg)
[3.589s] DEBUG:colcon.colcon_parallel_executor.executor.parallel:closing loop
[3.590s] DEBUG:colcon.colcon_parallel_executor.executor.parallel:loop closed
[3.590s] DEBUG:colcon.colcon_parallel_executor.executor.parallel:run_until_complete finished with '0'
[3.591s] DEBUG:colcon.colcon_core.event_reactor:joining thread
[3.625s] INFO:colcon.colcon_core.plugin_system:Skipping extension 'colcon_notification.desktop_notification.notify_send': Could not find 'notify-send'
[3.625s] INFO:colcon.colcon_core.plugin_system:Skipping extension 'colcon_notification.desktop_notification.terminal_notifier': Not used on non-Darwin systems
[3.625s] INFO:colcon.colcon_core.plugin_system:Skipping extension 'colcon_notification.desktop_notification.win32': Not used on non-Windows systems
[3.625s] INFO:colcon.colcon_notification.desktop_notification:Sending desktop notification using 'notify2'
[3.629s] DEBUG:colcon.colcon_notification.desktop_notification.notify2:Failed to initialize notify2: org.freedesktop.DBus.Error.Spawn.ExecFailed: /usr/bin/dbus-launch terminated abnormally without any error message
[3.629s] DEBUG:colcon.colcon_core.event_reactor:joined thread
[3.643s] INFO:colcon.colcon_core.shell:Creating prefix script '/workspaces/ros_agv_pc/src/install/local_setup.ps1'
[3.645s] INFO:colcon.colcon_core.shell:Creating prefix util module '/workspaces/ros_agv_pc/src/install/_local_setup_util_ps1.py'
[3.649s] INFO:colcon.colcon_core.shell:Creating prefix chain script '/workspaces/ros_agv_pc/src/install/setup.ps1'
[3.662s] INFO:colcon.colcon_core.shell:Creating prefix script '/workspaces/ros_agv_pc/src/install/local_setup.sh'
[3.664s] INFO:colcon.colcon_core.shell:Creating prefix util module '/workspaces/ros_agv_pc/src/install/_local_setup_util_sh.py'
[3.665s] INFO:colcon.colcon_core.shell:Creating prefix chain script '/workspaces/ros_agv_pc/src/install/setup.sh'
[3.677s] INFO:colcon.colcon_core.shell:Creating prefix script '/workspaces/ros_agv_pc/src/install/local_setup.bash'
[3.680s] INFO:colcon.colcon_core.shell:Creating prefix chain script '/workspaces/ros_agv_pc/src/install/setup.bash'
[3.691s] INFO:colcon.colcon_core.shell:Creating prefix script '/workspaces/ros_agv_pc/src/install/local_setup.zsh'
[3.693s] INFO:colcon.colcon_core.shell:Creating prefix chain script '/workspaces/ros_agv_pc/src/install/setup.zsh'
