[0.421s] Invoking command in '/workspaces/ros_agv_pc/src/build/interfaces': CMAKE_PREFIX_PATH=/opt/ros/humble /usr/bin/cmake --build /workspaces/ros_agv_pc/src/build/interfaces -- -j8 -l8
[1.064s] [  6%] Built target interfaces__cpp
[1.065s] [ 12%] Built target interfaces__rosidl_generator_c
[1.065s] [ 12%] Built target ament_cmake_python_copy_interfaces
[1.065s] [ 22%] Built target interfaces__rosidl_typesupport_c
[1.065s] [ 32%] Built target interfaces__rosidl_typesupport_introspection_c
[1.065s] [ 41%] Built target interfaces__rosidl_typesupport_cpp
[1.065s] [ 51%] Built target interfaces__rosidl_typesupport_fastrtps_cpp
[1.065s] [ 61%] Built target interfaces__rosidl_typesupport_introspection_cpp
[1.065s] [ 70%] Built target interfaces__rosidl_typesupport_fastrtps_c
[1.065s] [ 70%] Built target interfaces
[1.066s] [ 74%] Built target interfaces__py
[1.066s] [ 80%] Built target interfaces__rosidl_generator_py
[1.066s] [ 87%] Built target interfaces__rosidl_typesupport_fastrtps_c__pyext
[1.066s] [ 93%] Built target interfaces__rosidl_typesupport_c__pyext
[1.066s] [100%] Built target interfaces__rosidl_typesupport_introspection_c__pyext
[1.066s] running egg_info
[1.066s] writing interfaces.egg-info/PKG-INFO
[1.066s] writing dependency_links to interfaces.egg-info/dependency_links.txt
[1.067s] writing top-level names to interfaces.egg-info/top_level.txt
[1.067s] reading manifest file 'interfaces.egg-info/SOURCES.txt'
[1.067s] writing manifest file 'interfaces.egg-info/SOURCES.txt'
[1.067s] [100%] Built target ament_cmake_python_build_interfaces_egg
[1.353s] Invoked command in '/workspaces/ros_agv_pc/src/build/interfaces' returned '0': CMAKE_PREFIX_PATH=/opt/ros/humble /usr/bin/cmake --build /workspaces/ros_agv_pc/src/build/interfaces -- -j8 -l8
[1.557s] Invoking command in '/workspaces/ros_agv_pc/src/build/interfaces': CMAKE_PREFIX_PATH=/opt/ros/humble /usr/bin/cmake --install /workspaces/ros_agv_pc/src/build/interfaces
[1.699s] -- Install configuration: ""
[1.699s] -- Up-to-date: /workspaces/ros_agv_pc/src/install/interfaces/share/ament_index/resource_index/rosidl_interfaces/interfaces
[1.699s] -- Up-to-date: /workspaces/ros_agv_pc/src/install/interfaces/include/interfaces/interfaces
[1.699s] -- Up-to-date: /workspaces/ros_agv_pc/src/install/interfaces/include/interfaces/interfaces/msg
[1.699s] -- Up-to-date: /workspaces/ros_agv_pc/src/install/interfaces/include/interfaces/interfaces/msg/rosidl_generator_c__visibility_control.h
[1.700s] -- Up-to-date: /workspaces/ros_agv_pc/src/install/interfaces/include/interfaces/interfaces/msg/steer.h
[1.700s] -- Up-to-date: /workspaces/ros_agv_pc/src/install/interfaces/include/interfaces/interfaces/msg/detail
[1.700s] -- Up-to-date: /workspaces/ros_agv_pc/src/install/interfaces/include/interfaces/interfaces/msg/detail/steer__functions.c
[1.700s] -- Up-to-date: /workspaces/ros_agv_pc/src/install/interfaces/include/interfaces/interfaces/msg/detail/steer__struct.h
[1.700s] -- Up-to-date: /workspaces/ros_agv_pc/src/install/interfaces/include/interfaces/interfaces/msg/detail/steer__type_support.h
[1.700s] -- Up-to-date: /workspaces/ros_agv_pc/src/install/interfaces/include/interfaces/interfaces/msg/detail/steer__functions.h
[1.700s] -- Up-to-date: /workspaces/ros_agv_pc/src/install/interfaces/share/interfaces/environment/library_path.sh
[1.700s] -- Up-to-date: /workspaces/ros_agv_pc/src/install/interfaces/share/interfaces/environment/library_path.dsv
[1.700s] -- Up-to-date: /workspaces/ros_agv_pc/src/install/interfaces/lib/libinterfaces__rosidl_generator_c.so
[1.700s] -- Up-to-date: /workspaces/ros_agv_pc/src/install/interfaces/include/interfaces/interfaces
[1.700s] -- Up-to-date: /workspaces/ros_agv_pc/src/install/interfaces/include/interfaces/interfaces/msg
[1.700s] -- Up-to-date: /workspaces/ros_agv_pc/src/install/interfaces/include/interfaces/interfaces/msg/rosidl_typesupport_fastrtps_c__visibility_control.h
[1.700s] -- Up-to-date: /workspaces/ros_agv_pc/src/install/interfaces/include/interfaces/interfaces/msg/detail
[1.701s] -- Up-to-date: /workspaces/ros_agv_pc/src/install/interfaces/include/interfaces/interfaces/msg/detail/steer__rosidl_typesupport_fastrtps_c.h
[1.701s] -- Up-to-date: /workspaces/ros_agv_pc/src/install/interfaces/lib/libinterfaces__rosidl_typesupport_fastrtps_c.so
[1.701s] -- Up-to-date: /workspaces/ros_agv_pc/src/install/interfaces/include/interfaces/interfaces
[1.701s] -- Up-to-date: /workspaces/ros_agv_pc/src/install/interfaces/include/interfaces/interfaces/msg
[1.701s] -- Up-to-date: /workspaces/ros_agv_pc/src/install/interfaces/include/interfaces/interfaces/msg/rosidl_typesupport_introspection_c__visibility_control.h
[1.701s] -- Up-to-date: /workspaces/ros_agv_pc/src/install/interfaces/include/interfaces/interfaces/msg/detail
[1.701s] -- Up-to-date: /workspaces/ros_agv_pc/src/install/interfaces/include/interfaces/interfaces/msg/detail/steer__type_support.c
[1.701s] -- Up-to-date: /workspaces/ros_agv_pc/src/install/interfaces/include/interfaces/interfaces/msg/detail/steer__rosidl_typesupport_introspection_c.h
[1.701s] -- Up-to-date: /workspaces/ros_agv_pc/src/install/interfaces/lib/libinterfaces__rosidl_typesupport_introspection_c.so
[1.701s] -- Up-to-date: /workspaces/ros_agv_pc/src/install/interfaces/lib/libinterfaces__rosidl_typesupport_c.so
[1.701s] -- Up-to-date: /workspaces/ros_agv_pc/src/install/interfaces/include/interfaces/interfaces
[1.701s] -- Up-to-date: /workspaces/ros_agv_pc/src/install/interfaces/include/interfaces/interfaces/msg
[1.701s] -- Up-to-date: /workspaces/ros_agv_pc/src/install/interfaces/include/interfaces/interfaces/msg/detail
[1.702s] -- Up-to-date: /workspaces/ros_agv_pc/src/install/interfaces/include/interfaces/interfaces/msg/detail/steer__struct.hpp
[1.702s] -- Up-to-date: /workspaces/ros_agv_pc/src/install/interfaces/include/interfaces/interfaces/msg/detail/steer__builder.hpp
[1.702s] -- Up-to-date: /workspaces/ros_agv_pc/src/install/interfaces/include/interfaces/interfaces/msg/detail/steer__traits.hpp
[1.702s] -- Up-to-date: /workspaces/ros_agv_pc/src/install/interfaces/include/interfaces/interfaces/msg/steer.hpp
[1.702s] -- Up-to-date: /workspaces/ros_agv_pc/src/install/interfaces/include/interfaces/interfaces
[1.702s] -- Up-to-date: /workspaces/ros_agv_pc/src/install/interfaces/include/interfaces/interfaces/msg
[1.710s] -- Up-to-date: /workspaces/ros_agv_pc/src/install/interfaces/include/interfaces/interfaces/msg/detail
[1.710s] -- Up-to-date: /workspaces/ros_agv_pc/src/install/interfaces/include/interfaces/interfaces/msg/detail/steer__rosidl_typesupport_fastrtps_cpp.hpp
[1.710s] -- Up-to-date: /workspaces/ros_agv_pc/src/install/interfaces/include/interfaces/interfaces/msg/detail/dds_fastrtps
[1.710s] -- Up-to-date: /workspaces/ros_agv_pc/src/install/interfaces/include/interfaces/interfaces/msg/rosidl_typesupport_fastrtps_cpp__visibility_control.h
[1.711s] -- Up-to-date: /workspaces/ros_agv_pc/src/install/interfaces/lib/libinterfaces__rosidl_typesupport_fastrtps_cpp.so
[1.711s] -- Up-to-date: /workspaces/ros_agv_pc/src/install/interfaces/include/interfaces/interfaces
[1.711s] -- Up-to-date: /workspaces/ros_agv_pc/src/install/interfaces/include/interfaces/interfaces/msg
[1.711s] -- Up-to-date: /workspaces/ros_agv_pc/src/install/interfaces/include/interfaces/interfaces/msg/detail
[1.711s] -- Up-to-date: /workspaces/ros_agv_pc/src/install/interfaces/include/interfaces/interfaces/msg/detail/steer__rosidl_typesupport_introspection_cpp.hpp
[1.711s] -- Up-to-date: /workspaces/ros_agv_pc/src/install/interfaces/include/interfaces/interfaces/msg/detail/steer__type_support.cpp
[1.711s] -- Up-to-date: /workspaces/ros_agv_pc/src/install/interfaces/lib/libinterfaces__rosidl_typesupport_introspection_cpp.so
[1.711s] -- Up-to-date: /workspaces/ros_agv_pc/src/install/interfaces/lib/libinterfaces__rosidl_typesupport_cpp.so
[1.711s] -- Up-to-date: /workspaces/ros_agv_pc/src/install/interfaces/share/interfaces/environment/pythonpath.sh
[1.711s] -- Up-to-date: /workspaces/ros_agv_pc/src/install/interfaces/share/interfaces/environment/pythonpath.dsv
[1.711s] -- Up-to-date: /workspaces/ros_agv_pc/src/install/interfaces/local/lib/python3.10/dist-packages/interfaces-0.0.0-py3.10.egg-info
[1.711s] -- Installing: /workspaces/ros_agv_pc/src/install/interfaces/local/lib/python3.10/dist-packages/interfaces-0.0.0-py3.10.egg-info/top_level.txt
[1.711s] -- Installing: /workspaces/ros_agv_pc/src/install/interfaces/local/lib/python3.10/dist-packages/interfaces-0.0.0-py3.10.egg-info/SOURCES.txt
[1.712s] -- Installing: /workspaces/ros_agv_pc/src/install/interfaces/local/lib/python3.10/dist-packages/interfaces-0.0.0-py3.10.egg-info/dependency_links.txt
[1.712s] -- Installing: /workspaces/ros_agv_pc/src/install/interfaces/local/lib/python3.10/dist-packages/interfaces-0.0.0-py3.10.egg-info/PKG-INFO
[1.712s] -- Up-to-date: /workspaces/ros_agv_pc/src/install/interfaces/local/lib/python3.10/dist-packages/interfaces
[1.712s] -- Up-to-date: /workspaces/ros_agv_pc/src/install/interfaces/local/lib/python3.10/dist-packages/interfaces/interfaces_s__rosidl_typesupport_introspection_c.cpython-310-x86_64-linux-gnu.so
[1.712s] -- Up-to-date: /workspaces/ros_agv_pc/src/install/interfaces/local/lib/python3.10/dist-packages/interfaces/_interfaces_s.ep.rosidl_typesupport_fastrtps_c.c
[1.712s] -- Up-to-date: /workspaces/ros_agv_pc/src/install/interfaces/local/lib/python3.10/dist-packages/interfaces/libinterfaces__rosidl_generator_py.so
[1.712s] -- Up-to-date: /workspaces/ros_agv_pc/src/install/interfaces/local/lib/python3.10/dist-packages/interfaces/msg
[1.712s] -- Up-to-date: /workspaces/ros_agv_pc/src/install/interfaces/local/lib/python3.10/dist-packages/interfaces/msg/_steer_s.c
[1.712s] -- Up-to-date: /workspaces/ros_agv_pc/src/install/interfaces/local/lib/python3.10/dist-packages/interfaces/msg/__init__.py
[1.712s] -- Up-to-date: /workspaces/ros_agv_pc/src/install/interfaces/local/lib/python3.10/dist-packages/interfaces/msg/_steer.py
[1.712s] -- Up-to-date: /workspaces/ros_agv_pc/src/install/interfaces/local/lib/python3.10/dist-packages/interfaces/interfaces_s__rosidl_typesupport_fastrtps_c.cpython-310-x86_64-linux-gnu.so
[1.713s] -- Up-to-date: /workspaces/ros_agv_pc/src/install/interfaces/local/lib/python3.10/dist-packages/interfaces/__init__.py
[1.713s] -- Up-to-date: /workspaces/ros_agv_pc/src/install/interfaces/local/lib/python3.10/dist-packages/interfaces/interfaces_s__rosidl_typesupport_c.cpython-310-x86_64-linux-gnu.so
[1.713s] -- Up-to-date: /workspaces/ros_agv_pc/src/install/interfaces/local/lib/python3.10/dist-packages/interfaces/_interfaces_s.ep.rosidl_typesupport_c.c
[1.713s] -- Up-to-date: /workspaces/ros_agv_pc/src/install/interfaces/local/lib/python3.10/dist-packages/interfaces/_interfaces_s.ep.rosidl_typesupport_introspection_c.c
[1.713s] Listing '/workspaces/ros_agv_pc/src/install/interfaces/local/lib/python3.10/dist-packages/interfaces'...
[1.713s] Listing '/workspaces/ros_agv_pc/src/install/interfaces/local/lib/python3.10/dist-packages/interfaces/msg'...
[1.713s] -- Up-to-date: /workspaces/ros_agv_pc/src/install/interfaces/local/lib/python3.10/dist-packages/interfaces/interfaces_s__rosidl_typesupport_fastrtps_c.cpython-310-x86_64-linux-gnu.so
[1.713s] -- Up-to-date: /workspaces/ros_agv_pc/src/install/interfaces/local/lib/python3.10/dist-packages/interfaces/interfaces_s__rosidl_typesupport_introspection_c.cpython-310-x86_64-linux-gnu.so
[1.713s] -- Up-to-date: /workspaces/ros_agv_pc/src/install/interfaces/local/lib/python3.10/dist-packages/interfaces/interfaces_s__rosidl_typesupport_c.cpython-310-x86_64-linux-gnu.so
[1.715s] -- Up-to-date: /workspaces/ros_agv_pc/src/install/interfaces/lib/libinterfaces__rosidl_generator_py.so
[1.715s] -- Up-to-date: /workspaces/ros_agv_pc/src/install/interfaces/share/interfaces/msg/Steer.idl
[1.715s] -- Up-to-date: /workspaces/ros_agv_pc/src/install/interfaces/share/interfaces/msg/Steer.msg
[1.715s] -- Up-to-date: /workspaces/ros_agv_pc/src/install/interfaces/share/ament_index/resource_index/package_run_dependencies/interfaces
[1.715s] -- Up-to-date: /workspaces/ros_agv_pc/src/install/interfaces/share/ament_index/resource_index/parent_prefix_path/interfaces
[1.715s] -- Up-to-date: /workspaces/ros_agv_pc/src/install/interfaces/share/interfaces/environment/ament_prefix_path.sh
[1.715s] -- Up-to-date: /workspaces/ros_agv_pc/src/install/interfaces/share/interfaces/environment/ament_prefix_path.dsv
[1.715s] -- Up-to-date: /workspaces/ros_agv_pc/src/install/interfaces/share/interfaces/environment/path.sh
[1.717s] -- Up-to-date: /workspaces/ros_agv_pc/src/install/interfaces/share/interfaces/environment/path.dsv
[1.717s] -- Up-to-date: /workspaces/ros_agv_pc/src/install/interfaces/share/interfaces/local_setup.bash
[1.717s] -- Up-to-date: /workspaces/ros_agv_pc/src/install/interfaces/share/interfaces/local_setup.sh
[1.717s] -- Up-to-date: /workspaces/ros_agv_pc/src/install/interfaces/share/interfaces/local_setup.zsh
[1.717s] -- Up-to-date: /workspaces/ros_agv_pc/src/install/interfaces/share/interfaces/local_setup.dsv
[1.717s] -- Installing: /workspaces/ros_agv_pc/src/install/interfaces/share/interfaces/package.dsv
[1.718s] -- Up-to-date: /workspaces/ros_agv_pc/src/install/interfaces/share/ament_index/resource_index/packages/interfaces
[1.718s] -- Up-to-date: /workspaces/ros_agv_pc/src/install/interfaces/share/interfaces/cmake/export_interfaces__rosidl_generator_cExport.cmake
[1.718s] -- Up-to-date: /workspaces/ros_agv_pc/src/install/interfaces/share/interfaces/cmake/export_interfaces__rosidl_generator_cExport-noconfig.cmake
[1.718s] -- Up-to-date: /workspaces/ros_agv_pc/src/install/interfaces/share/interfaces/cmake/export_interfaces__rosidl_typesupport_fastrtps_cExport.cmake
[1.718s] -- Up-to-date: /workspaces/ros_agv_pc/src/install/interfaces/share/interfaces/cmake/export_interfaces__rosidl_typesupport_fastrtps_cExport-noconfig.cmake
[1.718s] -- Up-to-date: /workspaces/ros_agv_pc/src/install/interfaces/share/interfaces/cmake/interfaces__rosidl_typesupport_introspection_cExport.cmake
[1.718s] -- Up-to-date: /workspaces/ros_agv_pc/src/install/interfaces/share/interfaces/cmake/interfaces__rosidl_typesupport_introspection_cExport-noconfig.cmake
[1.718s] -- Up-to-date: /workspaces/ros_agv_pc/src/install/interfaces/share/interfaces/cmake/interfaces__rosidl_typesupport_cExport.cmake
[1.718s] -- Up-to-date: /workspaces/ros_agv_pc/src/install/interfaces/share/interfaces/cmake/interfaces__rosidl_typesupport_cExport-noconfig.cmake
[1.719s] -- Up-to-date: /workspaces/ros_agv_pc/src/install/interfaces/share/interfaces/cmake/export_interfaces__rosidl_generator_cppExport.cmake
[1.719s] -- Up-to-date: /workspaces/ros_agv_pc/src/install/interfaces/share/interfaces/cmake/export_interfaces__rosidl_typesupport_fastrtps_cppExport.cmake
[1.719s] -- Up-to-date: /workspaces/ros_agv_pc/src/install/interfaces/share/interfaces/cmake/export_interfaces__rosidl_typesupport_fastrtps_cppExport-noconfig.cmake
[1.719s] -- Up-to-date: /workspaces/ros_agv_pc/src/install/interfaces/share/interfaces/cmake/interfaces__rosidl_typesupport_introspection_cppExport.cmake
[1.719s] -- Up-to-date: /workspaces/ros_agv_pc/src/install/interfaces/share/interfaces/cmake/interfaces__rosidl_typesupport_introspection_cppExport-noconfig.cmake
[1.719s] -- Up-to-date: /workspaces/ros_agv_pc/src/install/interfaces/share/interfaces/cmake/interfaces__rosidl_typesupport_cppExport.cmake
[1.719s] -- Up-to-date: /workspaces/ros_agv_pc/src/install/interfaces/share/interfaces/cmake/interfaces__rosidl_typesupport_cppExport-noconfig.cmake
[1.719s] -- Up-to-date: /workspaces/ros_agv_pc/src/install/interfaces/share/interfaces/cmake/export_interfaces__rosidl_generator_pyExport.cmake
[1.719s] -- Up-to-date: /workspaces/ros_agv_pc/src/install/interfaces/share/interfaces/cmake/export_interfaces__rosidl_generator_pyExport-noconfig.cmake
[1.719s] -- Up-to-date: /workspaces/ros_agv_pc/src/install/interfaces/share/interfaces/cmake/rosidl_cmake-extras.cmake
[1.719s] -- Up-to-date: /workspaces/ros_agv_pc/src/install/interfaces/share/interfaces/cmake/ament_cmake_export_include_directories-extras.cmake
[1.719s] -- Up-to-date: /workspaces/ros_agv_pc/src/install/interfaces/share/interfaces/cmake/ament_cmake_export_libraries-extras.cmake
[1.719s] -- Up-to-date: /workspaces/ros_agv_pc/src/install/interfaces/share/interfaces/cmake/ament_cmake_export_targets-extras.cmake
[1.719s] -- Up-to-date: /workspaces/ros_agv_pc/src/install/interfaces/share/interfaces/cmake/rosidl_cmake_export_typesupport_targets-extras.cmake
[1.720s] -- Up-to-date: /workspaces/ros_agv_pc/src/install/interfaces/share/interfaces/cmake/ament_cmake_export_dependencies-extras.cmake
[1.720s] -- Up-to-date: /workspaces/ros_agv_pc/src/install/interfaces/share/interfaces/cmake/rosidl_cmake_export_typesupport_libraries-extras.cmake
[1.720s] -- Up-to-date: /workspaces/ros_agv_pc/src/install/interfaces/share/interfaces/cmake/interfacesConfig.cmake
[1.720s] -- Up-to-date: /workspaces/ros_agv_pc/src/install/interfaces/share/interfaces/cmake/interfacesConfig-version.cmake
[1.724s] -- Up-to-date: /workspaces/ros_agv_pc/src/install/interfaces/share/interfaces/package.xml
[1.828s] Invoked command in '/workspaces/ros_agv_pc/src/build/interfaces' returned '0': CMAKE_PREFIX_PATH=/opt/ros/humble /usr/bin/cmake --install /workspaces/ros_agv_pc/src/build/interfaces
