[0.307s] Invoking command in '/workspaces/ros_agv_pc/src/build/agv_sensor_package': /usr/bin/cmake --build /workspaces/ros_agv_pc/src/build/agv_sensor_package -- -j8 -l8
[0.558s] [100%] Built target oak_d_publisher
[0.604s] Invoked command in '/workspaces/ros_agv_pc/src/build/agv_sensor_package' returned '0': /usr/bin/cmake --build /workspaces/ros_agv_pc/src/build/agv_sensor_package -- -j8 -l8
[0.677s] Invoking command in '/workspaces/ros_agv_pc/src/build/agv_sensor_package': /usr/bin/cmake --install /workspaces/ros_agv_pc/src/build/agv_sensor_package
[0.692s] -- Install configuration: ""
[0.692s] -- Up-to-date: /workspaces/ros_agv_pc/src/install/agv_sensor_package/lib/agv_sensor_package/oak_d_publisher
[0.692s] -- Up-to-date: /workspaces/ros_agv_pc/src/install/agv_sensor_package/share/ament_index/resource_index/package_run_dependencies/agv_sensor_package
[0.692s] -- Up-to-date: /workspaces/ros_agv_pc/src/install/agv_sensor_package/share/ament_index/resource_index/parent_prefix_path/agv_sensor_package
[0.692s] -- Up-to-date: /workspaces/ros_agv_pc/src/install/agv_sensor_package/share/agv_sensor_package/environment/ament_prefix_path.sh
[0.693s] -- Up-to-date: /workspaces/ros_agv_pc/src/install/agv_sensor_package/share/agv_sensor_package/environment/ament_prefix_path.dsv
[0.693s] -- Up-to-date: /workspaces/ros_agv_pc/src/install/agv_sensor_package/share/agv_sensor_package/environment/path.sh
[0.693s] -- Up-to-date: /workspaces/ros_agv_pc/src/install/agv_sensor_package/share/agv_sensor_package/environment/path.dsv
[0.693s] -- Up-to-date: /workspaces/ros_agv_pc/src/install/agv_sensor_package/share/agv_sensor_package/local_setup.bash
[0.693s] -- Up-to-date: /workspaces/ros_agv_pc/src/install/agv_sensor_package/share/agv_sensor_package/local_setup.sh
[0.693s] -- Up-to-date: /workspaces/ros_agv_pc/src/install/agv_sensor_package/share/agv_sensor_package/local_setup.zsh
[0.693s] -- Up-to-date: /workspaces/ros_agv_pc/src/install/agv_sensor_package/share/agv_sensor_package/local_setup.dsv
[0.693s] -- Installing: /workspaces/ros_agv_pc/src/install/agv_sensor_package/share/agv_sensor_package/package.dsv
[0.694s] -- Up-to-date: /workspaces/ros_agv_pc/src/install/agv_sensor_package/share/ament_index/resource_index/packages/agv_sensor_package
[0.694s] -- Up-to-date: /workspaces/ros_agv_pc/src/install/agv_sensor_package/share/agv_sensor_package/cmake/agv_sensor_packageConfig.cmake
[0.694s] -- Up-to-date: /workspaces/ros_agv_pc/src/install/agv_sensor_package/share/agv_sensor_package/cmake/agv_sensor_packageConfig-version.cmake
[0.694s] -- Up-to-date: /workspaces/ros_agv_pc/src/install/agv_sensor_package/share/agv_sensor_package/package.xml
[0.794s] Invoked command in '/workspaces/ros_agv_pc/src/build/agv_sensor_package' returned '0': /usr/bin/cmake --install /workspaces/ros_agv_pc/src/build/agv_sensor_package
