[0.492s] Invoking command in '/workspaces/ros_agv_pc/src/build/agv_mcu_package': CMAKE_PREFIX_PATH=/opt/ros/humble /usr/bin/cmake --build /workspaces/ros_agv_pc/src/build/agv_mcu_package -- -j8 -l8
[1.094s] -- Found ament_cmake: 1.3.7 (/opt/ros/humble/share/ament_cmake/cmake)
[6.230s] -- Found ament_lint_auto: 0.12.10 (/opt/ros/humble/share/ament_lint_auto/cmake)
[6.338s] -- Added test 'cppcheck' to perform static code analysis on C / C++ code
[6.339s] -- Configured cppcheck include dirs: $<BUILD_INTERFACE:/workspaces/ros_agv_pc/src/agv_mcu_package/include>
[6.339s] -- Configured cppcheck exclude dirs and/or files: 
[6.340s] -- Added test 'lint_cmake' to check CMake code style
[6.342s] -- Added test 'uncrustify' to check C / C++ code style
[6.343s] -- Configured uncrustify additional arguments: 
[6.343s] -- Added test 'xmllint' to check XML markup files
[6.347s] -- Configuring done
[6.354s] -- Generating done
[6.355s] -- Build files have been written to: /workspaces/ros_agv_pc/src/build/agv_mcu_package
[6.381s] [35m[1mConsolidate compiler generated dependencies of target stm32_bridge[0m
[6.397s] [100%] Built target stm32_bridge
[6.411s] Invoked command in '/workspaces/ros_agv_pc/src/build/agv_mcu_package' returned '0': CMAKE_PREFIX_PATH=/opt/ros/humble /usr/bin/cmake --build /workspaces/ros_agv_pc/src/build/agv_mcu_package -- -j8 -l8
[6.450s] Invoking command in '/workspaces/ros_agv_pc/src/build/agv_mcu_package': CMAKE_PREFIX_PATH=/opt/ros/humble /usr/bin/cmake --install /workspaces/ros_agv_pc/src/build/agv_mcu_package
[6.463s] -- Install configuration: ""
[6.464s] -- Up-to-date: /workspaces/ros_agv_pc/src/install/agv_mcu_package/lib/agv_mcu_package/stm32_bridge
[6.464s] -- Up-to-date: /workspaces/ros_agv_pc/src/install/agv_mcu_package/share/ament_index/resource_index/package_run_dependencies/agv_mcu_package
[6.464s] -- Up-to-date: /workspaces/ros_agv_pc/src/install/agv_mcu_package/share/ament_index/resource_index/parent_prefix_path/agv_mcu_package
[6.464s] -- Installing: /workspaces/ros_agv_pc/src/install/agv_mcu_package/share/agv_mcu_package/environment/ament_prefix_path.sh
[6.464s] -- Installing: /workspaces/ros_agv_pc/src/install/agv_mcu_package/share/agv_mcu_package/environment/ament_prefix_path.dsv
[6.465s] -- Installing: /workspaces/ros_agv_pc/src/install/agv_mcu_package/share/agv_mcu_package/environment/path.sh
[6.465s] -- Installing: /workspaces/ros_agv_pc/src/install/agv_mcu_package/share/agv_mcu_package/environment/path.dsv
[6.465s] -- Up-to-date: /workspaces/ros_agv_pc/src/install/agv_mcu_package/share/agv_mcu_package/local_setup.bash
[6.466s] -- Up-to-date: /workspaces/ros_agv_pc/src/install/agv_mcu_package/share/agv_mcu_package/local_setup.sh
[6.466s] -- Up-to-date: /workspaces/ros_agv_pc/src/install/agv_mcu_package/share/agv_mcu_package/local_setup.zsh
[6.466s] -- Installing: /workspaces/ros_agv_pc/src/install/agv_mcu_package/share/agv_mcu_package/local_setup.dsv
[6.466s] -- Installing: /workspaces/ros_agv_pc/src/install/agv_mcu_package/share/agv_mcu_package/package.dsv
[6.466s] -- Up-to-date: /workspaces/ros_agv_pc/src/install/agv_mcu_package/share/ament_index/resource_index/packages/agv_mcu_package
[6.466s] -- Up-to-date: /workspaces/ros_agv_pc/src/install/agv_mcu_package/share/agv_mcu_package/cmake/agv_mcu_packageConfig.cmake
[6.466s] -- Up-to-date: /workspaces/ros_agv_pc/src/install/agv_mcu_package/share/agv_mcu_package/cmake/agv_mcu_packageConfig-version.cmake
[6.466s] -- Up-to-date: /workspaces/ros_agv_pc/src/install/agv_mcu_package/share/agv_mcu_package/package.xml
[6.469s] Invoked command in '/workspaces/ros_agv_pc/src/build/agv_mcu_package' returned '0': CMAKE_PREFIX_PATH=/opt/ros/humble /usr/bin/cmake --install /workspaces/ros_agv_pc/src/build/agv_mcu_package
