[0.666s] DEBUG:colcon:Command line arguments: ['/usr/bin/colcon', 'build']
[0.667s] DEBUG:colcon:Parsed command line arguments: Namespace(log_base=None, log_level=None, verb_name='build', build_base='build', install_base='install', merge_install=False, symlink_install=False, test_result_base=None, continue_on_error=False, executor='parallel', parallel_workers=8, event_handlers=None, ignore_user_meta=False, metas=['./colcon.meta'], base_paths=['.'], packages_ignore=None, packages_ignore_regex=None, paths=None, packages_up_to=None, packages_up_to_regex=None, packages_above=None, packages_above_and_dependencies=None, packages_above_depth=None, packages_select_by_dep=None, packages_skip_by_dep=None, packages_skip_up_to=None, packages_select_build_failed=False, packages_skip_build_finished=False, packages_select_test_failures=False, packages_skip_test_passed=False, packages_select=None, packages_skip=None, packages_select_regex=None, packages_skip_regex=None, packages_start=None, packages_end=None, cmake_args=None, cmake_target=None, cmake_target_skip_unavailable=False, cmake_clean_cache=False, cmake_clean_first=False, cmake_force_configure=False, ament_cmake_args=None, catkin_cmake_args=None, catkin_skip_building_tests=False, mixin_files=None, mixin=None, verb_parser=<colcon_mixin.mixin.mixin_argument.MixinArgumentDecorator object at 0x7fda52945600>, verb_extension=<colcon_core.verb.build.BuildVerb object at 0x7fda52945720>, main=<bound method BuildVerb.main of <colcon_core.verb.build.BuildVerb object at 0x7fda52945720>>, mixin_verb=('build',))
[0.736s] Level 1:colcon.colcon_core.package_discovery:discover_packages(colcon_meta) check parameters
[0.738s] INFO:colcon.colcon_metadata.package_discovery.colcon_meta:Using configuration from '/root/.colcon/metadata/default/Gazebo.meta'
[0.739s] INFO:colcon.colcon_metadata.package_discovery.colcon_meta:Using configuration from '/root/.colcon/metadata/default/fastrtps.meta'
[0.739s] Level 1:colcon.colcon_core.package_discovery:discover_packages(recursive) check parameters
[0.739s] Level 1:colcon.colcon_core.package_discovery:discover_packages(ignore) check parameters
[0.739s] Level 1:colcon.colcon_core.package_discovery:discover_packages(path) check parameters
[0.739s] Level 1:colcon.colcon_core.package_discovery:discover_packages(colcon_meta) discover
[0.739s] Level 1:colcon.colcon_core.package_discovery:discover_packages(recursive) discover
[0.740s] INFO:colcon.colcon_core.package_discovery:Crawling recursively for packages in '/workspaces/ros_agv_pc/src'
[0.740s] Level 1:colcon.colcon_core.package_identification:_identify(.) by extensions ['ignore', 'ignore_ament_install']
[0.740s] Level 1:colcon.colcon_core.package_identification:_identify(.) by extension 'ignore'
[0.740s] Level 1:colcon.colcon_core.package_identification:_identify(.) by extension 'ignore_ament_install'
[0.740s] Level 1:colcon.colcon_core.package_identification:_identify(.) by extensions ['colcon_pkg']
[0.740s] Level 1:colcon.colcon_core.package_identification:_identify(.) by extension 'colcon_pkg'
[0.740s] Level 1:colcon.colcon_core.package_identification:_identify(.) by extensions ['colcon_meta']
[0.740s] Level 1:colcon.colcon_core.package_identification:_identify(.) by extension 'colcon_meta'
[0.740s] Level 1:colcon.colcon_core.package_identification:_identify(.) by extensions ['ros']
[0.740s] Level 1:colcon.colcon_core.package_identification:_identify(.) by extension 'ros'
[0.807s] Level 1:colcon.colcon_core.package_identification:_identify(.) by extensions ['cmake', 'python']
[0.808s] Level 1:colcon.colcon_core.package_identification:_identify(.) by extension 'cmake'
[0.808s] Level 1:colcon.colcon_core.package_identification:_identify(.) by extension 'python'
[0.809s] Level 1:colcon.colcon_core.package_identification:_identify(.) by extensions ['python_setup_py']
[0.809s] Level 1:colcon.colcon_core.package_identification:_identify(.) by extension 'python_setup_py'
[0.810s] Level 1:colcon.colcon_core.package_identification:_identify(AGV_simulator_description) by extensions ['ignore', 'ignore_ament_install']
[0.810s] Level 1:colcon.colcon_core.package_identification:_identify(AGV_simulator_description) by extension 'ignore'
[0.811s] Level 1:colcon.colcon_core.package_identification:_identify(AGV_simulator_description) by extension 'ignore_ament_install'
[0.811s] Level 1:colcon.colcon_core.package_identification:_identify(AGV_simulator_description) by extensions ['colcon_pkg']
[0.812s] Level 1:colcon.colcon_core.package_identification:_identify(AGV_simulator_description) by extension 'colcon_pkg'
[0.812s] Level 1:colcon.colcon_core.package_identification:_identify(AGV_simulator_description) by extensions ['colcon_meta']
[0.812s] Level 1:colcon.colcon_core.package_identification:_identify(AGV_simulator_description) by extension 'colcon_meta'
[0.812s] Level 1:colcon.colcon_core.package_identification:_identify(AGV_simulator_description) by extensions ['ros']
[0.812s] Level 1:colcon.colcon_core.package_identification:_identify(AGV_simulator_description) by extension 'ros'
[0.825s] DEBUG:colcon.colcon_core.package_identification:Package 'AGV_simulator_description' with type 'ros.ament_python' and name 'AGV_simulator_description'
[0.825s] Level 1:colcon.colcon_core.package_identification:_identify(agv_mcu_package) by extensions ['ignore', 'ignore_ament_install']
[0.826s] Level 1:colcon.colcon_core.package_identification:_identify(agv_mcu_package) by extension 'ignore'
[0.826s] Level 1:colcon.colcon_core.package_identification:_identify(agv_mcu_package) by extension 'ignore_ament_install'
[0.826s] Level 1:colcon.colcon_core.package_identification:_identify(agv_mcu_package) by extensions ['colcon_pkg']
[0.826s] Level 1:colcon.colcon_core.package_identification:_identify(agv_mcu_package) by extension 'colcon_pkg'
[0.826s] Level 1:colcon.colcon_core.package_identification:_identify(agv_mcu_package) by extensions ['colcon_meta']
[0.826s] Level 1:colcon.colcon_core.package_identification:_identify(agv_mcu_package) by extension 'colcon_meta'
[0.826s] Level 1:colcon.colcon_core.package_identification:_identify(agv_mcu_package) by extensions ['ros']
[0.826s] Level 1:colcon.colcon_core.package_identification:_identify(agv_mcu_package) by extension 'ros'
[0.830s] DEBUG:colcon.colcon_core.package_identification:Package 'agv_mcu_package' with type 'ros.ament_cmake' and name 'agv_mcu_package'
[0.832s] Level 1:colcon.colcon_core.package_identification:_identify(agv_sensor_package) by extensions ['ignore', 'ignore_ament_install']
[0.833s] Level 1:colcon.colcon_core.package_identification:_identify(agv_sensor_package) by extension 'ignore'
[0.834s] Level 1:colcon.colcon_core.package_identification:_identify(agv_sensor_package) by extension 'ignore_ament_install'
[0.836s] Level 1:colcon.colcon_core.package_identification:_identify(agv_sensor_package) by extensions ['colcon_pkg']
[0.837s] Level 1:colcon.colcon_core.package_identification:_identify(agv_sensor_package) by extension 'colcon_pkg'
[0.838s] Level 1:colcon.colcon_core.package_identification:_identify(agv_sensor_package) by extensions ['colcon_meta']
[0.838s] Level 1:colcon.colcon_core.package_identification:_identify(agv_sensor_package) by extension 'colcon_meta'
[0.838s] Level 1:colcon.colcon_core.package_identification:_identify(agv_sensor_package) by extensions ['ros']
[0.838s] Level 1:colcon.colcon_core.package_identification:_identify(agv_sensor_package) by extension 'ros'
[0.843s] DEBUG:colcon.colcon_core.package_identification:Package 'agv_sensor_package' with type 'ros.ament_cmake' and name 'agv_sensor_package'
[0.843s] Level 1:colcon.colcon_core.package_identification:_identify(build) by extensions ['ignore', 'ignore_ament_install']
[0.844s] Level 1:colcon.colcon_core.package_identification:_identify(build) by extension 'ignore'
[0.844s] Level 1:colcon.colcon_core.package_identification:_identify(build) ignored
[0.844s] Level 1:colcon.colcon_core.package_identification:_identify(cpp_qt_app) by extensions ['ignore', 'ignore_ament_install']
[0.845s] Level 1:colcon.colcon_core.package_identification:_identify(cpp_qt_app) by extension 'ignore'
[0.845s] Level 1:colcon.colcon_core.package_identification:_identify(cpp_qt_app) by extension 'ignore_ament_install'
[0.845s] Level 1:colcon.colcon_core.package_identification:_identify(cpp_qt_app) by extensions ['colcon_pkg']
[0.845s] Level 1:colcon.colcon_core.package_identification:_identify(cpp_qt_app) by extension 'colcon_pkg'
[0.845s] Level 1:colcon.colcon_core.package_identification:_identify(cpp_qt_app) by extensions ['colcon_meta']
[0.845s] Level 1:colcon.colcon_core.package_identification:_identify(cpp_qt_app) by extension 'colcon_meta'
[0.845s] Level 1:colcon.colcon_core.package_identification:_identify(cpp_qt_app) by extensions ['ros']
[0.846s] Level 1:colcon.colcon_core.package_identification:_identify(cpp_qt_app) by extension 'ros'
[0.847s] DEBUG:colcon.colcon_core.package_identification:Package 'cpp_qt_app' with type 'ros.ament_cmake' and name 'cpp_qt_app'
[0.848s] Level 1:colcon.colcon_core.package_identification:_identify(install) by extensions ['ignore', 'ignore_ament_install']
[0.848s] Level 1:colcon.colcon_core.package_identification:_identify(install) by extension 'ignore'
[0.848s] Level 1:colcon.colcon_core.package_identification:_identify(install) ignored
[0.849s] Level 1:colcon.colcon_core.package_identification:_identify(log) by extensions ['ignore', 'ignore_ament_install']
[0.849s] Level 1:colcon.colcon_core.package_identification:_identify(log) by extension 'ignore'
[0.849s] Level 1:colcon.colcon_core.package_identification:_identify(log) ignored
[0.849s] Level 1:colcon.colcon_core.package_identification:_identify(publisher_pkg) by extensions ['ignore', 'ignore_ament_install']
[0.849s] Level 1:colcon.colcon_core.package_identification:_identify(publisher_pkg) by extension 'ignore'
[0.850s] Level 1:colcon.colcon_core.package_identification:_identify(publisher_pkg) by extension 'ignore_ament_install'
[0.850s] Level 1:colcon.colcon_core.package_identification:_identify(publisher_pkg) by extensions ['colcon_pkg']
[0.850s] Level 1:colcon.colcon_core.package_identification:_identify(publisher_pkg) by extension 'colcon_pkg'
[0.850s] Level 1:colcon.colcon_core.package_identification:_identify(publisher_pkg) by extensions ['colcon_meta']
[0.850s] Level 1:colcon.colcon_core.package_identification:_identify(publisher_pkg) by extension 'colcon_meta'
[0.850s] Level 1:colcon.colcon_core.package_identification:_identify(publisher_pkg) by extensions ['ros']
[0.851s] Level 1:colcon.colcon_core.package_identification:_identify(publisher_pkg) by extension 'ros'
[0.857s] DEBUG:colcon.colcon_core.package_identification:Package 'publisher_pkg' with type 'ros.ament_cmake' and name 'publisher_pkg'
[0.857s] Level 1:colcon.colcon_core.package_identification:_identify(py_qt_app) by extensions ['ignore', 'ignore_ament_install']
[0.857s] Level 1:colcon.colcon_core.package_identification:_identify(py_qt_app) by extension 'ignore'
[0.858s] Level 1:colcon.colcon_core.package_identification:_identify(py_qt_app) by extension 'ignore_ament_install'
[0.858s] Level 1:colcon.colcon_core.package_identification:_identify(py_qt_app) by extensions ['colcon_pkg']
[0.858s] Level 1:colcon.colcon_core.package_identification:_identify(py_qt_app) by extension 'colcon_pkg'
[0.858s] Level 1:colcon.colcon_core.package_identification:_identify(py_qt_app) by extensions ['colcon_meta']
[0.858s] Level 1:colcon.colcon_core.package_identification:_identify(py_qt_app) by extension 'colcon_meta'
[0.858s] Level 1:colcon.colcon_core.package_identification:_identify(py_qt_app) by extensions ['ros']
[0.858s] Level 1:colcon.colcon_core.package_identification:_identify(py_qt_app) by extension 'ros'
[0.860s] DEBUG:colcon.colcon_core.package_identification:Package 'py_qt_app' with type 'ros.ament_python' and name 'py_qt_app'
[0.860s] Level 1:colcon.colcon_core.package_discovery:discover_packages(recursive) using defaults
[0.861s] Level 1:colcon.colcon_core.package_discovery:discover_packages(ignore) discover
[0.861s] Level 1:colcon.colcon_core.package_discovery:discover_packages(ignore) using defaults
[0.861s] Level 1:colcon.colcon_core.package_discovery:discover_packages(path) discover
[0.861s] Level 1:colcon.colcon_core.package_discovery:discover_packages(path) using defaults
[1.051s] Level 5:colcon.colcon_core.verb:set package 'AGV_simulator_description' build argument 'cmake_args' from command line to 'None'
[1.051s] Level 5:colcon.colcon_core.verb:set package 'AGV_simulator_description' build argument 'cmake_target' from command line to 'None'
[1.051s] Level 5:colcon.colcon_core.verb:set package 'AGV_simulator_description' build argument 'cmake_target_skip_unavailable' from command line to 'False'
[1.052s] Level 5:colcon.colcon_core.verb:set package 'AGV_simulator_description' build argument 'cmake_clean_cache' from command line to 'False'
[1.052s] Level 5:colcon.colcon_core.verb:set package 'AGV_simulator_description' build argument 'cmake_clean_first' from command line to 'False'
[1.052s] Level 5:colcon.colcon_core.verb:set package 'AGV_simulator_description' build argument 'cmake_force_configure' from command line to 'False'
[1.052s] Level 5:colcon.colcon_core.verb:set package 'AGV_simulator_description' build argument 'ament_cmake_args' from command line to 'None'
[1.052s] Level 5:colcon.colcon_core.verb:set package 'AGV_simulator_description' build argument 'catkin_cmake_args' from command line to 'None'
[1.052s] Level 5:colcon.colcon_core.verb:set package 'AGV_simulator_description' build argument 'catkin_skip_building_tests' from command line to 'False'
[1.052s] DEBUG:colcon.colcon_core.verb:Building package 'AGV_simulator_description' with the following arguments: {'ament_cmake_args': None, 'build_base': '/workspaces/ros_agv_pc/src/build/AGV_simulator_description', 'catkin_cmake_args': None, 'catkin_skip_building_tests': False, 'cmake_args': None, 'cmake_clean_cache': False, 'cmake_clean_first': False, 'cmake_force_configure': False, 'cmake_target': None, 'cmake_target_skip_unavailable': False, 'install_base': '/workspaces/ros_agv_pc/src/install/AGV_simulator_description', 'merge_install': False, 'path': '/workspaces/ros_agv_pc/src/AGV_simulator_description', 'symlink_install': False, 'test_result_base': None}
[1.068s] Level 5:colcon.colcon_core.verb:set package 'agv_mcu_package' build argument 'cmake_args' from command line to 'None'
[1.068s] Level 5:colcon.colcon_core.verb:set package 'agv_mcu_package' build argument 'cmake_target' from command line to 'None'
[1.069s] Level 5:colcon.colcon_core.verb:set package 'agv_mcu_package' build argument 'cmake_target_skip_unavailable' from command line to 'False'
[1.069s] Level 5:colcon.colcon_core.verb:set package 'agv_mcu_package' build argument 'cmake_clean_cache' from command line to 'False'
[1.069s] Level 5:colcon.colcon_core.verb:set package 'agv_mcu_package' build argument 'cmake_clean_first' from command line to 'False'
[1.069s] Level 5:colcon.colcon_core.verb:set package 'agv_mcu_package' build argument 'cmake_force_configure' from command line to 'False'
[1.069s] Level 5:colcon.colcon_core.verb:set package 'agv_mcu_package' build argument 'ament_cmake_args' from command line to 'None'
[1.069s] Level 5:colcon.colcon_core.verb:set package 'agv_mcu_package' build argument 'catkin_cmake_args' from command line to 'None'
[1.069s] Level 5:colcon.colcon_core.verb:set package 'agv_mcu_package' build argument 'catkin_skip_building_tests' from command line to 'False'
[1.069s] DEBUG:colcon.colcon_core.verb:Building package 'agv_mcu_package' with the following arguments: {'ament_cmake_args': None, 'build_base': '/workspaces/ros_agv_pc/src/build/agv_mcu_package', 'catkin_cmake_args': None, 'catkin_skip_building_tests': False, 'cmake_args': None, 'cmake_clean_cache': False, 'cmake_clean_first': False, 'cmake_force_configure': False, 'cmake_target': None, 'cmake_target_skip_unavailable': False, 'install_base': '/workspaces/ros_agv_pc/src/install/agv_mcu_package', 'merge_install': False, 'path': '/workspaces/ros_agv_pc/src/agv_mcu_package', 'symlink_install': False, 'test_result_base': None}
[1.082s] Level 5:colcon.colcon_core.verb:set package 'agv_sensor_package' build argument 'cmake_args' from command line to 'None'
[1.082s] Level 5:colcon.colcon_core.verb:set package 'agv_sensor_package' build argument 'cmake_target' from command line to 'None'
[1.082s] Level 5:colcon.colcon_core.verb:set package 'agv_sensor_package' build argument 'cmake_target_skip_unavailable' from command line to 'False'
[1.082s] Level 5:colcon.colcon_core.verb:set package 'agv_sensor_package' build argument 'cmake_clean_cache' from command line to 'False'
[1.082s] Level 5:colcon.colcon_core.verb:set package 'agv_sensor_package' build argument 'cmake_clean_first' from command line to 'False'
[1.082s] Level 5:colcon.colcon_core.verb:set package 'agv_sensor_package' build argument 'cmake_force_configure' from command line to 'False'
[1.082s] Level 5:colcon.colcon_core.verb:set package 'agv_sensor_package' build argument 'ament_cmake_args' from command line to 'None'
[1.082s] Level 5:colcon.colcon_core.verb:set package 'agv_sensor_package' build argument 'catkin_cmake_args' from command line to 'None'
[1.082s] Level 5:colcon.colcon_core.verb:set package 'agv_sensor_package' build argument 'catkin_skip_building_tests' from command line to 'False'
[1.083s] DEBUG:colcon.colcon_core.verb:Building package 'agv_sensor_package' with the following arguments: {'ament_cmake_args': None, 'build_base': '/workspaces/ros_agv_pc/src/build/agv_sensor_package', 'catkin_cmake_args': None, 'catkin_skip_building_tests': False, 'cmake_args': None, 'cmake_clean_cache': False, 'cmake_clean_first': False, 'cmake_force_configure': False, 'cmake_target': None, 'cmake_target_skip_unavailable': False, 'install_base': '/workspaces/ros_agv_pc/src/install/agv_sensor_package', 'merge_install': False, 'path': '/workspaces/ros_agv_pc/src/agv_sensor_package', 'symlink_install': False, 'test_result_base': None}
[1.095s] Level 5:colcon.colcon_core.verb:set package 'cpp_qt_app' build argument 'cmake_args' from command line to 'None'
[1.095s] Level 5:colcon.colcon_core.verb:set package 'cpp_qt_app' build argument 'cmake_target' from command line to 'None'
[1.095s] Level 5:colcon.colcon_core.verb:set package 'cpp_qt_app' build argument 'cmake_target_skip_unavailable' from command line to 'False'
[1.095s] Level 5:colcon.colcon_core.verb:set package 'cpp_qt_app' build argument 'cmake_clean_cache' from command line to 'False'
[1.095s] Level 5:colcon.colcon_core.verb:set package 'cpp_qt_app' build argument 'cmake_clean_first' from command line to 'False'
[1.095s] Level 5:colcon.colcon_core.verb:set package 'cpp_qt_app' build argument 'cmake_force_configure' from command line to 'False'
[1.095s] Level 5:colcon.colcon_core.verb:set package 'cpp_qt_app' build argument 'ament_cmake_args' from command line to 'None'
[1.095s] Level 5:colcon.colcon_core.verb:set package 'cpp_qt_app' build argument 'catkin_cmake_args' from command line to 'None'
[1.095s] Level 5:colcon.colcon_core.verb:set package 'cpp_qt_app' build argument 'catkin_skip_building_tests' from command line to 'False'
[1.095s] DEBUG:colcon.colcon_core.verb:Building package 'cpp_qt_app' with the following arguments: {'ament_cmake_args': None, 'build_base': '/workspaces/ros_agv_pc/src/build/cpp_qt_app', 'catkin_cmake_args': None, 'catkin_skip_building_tests': False, 'cmake_args': None, 'cmake_clean_cache': False, 'cmake_clean_first': False, 'cmake_force_configure': False, 'cmake_target': None, 'cmake_target_skip_unavailable': False, 'install_base': '/workspaces/ros_agv_pc/src/install/cpp_qt_app', 'merge_install': False, 'path': '/workspaces/ros_agv_pc/src/cpp_qt_app', 'symlink_install': False, 'test_result_base': None}
[1.116s] Level 5:colcon.colcon_core.verb:set package 'publisher_pkg' build argument 'cmake_args' from command line to 'None'
[1.117s] Level 5:colcon.colcon_core.verb:set package 'publisher_pkg' build argument 'cmake_target' from command line to 'None'
[1.117s] Level 5:colcon.colcon_core.verb:set package 'publisher_pkg' build argument 'cmake_target_skip_unavailable' from command line to 'False'
[1.118s] Level 5:colcon.colcon_core.verb:set package 'publisher_pkg' build argument 'cmake_clean_cache' from command line to 'False'
[1.119s] Level 5:colcon.colcon_core.verb:set package 'publisher_pkg' build argument 'cmake_clean_first' from command line to 'False'
[1.120s] Level 5:colcon.colcon_core.verb:set package 'publisher_pkg' build argument 'cmake_force_configure' from command line to 'False'
[1.120s] Level 5:colcon.colcon_core.verb:set package 'publisher_pkg' build argument 'ament_cmake_args' from command line to 'None'
[1.120s] Level 5:colcon.colcon_core.verb:set package 'publisher_pkg' build argument 'catkin_cmake_args' from command line to 'None'
[1.121s] Level 5:colcon.colcon_core.verb:set package 'publisher_pkg' build argument 'catkin_skip_building_tests' from command line to 'False'
[1.121s] DEBUG:colcon.colcon_core.verb:Building package 'publisher_pkg' with the following arguments: {'ament_cmake_args': None, 'build_base': '/workspaces/ros_agv_pc/src/build/publisher_pkg', 'catkin_cmake_args': None, 'catkin_skip_building_tests': False, 'cmake_args': None, 'cmake_clean_cache': False, 'cmake_clean_first': False, 'cmake_force_configure': False, 'cmake_target': None, 'cmake_target_skip_unavailable': False, 'install_base': '/workspaces/ros_agv_pc/src/install/publisher_pkg', 'merge_install': False, 'path': '/workspaces/ros_agv_pc/src/publisher_pkg', 'symlink_install': False, 'test_result_base': None}
[1.138s] Level 5:colcon.colcon_core.verb:set package 'py_qt_app' build argument 'cmake_args' from command line to 'None'
[1.139s] Level 5:colcon.colcon_core.verb:set package 'py_qt_app' build argument 'cmake_target' from command line to 'None'
[1.139s] Level 5:colcon.colcon_core.verb:set package 'py_qt_app' build argument 'cmake_target_skip_unavailable' from command line to 'False'
[1.140s] Level 5:colcon.colcon_core.verb:set package 'py_qt_app' build argument 'cmake_clean_cache' from command line to 'False'
[1.140s] Level 5:colcon.colcon_core.verb:set package 'py_qt_app' build argument 'cmake_clean_first' from command line to 'False'
[1.140s] Level 5:colcon.colcon_core.verb:set package 'py_qt_app' build argument 'cmake_force_configure' from command line to 'False'
[1.140s] Level 5:colcon.colcon_core.verb:set package 'py_qt_app' build argument 'ament_cmake_args' from command line to 'None'
[1.141s] Level 5:colcon.colcon_core.verb:set package 'py_qt_app' build argument 'catkin_cmake_args' from command line to 'None'
[1.141s] Level 5:colcon.colcon_core.verb:set package 'py_qt_app' build argument 'catkin_skip_building_tests' from command line to 'False'
[1.141s] DEBUG:colcon.colcon_core.verb:Building package 'py_qt_app' with the following arguments: {'ament_cmake_args': None, 'build_base': '/workspaces/ros_agv_pc/src/build/py_qt_app', 'catkin_cmake_args': None, 'catkin_skip_building_tests': False, 'cmake_args': None, 'cmake_clean_cache': False, 'cmake_clean_first': False, 'cmake_force_configure': False, 'cmake_target': None, 'cmake_target_skip_unavailable': False, 'install_base': '/workspaces/ros_agv_pc/src/install/py_qt_app', 'merge_install': False, 'path': '/workspaces/ros_agv_pc/src/py_qt_app', 'symlink_install': False, 'test_result_base': None}
[1.157s] INFO:colcon.colcon_core.executor:Executing jobs using 'parallel' executor
[1.176s] DEBUG:colcon.colcon_parallel_executor.executor.parallel:run_until_complete
[1.177s] INFO:colcon.colcon_ros.task.ament_python.build:Building ROS package in '/workspaces/ros_agv_pc/src/AGV_simulator_description' with build type 'ament_python'
[1.178s] Level 1:colcon.colcon_core.shell:create_environment_hook('AGV_simulator_description', 'ament_prefix_path')
[1.209s] INFO:colcon.colcon_core.plugin_system:Skipping extension 'colcon_core.shell.bat': Not used on non-Windows systems
[1.210s] INFO:colcon.colcon_core.shell:Creating environment hook '/workspaces/ros_agv_pc/src/install/AGV_simulator_description/share/AGV_simulator_description/hook/ament_prefix_path.ps1'
[1.213s] INFO:colcon.colcon_core.shell:Creating environment descriptor '/workspaces/ros_agv_pc/src/install/AGV_simulator_description/share/AGV_simulator_description/hook/ament_prefix_path.dsv'
[1.216s] INFO:colcon.colcon_core.shell:Creating environment hook '/workspaces/ros_agv_pc/src/install/AGV_simulator_description/share/AGV_simulator_description/hook/ament_prefix_path.sh'
[1.245s] INFO:colcon.colcon_core.shell:Skip shell extension 'powershell' for command environment: Not usable outside of PowerShell
[1.245s] DEBUG:colcon.colcon_core.shell:Skip shell extension 'dsv' for command environment
[1.299s] INFO:colcon.colcon_ros.task.ament_cmake.build:Building ROS package in '/workspaces/ros_agv_pc/src/agv_mcu_package' with build type 'ament_cmake'
[1.299s] INFO:colcon.colcon_cmake.task.cmake.build:Building CMake package in '/workspaces/ros_agv_pc/src/agv_mcu_package'
[1.323s] INFO:colcon.colcon_core.shell:Skip shell extension 'powershell' for command environment: Not usable outside of PowerShell
[1.324s] DEBUG:colcon.colcon_core.shell:Skip shell extension 'dsv' for command environment
[1.384s] INFO:colcon.colcon_ros.task.ament_cmake.build:Building ROS package in '/workspaces/ros_agv_pc/src/agv_sensor_package' with build type 'ament_cmake'
[1.384s] INFO:colcon.colcon_cmake.task.cmake.build:Building CMake package in '/workspaces/ros_agv_pc/src/agv_sensor_package'
[1.403s] INFO:colcon.colcon_core.shell:Skip shell extension 'powershell' for command environment: Not usable outside of PowerShell
[1.404s] DEBUG:colcon.colcon_core.shell:Skip shell extension 'dsv' for command environment
[1.455s] INFO:colcon.colcon_ros.task.ament_cmake.build:Building ROS package in '/workspaces/ros_agv_pc/src/cpp_qt_app' with build type 'ament_cmake'
[1.457s] INFO:colcon.colcon_cmake.task.cmake.build:Building CMake package in '/workspaces/ros_agv_pc/src/cpp_qt_app'
[1.479s] INFO:colcon.colcon_core.shell:Skip shell extension 'powershell' for command environment: Not usable outside of PowerShell
[1.480s] DEBUG:colcon.colcon_core.shell:Skip shell extension 'dsv' for command environment
[1.535s] INFO:colcon.colcon_ros.task.ament_cmake.build:Building ROS package in '/workspaces/ros_agv_pc/src/publisher_pkg' with build type 'ament_cmake'
[1.536s] INFO:colcon.colcon_cmake.task.cmake.build:Building CMake package in '/workspaces/ros_agv_pc/src/publisher_pkg'
[1.561s] INFO:colcon.colcon_core.shell:Skip shell extension 'powershell' for command environment: Not usable outside of PowerShell
[1.562s] DEBUG:colcon.colcon_core.shell:Skip shell extension 'dsv' for command environment
[1.602s] INFO:colcon.colcon_ros.task.ament_python.build:Building ROS package in '/workspaces/ros_agv_pc/src/py_qt_app' with build type 'ament_python'
[1.602s] Level 1:colcon.colcon_core.shell:create_environment_hook('py_qt_app', 'ament_prefix_path')
[1.621s] INFO:colcon.colcon_core.shell:Creating environment hook '/workspaces/ros_agv_pc/src/install/py_qt_app/share/py_qt_app/hook/ament_prefix_path.ps1'
[1.623s] INFO:colcon.colcon_core.shell:Creating environment descriptor '/workspaces/ros_agv_pc/src/install/py_qt_app/share/py_qt_app/hook/ament_prefix_path.dsv'
[1.624s] INFO:colcon.colcon_core.shell:Creating environment hook '/workspaces/ros_agv_pc/src/install/py_qt_app/share/py_qt_app/hook/ament_prefix_path.sh'
[1.647s] INFO:colcon.colcon_core.shell:Skip shell extension 'powershell' for command environment: Not usable outside of PowerShell
[1.648s] DEBUG:colcon.colcon_core.shell:Skip shell extension 'dsv' for command environment
[2.444s] INFO:colcon.colcon_core.task.python.build:Building Python package in '/workspaces/ros_agv_pc/src/AGV_simulator_description'
[2.456s] INFO:colcon.colcon_core.shell:Skip shell extension 'powershell' for command environment: Not usable outside of PowerShell
[2.456s] DEBUG:colcon.colcon_core.shell:Skip shell extension 'dsv' for command environment
[2.507s] DEBUG:colcon.colcon_core.event_handler.log_command:Invoking command in '/workspaces/ros_agv_pc/src/build/agv_mcu_package': CMAKE_PREFIX_PATH=${CMAKE_PREFIX_PATH}:/workspaces/ros_agv_pc/src/install/py_qt_app:/workspaces/ros_agv_pc/src/install/AGV_simulator_description /usr/bin/cmake --build /workspaces/ros_agv_pc/src/build/agv_mcu_package -- -j8 -l8
[2.537s] DEBUG:colcon.colcon_core.event_handler.log_command:Invoking command in '/workspaces/ros_agv_pc/src/build/agv_sensor_package': CMAKE_PREFIX_PATH=${CMAKE_PREFIX_PATH}:/workspaces/ros_agv_pc/src/install/py_qt_app:/workspaces/ros_agv_pc/src/install/AGV_simulator_description /usr/bin/cmake --build /workspaces/ros_agv_pc/src/build/agv_sensor_package -- -j8 -l8
[2.560s] DEBUG:colcon.colcon_core.event_handler.log_command:Invoking command in '/workspaces/ros_agv_pc/src/build/cpp_qt_app': CMAKE_PREFIX_PATH=${CMAKE_PREFIX_PATH}:/workspaces/ros_agv_pc/src/install/py_qt_app:/workspaces/ros_agv_pc/src/install/AGV_simulator_description /usr/bin/cmake --build /workspaces/ros_agv_pc/src/build/cpp_qt_app -- -j8 -l8
[2.588s] DEBUG:colcon.colcon_core.event_handler.log_command:Invoking command in '/workspaces/ros_agv_pc/src/build/publisher_pkg': CMAKE_PREFIX_PATH=${CMAKE_PREFIX_PATH}:/workspaces/ros_agv_pc/src/install/py_qt_app:/workspaces/ros_agv_pc/src/install/AGV_simulator_description /usr/bin/cmake --build /workspaces/ros_agv_pc/src/build/publisher_pkg -- -j8 -l8
[3.273s] INFO:colcon.colcon_core.task.python.build:Building Python package in '/workspaces/ros_agv_pc/src/py_qt_app'
[3.290s] INFO:colcon.colcon_core.shell:Skip shell extension 'powershell' for command environment: Not usable outside of PowerShell
[3.290s] DEBUG:colcon.colcon_core.shell:Skip shell extension 'dsv' for command environment
[3.358s] DEBUG:colcon.colcon_core.event_handler.log_command:Invoked command in '/workspaces/ros_agv_pc/src/build/agv_mcu_package' returned '0': CMAKE_PREFIX_PATH=${CMAKE_PREFIX_PATH}:/workspaces/ros_agv_pc/src/install/py_qt_app:/workspaces/ros_agv_pc/src/install/AGV_simulator_description /usr/bin/cmake --build /workspaces/ros_agv_pc/src/build/agv_mcu_package -- -j8 -l8
[3.363s] DEBUG:colcon.colcon_core.event_handler.log_command:Invoked command in '/workspaces/ros_agv_pc/src/build/publisher_pkg' returned '0': CMAKE_PREFIX_PATH=${CMAKE_PREFIX_PATH}:/workspaces/ros_agv_pc/src/install/py_qt_app:/workspaces/ros_agv_pc/src/install/AGV_simulator_description /usr/bin/cmake --build /workspaces/ros_agv_pc/src/build/publisher_pkg -- -j8 -l8
[3.367s] DEBUG:colcon.colcon_core.event_handler.log_command:Invoked command in '/workspaces/ros_agv_pc/src/build/agv_sensor_package' returned '0': CMAKE_PREFIX_PATH=${CMAKE_PREFIX_PATH}:/workspaces/ros_agv_pc/src/install/py_qt_app:/workspaces/ros_agv_pc/src/install/AGV_simulator_description /usr/bin/cmake --build /workspaces/ros_agv_pc/src/build/agv_sensor_package -- -j8 -l8
[3.370s] DEBUG:colcon.colcon_core.event_handler.log_command:Invoked command in '/workspaces/ros_agv_pc/src/build/cpp_qt_app' returned '0': CMAKE_PREFIX_PATH=${CMAKE_PREFIX_PATH}:/workspaces/ros_agv_pc/src/install/py_qt_app:/workspaces/ros_agv_pc/src/install/AGV_simulator_description /usr/bin/cmake --build /workspaces/ros_agv_pc/src/build/cpp_qt_app -- -j8 -l8
[3.513s] DEBUG:colcon.colcon_core.event_handler.log_command:Invoking command in '/workspaces/ros_agv_pc/src/build/agv_mcu_package': CMAKE_PREFIX_PATH=${CMAKE_PREFIX_PATH}:/workspaces/ros_agv_pc/src/install/py_qt_app:/workspaces/ros_agv_pc/src/install/AGV_simulator_description /usr/bin/cmake --install /workspaces/ros_agv_pc/src/build/agv_mcu_package
[3.519s] DEBUG:colcon.colcon_core.event_handler.log_command:Invoking command in '/workspaces/ros_agv_pc/src/build/publisher_pkg': CMAKE_PREFIX_PATH=${CMAKE_PREFIX_PATH}:/workspaces/ros_agv_pc/src/install/py_qt_app:/workspaces/ros_agv_pc/src/install/AGV_simulator_description /usr/bin/cmake --install /workspaces/ros_agv_pc/src/build/publisher_pkg
[3.522s] DEBUG:colcon.colcon_core.event_handler.log_command:Invoking command in '/workspaces/ros_agv_pc/src/build/agv_sensor_package': CMAKE_PREFIX_PATH=${CMAKE_PREFIX_PATH}:/workspaces/ros_agv_pc/src/install/py_qt_app:/workspaces/ros_agv_pc/src/install/AGV_simulator_description /usr/bin/cmake --install /workspaces/ros_agv_pc/src/build/agv_sensor_package
[3.529s] DEBUG:colcon.colcon_core.event_handler.log_command:Invoking command in '/workspaces/ros_agv_pc/src/build/cpp_qt_app': CMAKE_PREFIX_PATH=${CMAKE_PREFIX_PATH}:/workspaces/ros_agv_pc/src/install/py_qt_app:/workspaces/ros_agv_pc/src/install/AGV_simulator_description /usr/bin/cmake --install /workspaces/ros_agv_pc/src/build/cpp_qt_app
[3.568s] Level 1:colcon.colcon_core.environment:create_environment_scripts_only(agv_mcu_package)
[3.574s] DEBUG:colcon.colcon_core.event_handler.log_command:Invoked command in '/workspaces/ros_agv_pc/src/build/agv_mcu_package' returned '0': CMAKE_PREFIX_PATH=${CMAKE_PREFIX_PATH}:/workspaces/ros_agv_pc/src/install/py_qt_app:/workspaces/ros_agv_pc/src/install/AGV_simulator_description /usr/bin/cmake --install /workspaces/ros_agv_pc/src/build/agv_mcu_package
[3.651s] Level 1:colcon.colcon_core.environment:checking '/workspaces/ros_agv_pc/src/install/agv_mcu_package' for CMake module files
[3.652s] Level 1:colcon.colcon_core.environment:checking '/workspaces/ros_agv_pc/src/install/agv_mcu_package' for CMake config files
[3.653s] Level 1:colcon.colcon_core.shell:create_environment_hook('agv_mcu_package', 'cmake_prefix_path')
[3.668s] INFO:colcon.colcon_core.shell:Creating environment hook '/workspaces/ros_agv_pc/src/install/agv_mcu_package/share/agv_mcu_package/hook/cmake_prefix_path.ps1'
[3.669s] INFO:colcon.colcon_core.shell:Creating environment descriptor '/workspaces/ros_agv_pc/src/install/agv_mcu_package/share/agv_mcu_package/hook/cmake_prefix_path.dsv'
[3.670s] INFO:colcon.colcon_core.shell:Creating environment hook '/workspaces/ros_agv_pc/src/install/agv_mcu_package/share/agv_mcu_package/hook/cmake_prefix_path.sh'
[3.672s] Level 1:colcon.colcon_core.environment:checking '/workspaces/ros_agv_pc/src/install/agv_mcu_package/lib'
[3.673s] Level 1:colcon.colcon_core.environment:checking '/workspaces/ros_agv_pc/src/install/agv_mcu_package/bin'
[3.674s] Level 1:colcon.colcon_core.environment:checking '/workspaces/ros_agv_pc/src/install/agv_mcu_package/lib/pkgconfig/agv_mcu_package.pc'
[3.676s] Level 1:colcon.colcon_core.environment:checking '/workspaces/ros_agv_pc/src/install/agv_mcu_package/lib/python3.10/site-packages'
[3.679s] Level 1:colcon.colcon_core.environment:checking '/workspaces/ros_agv_pc/src/install/agv_mcu_package/bin'
[3.699s] INFO:colcon.colcon_core.shell:Creating package script '/workspaces/ros_agv_pc/src/install/agv_mcu_package/share/agv_mcu_package/package.ps1'
[3.703s] INFO:colcon.colcon_core.shell:Creating package descriptor '/workspaces/ros_agv_pc/src/install/agv_mcu_package/share/agv_mcu_package/package.dsv'
[3.707s] INFO:colcon.colcon_core.shell:Creating package script '/workspaces/ros_agv_pc/src/install/agv_mcu_package/share/agv_mcu_package/package.sh'
[3.711s] INFO:colcon.colcon_core.shell:Creating package script '/workspaces/ros_agv_pc/src/install/agv_mcu_package/share/agv_mcu_package/package.bash'
[3.715s] INFO:colcon.colcon_core.shell:Creating package script '/workspaces/ros_agv_pc/src/install/agv_mcu_package/share/agv_mcu_package/package.zsh'
[3.720s] Level 1:colcon.colcon_core.environment:create_file_with_runtime_dependencies(/workspaces/ros_agv_pc/src/install/agv_mcu_package/share/colcon-core/packages/agv_mcu_package)
[3.729s] Level 1:colcon.colcon_core.environment:create_environment_scripts_only(publisher_pkg)
[3.730s] DEBUG:colcon.colcon_core.event_handler.log_command:Invoked command in '/workspaces/ros_agv_pc/src/build/publisher_pkg' returned '0': CMAKE_PREFIX_PATH=${CMAKE_PREFIX_PATH}:/workspaces/ros_agv_pc/src/install/py_qt_app:/workspaces/ros_agv_pc/src/install/AGV_simulator_description /usr/bin/cmake --install /workspaces/ros_agv_pc/src/build/publisher_pkg
[3.771s] Level 1:colcon.colcon_core.environment:checking '/workspaces/ros_agv_pc/src/install/publisher_pkg' for CMake module files
[3.773s] Level 1:colcon.colcon_core.environment:checking '/workspaces/ros_agv_pc/src/install/publisher_pkg' for CMake config files
[3.774s] Level 1:colcon.colcon_core.shell:create_environment_hook('publisher_pkg', 'cmake_prefix_path')
[3.804s] INFO:colcon.colcon_core.shell:Creating environment hook '/workspaces/ros_agv_pc/src/install/publisher_pkg/share/publisher_pkg/hook/cmake_prefix_path.ps1'
[3.806s] INFO:colcon.colcon_core.shell:Creating environment descriptor '/workspaces/ros_agv_pc/src/install/publisher_pkg/share/publisher_pkg/hook/cmake_prefix_path.dsv'
[3.807s] INFO:colcon.colcon_core.shell:Creating environment hook '/workspaces/ros_agv_pc/src/install/publisher_pkg/share/publisher_pkg/hook/cmake_prefix_path.sh'
[3.808s] Level 1:colcon.colcon_core.environment:checking '/workspaces/ros_agv_pc/src/install/publisher_pkg/lib'
[3.809s] Level 1:colcon.colcon_core.environment:checking '/workspaces/ros_agv_pc/src/install/publisher_pkg/bin'
[3.809s] Level 1:colcon.colcon_core.environment:checking '/workspaces/ros_agv_pc/src/install/publisher_pkg/lib/pkgconfig/publisher_pkg.pc'
[3.810s] Level 1:colcon.colcon_core.environment:checking '/workspaces/ros_agv_pc/src/install/publisher_pkg/lib/python3.10/site-packages'
[3.810s] Level 1:colcon.colcon_core.environment:checking '/workspaces/ros_agv_pc/src/install/publisher_pkg/bin'
[3.845s] INFO:colcon.colcon_core.shell:Creating package script '/workspaces/ros_agv_pc/src/install/publisher_pkg/share/publisher_pkg/package.ps1'
[3.849s] INFO:colcon.colcon_core.shell:Creating package descriptor '/workspaces/ros_agv_pc/src/install/publisher_pkg/share/publisher_pkg/package.dsv'
[3.851s] INFO:colcon.colcon_core.shell:Creating package script '/workspaces/ros_agv_pc/src/install/publisher_pkg/share/publisher_pkg/package.sh'
[3.853s] INFO:colcon.colcon_core.shell:Creating package script '/workspaces/ros_agv_pc/src/install/publisher_pkg/share/publisher_pkg/package.bash'
[3.854s] INFO:colcon.colcon_core.shell:Creating package script '/workspaces/ros_agv_pc/src/install/publisher_pkg/share/publisher_pkg/package.zsh'
[3.856s] Level 1:colcon.colcon_core.environment:create_file_with_runtime_dependencies(/workspaces/ros_agv_pc/src/install/publisher_pkg/share/colcon-core/packages/publisher_pkg)
[3.864s] Level 1:colcon.colcon_core.environment:create_environment_scripts_only(cpp_qt_app)
[3.873s] DEBUG:colcon.colcon_core.event_handler.log_command:Invoked command in '/workspaces/ros_agv_pc/src/build/cpp_qt_app' returned '0': CMAKE_PREFIX_PATH=${CMAKE_PREFIX_PATH}:/workspaces/ros_agv_pc/src/install/py_qt_app:/workspaces/ros_agv_pc/src/install/AGV_simulator_description /usr/bin/cmake --install /workspaces/ros_agv_pc/src/build/cpp_qt_app
[3.893s] Level 1:colcon.colcon_core.environment:checking '/workspaces/ros_agv_pc/src/install/cpp_qt_app' for CMake module files
[3.894s] Level 1:colcon.colcon_core.environment:checking '/workspaces/ros_agv_pc/src/install/cpp_qt_app' for CMake config files
[3.895s] Level 1:colcon.colcon_core.shell:create_environment_hook('cpp_qt_app', 'cmake_prefix_path')
[3.922s] INFO:colcon.colcon_core.shell:Creating environment hook '/workspaces/ros_agv_pc/src/install/cpp_qt_app/share/cpp_qt_app/hook/cmake_prefix_path.ps1'
[3.924s] INFO:colcon.colcon_core.shell:Creating environment descriptor '/workspaces/ros_agv_pc/src/install/cpp_qt_app/share/cpp_qt_app/hook/cmake_prefix_path.dsv'
[3.931s] INFO:colcon.colcon_core.shell:Creating environment hook '/workspaces/ros_agv_pc/src/install/cpp_qt_app/share/cpp_qt_app/hook/cmake_prefix_path.sh'
[3.937s] Level 1:colcon.colcon_core.environment:checking '/workspaces/ros_agv_pc/src/install/cpp_qt_app/lib'
[3.938s] Level 1:colcon.colcon_core.environment:checking '/workspaces/ros_agv_pc/src/install/cpp_qt_app/bin'
[3.945s] Level 1:colcon.colcon_core.environment:checking '/workspaces/ros_agv_pc/src/install/cpp_qt_app/lib/pkgconfig/cpp_qt_app.pc'
[3.947s] Level 1:colcon.colcon_core.environment:checking '/workspaces/ros_agv_pc/src/install/cpp_qt_app/lib/python3.10/site-packages'
[3.948s] Level 1:colcon.colcon_core.environment:checking '/workspaces/ros_agv_pc/src/install/cpp_qt_app/bin'
[3.968s] INFO:colcon.colcon_core.shell:Creating package script '/workspaces/ros_agv_pc/src/install/cpp_qt_app/share/cpp_qt_app/package.ps1'
[3.971s] INFO:colcon.colcon_core.shell:Creating package descriptor '/workspaces/ros_agv_pc/src/install/cpp_qt_app/share/cpp_qt_app/package.dsv'
[3.975s] INFO:colcon.colcon_core.shell:Creating package script '/workspaces/ros_agv_pc/src/install/cpp_qt_app/share/cpp_qt_app/package.sh'
[3.978s] INFO:colcon.colcon_core.shell:Creating package script '/workspaces/ros_agv_pc/src/install/cpp_qt_app/share/cpp_qt_app/package.bash'
[3.980s] INFO:colcon.colcon_core.shell:Creating package script '/workspaces/ros_agv_pc/src/install/cpp_qt_app/share/cpp_qt_app/package.zsh'
[3.983s] Level 1:colcon.colcon_core.environment:create_file_with_runtime_dependencies(/workspaces/ros_agv_pc/src/install/cpp_qt_app/share/colcon-core/packages/cpp_qt_app)
[4.000s] Level 1:colcon.colcon_core.environment:create_environment_scripts_only(agv_sensor_package)
[4.001s] DEBUG:colcon.colcon_core.event_handler.log_command:Invoked command in '/workspaces/ros_agv_pc/src/build/agv_sensor_package' returned '0': CMAKE_PREFIX_PATH=${CMAKE_PREFIX_PATH}:/workspaces/ros_agv_pc/src/install/py_qt_app:/workspaces/ros_agv_pc/src/install/AGV_simulator_description /usr/bin/cmake --install /workspaces/ros_agv_pc/src/build/agv_sensor_package
[4.035s] Level 1:colcon.colcon_core.environment:checking '/workspaces/ros_agv_pc/src/install/agv_sensor_package' for CMake module files
[4.037s] Level 1:colcon.colcon_core.environment:checking '/workspaces/ros_agv_pc/src/install/agv_sensor_package' for CMake config files
[4.037s] Level 1:colcon.colcon_core.shell:create_environment_hook('agv_sensor_package', 'cmake_prefix_path')
[4.077s] INFO:colcon.colcon_core.shell:Creating environment hook '/workspaces/ros_agv_pc/src/install/agv_sensor_package/share/agv_sensor_package/hook/cmake_prefix_path.ps1'
[4.079s] INFO:colcon.colcon_core.shell:Creating environment descriptor '/workspaces/ros_agv_pc/src/install/agv_sensor_package/share/agv_sensor_package/hook/cmake_prefix_path.dsv'
[4.080s] INFO:colcon.colcon_core.shell:Creating environment hook '/workspaces/ros_agv_pc/src/install/agv_sensor_package/share/agv_sensor_package/hook/cmake_prefix_path.sh'
[4.082s] Level 1:colcon.colcon_core.environment:checking '/workspaces/ros_agv_pc/src/install/agv_sensor_package/lib'
[4.082s] Level 1:colcon.colcon_core.environment:checking '/workspaces/ros_agv_pc/src/install/agv_sensor_package/bin'
[4.083s] Level 1:colcon.colcon_core.environment:checking '/workspaces/ros_agv_pc/src/install/agv_sensor_package/lib/pkgconfig/agv_sensor_package.pc'
[4.084s] Level 1:colcon.colcon_core.environment:checking '/workspaces/ros_agv_pc/src/install/agv_sensor_package/lib/python3.10/site-packages'
[4.084s] Level 1:colcon.colcon_core.environment:checking '/workspaces/ros_agv_pc/src/install/agv_sensor_package/bin'
[4.104s] INFO:colcon.colcon_core.shell:Creating package script '/workspaces/ros_agv_pc/src/install/agv_sensor_package/share/agv_sensor_package/package.ps1'
[4.106s] INFO:colcon.colcon_core.shell:Creating package descriptor '/workspaces/ros_agv_pc/src/install/agv_sensor_package/share/agv_sensor_package/package.dsv'
[4.107s] INFO:colcon.colcon_core.shell:Creating package script '/workspaces/ros_agv_pc/src/install/agv_sensor_package/share/agv_sensor_package/package.sh'
[4.108s] INFO:colcon.colcon_core.shell:Creating package script '/workspaces/ros_agv_pc/src/install/agv_sensor_package/share/agv_sensor_package/package.bash'
[4.110s] INFO:colcon.colcon_core.shell:Creating package script '/workspaces/ros_agv_pc/src/install/agv_sensor_package/share/agv_sensor_package/package.zsh'
[4.111s] Level 1:colcon.colcon_core.environment:create_file_with_runtime_dependencies(/workspaces/ros_agv_pc/src/install/agv_sensor_package/share/colcon-core/packages/agv_sensor_package)
[4.142s] Level 1:colcon.colcon_core.environment:create_environment_scripts_only(agv_mcu_package)
[4.163s] Level 1:colcon.colcon_core.environment:checking '/workspaces/ros_agv_pc/src/install/agv_mcu_package' for CMake module files
[4.164s] Level 1:colcon.colcon_core.environment:checking '/workspaces/ros_agv_pc/src/install/agv_mcu_package' for CMake config files
[4.164s] Level 1:colcon.colcon_core.shell:create_environment_hook('agv_mcu_package', 'cmake_prefix_path')
[4.186s] INFO:colcon.colcon_core.shell:Creating environment hook '/workspaces/ros_agv_pc/src/install/agv_mcu_package/share/agv_mcu_package/hook/cmake_prefix_path.ps1'
[4.187s] INFO:colcon.colcon_core.shell:Creating environment descriptor '/workspaces/ros_agv_pc/src/install/agv_mcu_package/share/agv_mcu_package/hook/cmake_prefix_path.dsv'
[4.189s] INFO:colcon.colcon_core.shell:Creating environment hook '/workspaces/ros_agv_pc/src/install/agv_mcu_package/share/agv_mcu_package/hook/cmake_prefix_path.sh'
[4.191s] Level 1:colcon.colcon_core.environment:checking '/workspaces/ros_agv_pc/src/install/agv_mcu_package/lib'
[4.191s] Level 1:colcon.colcon_core.environment:checking '/workspaces/ros_agv_pc/src/install/agv_mcu_package/bin'
[4.191s] Level 1:colcon.colcon_core.environment:checking '/workspaces/ros_agv_pc/src/install/agv_mcu_package/lib/pkgconfig/agv_mcu_package.pc'
[4.192s] Level 1:colcon.colcon_core.environment:checking '/workspaces/ros_agv_pc/src/install/agv_mcu_package/lib/python3.10/site-packages'
[4.193s] Level 1:colcon.colcon_core.environment:checking '/workspaces/ros_agv_pc/src/install/agv_mcu_package/bin'
[4.216s] INFO:colcon.colcon_core.shell:Creating package script '/workspaces/ros_agv_pc/src/install/agv_mcu_package/share/agv_mcu_package/package.ps1'
[4.218s] INFO:colcon.colcon_core.shell:Creating package descriptor '/workspaces/ros_agv_pc/src/install/agv_mcu_package/share/agv_mcu_package/package.dsv'
[4.219s] INFO:colcon.colcon_core.shell:Creating package script '/workspaces/ros_agv_pc/src/install/agv_mcu_package/share/agv_mcu_package/package.sh'
[4.221s] INFO:colcon.colcon_core.shell:Creating package script '/workspaces/ros_agv_pc/src/install/agv_mcu_package/share/agv_mcu_package/package.bash'
[4.231s] INFO:colcon.colcon_core.shell:Creating package script '/workspaces/ros_agv_pc/src/install/agv_mcu_package/share/agv_mcu_package/package.zsh'
[4.237s] Level 1:colcon.colcon_core.environment:create_file_with_runtime_dependencies(/workspaces/ros_agv_pc/src/install/agv_mcu_package/share/colcon-core/packages/agv_mcu_package)
[4.278s] Level 1:colcon.colcon_core.environment:create_environment_scripts_only(publisher_pkg)
[4.298s] Level 1:colcon.colcon_core.environment:checking '/workspaces/ros_agv_pc/src/install/publisher_pkg' for CMake module files
[4.300s] Level 1:colcon.colcon_core.environment:checking '/workspaces/ros_agv_pc/src/install/publisher_pkg' for CMake config files
[4.301s] Level 1:colcon.colcon_core.shell:create_environment_hook('publisher_pkg', 'cmake_prefix_path')
[4.327s] INFO:colcon.colcon_core.shell:Creating environment hook '/workspaces/ros_agv_pc/src/install/publisher_pkg/share/publisher_pkg/hook/cmake_prefix_path.ps1'
[4.333s] INFO:colcon.colcon_core.shell:Creating environment descriptor '/workspaces/ros_agv_pc/src/install/publisher_pkg/share/publisher_pkg/hook/cmake_prefix_path.dsv'
[4.338s] INFO:colcon.colcon_core.shell:Creating environment hook '/workspaces/ros_agv_pc/src/install/publisher_pkg/share/publisher_pkg/hook/cmake_prefix_path.sh'
[4.344s] Level 1:colcon.colcon_core.environment:checking '/workspaces/ros_agv_pc/src/install/publisher_pkg/lib'
[4.350s] Level 1:colcon.colcon_core.environment:checking '/workspaces/ros_agv_pc/src/install/publisher_pkg/bin'
[4.351s] Level 1:colcon.colcon_core.environment:checking '/workspaces/ros_agv_pc/src/install/publisher_pkg/lib/pkgconfig/publisher_pkg.pc'
[4.355s] Level 1:colcon.colcon_core.environment:checking '/workspaces/ros_agv_pc/src/install/publisher_pkg/lib/python3.10/site-packages'
[4.357s] Level 1:colcon.colcon_core.environment:checking '/workspaces/ros_agv_pc/src/install/publisher_pkg/bin'
[4.382s] INFO:colcon.colcon_core.shell:Creating package script '/workspaces/ros_agv_pc/src/install/publisher_pkg/share/publisher_pkg/package.ps1'
[4.385s] INFO:colcon.colcon_core.shell:Creating package descriptor '/workspaces/ros_agv_pc/src/install/publisher_pkg/share/publisher_pkg/package.dsv'
[4.387s] INFO:colcon.colcon_core.shell:Creating package script '/workspaces/ros_agv_pc/src/install/publisher_pkg/share/publisher_pkg/package.sh'
[4.392s] INFO:colcon.colcon_core.shell:Creating package script '/workspaces/ros_agv_pc/src/install/publisher_pkg/share/publisher_pkg/package.bash'
[4.394s] INFO:colcon.colcon_core.shell:Creating package script '/workspaces/ros_agv_pc/src/install/publisher_pkg/share/publisher_pkg/package.zsh'
[4.396s] Level 1:colcon.colcon_core.environment:create_file_with_runtime_dependencies(/workspaces/ros_agv_pc/src/install/publisher_pkg/share/colcon-core/packages/publisher_pkg)
[4.425s] Level 1:colcon.colcon_core.environment:create_environment_scripts_only(cpp_qt_app)
[4.449s] Level 1:colcon.colcon_core.environment:checking '/workspaces/ros_agv_pc/src/install/cpp_qt_app' for CMake module files
[4.451s] Level 1:colcon.colcon_core.environment:checking '/workspaces/ros_agv_pc/src/install/cpp_qt_app' for CMake config files
[4.452s] Level 1:colcon.colcon_core.shell:create_environment_hook('cpp_qt_app', 'cmake_prefix_path')
[4.476s] INFO:colcon.colcon_core.shell:Creating environment hook '/workspaces/ros_agv_pc/src/install/cpp_qt_app/share/cpp_qt_app/hook/cmake_prefix_path.ps1'
[4.479s] INFO:colcon.colcon_core.shell:Creating environment descriptor '/workspaces/ros_agv_pc/src/install/cpp_qt_app/share/cpp_qt_app/hook/cmake_prefix_path.dsv'
[4.482s] INFO:colcon.colcon_core.shell:Creating environment hook '/workspaces/ros_agv_pc/src/install/cpp_qt_app/share/cpp_qt_app/hook/cmake_prefix_path.sh'
[4.485s] Level 1:colcon.colcon_core.environment:checking '/workspaces/ros_agv_pc/src/install/cpp_qt_app/lib'
[4.485s] Level 1:colcon.colcon_core.environment:checking '/workspaces/ros_agv_pc/src/install/cpp_qt_app/bin'
[4.485s] Level 1:colcon.colcon_core.environment:checking '/workspaces/ros_agv_pc/src/install/cpp_qt_app/lib/pkgconfig/cpp_qt_app.pc'
[4.486s] Level 1:colcon.colcon_core.environment:checking '/workspaces/ros_agv_pc/src/install/cpp_qt_app/lib/python3.10/site-packages'
[4.487s] Level 1:colcon.colcon_core.environment:checking '/workspaces/ros_agv_pc/src/install/cpp_qt_app/bin'
[4.507s] INFO:colcon.colcon_core.shell:Creating package script '/workspaces/ros_agv_pc/src/install/cpp_qt_app/share/cpp_qt_app/package.ps1'
[4.511s] INFO:colcon.colcon_core.shell:Creating package descriptor '/workspaces/ros_agv_pc/src/install/cpp_qt_app/share/cpp_qt_app/package.dsv'
[4.513s] INFO:colcon.colcon_core.shell:Creating package script '/workspaces/ros_agv_pc/src/install/cpp_qt_app/share/cpp_qt_app/package.sh'
[4.515s] INFO:colcon.colcon_core.shell:Creating package script '/workspaces/ros_agv_pc/src/install/cpp_qt_app/share/cpp_qt_app/package.bash'
[4.519s] INFO:colcon.colcon_core.shell:Creating package script '/workspaces/ros_agv_pc/src/install/cpp_qt_app/share/cpp_qt_app/package.zsh'
[4.521s] Level 1:colcon.colcon_core.environment:create_file_with_runtime_dependencies(/workspaces/ros_agv_pc/src/install/cpp_qt_app/share/colcon-core/packages/cpp_qt_app)
[4.549s] Level 1:colcon.colcon_core.environment:create_environment_scripts_only(agv_sensor_package)
[4.567s] Level 1:colcon.colcon_core.environment:checking '/workspaces/ros_agv_pc/src/install/agv_sensor_package' for CMake module files
[4.569s] Level 1:colcon.colcon_core.environment:checking '/workspaces/ros_agv_pc/src/install/agv_sensor_package' for CMake config files
[4.570s] Level 1:colcon.colcon_core.shell:create_environment_hook('agv_sensor_package', 'cmake_prefix_path')
[4.592s] INFO:colcon.colcon_core.shell:Creating environment hook '/workspaces/ros_agv_pc/src/install/agv_sensor_package/share/agv_sensor_package/hook/cmake_prefix_path.ps1'
[4.593s] INFO:colcon.colcon_core.shell:Creating environment descriptor '/workspaces/ros_agv_pc/src/install/agv_sensor_package/share/agv_sensor_package/hook/cmake_prefix_path.dsv'
[4.594s] INFO:colcon.colcon_core.shell:Creating environment hook '/workspaces/ros_agv_pc/src/install/agv_sensor_package/share/agv_sensor_package/hook/cmake_prefix_path.sh'
[4.596s] Level 1:colcon.colcon_core.environment:checking '/workspaces/ros_agv_pc/src/install/agv_sensor_package/lib'
[4.597s] Level 1:colcon.colcon_core.environment:checking '/workspaces/ros_agv_pc/src/install/agv_sensor_package/bin'
[4.597s] Level 1:colcon.colcon_core.environment:checking '/workspaces/ros_agv_pc/src/install/agv_sensor_package/lib/pkgconfig/agv_sensor_package.pc'
[4.598s] Level 1:colcon.colcon_core.environment:checking '/workspaces/ros_agv_pc/src/install/agv_sensor_package/lib/python3.10/site-packages'
[4.599s] Level 1:colcon.colcon_core.environment:checking '/workspaces/ros_agv_pc/src/install/agv_sensor_package/bin'
[4.626s] INFO:colcon.colcon_core.shell:Creating package script '/workspaces/ros_agv_pc/src/install/agv_sensor_package/share/agv_sensor_package/package.ps1'
[4.627s] INFO:colcon.colcon_core.shell:Creating package descriptor '/workspaces/ros_agv_pc/src/install/agv_sensor_package/share/agv_sensor_package/package.dsv'
[4.629s] INFO:colcon.colcon_core.shell:Creating package script '/workspaces/ros_agv_pc/src/install/agv_sensor_package/share/agv_sensor_package/package.sh'
[4.630s] INFO:colcon.colcon_core.shell:Creating package script '/workspaces/ros_agv_pc/src/install/agv_sensor_package/share/agv_sensor_package/package.bash'
[4.631s] INFO:colcon.colcon_core.shell:Creating package script '/workspaces/ros_agv_pc/src/install/agv_sensor_package/share/agv_sensor_package/package.zsh'
[4.632s] Level 1:colcon.colcon_core.environment:create_file_with_runtime_dependencies(/workspaces/ros_agv_pc/src/install/agv_sensor_package/share/colcon-core/packages/agv_sensor_package)
[4.641s] DEBUG:colcon.colcon_core.event_handler.log_command:Invoking command in '/workspaces/ros_agv_pc/src/py_qt_app': PYTHONPATH=/workspaces/ros_agv_pc/src/build/py_qt_app/prefix_override:/workspaces/ros_agv_pc/src/install/py_qt_app/lib/python3.10/site-packages:${PYTHONPATH} /usr/bin/python3 setup.py egg_info --egg-base ../build/py_qt_app build --build-base /workspaces/ros_agv_pc/src/build/py_qt_app/build install --record /workspaces/ros_agv_pc/src/build/py_qt_app/install.log --single-version-externally-managed
[4.645s] DEBUG:colcon.colcon_core.event_handler.log_command:Invoking command in '/workspaces/ros_agv_pc/src/AGV_simulator_description': PYTHONPATH=/workspaces/ros_agv_pc/src/build/AGV_simulator_description/prefix_override:/workspaces/ros_agv_pc/src/install/AGV_simulator_description/lib/python3.10/site-packages:${PYTHONPATH} /usr/bin/python3 setup.py egg_info --egg-base ../build/AGV_simulator_description build --build-base /workspaces/ros_agv_pc/src/build/AGV_simulator_description/build install --record /workspaces/ros_agv_pc/src/build/AGV_simulator_description/install.log --install-scripts $base/lib/AGV_simulator_description --single-version-externally-managed
[5.393s] DEBUG:colcon.colcon_core.event_handler.log_command:Invoked command in '/workspaces/ros_agv_pc/src/py_qt_app' returned '0': PYTHONPATH=/workspaces/ros_agv_pc/src/build/py_qt_app/prefix_override:/workspaces/ros_agv_pc/src/install/py_qt_app/lib/python3.10/site-packages:${PYTHONPATH} /usr/bin/python3 setup.py egg_info --egg-base ../build/py_qt_app build --build-base /workspaces/ros_agv_pc/src/build/py_qt_app/build install --record /workspaces/ros_agv_pc/src/build/py_qt_app/install.log --single-version-externally-managed
[5.408s] Level 1:colcon.colcon_core.environment:checking '/workspaces/ros_agv_pc/src/install/py_qt_app' for CMake module files
[5.409s] Level 1:colcon.colcon_core.environment:checking '/workspaces/ros_agv_pc/src/install/py_qt_app' for CMake config files
[5.411s] Level 1:colcon.colcon_core.environment:checking '/workspaces/ros_agv_pc/src/install/py_qt_app/lib'
[5.411s] Level 1:colcon.colcon_core.environment:checking '/workspaces/ros_agv_pc/src/install/py_qt_app/bin'
[5.411s] Level 1:colcon.colcon_core.environment:checking '/workspaces/ros_agv_pc/src/install/py_qt_app/lib/pkgconfig/py_qt_app.pc'
[5.412s] Level 1:colcon.colcon_core.environment:checking '/workspaces/ros_agv_pc/src/install/py_qt_app/lib/python3.10/site-packages'
[5.412s] Level 1:colcon.colcon_core.shell:create_environment_hook('py_qt_app', 'pythonpath')
[5.432s] INFO:colcon.colcon_core.shell:Creating environment hook '/workspaces/ros_agv_pc/src/install/py_qt_app/share/py_qt_app/hook/pythonpath.ps1'
[5.433s] INFO:colcon.colcon_core.shell:Creating environment descriptor '/workspaces/ros_agv_pc/src/install/py_qt_app/share/py_qt_app/hook/pythonpath.dsv'
[5.434s] INFO:colcon.colcon_core.shell:Creating environment hook '/workspaces/ros_agv_pc/src/install/py_qt_app/share/py_qt_app/hook/pythonpath.sh'
[5.435s] Level 1:colcon.colcon_core.environment:checking '/workspaces/ros_agv_pc/src/install/py_qt_app/bin'
[5.435s] Level 1:colcon.colcon_core.environment:create_environment_scripts_only(py_qt_app)
[5.449s] INFO:colcon.colcon_core.shell:Creating package script '/workspaces/ros_agv_pc/src/install/py_qt_app/share/py_qt_app/package.ps1'
[5.451s] INFO:colcon.colcon_core.shell:Creating package descriptor '/workspaces/ros_agv_pc/src/install/py_qt_app/share/py_qt_app/package.dsv'
[5.452s] INFO:colcon.colcon_core.shell:Creating package script '/workspaces/ros_agv_pc/src/install/py_qt_app/share/py_qt_app/package.sh'
[5.453s] INFO:colcon.colcon_core.shell:Creating package script '/workspaces/ros_agv_pc/src/install/py_qt_app/share/py_qt_app/package.bash'
[5.454s] INFO:colcon.colcon_core.shell:Creating package script '/workspaces/ros_agv_pc/src/install/py_qt_app/share/py_qt_app/package.zsh'
[5.457s] Level 1:colcon.colcon_core.environment:create_file_with_runtime_dependencies(/workspaces/ros_agv_pc/src/install/py_qt_app/share/colcon-core/packages/py_qt_app)
[5.465s] DEBUG:colcon.colcon_core.event_handler.log_command:Invoked command in '/workspaces/ros_agv_pc/src/AGV_simulator_description' returned '0': PYTHONPATH=/workspaces/ros_agv_pc/src/build/AGV_simulator_description/prefix_override:/workspaces/ros_agv_pc/src/install/AGV_simulator_description/lib/python3.10/site-packages:${PYTHONPATH} /usr/bin/python3 setup.py egg_info --egg-base ../build/AGV_simulator_description build --build-base /workspaces/ros_agv_pc/src/build/AGV_simulator_description/build install --record /workspaces/ros_agv_pc/src/build/AGV_simulator_description/install.log --install-scripts $base/lib/AGV_simulator_description --single-version-externally-managed
[5.487s] Level 1:colcon.colcon_core.environment:checking '/workspaces/ros_agv_pc/src/install/AGV_simulator_description' for CMake module files
[5.490s] Level 1:colcon.colcon_core.environment:checking '/workspaces/ros_agv_pc/src/install/AGV_simulator_description' for CMake config files
[5.492s] Level 1:colcon.colcon_core.environment:checking '/workspaces/ros_agv_pc/src/install/AGV_simulator_description/lib'
[5.493s] Level 1:colcon.colcon_core.environment:checking '/workspaces/ros_agv_pc/src/install/AGV_simulator_description/bin'
[5.493s] Level 1:colcon.colcon_core.environment:checking '/workspaces/ros_agv_pc/src/install/AGV_simulator_description/lib/pkgconfig/AGV_simulator_description.pc'
[5.494s] Level 1:colcon.colcon_core.environment:checking '/workspaces/ros_agv_pc/src/install/AGV_simulator_description/lib/python3.10/site-packages'
[5.495s] Level 1:colcon.colcon_core.shell:create_environment_hook('AGV_simulator_description', 'pythonpath')
[5.514s] INFO:colcon.colcon_core.shell:Creating environment hook '/workspaces/ros_agv_pc/src/install/AGV_simulator_description/share/AGV_simulator_description/hook/pythonpath.ps1'
[5.515s] INFO:colcon.colcon_core.shell:Creating environment descriptor '/workspaces/ros_agv_pc/src/install/AGV_simulator_description/share/AGV_simulator_description/hook/pythonpath.dsv'
[5.518s] INFO:colcon.colcon_core.shell:Creating environment hook '/workspaces/ros_agv_pc/src/install/AGV_simulator_description/share/AGV_simulator_description/hook/pythonpath.sh'
[5.521s] Level 1:colcon.colcon_core.environment:checking '/workspaces/ros_agv_pc/src/install/AGV_simulator_description/bin'
[5.522s] Level 1:colcon.colcon_core.environment:create_environment_scripts_only(AGV_simulator_description)
[5.554s] INFO:colcon.colcon_core.shell:Creating package script '/workspaces/ros_agv_pc/src/install/AGV_simulator_description/share/AGV_simulator_description/package.ps1'
[5.556s] INFO:colcon.colcon_core.shell:Creating package descriptor '/workspaces/ros_agv_pc/src/install/AGV_simulator_description/share/AGV_simulator_description/package.dsv'
[5.558s] INFO:colcon.colcon_core.shell:Creating package script '/workspaces/ros_agv_pc/src/install/AGV_simulator_description/share/AGV_simulator_description/package.sh'
[5.560s] INFO:colcon.colcon_core.shell:Creating package script '/workspaces/ros_agv_pc/src/install/AGV_simulator_description/share/AGV_simulator_description/package.bash'
[5.561s] INFO:colcon.colcon_core.shell:Creating package script '/workspaces/ros_agv_pc/src/install/AGV_simulator_description/share/AGV_simulator_description/package.zsh'
[5.563s] Level 1:colcon.colcon_core.environment:create_file_with_runtime_dependencies(/workspaces/ros_agv_pc/src/install/AGV_simulator_description/share/colcon-core/packages/AGV_simulator_description)
[5.566s] DEBUG:colcon.colcon_parallel_executor.executor.parallel:closing loop
[5.570s] DEBUG:colcon.colcon_parallel_executor.executor.parallel:loop closed
[5.570s] DEBUG:colcon.colcon_parallel_executor.executor.parallel:run_until_complete finished with '0'
[5.572s] DEBUG:colcon.colcon_core.event_reactor:joining thread
[5.661s] INFO:colcon.colcon_core.plugin_system:Skipping extension 'colcon_notification.desktop_notification.notify_send': Could not find 'notify-send'
[5.661s] INFO:colcon.colcon_core.plugin_system:Skipping extension 'colcon_notification.desktop_notification.terminal_notifier': Not used on non-Darwin systems
[5.661s] INFO:colcon.colcon_core.plugin_system:Skipping extension 'colcon_notification.desktop_notification.win32': Not used on non-Windows systems
[5.662s] INFO:colcon.colcon_notification.desktop_notification:Sending desktop notification using 'notify2'
[5.670s] DEBUG:colcon.colcon_notification.desktop_notification.notify2:Failed to initialize notify2: org.freedesktop.DBus.Error.Spawn.ExecFailed: /usr/bin/dbus-launch terminated abnormally without any error message
[5.672s] DEBUG:colcon.colcon_core.event_reactor:joined thread
[5.693s] INFO:colcon.colcon_core.shell:Creating prefix script '/workspaces/ros_agv_pc/src/install/local_setup.ps1'
[5.697s] INFO:colcon.colcon_core.shell:Creating prefix util module '/workspaces/ros_agv_pc/src/install/_local_setup_util_ps1.py'
[5.704s] INFO:colcon.colcon_core.shell:Creating prefix chain script '/workspaces/ros_agv_pc/src/install/setup.ps1'
[5.728s] INFO:colcon.colcon_core.shell:Creating prefix script '/workspaces/ros_agv_pc/src/install/local_setup.sh'
[5.731s] INFO:colcon.colcon_core.shell:Creating prefix util module '/workspaces/ros_agv_pc/src/install/_local_setup_util_sh.py'
[5.733s] INFO:colcon.colcon_core.shell:Creating prefix chain script '/workspaces/ros_agv_pc/src/install/setup.sh'
[5.760s] INFO:colcon.colcon_core.shell:Creating prefix script '/workspaces/ros_agv_pc/src/install/local_setup.bash'
[5.764s] INFO:colcon.colcon_core.shell:Creating prefix chain script '/workspaces/ros_agv_pc/src/install/setup.bash'
[5.788s] INFO:colcon.colcon_core.shell:Creating prefix script '/workspaces/ros_agv_pc/src/install/local_setup.zsh'
[5.792s] INFO:colcon.colcon_core.shell:Creating prefix chain script '/workspaces/ros_agv_pc/src/install/setup.zsh'
