[1.188s] DEBUG:colcon:Command line arguments: ['/usr/bin/colcon', 'build']
[1.188s] DEBUG:colcon:Parsed command line arguments: Namespace(log_base=None, log_level=None, verb_name='build', build_base='build', install_base='install', merge_install=False, symlink_install=False, test_result_base=None, continue_on_error=False, executor='parallel', parallel_workers=8, event_handlers=None, ignore_user_meta=False, metas=['./colcon.meta'], base_paths=['.'], packages_ignore=None, packages_ignore_regex=None, paths=None, packages_up_to=None, packages_up_to_regex=None, packages_above=None, packages_above_and_dependencies=None, packages_above_depth=None, packages_select_by_dep=None, packages_skip_by_dep=None, packages_skip_up_to=None, packages_select_build_failed=False, packages_skip_build_finished=False, packages_select_test_failures=False, packages_skip_test_passed=False, packages_select=None, packages_skip=None, packages_select_regex=None, packages_skip_regex=None, packages_start=None, packages_end=None, cmake_args=None, cmake_target=None, cmake_target_skip_unavailable=False, cmake_clean_cache=False, cmake_clean_first=False, cmake_force_configure=False, ament_cmake_args=None, catkin_cmake_args=None, catkin_skip_building_tests=False, mixin_files=None, mixin=None, verb_parser=<colcon_mixin.mixin.mixin_argument.MixinArgumentDecorator object at 0x7fe6f5c75810>, verb_extension=<colcon_core.verb.build.BuildVerb object at 0x7fe6f5c75d20>, main=<bound method BuildVerb.main of <colcon_core.verb.build.BuildVerb object at 0x7fe6f5c75d20>>, mixin_verb=('build',))
[1.235s] Level 1:colcon.colcon_core.package_discovery:discover_packages(colcon_meta) check parameters
[1.235s] INFO:colcon.colcon_metadata.package_discovery.colcon_meta:Using configuration from '/root/.colcon/metadata/default/Gazebo.meta'
[1.236s] INFO:colcon.colcon_metadata.package_discovery.colcon_meta:Using configuration from '/root/.colcon/metadata/default/fastrtps.meta'
[1.236s] Level 1:colcon.colcon_core.package_discovery:discover_packages(recursive) check parameters
[1.236s] Level 1:colcon.colcon_core.package_discovery:discover_packages(ignore) check parameters
[1.236s] Level 1:colcon.colcon_core.package_discovery:discover_packages(path) check parameters
[1.236s] Level 1:colcon.colcon_core.package_discovery:discover_packages(colcon_meta) discover
[1.236s] Level 1:colcon.colcon_core.package_discovery:discover_packages(recursive) discover
[1.236s] INFO:colcon.colcon_core.package_discovery:Crawling recursively for packages in '/workspaces/ros_agv_pc/src'
[1.237s] Level 1:colcon.colcon_core.package_identification:_identify(.) by extensions ['ignore', 'ignore_ament_install']
[1.237s] Level 1:colcon.colcon_core.package_identification:_identify(.) by extension 'ignore'
[1.237s] Level 1:colcon.colcon_core.package_identification:_identify(.) by extension 'ignore_ament_install'
[1.237s] Level 1:colcon.colcon_core.package_identification:_identify(.) by extensions ['colcon_pkg']
[1.237s] Level 1:colcon.colcon_core.package_identification:_identify(.) by extension 'colcon_pkg'
[1.237s] Level 1:colcon.colcon_core.package_identification:_identify(.) by extensions ['colcon_meta']
[1.237s] Level 1:colcon.colcon_core.package_identification:_identify(.) by extension 'colcon_meta'
[1.237s] Level 1:colcon.colcon_core.package_identification:_identify(.) by extensions ['ros']
[1.237s] Level 1:colcon.colcon_core.package_identification:_identify(.) by extension 'ros'
[1.249s] Level 1:colcon.colcon_core.package_identification:_identify(.) by extensions ['cmake', 'python']
[1.249s] Level 1:colcon.colcon_core.package_identification:_identify(.) by extension 'cmake'
[1.249s] Level 1:colcon.colcon_core.package_identification:_identify(.) by extension 'python'
[1.249s] Level 1:colcon.colcon_core.package_identification:_identify(.) by extensions ['python_setup_py']
[1.249s] Level 1:colcon.colcon_core.package_identification:_identify(.) by extension 'python_setup_py'
[1.249s] Level 1:colcon.colcon_core.package_identification:_identify(AGV_simulator_description) by extensions ['ignore', 'ignore_ament_install']
[1.249s] Level 1:colcon.colcon_core.package_identification:_identify(AGV_simulator_description) by extension 'ignore'
[1.249s] Level 1:colcon.colcon_core.package_identification:_identify(AGV_simulator_description) by extension 'ignore_ament_install'
[1.249s] Level 1:colcon.colcon_core.package_identification:_identify(AGV_simulator_description) by extensions ['colcon_pkg']
[1.249s] Level 1:colcon.colcon_core.package_identification:_identify(AGV_simulator_description) by extension 'colcon_pkg'
[1.250s] Level 1:colcon.colcon_core.package_identification:_identify(AGV_simulator_description) by extensions ['colcon_meta']
[1.250s] Level 1:colcon.colcon_core.package_identification:_identify(AGV_simulator_description) by extension 'colcon_meta'
[1.250s] Level 1:colcon.colcon_core.package_identification:_identify(AGV_simulator_description) by extensions ['ros']
[1.250s] Level 1:colcon.colcon_core.package_identification:_identify(AGV_simulator_description) by extension 'ros'
[1.252s] DEBUG:colcon.colcon_core.package_identification:Package 'AGV_simulator_description' with type 'ros.ament_python' and name 'AGV_simulator_description'
[1.253s] Level 1:colcon.colcon_core.package_identification:_identify(agv_mcu_package) by extensions ['ignore', 'ignore_ament_install']
[1.253s] Level 1:colcon.colcon_core.package_identification:_identify(agv_mcu_package) by extension 'ignore'
[1.253s] Level 1:colcon.colcon_core.package_identification:_identify(agv_mcu_package) by extension 'ignore_ament_install'
[1.253s] Level 1:colcon.colcon_core.package_identification:_identify(agv_mcu_package) by extensions ['colcon_pkg']
[1.253s] Level 1:colcon.colcon_core.package_identification:_identify(agv_mcu_package) by extension 'colcon_pkg'
[1.253s] Level 1:colcon.colcon_core.package_identification:_identify(agv_mcu_package) by extensions ['colcon_meta']
[1.253s] Level 1:colcon.colcon_core.package_identification:_identify(agv_mcu_package) by extension 'colcon_meta'
[1.253s] Level 1:colcon.colcon_core.package_identification:_identify(agv_mcu_package) by extensions ['ros']
[1.253s] Level 1:colcon.colcon_core.package_identification:_identify(agv_mcu_package) by extension 'ros'
[1.254s] DEBUG:colcon.colcon_core.package_identification:Package 'agv_mcu_package' with type 'ros.ament_cmake' and name 'agv_mcu_package'
[1.254s] Level 1:colcon.colcon_core.package_identification:_identify(agv_sensor_package) by extensions ['ignore', 'ignore_ament_install']
[1.254s] Level 1:colcon.colcon_core.package_identification:_identify(agv_sensor_package) by extension 'ignore'
[1.254s] Level 1:colcon.colcon_core.package_identification:_identify(agv_sensor_package) by extension 'ignore_ament_install'
[1.254s] Level 1:colcon.colcon_core.package_identification:_identify(agv_sensor_package) by extensions ['colcon_pkg']
[1.254s] Level 1:colcon.colcon_core.package_identification:_identify(agv_sensor_package) by extension 'colcon_pkg'
[1.254s] Level 1:colcon.colcon_core.package_identification:_identify(agv_sensor_package) by extensions ['colcon_meta']
[1.254s] Level 1:colcon.colcon_core.package_identification:_identify(agv_sensor_package) by extension 'colcon_meta'
[1.254s] Level 1:colcon.colcon_core.package_identification:_identify(agv_sensor_package) by extensions ['ros']
[1.254s] Level 1:colcon.colcon_core.package_identification:_identify(agv_sensor_package) by extension 'ros'
[1.255s] DEBUG:colcon.colcon_core.package_identification:Package 'agv_sensor_package' with type 'ros.ament_cmake' and name 'agv_sensor_package'
[1.256s] Level 1:colcon.colcon_core.package_identification:_identify(build) by extensions ['ignore', 'ignore_ament_install']
[1.256s] Level 1:colcon.colcon_core.package_identification:_identify(build) by extension 'ignore'
[1.256s] Level 1:colcon.colcon_core.package_identification:_identify(build) ignored
[1.256s] Level 1:colcon.colcon_core.package_identification:_identify(cpp_qt_app) by extensions ['ignore', 'ignore_ament_install']
[1.256s] Level 1:colcon.colcon_core.package_identification:_identify(cpp_qt_app) by extension 'ignore'
[1.256s] Level 1:colcon.colcon_core.package_identification:_identify(cpp_qt_app) by extension 'ignore_ament_install'
[1.256s] Level 1:colcon.colcon_core.package_identification:_identify(cpp_qt_app) by extensions ['colcon_pkg']
[1.256s] Level 1:colcon.colcon_core.package_identification:_identify(cpp_qt_app) by extension 'colcon_pkg'
[1.256s] Level 1:colcon.colcon_core.package_identification:_identify(cpp_qt_app) by extensions ['colcon_meta']
[1.256s] Level 1:colcon.colcon_core.package_identification:_identify(cpp_qt_app) by extension 'colcon_meta'
[1.257s] Level 1:colcon.colcon_core.package_identification:_identify(cpp_qt_app) by extensions ['ros']
[1.257s] Level 1:colcon.colcon_core.package_identification:_identify(cpp_qt_app) by extension 'ros'
[1.257s] DEBUG:colcon.colcon_core.package_identification:Package 'cpp_qt_app' with type 'ros.ament_cmake' and name 'cpp_qt_app'
[1.257s] Level 1:colcon.colcon_core.package_identification:_identify(install) by extensions ['ignore', 'ignore_ament_install']
[1.257s] Level 1:colcon.colcon_core.package_identification:_identify(install) by extension 'ignore'
[1.258s] Level 1:colcon.colcon_core.package_identification:_identify(install) ignored
[1.258s] Level 1:colcon.colcon_core.package_identification:_identify(log) by extensions ['ignore', 'ignore_ament_install']
[1.258s] Level 1:colcon.colcon_core.package_identification:_identify(log) by extension 'ignore'
[1.258s] Level 1:colcon.colcon_core.package_identification:_identify(log) ignored
[1.258s] Level 1:colcon.colcon_core.package_identification:_identify(publisher_pkg) by extensions ['ignore', 'ignore_ament_install']
[1.258s] Level 1:colcon.colcon_core.package_identification:_identify(publisher_pkg) by extension 'ignore'
[1.258s] Level 1:colcon.colcon_core.package_identification:_identify(publisher_pkg) by extension 'ignore_ament_install'
[1.258s] Level 1:colcon.colcon_core.package_identification:_identify(publisher_pkg) by extensions ['colcon_pkg']
[1.258s] Level 1:colcon.colcon_core.package_identification:_identify(publisher_pkg) by extension 'colcon_pkg'
[1.258s] Level 1:colcon.colcon_core.package_identification:_identify(publisher_pkg) by extensions ['colcon_meta']
[1.259s] Level 1:colcon.colcon_core.package_identification:_identify(publisher_pkg) by extension 'colcon_meta'
[1.259s] Level 1:colcon.colcon_core.package_identification:_identify(publisher_pkg) by extensions ['ros']
[1.259s] Level 1:colcon.colcon_core.package_identification:_identify(publisher_pkg) by extension 'ros'
[1.259s] DEBUG:colcon.colcon_core.package_identification:Package 'publisher_pkg' with type 'ros.ament_cmake' and name 'publisher_pkg'
[1.259s] Level 1:colcon.colcon_core.package_identification:_identify(py_qt_app) by extensions ['ignore', 'ignore_ament_install']
[1.259s] Level 1:colcon.colcon_core.package_identification:_identify(py_qt_app) by extension 'ignore'
[1.260s] Level 1:colcon.colcon_core.package_identification:_identify(py_qt_app) by extension 'ignore_ament_install'
[1.260s] Level 1:colcon.colcon_core.package_identification:_identify(py_qt_app) by extensions ['colcon_pkg']
[1.260s] Level 1:colcon.colcon_core.package_identification:_identify(py_qt_app) by extension 'colcon_pkg'
[1.260s] Level 1:colcon.colcon_core.package_identification:_identify(py_qt_app) by extensions ['colcon_meta']
[1.260s] Level 1:colcon.colcon_core.package_identification:_identify(py_qt_app) by extension 'colcon_meta'
[1.260s] Level 1:colcon.colcon_core.package_identification:_identify(py_qt_app) by extensions ['ros']
[1.260s] Level 1:colcon.colcon_core.package_identification:_identify(py_qt_app) by extension 'ros'
[1.261s] DEBUG:colcon.colcon_core.package_identification:Package 'py_qt_app' with type 'ros.ament_python' and name 'py_qt_app'
[1.261s] Level 1:colcon.colcon_core.package_identification:_identify(subpkg) by extensions ['ignore', 'ignore_ament_install']
[1.261s] Level 1:colcon.colcon_core.package_identification:_identify(subpkg) by extension 'ignore'
[1.261s] Level 1:colcon.colcon_core.package_identification:_identify(subpkg) by extension 'ignore_ament_install'
[1.261s] Level 1:colcon.colcon_core.package_identification:_identify(subpkg) by extensions ['colcon_pkg']
[1.261s] Level 1:colcon.colcon_core.package_identification:_identify(subpkg) by extension 'colcon_pkg'
[1.261s] Level 1:colcon.colcon_core.package_identification:_identify(subpkg) by extensions ['colcon_meta']
[1.261s] Level 1:colcon.colcon_core.package_identification:_identify(subpkg) by extension 'colcon_meta'
[1.261s] Level 1:colcon.colcon_core.package_identification:_identify(subpkg) by extensions ['ros']
[1.261s] Level 1:colcon.colcon_core.package_identification:_identify(subpkg) by extension 'ros'
[1.262s] DEBUG:colcon.colcon_core.package_identification:Package 'subpkg' with type 'ros.ament_cmake' and name 'subscriber_package'
[1.262s] Level 1:colcon.colcon_core.package_identification:_identify(textual_gui_pkg) by extensions ['ignore', 'ignore_ament_install']
[1.262s] Level 1:colcon.colcon_core.package_identification:_identify(textual_gui_pkg) by extension 'ignore'
[1.262s] Level 1:colcon.colcon_core.package_identification:_identify(textual_gui_pkg) by extension 'ignore_ament_install'
[1.262s] Level 1:colcon.colcon_core.package_identification:_identify(textual_gui_pkg) by extensions ['colcon_pkg']
[1.263s] Level 1:colcon.colcon_core.package_identification:_identify(textual_gui_pkg) by extension 'colcon_pkg'
[1.263s] Level 1:colcon.colcon_core.package_identification:_identify(textual_gui_pkg) by extensions ['colcon_meta']
[1.263s] Level 1:colcon.colcon_core.package_identification:_identify(textual_gui_pkg) by extension 'colcon_meta'
[1.263s] Level 1:colcon.colcon_core.package_identification:_identify(textual_gui_pkg) by extensions ['ros']
[1.263s] Level 1:colcon.colcon_core.package_identification:_identify(textual_gui_pkg) by extension 'ros'
[1.263s] DEBUG:colcon.colcon_core.package_identification:Package 'textual_gui_pkg' with type 'ros.ament_python' and name 'textual_gui_pkg'
[1.263s] Level 1:colcon.colcon_core.package_discovery:discover_packages(recursive) using defaults
[1.263s] Level 1:colcon.colcon_core.package_discovery:discover_packages(ignore) discover
[1.263s] Level 1:colcon.colcon_core.package_discovery:discover_packages(ignore) using defaults
[1.263s] Level 1:colcon.colcon_core.package_discovery:discover_packages(path) discover
[1.264s] Level 1:colcon.colcon_core.package_discovery:discover_packages(path) using defaults
[1.365s] Level 5:colcon.colcon_core.verb:set package 'AGV_simulator_description' build argument 'cmake_args' from command line to 'None'
[1.365s] Level 5:colcon.colcon_core.verb:set package 'AGV_simulator_description' build argument 'cmake_target' from command line to 'None'
[1.365s] Level 5:colcon.colcon_core.verb:set package 'AGV_simulator_description' build argument 'cmake_target_skip_unavailable' from command line to 'False'
[1.365s] Level 5:colcon.colcon_core.verb:set package 'AGV_simulator_description' build argument 'cmake_clean_cache' from command line to 'False'
[1.365s] Level 5:colcon.colcon_core.verb:set package 'AGV_simulator_description' build argument 'cmake_clean_first' from command line to 'False'
[1.365s] Level 5:colcon.colcon_core.verb:set package 'AGV_simulator_description' build argument 'cmake_force_configure' from command line to 'False'
[1.365s] Level 5:colcon.colcon_core.verb:set package 'AGV_simulator_description' build argument 'ament_cmake_args' from command line to 'None'
[1.365s] Level 5:colcon.colcon_core.verb:set package 'AGV_simulator_description' build argument 'catkin_cmake_args' from command line to 'None'
[1.365s] Level 5:colcon.colcon_core.verb:set package 'AGV_simulator_description' build argument 'catkin_skip_building_tests' from command line to 'False'
[1.365s] DEBUG:colcon.colcon_core.verb:Building package 'AGV_simulator_description' with the following arguments: {'ament_cmake_args': None, 'build_base': '/workspaces/ros_agv_pc/src/build/AGV_simulator_description', 'catkin_cmake_args': None, 'catkin_skip_building_tests': False, 'cmake_args': None, 'cmake_clean_cache': False, 'cmake_clean_first': False, 'cmake_force_configure': False, 'cmake_target': None, 'cmake_target_skip_unavailable': False, 'install_base': '/workspaces/ros_agv_pc/src/install/AGV_simulator_description', 'merge_install': False, 'path': '/workspaces/ros_agv_pc/src/AGV_simulator_description', 'symlink_install': False, 'test_result_base': None}
[1.380s] Level 5:colcon.colcon_core.verb:set package 'agv_mcu_package' build argument 'cmake_args' from command line to 'None'
[1.380s] Level 5:colcon.colcon_core.verb:set package 'agv_mcu_package' build argument 'cmake_target' from command line to 'None'
[1.381s] Level 5:colcon.colcon_core.verb:set package 'agv_mcu_package' build argument 'cmake_target_skip_unavailable' from command line to 'False'
[1.381s] Level 5:colcon.colcon_core.verb:set package 'agv_mcu_package' build argument 'cmake_clean_cache' from command line to 'False'
[1.381s] Level 5:colcon.colcon_core.verb:set package 'agv_mcu_package' build argument 'cmake_clean_first' from command line to 'False'
[1.381s] Level 5:colcon.colcon_core.verb:set package 'agv_mcu_package' build argument 'cmake_force_configure' from command line to 'False'
[1.381s] Level 5:colcon.colcon_core.verb:set package 'agv_mcu_package' build argument 'ament_cmake_args' from command line to 'None'
[1.381s] Level 5:colcon.colcon_core.verb:set package 'agv_mcu_package' build argument 'catkin_cmake_args' from command line to 'None'
[1.381s] Level 5:colcon.colcon_core.verb:set package 'agv_mcu_package' build argument 'catkin_skip_building_tests' from command line to 'False'
[1.381s] DEBUG:colcon.colcon_core.verb:Building package 'agv_mcu_package' with the following arguments: {'ament_cmake_args': None, 'build_base': '/workspaces/ros_agv_pc/src/build/agv_mcu_package', 'catkin_cmake_args': None, 'catkin_skip_building_tests': False, 'cmake_args': None, 'cmake_clean_cache': False, 'cmake_clean_first': False, 'cmake_force_configure': False, 'cmake_target': None, 'cmake_target_skip_unavailable': False, 'install_base': '/workspaces/ros_agv_pc/src/install/agv_mcu_package', 'merge_install': False, 'path': '/workspaces/ros_agv_pc/src/agv_mcu_package', 'symlink_install': False, 'test_result_base': None}
[1.396s] Level 5:colcon.colcon_core.verb:set package 'agv_sensor_package' build argument 'cmake_args' from command line to 'None'
[1.396s] Level 5:colcon.colcon_core.verb:set package 'agv_sensor_package' build argument 'cmake_target' from command line to 'None'
[1.396s] Level 5:colcon.colcon_core.verb:set package 'agv_sensor_package' build argument 'cmake_target_skip_unavailable' from command line to 'False'
[1.396s] Level 5:colcon.colcon_core.verb:set package 'agv_sensor_package' build argument 'cmake_clean_cache' from command line to 'False'
[1.396s] Level 5:colcon.colcon_core.verb:set package 'agv_sensor_package' build argument 'cmake_clean_first' from command line to 'False'
[1.396s] Level 5:colcon.colcon_core.verb:set package 'agv_sensor_package' build argument 'cmake_force_configure' from command line to 'False'
[1.396s] Level 5:colcon.colcon_core.verb:set package 'agv_sensor_package' build argument 'ament_cmake_args' from command line to 'None'
[1.396s] Level 5:colcon.colcon_core.verb:set package 'agv_sensor_package' build argument 'catkin_cmake_args' from command line to 'None'
[1.396s] Level 5:colcon.colcon_core.verb:set package 'agv_sensor_package' build argument 'catkin_skip_building_tests' from command line to 'False'
[1.396s] DEBUG:colcon.colcon_core.verb:Building package 'agv_sensor_package' with the following arguments: {'ament_cmake_args': None, 'build_base': '/workspaces/ros_agv_pc/src/build/agv_sensor_package', 'catkin_cmake_args': None, 'catkin_skip_building_tests': False, 'cmake_args': None, 'cmake_clean_cache': False, 'cmake_clean_first': False, 'cmake_force_configure': False, 'cmake_target': None, 'cmake_target_skip_unavailable': False, 'install_base': '/workspaces/ros_agv_pc/src/install/agv_sensor_package', 'merge_install': False, 'path': '/workspaces/ros_agv_pc/src/agv_sensor_package', 'symlink_install': False, 'test_result_base': None}
[1.411s] Level 5:colcon.colcon_core.verb:set package 'cpp_qt_app' build argument 'cmake_args' from command line to 'None'
[1.411s] Level 5:colcon.colcon_core.verb:set package 'cpp_qt_app' build argument 'cmake_target' from command line to 'None'
[1.411s] Level 5:colcon.colcon_core.verb:set package 'cpp_qt_app' build argument 'cmake_target_skip_unavailable' from command line to 'False'
[1.411s] Level 5:colcon.colcon_core.verb:set package 'cpp_qt_app' build argument 'cmake_clean_cache' from command line to 'False'
[1.411s] Level 5:colcon.colcon_core.verb:set package 'cpp_qt_app' build argument 'cmake_clean_first' from command line to 'False'
[1.411s] Level 5:colcon.colcon_core.verb:set package 'cpp_qt_app' build argument 'cmake_force_configure' from command line to 'False'
[1.411s] Level 5:colcon.colcon_core.verb:set package 'cpp_qt_app' build argument 'ament_cmake_args' from command line to 'None'
[1.411s] Level 5:colcon.colcon_core.verb:set package 'cpp_qt_app' build argument 'catkin_cmake_args' from command line to 'None'
[1.411s] Level 5:colcon.colcon_core.verb:set package 'cpp_qt_app' build argument 'catkin_skip_building_tests' from command line to 'False'
[1.411s] DEBUG:colcon.colcon_core.verb:Building package 'cpp_qt_app' with the following arguments: {'ament_cmake_args': None, 'build_base': '/workspaces/ros_agv_pc/src/build/cpp_qt_app', 'catkin_cmake_args': None, 'catkin_skip_building_tests': False, 'cmake_args': None, 'cmake_clean_cache': False, 'cmake_clean_first': False, 'cmake_force_configure': False, 'cmake_target': None, 'cmake_target_skip_unavailable': False, 'install_base': '/workspaces/ros_agv_pc/src/install/cpp_qt_app', 'merge_install': False, 'path': '/workspaces/ros_agv_pc/src/cpp_qt_app', 'symlink_install': False, 'test_result_base': None}
[1.426s] Level 5:colcon.colcon_core.verb:set package 'publisher_pkg' build argument 'cmake_args' from command line to 'None'
[1.426s] Level 5:colcon.colcon_core.verb:set package 'publisher_pkg' build argument 'cmake_target' from command line to 'None'
[1.426s] Level 5:colcon.colcon_core.verb:set package 'publisher_pkg' build argument 'cmake_target_skip_unavailable' from command line to 'False'
[1.426s] Level 5:colcon.colcon_core.verb:set package 'publisher_pkg' build argument 'cmake_clean_cache' from command line to 'False'
[1.426s] Level 5:colcon.colcon_core.verb:set package 'publisher_pkg' build argument 'cmake_clean_first' from command line to 'False'
[1.426s] Level 5:colcon.colcon_core.verb:set package 'publisher_pkg' build argument 'cmake_force_configure' from command line to 'False'
[1.427s] Level 5:colcon.colcon_core.verb:set package 'publisher_pkg' build argument 'ament_cmake_args' from command line to 'None'
[1.427s] Level 5:colcon.colcon_core.verb:set package 'publisher_pkg' build argument 'catkin_cmake_args' from command line to 'None'
[1.427s] Level 5:colcon.colcon_core.verb:set package 'publisher_pkg' build argument 'catkin_skip_building_tests' from command line to 'False'
[1.427s] DEBUG:colcon.colcon_core.verb:Building package 'publisher_pkg' with the following arguments: {'ament_cmake_args': None, 'build_base': '/workspaces/ros_agv_pc/src/build/publisher_pkg', 'catkin_cmake_args': None, 'catkin_skip_building_tests': False, 'cmake_args': None, 'cmake_clean_cache': False, 'cmake_clean_first': False, 'cmake_force_configure': False, 'cmake_target': None, 'cmake_target_skip_unavailable': False, 'install_base': '/workspaces/ros_agv_pc/src/install/publisher_pkg', 'merge_install': False, 'path': '/workspaces/ros_agv_pc/src/publisher_pkg', 'symlink_install': False, 'test_result_base': None}
[1.441s] Level 5:colcon.colcon_core.verb:set package 'py_qt_app' build argument 'cmake_args' from command line to 'None'
[1.441s] Level 5:colcon.colcon_core.verb:set package 'py_qt_app' build argument 'cmake_target' from command line to 'None'
[1.441s] Level 5:colcon.colcon_core.verb:set package 'py_qt_app' build argument 'cmake_target_skip_unavailable' from command line to 'False'
[1.441s] Level 5:colcon.colcon_core.verb:set package 'py_qt_app' build argument 'cmake_clean_cache' from command line to 'False'
[1.441s] Level 5:colcon.colcon_core.verb:set package 'py_qt_app' build argument 'cmake_clean_first' from command line to 'False'
[1.441s] Level 5:colcon.colcon_core.verb:set package 'py_qt_app' build argument 'cmake_force_configure' from command line to 'False'
[1.441s] Level 5:colcon.colcon_core.verb:set package 'py_qt_app' build argument 'ament_cmake_args' from command line to 'None'
[1.441s] Level 5:colcon.colcon_core.verb:set package 'py_qt_app' build argument 'catkin_cmake_args' from command line to 'None'
[1.441s] Level 5:colcon.colcon_core.verb:set package 'py_qt_app' build argument 'catkin_skip_building_tests' from command line to 'False'
[1.442s] DEBUG:colcon.colcon_core.verb:Building package 'py_qt_app' with the following arguments: {'ament_cmake_args': None, 'build_base': '/workspaces/ros_agv_pc/src/build/py_qt_app', 'catkin_cmake_args': None, 'catkin_skip_building_tests': False, 'cmake_args': None, 'cmake_clean_cache': False, 'cmake_clean_first': False, 'cmake_force_configure': False, 'cmake_target': None, 'cmake_target_skip_unavailable': False, 'install_base': '/workspaces/ros_agv_pc/src/install/py_qt_app', 'merge_install': False, 'path': '/workspaces/ros_agv_pc/src/py_qt_app', 'symlink_install': False, 'test_result_base': None}
[1.456s] Level 5:colcon.colcon_core.verb:set package 'subscriber_package' build argument 'cmake_args' from command line to 'None'
[1.456s] Level 5:colcon.colcon_core.verb:set package 'subscriber_package' build argument 'cmake_target' from command line to 'None'
[1.456s] Level 5:colcon.colcon_core.verb:set package 'subscriber_package' build argument 'cmake_target_skip_unavailable' from command line to 'False'
[1.456s] Level 5:colcon.colcon_core.verb:set package 'subscriber_package' build argument 'cmake_clean_cache' from command line to 'False'
[1.456s] Level 5:colcon.colcon_core.verb:set package 'subscriber_package' build argument 'cmake_clean_first' from command line to 'False'
[1.456s] Level 5:colcon.colcon_core.verb:set package 'subscriber_package' build argument 'cmake_force_configure' from command line to 'False'
[1.456s] Level 5:colcon.colcon_core.verb:set package 'subscriber_package' build argument 'ament_cmake_args' from command line to 'None'
[1.456s] Level 5:colcon.colcon_core.verb:set package 'subscriber_package' build argument 'catkin_cmake_args' from command line to 'None'
[1.456s] Level 5:colcon.colcon_core.verb:set package 'subscriber_package' build argument 'catkin_skip_building_tests' from command line to 'False'
[1.457s] DEBUG:colcon.colcon_core.verb:Building package 'subscriber_package' with the following arguments: {'ament_cmake_args': None, 'build_base': '/workspaces/ros_agv_pc/src/build/subscriber_package', 'catkin_cmake_args': None, 'catkin_skip_building_tests': False, 'cmake_args': None, 'cmake_clean_cache': False, 'cmake_clean_first': False, 'cmake_force_configure': False, 'cmake_target': None, 'cmake_target_skip_unavailable': False, 'install_base': '/workspaces/ros_agv_pc/src/install/subscriber_package', 'merge_install': False, 'path': '/workspaces/ros_agv_pc/src/subpkg', 'symlink_install': False, 'test_result_base': None}
[1.470s] Level 5:colcon.colcon_core.verb:set package 'textual_gui_pkg' build argument 'cmake_args' from command line to 'None'
[1.471s] Level 5:colcon.colcon_core.verb:set package 'textual_gui_pkg' build argument 'cmake_target' from command line to 'None'
[1.471s] Level 5:colcon.colcon_core.verb:set package 'textual_gui_pkg' build argument 'cmake_target_skip_unavailable' from command line to 'False'
[1.471s] Level 5:colcon.colcon_core.verb:set package 'textual_gui_pkg' build argument 'cmake_clean_cache' from command line to 'False'
[1.471s] Level 5:colcon.colcon_core.verb:set package 'textual_gui_pkg' build argument 'cmake_clean_first' from command line to 'False'
[1.471s] Level 5:colcon.colcon_core.verb:set package 'textual_gui_pkg' build argument 'cmake_force_configure' from command line to 'False'
[1.471s] Level 5:colcon.colcon_core.verb:set package 'textual_gui_pkg' build argument 'ament_cmake_args' from command line to 'None'
[1.471s] Level 5:colcon.colcon_core.verb:set package 'textual_gui_pkg' build argument 'catkin_cmake_args' from command line to 'None'
[1.471s] Level 5:colcon.colcon_core.verb:set package 'textual_gui_pkg' build argument 'catkin_skip_building_tests' from command line to 'False'
[1.471s] DEBUG:colcon.colcon_core.verb:Building package 'textual_gui_pkg' with the following arguments: {'ament_cmake_args': None, 'build_base': '/workspaces/ros_agv_pc/src/build/textual_gui_pkg', 'catkin_cmake_args': None, 'catkin_skip_building_tests': False, 'cmake_args': None, 'cmake_clean_cache': False, 'cmake_clean_first': False, 'cmake_force_configure': False, 'cmake_target': None, 'cmake_target_skip_unavailable': False, 'install_base': '/workspaces/ros_agv_pc/src/install/textual_gui_pkg', 'merge_install': False, 'path': '/workspaces/ros_agv_pc/src/textual_gui_pkg', 'symlink_install': False, 'test_result_base': None}
[1.485s] INFO:colcon.colcon_core.executor:Executing jobs using 'parallel' executor
[1.500s] DEBUG:colcon.colcon_parallel_executor.executor.parallel:run_until_complete
[1.500s] INFO:colcon.colcon_ros.task.ament_python.build:Building ROS package in '/workspaces/ros_agv_pc/src/AGV_simulator_description' with build type 'ament_python'
[1.500s] Level 1:colcon.colcon_core.shell:create_environment_hook('AGV_simulator_description', 'ament_prefix_path')
[1.518s] INFO:colcon.colcon_core.plugin_system:Skipping extension 'colcon_core.shell.bat': Not used on non-Windows systems
[1.518s] INFO:colcon.colcon_core.shell:Creating environment hook '/workspaces/ros_agv_pc/src/install/AGV_simulator_description/share/AGV_simulator_description/hook/ament_prefix_path.ps1'
[1.520s] INFO:colcon.colcon_core.shell:Creating environment descriptor '/workspaces/ros_agv_pc/src/install/AGV_simulator_description/share/AGV_simulator_description/hook/ament_prefix_path.dsv'
[1.521s] INFO:colcon.colcon_core.shell:Creating environment hook '/workspaces/ros_agv_pc/src/install/AGV_simulator_description/share/AGV_simulator_description/hook/ament_prefix_path.sh'
[1.546s] INFO:colcon.colcon_core.shell:Skip shell extension 'powershell' for command environment: Not usable outside of PowerShell
[1.546s] DEBUG:colcon.colcon_core.shell:Skip shell extension 'dsv' for command environment
[1.597s] INFO:colcon.colcon_ros.task.ament_cmake.build:Building ROS package in '/workspaces/ros_agv_pc/src/agv_mcu_package' with build type 'ament_cmake'
[1.597s] INFO:colcon.colcon_cmake.task.cmake.build:Building CMake package in '/workspaces/ros_agv_pc/src/agv_mcu_package'
[1.614s] INFO:colcon.colcon_core.shell:Skip shell extension 'powershell' for command environment: Not usable outside of PowerShell
[1.615s] DEBUG:colcon.colcon_core.shell:Skip shell extension 'dsv' for command environment
[1.670s] INFO:colcon.colcon_ros.task.ament_cmake.build:Building ROS package in '/workspaces/ros_agv_pc/src/agv_sensor_package' with build type 'ament_cmake'
[1.671s] INFO:colcon.colcon_cmake.task.cmake.build:Building CMake package in '/workspaces/ros_agv_pc/src/agv_sensor_package'
[1.687s] INFO:colcon.colcon_core.shell:Skip shell extension 'powershell' for command environment: Not usable outside of PowerShell
[1.687s] DEBUG:colcon.colcon_core.shell:Skip shell extension 'dsv' for command environment
[1.751s] INFO:colcon.colcon_ros.task.ament_cmake.build:Building ROS package in '/workspaces/ros_agv_pc/src/cpp_qt_app' with build type 'ament_cmake'
[1.751s] INFO:colcon.colcon_cmake.task.cmake.build:Building CMake package in '/workspaces/ros_agv_pc/src/cpp_qt_app'
[1.771s] INFO:colcon.colcon_core.shell:Skip shell extension 'powershell' for command environment: Not usable outside of PowerShell
[1.771s] DEBUG:colcon.colcon_core.shell:Skip shell extension 'dsv' for command environment
[1.836s] INFO:colcon.colcon_ros.task.ament_cmake.build:Building ROS package in '/workspaces/ros_agv_pc/src/publisher_pkg' with build type 'ament_cmake'
[1.836s] INFO:colcon.colcon_cmake.task.cmake.build:Building CMake package in '/workspaces/ros_agv_pc/src/publisher_pkg'
[1.861s] INFO:colcon.colcon_core.shell:Skip shell extension 'powershell' for command environment: Not usable outside of PowerShell
[1.861s] DEBUG:colcon.colcon_core.shell:Skip shell extension 'dsv' for command environment
[1.926s] INFO:colcon.colcon_ros.task.ament_python.build:Building ROS package in '/workspaces/ros_agv_pc/src/py_qt_app' with build type 'ament_python'
[1.926s] Level 1:colcon.colcon_core.shell:create_environment_hook('py_qt_app', 'ament_prefix_path')
[1.943s] INFO:colcon.colcon_core.shell:Creating environment hook '/workspaces/ros_agv_pc/src/install/py_qt_app/share/py_qt_app/hook/ament_prefix_path.ps1'
[1.944s] INFO:colcon.colcon_core.shell:Creating environment descriptor '/workspaces/ros_agv_pc/src/install/py_qt_app/share/py_qt_app/hook/ament_prefix_path.dsv'
[1.944s] INFO:colcon.colcon_core.shell:Creating environment hook '/workspaces/ros_agv_pc/src/install/py_qt_app/share/py_qt_app/hook/ament_prefix_path.sh'
[1.964s] INFO:colcon.colcon_core.shell:Skip shell extension 'powershell' for command environment: Not usable outside of PowerShell
[1.964s] DEBUG:colcon.colcon_core.shell:Skip shell extension 'dsv' for command environment
[2.030s] INFO:colcon.colcon_ros.task.ament_cmake.build:Building ROS package in '/workspaces/ros_agv_pc/src/subpkg' with build type 'ament_cmake'
[2.031s] INFO:colcon.colcon_cmake.task.cmake.build:Building CMake package in '/workspaces/ros_agv_pc/src/subpkg'
[2.051s] INFO:colcon.colcon_core.shell:Skip shell extension 'powershell' for command environment: Not usable outside of PowerShell
[2.051s] DEBUG:colcon.colcon_core.shell:Skip shell extension 'dsv' for command environment
[2.118s] INFO:colcon.colcon_ros.task.ament_python.build:Building ROS package in '/workspaces/ros_agv_pc/src/textual_gui_pkg' with build type 'ament_python'
[2.118s] Level 1:colcon.colcon_core.shell:create_environment_hook('textual_gui_pkg', 'ament_prefix_path')
[2.142s] INFO:colcon.colcon_core.shell:Creating environment hook '/workspaces/ros_agv_pc/src/install/textual_gui_pkg/share/textual_gui_pkg/hook/ament_prefix_path.ps1'
[2.144s] INFO:colcon.colcon_core.shell:Creating environment descriptor '/workspaces/ros_agv_pc/src/install/textual_gui_pkg/share/textual_gui_pkg/hook/ament_prefix_path.dsv'
[2.144s] INFO:colcon.colcon_core.shell:Creating environment hook '/workspaces/ros_agv_pc/src/install/textual_gui_pkg/share/textual_gui_pkg/hook/ament_prefix_path.sh'
[2.165s] INFO:colcon.colcon_core.shell:Skip shell extension 'powershell' for command environment: Not usable outside of PowerShell
[2.165s] DEBUG:colcon.colcon_core.shell:Skip shell extension 'dsv' for command environment
[2.560s] INFO:colcon.colcon_core.task.python.build:Building Python package in '/workspaces/ros_agv_pc/src/AGV_simulator_description'
[2.581s] INFO:colcon.colcon_core.shell:Skip shell extension 'powershell' for command environment: Not usable outside of PowerShell
[2.581s] DEBUG:colcon.colcon_core.shell:Skip shell extension 'dsv' for command environment
[2.665s] DEBUG:colcon.colcon_core.event_handler.log_command:Invoking command in '/workspaces/ros_agv_pc/src/build/agv_mcu_package': CMAKE_PREFIX_PATH=${CMAKE_PREFIX_PATH}:/workspaces/ros_agv_pc/src/install/textual_gui_pkg:/workspaces/ros_agv_pc/src/install/py_qt_app:/workspaces/ros_agv_pc/src/install/AGV_simulator_description:/opt/ros/humble /usr/bin/cmake --build /workspaces/ros_agv_pc/src/build/agv_mcu_package -- -j8 -l8
[2.669s] DEBUG:colcon.colcon_core.event_handler.log_command:Invoking command in '/workspaces/ros_agv_pc/src/build/agv_sensor_package': CMAKE_PREFIX_PATH=${CMAKE_PREFIX_PATH}:/workspaces/ros_agv_pc/src/install/textual_gui_pkg:/workspaces/ros_agv_pc/src/install/py_qt_app:/workspaces/ros_agv_pc/src/install/AGV_simulator_description:/opt/ros/humble /usr/bin/cmake --build /workspaces/ros_agv_pc/src/build/agv_sensor_package -- -j8 -l8
[2.672s] DEBUG:colcon.colcon_core.event_handler.log_command:Invoking command in '/workspaces/ros_agv_pc/src/build/cpp_qt_app': CMAKE_PREFIX_PATH=${CMAKE_PREFIX_PATH}:/workspaces/ros_agv_pc/src/install/textual_gui_pkg:/workspaces/ros_agv_pc/src/install/py_qt_app:/workspaces/ros_agv_pc/src/install/AGV_simulator_description:/opt/ros/humble /usr/bin/cmake --build /workspaces/ros_agv_pc/src/build/cpp_qt_app -- -j8 -l8
[2.679s] DEBUG:colcon.colcon_core.event_handler.log_command:Invoking command in '/workspaces/ros_agv_pc/src/build/publisher_pkg': CMAKE_PREFIX_PATH=${CMAKE_PREFIX_PATH}:/workspaces/ros_agv_pc/src/install/textual_gui_pkg:/workspaces/ros_agv_pc/src/install/py_qt_app:/workspaces/ros_agv_pc/src/install/AGV_simulator_description:/opt/ros/humble /usr/bin/cmake --build /workspaces/ros_agv_pc/src/build/publisher_pkg -- -j8 -l8
[3.062s] INFO:colcon.colcon_core.task.python.build:Building Python package in '/workspaces/ros_agv_pc/src/py_qt_app'
[3.078s] INFO:colcon.colcon_core.shell:Skip shell extension 'powershell' for command environment: Not usable outside of PowerShell
[3.079s] DEBUG:colcon.colcon_core.shell:Skip shell extension 'dsv' for command environment
[3.135s] DEBUG:colcon.colcon_core.event_handler.log_command:Invoking command in '/workspaces/ros_agv_pc/src/build/subscriber_package': CMAKE_PREFIX_PATH=${CMAKE_PREFIX_PATH}:/workspaces/ros_agv_pc/src/install/textual_gui_pkg:/workspaces/ros_agv_pc/src/install/py_qt_app:/workspaces/ros_agv_pc/src/install/AGV_simulator_description:/opt/ros/humble /usr/bin/cmake --build /workspaces/ros_agv_pc/src/build/subscriber_package -- -j8 -l8
[3.478s] INFO:colcon.colcon_core.task.python.build:Building Python package in '/workspaces/ros_agv_pc/src/textual_gui_pkg'
[3.495s] INFO:colcon.colcon_core.shell:Skip shell extension 'powershell' for command environment: Not usable outside of PowerShell
[3.495s] DEBUG:colcon.colcon_core.shell:Skip shell extension 'dsv' for command environment
[3.562s] DEBUG:colcon.colcon_core.event_handler.log_command:Invoked command in '/workspaces/ros_agv_pc/src/build/publisher_pkg' returned '0': CMAKE_PREFIX_PATH=${CMAKE_PREFIX_PATH}:/workspaces/ros_agv_pc/src/install/textual_gui_pkg:/workspaces/ros_agv_pc/src/install/py_qt_app:/workspaces/ros_agv_pc/src/install/AGV_simulator_description:/opt/ros/humble /usr/bin/cmake --build /workspaces/ros_agv_pc/src/build/publisher_pkg -- -j8 -l8
[3.564s] DEBUG:colcon.colcon_core.event_handler.log_command:Invoked command in '/workspaces/ros_agv_pc/src/build/agv_mcu_package' returned '0': CMAKE_PREFIX_PATH=${CMAKE_PREFIX_PATH}:/workspaces/ros_agv_pc/src/install/textual_gui_pkg:/workspaces/ros_agv_pc/src/install/py_qt_app:/workspaces/ros_agv_pc/src/install/AGV_simulator_description:/opt/ros/humble /usr/bin/cmake --build /workspaces/ros_agv_pc/src/build/agv_mcu_package -- -j8 -l8
[3.564s] DEBUG:colcon.colcon_core.event_handler.log_command:Invoked command in '/workspaces/ros_agv_pc/src/build/agv_sensor_package' returned '0': CMAKE_PREFIX_PATH=${CMAKE_PREFIX_PATH}:/workspaces/ros_agv_pc/src/install/textual_gui_pkg:/workspaces/ros_agv_pc/src/install/py_qt_app:/workspaces/ros_agv_pc/src/install/AGV_simulator_description:/opt/ros/humble /usr/bin/cmake --build /workspaces/ros_agv_pc/src/build/agv_sensor_package -- -j8 -l8
[3.566s] DEBUG:colcon.colcon_core.event_handler.log_command:Invoked command in '/workspaces/ros_agv_pc/src/build/cpp_qt_app' returned '0': CMAKE_PREFIX_PATH=${CMAKE_PREFIX_PATH}:/workspaces/ros_agv_pc/src/install/textual_gui_pkg:/workspaces/ros_agv_pc/src/install/py_qt_app:/workspaces/ros_agv_pc/src/install/AGV_simulator_description:/opt/ros/humble /usr/bin/cmake --build /workspaces/ros_agv_pc/src/build/cpp_qt_app -- -j8 -l8
[3.577s] DEBUG:colcon.colcon_core.event_handler.log_command:Invoked command in '/workspaces/ros_agv_pc/src/build/subscriber_package' returned '0': CMAKE_PREFIX_PATH=${CMAKE_PREFIX_PATH}:/workspaces/ros_agv_pc/src/install/textual_gui_pkg:/workspaces/ros_agv_pc/src/install/py_qt_app:/workspaces/ros_agv_pc/src/install/AGV_simulator_description:/opt/ros/humble /usr/bin/cmake --build /workspaces/ros_agv_pc/src/build/subscriber_package -- -j8 -l8
[3.614s] DEBUG:colcon.colcon_core.event_handler.log_command:Invoking command in '/workspaces/ros_agv_pc/src/build/publisher_pkg': CMAKE_PREFIX_PATH=${CMAKE_PREFIX_PATH}:/workspaces/ros_agv_pc/src/install/textual_gui_pkg:/workspaces/ros_agv_pc/src/install/py_qt_app:/workspaces/ros_agv_pc/src/install/AGV_simulator_description:/opt/ros/humble /usr/bin/cmake --install /workspaces/ros_agv_pc/src/build/publisher_pkg
[3.620s] DEBUG:colcon.colcon_core.event_handler.log_command:Invoking command in '/workspaces/ros_agv_pc/src/build/subscriber_package': CMAKE_PREFIX_PATH=${CMAKE_PREFIX_PATH}:/workspaces/ros_agv_pc/src/install/textual_gui_pkg:/workspaces/ros_agv_pc/src/install/py_qt_app:/workspaces/ros_agv_pc/src/install/AGV_simulator_description:/opt/ros/humble /usr/bin/cmake --install /workspaces/ros_agv_pc/src/build/subscriber_package
[3.622s] DEBUG:colcon.colcon_core.event_handler.log_command:Invoking command in '/workspaces/ros_agv_pc/src/build/agv_mcu_package': CMAKE_PREFIX_PATH=${CMAKE_PREFIX_PATH}:/workspaces/ros_agv_pc/src/install/textual_gui_pkg:/workspaces/ros_agv_pc/src/install/py_qt_app:/workspaces/ros_agv_pc/src/install/AGV_simulator_description:/opt/ros/humble /usr/bin/cmake --install /workspaces/ros_agv_pc/src/build/agv_mcu_package
[3.635s] DEBUG:colcon.colcon_core.event_handler.log_command:Invoking command in '/workspaces/ros_agv_pc/src/build/agv_sensor_package': CMAKE_PREFIX_PATH=${CMAKE_PREFIX_PATH}:/workspaces/ros_agv_pc/src/install/textual_gui_pkg:/workspaces/ros_agv_pc/src/install/py_qt_app:/workspaces/ros_agv_pc/src/install/AGV_simulator_description:/opt/ros/humble /usr/bin/cmake --install /workspaces/ros_agv_pc/src/build/agv_sensor_package
[3.659s] Level 1:colcon.colcon_core.environment:create_environment_scripts_only(subscriber_package)
[3.674s] DEBUG:colcon.colcon_core.event_handler.log_command:Invoked command in '/workspaces/ros_agv_pc/src/build/subscriber_package' returned '0': CMAKE_PREFIX_PATH=${CMAKE_PREFIX_PATH}:/workspaces/ros_agv_pc/src/install/textual_gui_pkg:/workspaces/ros_agv_pc/src/install/py_qt_app:/workspaces/ros_agv_pc/src/install/AGV_simulator_description:/opt/ros/humble /usr/bin/cmake --install /workspaces/ros_agv_pc/src/build/subscriber_package
[3.706s] Level 1:colcon.colcon_core.environment:checking '/workspaces/ros_agv_pc/src/install/subscriber_package' for CMake module files
[3.707s] Level 1:colcon.colcon_core.environment:checking '/workspaces/ros_agv_pc/src/install/subscriber_package' for CMake config files
[3.708s] Level 1:colcon.colcon_core.shell:create_environment_hook('subscriber_package', 'cmake_prefix_path')
[3.741s] INFO:colcon.colcon_core.shell:Creating environment hook '/workspaces/ros_agv_pc/src/install/subscriber_package/share/subscriber_package/hook/cmake_prefix_path.ps1'
[3.743s] INFO:colcon.colcon_core.shell:Creating environment descriptor '/workspaces/ros_agv_pc/src/install/subscriber_package/share/subscriber_package/hook/cmake_prefix_path.dsv'
[3.744s] INFO:colcon.colcon_core.shell:Creating environment hook '/workspaces/ros_agv_pc/src/install/subscriber_package/share/subscriber_package/hook/cmake_prefix_path.sh'
[3.747s] Level 1:colcon.colcon_core.environment:checking '/workspaces/ros_agv_pc/src/install/subscriber_package/lib'
[3.748s] Level 1:colcon.colcon_core.environment:checking '/workspaces/ros_agv_pc/src/install/subscriber_package/bin'
[3.748s] Level 1:colcon.colcon_core.environment:checking '/workspaces/ros_agv_pc/src/install/subscriber_package/lib/pkgconfig/subscriber_package.pc'
[3.749s] Level 1:colcon.colcon_core.environment:checking '/workspaces/ros_agv_pc/src/install/subscriber_package/lib/python3.10/site-packages'
[3.750s] Level 1:colcon.colcon_core.environment:checking '/workspaces/ros_agv_pc/src/install/subscriber_package/bin'
[3.783s] INFO:colcon.colcon_core.shell:Creating package script '/workspaces/ros_agv_pc/src/install/subscriber_package/share/subscriber_package/package.ps1'
[3.785s] INFO:colcon.colcon_core.shell:Creating package descriptor '/workspaces/ros_agv_pc/src/install/subscriber_package/share/subscriber_package/package.dsv'
[3.785s] INFO:colcon.colcon_core.shell:Creating package script '/workspaces/ros_agv_pc/src/install/subscriber_package/share/subscriber_package/package.sh'
[3.787s] INFO:colcon.colcon_core.shell:Creating package script '/workspaces/ros_agv_pc/src/install/subscriber_package/share/subscriber_package/package.bash'
[3.789s] INFO:colcon.colcon_core.shell:Creating package script '/workspaces/ros_agv_pc/src/install/subscriber_package/share/subscriber_package/package.zsh'
[3.790s] Level 1:colcon.colcon_core.environment:create_file_with_runtime_dependencies(/workspaces/ros_agv_pc/src/install/subscriber_package/share/colcon-core/packages/subscriber_package)
[3.794s] DEBUG:colcon.colcon_core.event_handler.log_command:Invoking command in '/workspaces/ros_agv_pc/src/build/cpp_qt_app': CMAKE_PREFIX_PATH=${CMAKE_PREFIX_PATH}:/workspaces/ros_agv_pc/src/install/textual_gui_pkg:/workspaces/ros_agv_pc/src/install/py_qt_app:/workspaces/ros_agv_pc/src/install/AGV_simulator_description:/opt/ros/humble /usr/bin/cmake --install /workspaces/ros_agv_pc/src/build/cpp_qt_app
[3.795s] Level 1:colcon.colcon_core.environment:create_environment_scripts_only(agv_mcu_package)
[3.797s] DEBUG:colcon.colcon_core.event_handler.log_command:Invoked command in '/workspaces/ros_agv_pc/src/build/agv_mcu_package' returned '0': CMAKE_PREFIX_PATH=${CMAKE_PREFIX_PATH}:/workspaces/ros_agv_pc/src/install/textual_gui_pkg:/workspaces/ros_agv_pc/src/install/py_qt_app:/workspaces/ros_agv_pc/src/install/AGV_simulator_description:/opt/ros/humble /usr/bin/cmake --install /workspaces/ros_agv_pc/src/build/agv_mcu_package
[3.838s] Level 1:colcon.colcon_core.environment:checking '/workspaces/ros_agv_pc/src/install/agv_mcu_package' for CMake module files
[3.839s] Level 1:colcon.colcon_core.environment:checking '/workspaces/ros_agv_pc/src/install/agv_mcu_package' for CMake config files
[3.841s] Level 1:colcon.colcon_core.shell:create_environment_hook('agv_mcu_package', 'cmake_prefix_path')
[3.877s] INFO:colcon.colcon_core.shell:Creating environment hook '/workspaces/ros_agv_pc/src/install/agv_mcu_package/share/agv_mcu_package/hook/cmake_prefix_path.ps1'
[3.878s] INFO:colcon.colcon_core.shell:Creating environment descriptor '/workspaces/ros_agv_pc/src/install/agv_mcu_package/share/agv_mcu_package/hook/cmake_prefix_path.dsv'
[3.879s] INFO:colcon.colcon_core.shell:Creating environment hook '/workspaces/ros_agv_pc/src/install/agv_mcu_package/share/agv_mcu_package/hook/cmake_prefix_path.sh'
[3.880s] Level 1:colcon.colcon_core.environment:checking '/workspaces/ros_agv_pc/src/install/agv_mcu_package/lib'
[3.880s] Level 1:colcon.colcon_core.environment:checking '/workspaces/ros_agv_pc/src/install/agv_mcu_package/bin'
[3.880s] Level 1:colcon.colcon_core.environment:checking '/workspaces/ros_agv_pc/src/install/agv_mcu_package/lib/pkgconfig/agv_mcu_package.pc'
[3.881s] Level 1:colcon.colcon_core.environment:checking '/workspaces/ros_agv_pc/src/install/agv_mcu_package/lib/python3.10/site-packages'
[3.881s] Level 1:colcon.colcon_core.environment:checking '/workspaces/ros_agv_pc/src/install/agv_mcu_package/bin'
[3.914s] INFO:colcon.colcon_core.shell:Creating package script '/workspaces/ros_agv_pc/src/install/agv_mcu_package/share/agv_mcu_package/package.ps1'
[3.915s] INFO:colcon.colcon_core.shell:Creating package descriptor '/workspaces/ros_agv_pc/src/install/agv_mcu_package/share/agv_mcu_package/package.dsv'
[3.915s] INFO:colcon.colcon_core.shell:Creating package script '/workspaces/ros_agv_pc/src/install/agv_mcu_package/share/agv_mcu_package/package.sh'
[3.916s] INFO:colcon.colcon_core.shell:Creating package script '/workspaces/ros_agv_pc/src/install/agv_mcu_package/share/agv_mcu_package/package.bash'
[3.917s] INFO:colcon.colcon_core.shell:Creating package script '/workspaces/ros_agv_pc/src/install/agv_mcu_package/share/agv_mcu_package/package.zsh'
[3.918s] Level 1:colcon.colcon_core.environment:create_file_with_runtime_dependencies(/workspaces/ros_agv_pc/src/install/agv_mcu_package/share/colcon-core/packages/agv_mcu_package)
[3.920s] Level 1:colcon.colcon_core.environment:create_environment_scripts_only(publisher_pkg)
[3.921s] DEBUG:colcon.colcon_core.event_handler.log_command:Invoked command in '/workspaces/ros_agv_pc/src/build/publisher_pkg' returned '0': CMAKE_PREFIX_PATH=${CMAKE_PREFIX_PATH}:/workspaces/ros_agv_pc/src/install/textual_gui_pkg:/workspaces/ros_agv_pc/src/install/py_qt_app:/workspaces/ros_agv_pc/src/install/AGV_simulator_description:/opt/ros/humble /usr/bin/cmake --install /workspaces/ros_agv_pc/src/build/publisher_pkg
[3.962s] Level 1:colcon.colcon_core.environment:checking '/workspaces/ros_agv_pc/src/install/publisher_pkg' for CMake module files
[3.963s] Level 1:colcon.colcon_core.environment:checking '/workspaces/ros_agv_pc/src/install/publisher_pkg' for CMake config files
[3.963s] Level 1:colcon.colcon_core.shell:create_environment_hook('publisher_pkg', 'cmake_prefix_path')
[4.000s] INFO:colcon.colcon_core.shell:Creating environment hook '/workspaces/ros_agv_pc/src/install/publisher_pkg/share/publisher_pkg/hook/cmake_prefix_path.ps1'
[4.000s] INFO:colcon.colcon_core.shell:Creating environment descriptor '/workspaces/ros_agv_pc/src/install/publisher_pkg/share/publisher_pkg/hook/cmake_prefix_path.dsv'
[4.001s] INFO:colcon.colcon_core.shell:Creating environment hook '/workspaces/ros_agv_pc/src/install/publisher_pkg/share/publisher_pkg/hook/cmake_prefix_path.sh'
[4.002s] Level 1:colcon.colcon_core.environment:checking '/workspaces/ros_agv_pc/src/install/publisher_pkg/lib'
[4.002s] Level 1:colcon.colcon_core.environment:checking '/workspaces/ros_agv_pc/src/install/publisher_pkg/bin'
[4.003s] Level 1:colcon.colcon_core.environment:checking '/workspaces/ros_agv_pc/src/install/publisher_pkg/lib/pkgconfig/publisher_pkg.pc'
[4.003s] Level 1:colcon.colcon_core.environment:checking '/workspaces/ros_agv_pc/src/install/publisher_pkg/lib/python3.10/site-packages'
[4.004s] Level 1:colcon.colcon_core.environment:checking '/workspaces/ros_agv_pc/src/install/publisher_pkg/bin'
[4.039s] INFO:colcon.colcon_core.shell:Creating package script '/workspaces/ros_agv_pc/src/install/publisher_pkg/share/publisher_pkg/package.ps1'
[4.040s] INFO:colcon.colcon_core.shell:Creating package descriptor '/workspaces/ros_agv_pc/src/install/publisher_pkg/share/publisher_pkg/package.dsv'
[4.043s] INFO:colcon.colcon_core.shell:Creating package script '/workspaces/ros_agv_pc/src/install/publisher_pkg/share/publisher_pkg/package.sh'
[4.044s] INFO:colcon.colcon_core.shell:Creating package script '/workspaces/ros_agv_pc/src/install/publisher_pkg/share/publisher_pkg/package.bash'
[4.046s] INFO:colcon.colcon_core.shell:Creating package script '/workspaces/ros_agv_pc/src/install/publisher_pkg/share/publisher_pkg/package.zsh'
[4.048s] Level 1:colcon.colcon_core.environment:create_file_with_runtime_dependencies(/workspaces/ros_agv_pc/src/install/publisher_pkg/share/colcon-core/packages/publisher_pkg)
[4.053s] Level 1:colcon.colcon_core.environment:create_environment_scripts_only(agv_sensor_package)
[4.054s] DEBUG:colcon.colcon_core.event_handler.log_command:Invoked command in '/workspaces/ros_agv_pc/src/build/agv_sensor_package' returned '0': CMAKE_PREFIX_PATH=${CMAKE_PREFIX_PATH}:/workspaces/ros_agv_pc/src/install/textual_gui_pkg:/workspaces/ros_agv_pc/src/install/py_qt_app:/workspaces/ros_agv_pc/src/install/AGV_simulator_description:/opt/ros/humble /usr/bin/cmake --install /workspaces/ros_agv_pc/src/build/agv_sensor_package
[4.088s] Level 1:colcon.colcon_core.environment:checking '/workspaces/ros_agv_pc/src/install/agv_sensor_package' for CMake module files
[4.089s] Level 1:colcon.colcon_core.environment:checking '/workspaces/ros_agv_pc/src/install/agv_sensor_package' for CMake config files
[4.089s] Level 1:colcon.colcon_core.shell:create_environment_hook('agv_sensor_package', 'cmake_prefix_path')
[4.116s] INFO:colcon.colcon_core.shell:Creating environment hook '/workspaces/ros_agv_pc/src/install/agv_sensor_package/share/agv_sensor_package/hook/cmake_prefix_path.ps1'
[4.117s] INFO:colcon.colcon_core.shell:Creating environment descriptor '/workspaces/ros_agv_pc/src/install/agv_sensor_package/share/agv_sensor_package/hook/cmake_prefix_path.dsv'
[4.118s] INFO:colcon.colcon_core.shell:Creating environment hook '/workspaces/ros_agv_pc/src/install/agv_sensor_package/share/agv_sensor_package/hook/cmake_prefix_path.sh'
[4.119s] Level 1:colcon.colcon_core.environment:checking '/workspaces/ros_agv_pc/src/install/agv_sensor_package/lib'
[4.119s] Level 1:colcon.colcon_core.environment:checking '/workspaces/ros_agv_pc/src/install/agv_sensor_package/bin'
[4.120s] Level 1:colcon.colcon_core.environment:checking '/workspaces/ros_agv_pc/src/install/agv_sensor_package/lib/pkgconfig/agv_sensor_package.pc'
[4.120s] Level 1:colcon.colcon_core.environment:checking '/workspaces/ros_agv_pc/src/install/agv_sensor_package/lib/python3.10/site-packages'
[4.120s] Level 1:colcon.colcon_core.environment:checking '/workspaces/ros_agv_pc/src/install/agv_sensor_package/bin'
[4.151s] INFO:colcon.colcon_core.shell:Creating package script '/workspaces/ros_agv_pc/src/install/agv_sensor_package/share/agv_sensor_package/package.ps1'
[4.152s] INFO:colcon.colcon_core.shell:Creating package descriptor '/workspaces/ros_agv_pc/src/install/agv_sensor_package/share/agv_sensor_package/package.dsv'
[4.153s] INFO:colcon.colcon_core.shell:Creating package script '/workspaces/ros_agv_pc/src/install/agv_sensor_package/share/agv_sensor_package/package.sh'
[4.154s] INFO:colcon.colcon_core.shell:Creating package script '/workspaces/ros_agv_pc/src/install/agv_sensor_package/share/agv_sensor_package/package.bash'
[4.154s] INFO:colcon.colcon_core.shell:Creating package script '/workspaces/ros_agv_pc/src/install/agv_sensor_package/share/agv_sensor_package/package.zsh'
[4.155s] Level 1:colcon.colcon_core.environment:create_file_with_runtime_dependencies(/workspaces/ros_agv_pc/src/install/agv_sensor_package/share/colcon-core/packages/agv_sensor_package)
[4.162s] Level 1:colcon.colcon_core.environment:create_environment_scripts_only(cpp_qt_app)
[4.162s] DEBUG:colcon.colcon_core.event_handler.log_command:Invoked command in '/workspaces/ros_agv_pc/src/build/cpp_qt_app' returned '0': CMAKE_PREFIX_PATH=${CMAKE_PREFIX_PATH}:/workspaces/ros_agv_pc/src/install/textual_gui_pkg:/workspaces/ros_agv_pc/src/install/py_qt_app:/workspaces/ros_agv_pc/src/install/AGV_simulator_description:/opt/ros/humble /usr/bin/cmake --install /workspaces/ros_agv_pc/src/build/cpp_qt_app
[4.187s] Level 1:colcon.colcon_core.environment:checking '/workspaces/ros_agv_pc/src/install/cpp_qt_app' for CMake module files
[4.188s] Level 1:colcon.colcon_core.environment:checking '/workspaces/ros_agv_pc/src/install/cpp_qt_app' for CMake config files
[4.188s] Level 1:colcon.colcon_core.shell:create_environment_hook('cpp_qt_app', 'cmake_prefix_path')
[4.215s] INFO:colcon.colcon_core.shell:Creating environment hook '/workspaces/ros_agv_pc/src/install/cpp_qt_app/share/cpp_qt_app/hook/cmake_prefix_path.ps1'
[4.216s] INFO:colcon.colcon_core.shell:Creating environment descriptor '/workspaces/ros_agv_pc/src/install/cpp_qt_app/share/cpp_qt_app/hook/cmake_prefix_path.dsv'
[4.216s] INFO:colcon.colcon_core.shell:Creating environment hook '/workspaces/ros_agv_pc/src/install/cpp_qt_app/share/cpp_qt_app/hook/cmake_prefix_path.sh'
[4.217s] Level 1:colcon.colcon_core.environment:checking '/workspaces/ros_agv_pc/src/install/cpp_qt_app/lib'
[4.218s] Level 1:colcon.colcon_core.environment:checking '/workspaces/ros_agv_pc/src/install/cpp_qt_app/bin'
[4.218s] Level 1:colcon.colcon_core.environment:checking '/workspaces/ros_agv_pc/src/install/cpp_qt_app/lib/pkgconfig/cpp_qt_app.pc'
[4.219s] Level 1:colcon.colcon_core.environment:checking '/workspaces/ros_agv_pc/src/install/cpp_qt_app/lib/python3.10/site-packages'
[4.219s] Level 1:colcon.colcon_core.environment:checking '/workspaces/ros_agv_pc/src/install/cpp_qt_app/bin'
[4.249s] INFO:colcon.colcon_core.shell:Creating package script '/workspaces/ros_agv_pc/src/install/cpp_qt_app/share/cpp_qt_app/package.ps1'
[4.251s] INFO:colcon.colcon_core.shell:Creating package descriptor '/workspaces/ros_agv_pc/src/install/cpp_qt_app/share/cpp_qt_app/package.dsv'
[4.252s] INFO:colcon.colcon_core.shell:Creating package script '/workspaces/ros_agv_pc/src/install/cpp_qt_app/share/cpp_qt_app/package.sh'
[4.253s] INFO:colcon.colcon_core.shell:Creating package script '/workspaces/ros_agv_pc/src/install/cpp_qt_app/share/cpp_qt_app/package.bash'
[4.253s] INFO:colcon.colcon_core.shell:Creating package script '/workspaces/ros_agv_pc/src/install/cpp_qt_app/share/cpp_qt_app/package.zsh'
[4.254s] Level 1:colcon.colcon_core.environment:create_file_with_runtime_dependencies(/workspaces/ros_agv_pc/src/install/cpp_qt_app/share/colcon-core/packages/cpp_qt_app)
[4.282s] Level 1:colcon.colcon_core.environment:create_environment_scripts_only(subscriber_package)
[4.302s] Level 1:colcon.colcon_core.environment:checking '/workspaces/ros_agv_pc/src/install/subscriber_package' for CMake module files
[4.303s] Level 1:colcon.colcon_core.environment:checking '/workspaces/ros_agv_pc/src/install/subscriber_package' for CMake config files
[4.303s] Level 1:colcon.colcon_core.shell:create_environment_hook('subscriber_package', 'cmake_prefix_path')
[4.323s] INFO:colcon.colcon_core.shell:Creating environment hook '/workspaces/ros_agv_pc/src/install/subscriber_package/share/subscriber_package/hook/cmake_prefix_path.ps1'
[4.324s] INFO:colcon.colcon_core.shell:Creating environment descriptor '/workspaces/ros_agv_pc/src/install/subscriber_package/share/subscriber_package/hook/cmake_prefix_path.dsv'
[4.324s] INFO:colcon.colcon_core.shell:Creating environment hook '/workspaces/ros_agv_pc/src/install/subscriber_package/share/subscriber_package/hook/cmake_prefix_path.sh'
[4.326s] Level 1:colcon.colcon_core.environment:checking '/workspaces/ros_agv_pc/src/install/subscriber_package/lib'
[4.326s] Level 1:colcon.colcon_core.environment:checking '/workspaces/ros_agv_pc/src/install/subscriber_package/bin'
[4.326s] Level 1:colcon.colcon_core.environment:checking '/workspaces/ros_agv_pc/src/install/subscriber_package/lib/pkgconfig/subscriber_package.pc'
[4.327s] Level 1:colcon.colcon_core.environment:checking '/workspaces/ros_agv_pc/src/install/subscriber_package/lib/python3.10/site-packages'
[4.327s] Level 1:colcon.colcon_core.environment:checking '/workspaces/ros_agv_pc/src/install/subscriber_package/bin'
[4.351s] INFO:colcon.colcon_core.shell:Creating package script '/workspaces/ros_agv_pc/src/install/subscriber_package/share/subscriber_package/package.ps1'
[4.352s] INFO:colcon.colcon_core.shell:Creating package descriptor '/workspaces/ros_agv_pc/src/install/subscriber_package/share/subscriber_package/package.dsv'
[4.352s] INFO:colcon.colcon_core.shell:Creating package script '/workspaces/ros_agv_pc/src/install/subscriber_package/share/subscriber_package/package.sh'
[4.353s] INFO:colcon.colcon_core.shell:Creating package script '/workspaces/ros_agv_pc/src/install/subscriber_package/share/subscriber_package/package.bash'
[4.354s] INFO:colcon.colcon_core.shell:Creating package script '/workspaces/ros_agv_pc/src/install/subscriber_package/share/subscriber_package/package.zsh'
[4.354s] Level 1:colcon.colcon_core.environment:create_file_with_runtime_dependencies(/workspaces/ros_agv_pc/src/install/subscriber_package/share/colcon-core/packages/subscriber_package)
[4.387s] Level 1:colcon.colcon_core.environment:create_environment_scripts_only(agv_mcu_package)
[4.414s] Level 1:colcon.colcon_core.environment:checking '/workspaces/ros_agv_pc/src/install/agv_mcu_package' for CMake module files
[4.415s] Level 1:colcon.colcon_core.environment:checking '/workspaces/ros_agv_pc/src/install/agv_mcu_package' for CMake config files
[4.415s] Level 1:colcon.colcon_core.shell:create_environment_hook('agv_mcu_package', 'cmake_prefix_path')
[4.437s] INFO:colcon.colcon_core.shell:Creating environment hook '/workspaces/ros_agv_pc/src/install/agv_mcu_package/share/agv_mcu_package/hook/cmake_prefix_path.ps1'
[4.438s] INFO:colcon.colcon_core.shell:Creating environment descriptor '/workspaces/ros_agv_pc/src/install/agv_mcu_package/share/agv_mcu_package/hook/cmake_prefix_path.dsv'
[4.438s] INFO:colcon.colcon_core.shell:Creating environment hook '/workspaces/ros_agv_pc/src/install/agv_mcu_package/share/agv_mcu_package/hook/cmake_prefix_path.sh'
[4.439s] Level 1:colcon.colcon_core.environment:checking '/workspaces/ros_agv_pc/src/install/agv_mcu_package/lib'
[4.439s] Level 1:colcon.colcon_core.environment:checking '/workspaces/ros_agv_pc/src/install/agv_mcu_package/bin'
[4.439s] Level 1:colcon.colcon_core.environment:checking '/workspaces/ros_agv_pc/src/install/agv_mcu_package/lib/pkgconfig/agv_mcu_package.pc'
[4.440s] Level 1:colcon.colcon_core.environment:checking '/workspaces/ros_agv_pc/src/install/agv_mcu_package/lib/python3.10/site-packages'
[4.440s] Level 1:colcon.colcon_core.environment:checking '/workspaces/ros_agv_pc/src/install/agv_mcu_package/bin'
[4.465s] INFO:colcon.colcon_core.shell:Creating package script '/workspaces/ros_agv_pc/src/install/agv_mcu_package/share/agv_mcu_package/package.ps1'
[4.466s] INFO:colcon.colcon_core.shell:Creating package descriptor '/workspaces/ros_agv_pc/src/install/agv_mcu_package/share/agv_mcu_package/package.dsv'
[4.466s] INFO:colcon.colcon_core.shell:Creating package script '/workspaces/ros_agv_pc/src/install/agv_mcu_package/share/agv_mcu_package/package.sh'
[4.467s] INFO:colcon.colcon_core.shell:Creating package script '/workspaces/ros_agv_pc/src/install/agv_mcu_package/share/agv_mcu_package/package.bash'
[4.467s] INFO:colcon.colcon_core.shell:Creating package script '/workspaces/ros_agv_pc/src/install/agv_mcu_package/share/agv_mcu_package/package.zsh'
[4.468s] Level 1:colcon.colcon_core.environment:create_file_with_runtime_dependencies(/workspaces/ros_agv_pc/src/install/agv_mcu_package/share/colcon-core/packages/agv_mcu_package)
[4.488s] Level 1:colcon.colcon_core.environment:create_environment_scripts_only(publisher_pkg)
[4.507s] Level 1:colcon.colcon_core.environment:checking '/workspaces/ros_agv_pc/src/install/publisher_pkg' for CMake module files
[4.509s] Level 1:colcon.colcon_core.environment:checking '/workspaces/ros_agv_pc/src/install/publisher_pkg' for CMake config files
[4.510s] Level 1:colcon.colcon_core.shell:create_environment_hook('publisher_pkg', 'cmake_prefix_path')
[4.534s] INFO:colcon.colcon_core.shell:Creating environment hook '/workspaces/ros_agv_pc/src/install/publisher_pkg/share/publisher_pkg/hook/cmake_prefix_path.ps1'
[4.535s] INFO:colcon.colcon_core.shell:Creating environment descriptor '/workspaces/ros_agv_pc/src/install/publisher_pkg/share/publisher_pkg/hook/cmake_prefix_path.dsv'
[4.535s] INFO:colcon.colcon_core.shell:Creating environment hook '/workspaces/ros_agv_pc/src/install/publisher_pkg/share/publisher_pkg/hook/cmake_prefix_path.sh'
[4.536s] Level 1:colcon.colcon_core.environment:checking '/workspaces/ros_agv_pc/src/install/publisher_pkg/lib'
[4.536s] Level 1:colcon.colcon_core.environment:checking '/workspaces/ros_agv_pc/src/install/publisher_pkg/bin'
[4.536s] Level 1:colcon.colcon_core.environment:checking '/workspaces/ros_agv_pc/src/install/publisher_pkg/lib/pkgconfig/publisher_pkg.pc'
[4.536s] Level 1:colcon.colcon_core.environment:checking '/workspaces/ros_agv_pc/src/install/publisher_pkg/lib/python3.10/site-packages'
[4.537s] Level 1:colcon.colcon_core.environment:checking '/workspaces/ros_agv_pc/src/install/publisher_pkg/bin'
[4.561s] INFO:colcon.colcon_core.shell:Creating package script '/workspaces/ros_agv_pc/src/install/publisher_pkg/share/publisher_pkg/package.ps1'
[4.563s] INFO:colcon.colcon_core.shell:Creating package descriptor '/workspaces/ros_agv_pc/src/install/publisher_pkg/share/publisher_pkg/package.dsv'
[4.563s] INFO:colcon.colcon_core.shell:Creating package script '/workspaces/ros_agv_pc/src/install/publisher_pkg/share/publisher_pkg/package.sh'
[4.564s] INFO:colcon.colcon_core.shell:Creating package script '/workspaces/ros_agv_pc/src/install/publisher_pkg/share/publisher_pkg/package.bash'
[4.565s] INFO:colcon.colcon_core.shell:Creating package script '/workspaces/ros_agv_pc/src/install/publisher_pkg/share/publisher_pkg/package.zsh'
[4.565s] Level 1:colcon.colcon_core.environment:create_file_with_runtime_dependencies(/workspaces/ros_agv_pc/src/install/publisher_pkg/share/colcon-core/packages/publisher_pkg)
[4.570s] DEBUG:colcon.colcon_core.event_handler.log_command:Invoking command in '/workspaces/ros_agv_pc/src/py_qt_app': PYTHONPATH=/workspaces/ros_agv_pc/src/build/py_qt_app/prefix_override:/workspaces/ros_agv_pc/src/install/py_qt_app/lib/python3.10/site-packages:${PYTHONPATH} /usr/bin/python3 setup.py egg_info --egg-base ../build/py_qt_app build --build-base /workspaces/ros_agv_pc/src/build/py_qt_app/build install --record /workspaces/ros_agv_pc/src/build/py_qt_app/install.log --single-version-externally-managed
[4.595s] Level 1:colcon.colcon_core.environment:create_environment_scripts_only(agv_sensor_package)
[4.621s] Level 1:colcon.colcon_core.environment:checking '/workspaces/ros_agv_pc/src/install/agv_sensor_package' for CMake module files
[4.622s] Level 1:colcon.colcon_core.environment:checking '/workspaces/ros_agv_pc/src/install/agv_sensor_package' for CMake config files
[4.622s] Level 1:colcon.colcon_core.shell:create_environment_hook('agv_sensor_package', 'cmake_prefix_path')
[4.648s] INFO:colcon.colcon_core.shell:Creating environment hook '/workspaces/ros_agv_pc/src/install/agv_sensor_package/share/agv_sensor_package/hook/cmake_prefix_path.ps1'
[4.649s] INFO:colcon.colcon_core.shell:Creating environment descriptor '/workspaces/ros_agv_pc/src/install/agv_sensor_package/share/agv_sensor_package/hook/cmake_prefix_path.dsv'
[4.650s] INFO:colcon.colcon_core.shell:Creating environment hook '/workspaces/ros_agv_pc/src/install/agv_sensor_package/share/agv_sensor_package/hook/cmake_prefix_path.sh'
[4.651s] Level 1:colcon.colcon_core.environment:checking '/workspaces/ros_agv_pc/src/install/agv_sensor_package/lib'
[4.651s] Level 1:colcon.colcon_core.environment:checking '/workspaces/ros_agv_pc/src/install/agv_sensor_package/bin'
[4.651s] Level 1:colcon.colcon_core.environment:checking '/workspaces/ros_agv_pc/src/install/agv_sensor_package/lib/pkgconfig/agv_sensor_package.pc'
[4.651s] Level 1:colcon.colcon_core.environment:checking '/workspaces/ros_agv_pc/src/install/agv_sensor_package/lib/python3.10/site-packages'
[4.651s] Level 1:colcon.colcon_core.environment:checking '/workspaces/ros_agv_pc/src/install/agv_sensor_package/bin'
[4.672s] INFO:colcon.colcon_core.shell:Creating package script '/workspaces/ros_agv_pc/src/install/agv_sensor_package/share/agv_sensor_package/package.ps1'
[4.673s] INFO:colcon.colcon_core.shell:Creating package descriptor '/workspaces/ros_agv_pc/src/install/agv_sensor_package/share/agv_sensor_package/package.dsv'
[4.673s] INFO:colcon.colcon_core.shell:Creating package script '/workspaces/ros_agv_pc/src/install/agv_sensor_package/share/agv_sensor_package/package.sh'
[4.674s] INFO:colcon.colcon_core.shell:Creating package script '/workspaces/ros_agv_pc/src/install/agv_sensor_package/share/agv_sensor_package/package.bash'
[4.675s] INFO:colcon.colcon_core.shell:Creating package script '/workspaces/ros_agv_pc/src/install/agv_sensor_package/share/agv_sensor_package/package.zsh'
[4.675s] Level 1:colcon.colcon_core.environment:create_file_with_runtime_dependencies(/workspaces/ros_agv_pc/src/install/agv_sensor_package/share/colcon-core/packages/agv_sensor_package)
[4.681s] DEBUG:colcon.colcon_core.event_handler.log_command:Invoking command in '/workspaces/ros_agv_pc/src/textual_gui_pkg': PYTHONPATH=/workspaces/ros_agv_pc/src/build/textual_gui_pkg/prefix_override:/workspaces/ros_agv_pc/src/install/textual_gui_pkg/lib/python3.10/site-packages:${PYTHONPATH} /usr/bin/python3 setup.py egg_info --egg-base ../build/textual_gui_pkg build --build-base /workspaces/ros_agv_pc/src/build/textual_gui_pkg/build install --record /workspaces/ros_agv_pc/src/build/textual_gui_pkg/install.log --single-version-externally-managed
[4.683s] DEBUG:colcon.colcon_core.event_handler.log_command:Invoking command in '/workspaces/ros_agv_pc/src/AGV_simulator_description': PYTHONPATH=/workspaces/ros_agv_pc/src/build/AGV_simulator_description/prefix_override:/workspaces/ros_agv_pc/src/install/AGV_simulator_description/lib/python3.10/site-packages:${PYTHONPATH} /usr/bin/python3 setup.py egg_info --egg-base ../build/AGV_simulator_description build --build-base /workspaces/ros_agv_pc/src/build/AGV_simulator_description/build install --record /workspaces/ros_agv_pc/src/build/AGV_simulator_description/install.log --install-scripts $base/lib/AGV_simulator_description --single-version-externally-managed
[4.703s] Level 1:colcon.colcon_core.environment:create_environment_scripts_only(cpp_qt_app)
[4.737s] Level 1:colcon.colcon_core.environment:checking '/workspaces/ros_agv_pc/src/install/cpp_qt_app' for CMake module files
[4.738s] Level 1:colcon.colcon_core.environment:checking '/workspaces/ros_agv_pc/src/install/cpp_qt_app' for CMake config files
[4.738s] Level 1:colcon.colcon_core.shell:create_environment_hook('cpp_qt_app', 'cmake_prefix_path')
[4.779s] INFO:colcon.colcon_core.shell:Creating environment hook '/workspaces/ros_agv_pc/src/install/cpp_qt_app/share/cpp_qt_app/hook/cmake_prefix_path.ps1'
[4.780s] INFO:colcon.colcon_core.shell:Creating environment descriptor '/workspaces/ros_agv_pc/src/install/cpp_qt_app/share/cpp_qt_app/hook/cmake_prefix_path.dsv'
[4.781s] INFO:colcon.colcon_core.shell:Creating environment hook '/workspaces/ros_agv_pc/src/install/cpp_qt_app/share/cpp_qt_app/hook/cmake_prefix_path.sh'
[4.782s] Level 1:colcon.colcon_core.environment:checking '/workspaces/ros_agv_pc/src/install/cpp_qt_app/lib'
[4.782s] Level 1:colcon.colcon_core.environment:checking '/workspaces/ros_agv_pc/src/install/cpp_qt_app/bin'
[4.782s] Level 1:colcon.colcon_core.environment:checking '/workspaces/ros_agv_pc/src/install/cpp_qt_app/lib/pkgconfig/cpp_qt_app.pc'
[4.783s] Level 1:colcon.colcon_core.environment:checking '/workspaces/ros_agv_pc/src/install/cpp_qt_app/lib/python3.10/site-packages'
[4.783s] Level 1:colcon.colcon_core.environment:checking '/workspaces/ros_agv_pc/src/install/cpp_qt_app/bin'
[4.816s] INFO:colcon.colcon_core.shell:Creating package script '/workspaces/ros_agv_pc/src/install/cpp_qt_app/share/cpp_qt_app/package.ps1'
[4.817s] INFO:colcon.colcon_core.shell:Creating package descriptor '/workspaces/ros_agv_pc/src/install/cpp_qt_app/share/cpp_qt_app/package.dsv'
[4.818s] INFO:colcon.colcon_core.shell:Creating package script '/workspaces/ros_agv_pc/src/install/cpp_qt_app/share/cpp_qt_app/package.sh'
[4.819s] INFO:colcon.colcon_core.shell:Creating package script '/workspaces/ros_agv_pc/src/install/cpp_qt_app/share/cpp_qt_app/package.bash'
[4.820s] INFO:colcon.colcon_core.shell:Creating package script '/workspaces/ros_agv_pc/src/install/cpp_qt_app/share/cpp_qt_app/package.zsh'
[4.821s] Level 1:colcon.colcon_core.environment:create_file_with_runtime_dependencies(/workspaces/ros_agv_pc/src/install/cpp_qt_app/share/colcon-core/packages/cpp_qt_app)
[5.102s] DEBUG:colcon.colcon_core.event_handler.log_command:Invoked command in '/workspaces/ros_agv_pc/src/py_qt_app' returned '0': PYTHONPATH=/workspaces/ros_agv_pc/src/build/py_qt_app/prefix_override:/workspaces/ros_agv_pc/src/install/py_qt_app/lib/python3.10/site-packages:${PYTHONPATH} /usr/bin/python3 setup.py egg_info --egg-base ../build/py_qt_app build --build-base /workspaces/ros_agv_pc/src/build/py_qt_app/build install --record /workspaces/ros_agv_pc/src/build/py_qt_app/install.log --single-version-externally-managed
[5.133s] Level 1:colcon.colcon_core.environment:checking '/workspaces/ros_agv_pc/src/install/py_qt_app' for CMake module files
[5.134s] Level 1:colcon.colcon_core.environment:checking '/workspaces/ros_agv_pc/src/install/py_qt_app' for CMake config files
[5.138s] Level 1:colcon.colcon_core.environment:checking '/workspaces/ros_agv_pc/src/install/py_qt_app/lib'
[5.138s] Level 1:colcon.colcon_core.environment:checking '/workspaces/ros_agv_pc/src/install/py_qt_app/bin'
[5.138s] Level 1:colcon.colcon_core.environment:checking '/workspaces/ros_agv_pc/src/install/py_qt_app/lib/pkgconfig/py_qt_app.pc'
[5.139s] Level 1:colcon.colcon_core.environment:checking '/workspaces/ros_agv_pc/src/install/py_qt_app/lib/python3.10/site-packages'
[5.139s] Level 1:colcon.colcon_core.shell:create_environment_hook('py_qt_app', 'pythonpath')
[5.176s] INFO:colcon.colcon_core.shell:Creating environment hook '/workspaces/ros_agv_pc/src/install/py_qt_app/share/py_qt_app/hook/pythonpath.ps1'
[5.177s] INFO:colcon.colcon_core.shell:Creating environment descriptor '/workspaces/ros_agv_pc/src/install/py_qt_app/share/py_qt_app/hook/pythonpath.dsv'
[5.178s] INFO:colcon.colcon_core.shell:Creating environment hook '/workspaces/ros_agv_pc/src/install/py_qt_app/share/py_qt_app/hook/pythonpath.sh'
[5.179s] Level 1:colcon.colcon_core.environment:checking '/workspaces/ros_agv_pc/src/install/py_qt_app/bin'
[5.179s] Level 1:colcon.colcon_core.environment:create_environment_scripts_only(py_qt_app)
[5.211s] INFO:colcon.colcon_core.shell:Creating package script '/workspaces/ros_agv_pc/src/install/py_qt_app/share/py_qt_app/package.ps1'
[5.213s] INFO:colcon.colcon_core.shell:Creating package descriptor '/workspaces/ros_agv_pc/src/install/py_qt_app/share/py_qt_app/package.dsv'
[5.213s] INFO:colcon.colcon_core.shell:Creating package script '/workspaces/ros_agv_pc/src/install/py_qt_app/share/py_qt_app/package.sh'
[5.214s] INFO:colcon.colcon_core.shell:Creating package script '/workspaces/ros_agv_pc/src/install/py_qt_app/share/py_qt_app/package.bash'
[5.214s] INFO:colcon.colcon_core.shell:Creating package script '/workspaces/ros_agv_pc/src/install/py_qt_app/share/py_qt_app/package.zsh'
[5.215s] Level 1:colcon.colcon_core.environment:create_file_with_runtime_dependencies(/workspaces/ros_agv_pc/src/install/py_qt_app/share/colcon-core/packages/py_qt_app)
[5.217s] DEBUG:colcon.colcon_core.event_handler.log_command:Invoked command in '/workspaces/ros_agv_pc/src/textual_gui_pkg' returned '0': PYTHONPATH=/workspaces/ros_agv_pc/src/build/textual_gui_pkg/prefix_override:/workspaces/ros_agv_pc/src/install/textual_gui_pkg/lib/python3.10/site-packages:${PYTHONPATH} /usr/bin/python3 setup.py egg_info --egg-base ../build/textual_gui_pkg build --build-base /workspaces/ros_agv_pc/src/build/textual_gui_pkg/build install --record /workspaces/ros_agv_pc/src/build/textual_gui_pkg/install.log --single-version-externally-managed
[5.244s] Level 1:colcon.colcon_core.environment:checking '/workspaces/ros_agv_pc/src/install/textual_gui_pkg' for CMake module files
[5.246s] Level 1:colcon.colcon_core.environment:checking '/workspaces/ros_agv_pc/src/install/textual_gui_pkg' for CMake config files
[5.248s] Level 1:colcon.colcon_core.environment:checking '/workspaces/ros_agv_pc/src/install/textual_gui_pkg/lib'
[5.249s] Level 1:colcon.colcon_core.environment:checking '/workspaces/ros_agv_pc/src/install/textual_gui_pkg/bin'
[5.249s] Level 1:colcon.colcon_core.environment:checking '/workspaces/ros_agv_pc/src/install/textual_gui_pkg/lib/pkgconfig/textual_gui_pkg.pc'
[5.250s] Level 1:colcon.colcon_core.environment:checking '/workspaces/ros_agv_pc/src/install/textual_gui_pkg/lib/python3.10/site-packages'
[5.250s] Level 1:colcon.colcon_core.shell:create_environment_hook('textual_gui_pkg', 'pythonpath')
[5.278s] INFO:colcon.colcon_core.shell:Creating environment hook '/workspaces/ros_agv_pc/src/install/textual_gui_pkg/share/textual_gui_pkg/hook/pythonpath.ps1'
[5.279s] INFO:colcon.colcon_core.shell:Creating environment descriptor '/workspaces/ros_agv_pc/src/install/textual_gui_pkg/share/textual_gui_pkg/hook/pythonpath.dsv'
[5.280s] INFO:colcon.colcon_core.shell:Creating environment hook '/workspaces/ros_agv_pc/src/install/textual_gui_pkg/share/textual_gui_pkg/hook/pythonpath.sh'
[5.281s] Level 1:colcon.colcon_core.environment:checking '/workspaces/ros_agv_pc/src/install/textual_gui_pkg/bin'
[5.281s] Level 1:colcon.colcon_core.environment:create_environment_scripts_only(textual_gui_pkg)
[5.302s] INFO:colcon.colcon_core.shell:Creating package script '/workspaces/ros_agv_pc/src/install/textual_gui_pkg/share/textual_gui_pkg/package.ps1'
[5.303s] INFO:colcon.colcon_core.shell:Creating package descriptor '/workspaces/ros_agv_pc/src/install/textual_gui_pkg/share/textual_gui_pkg/package.dsv'
[5.303s] INFO:colcon.colcon_core.shell:Creating package script '/workspaces/ros_agv_pc/src/install/textual_gui_pkg/share/textual_gui_pkg/package.sh'
[5.304s] INFO:colcon.colcon_core.shell:Creating package script '/workspaces/ros_agv_pc/src/install/textual_gui_pkg/share/textual_gui_pkg/package.bash'
[5.304s] INFO:colcon.colcon_core.shell:Creating package script '/workspaces/ros_agv_pc/src/install/textual_gui_pkg/share/textual_gui_pkg/package.zsh'
[5.305s] Level 1:colcon.colcon_core.environment:create_file_with_runtime_dependencies(/workspaces/ros_agv_pc/src/install/textual_gui_pkg/share/colcon-core/packages/textual_gui_pkg)
[5.307s] DEBUG:colcon.colcon_core.event_handler.log_command:Invoked command in '/workspaces/ros_agv_pc/src/AGV_simulator_description' returned '0': PYTHONPATH=/workspaces/ros_agv_pc/src/build/AGV_simulator_description/prefix_override:/workspaces/ros_agv_pc/src/install/AGV_simulator_description/lib/python3.10/site-packages:${PYTHONPATH} /usr/bin/python3 setup.py egg_info --egg-base ../build/AGV_simulator_description build --build-base /workspaces/ros_agv_pc/src/build/AGV_simulator_description/build install --record /workspaces/ros_agv_pc/src/build/AGV_simulator_description/install.log --install-scripts $base/lib/AGV_simulator_description --single-version-externally-managed
[5.328s] Level 1:colcon.colcon_core.environment:checking '/workspaces/ros_agv_pc/src/install/AGV_simulator_description' for CMake module files
[5.329s] Level 1:colcon.colcon_core.environment:checking '/workspaces/ros_agv_pc/src/install/AGV_simulator_description' for CMake config files
[5.330s] Level 1:colcon.colcon_core.environment:checking '/workspaces/ros_agv_pc/src/install/AGV_simulator_description/lib'
[5.330s] Level 1:colcon.colcon_core.environment:checking '/workspaces/ros_agv_pc/src/install/AGV_simulator_description/bin'
[5.330s] Level 1:colcon.colcon_core.environment:checking '/workspaces/ros_agv_pc/src/install/AGV_simulator_description/lib/pkgconfig/AGV_simulator_description.pc'
[5.331s] Level 1:colcon.colcon_core.environment:checking '/workspaces/ros_agv_pc/src/install/AGV_simulator_description/lib/python3.10/site-packages'
[5.331s] Level 1:colcon.colcon_core.shell:create_environment_hook('AGV_simulator_description', 'pythonpath')
[5.357s] INFO:colcon.colcon_core.shell:Creating environment hook '/workspaces/ros_agv_pc/src/install/AGV_simulator_description/share/AGV_simulator_description/hook/pythonpath.ps1'
[5.358s] INFO:colcon.colcon_core.shell:Creating environment descriptor '/workspaces/ros_agv_pc/src/install/AGV_simulator_description/share/AGV_simulator_description/hook/pythonpath.dsv'
[5.361s] INFO:colcon.colcon_core.shell:Creating environment hook '/workspaces/ros_agv_pc/src/install/AGV_simulator_description/share/AGV_simulator_description/hook/pythonpath.sh'
[5.363s] Level 1:colcon.colcon_core.environment:checking '/workspaces/ros_agv_pc/src/install/AGV_simulator_description/bin'
[5.364s] Level 1:colcon.colcon_core.environment:create_environment_scripts_only(AGV_simulator_description)
[5.388s] INFO:colcon.colcon_core.shell:Creating package script '/workspaces/ros_agv_pc/src/install/AGV_simulator_description/share/AGV_simulator_description/package.ps1'
[5.389s] INFO:colcon.colcon_core.shell:Creating package descriptor '/workspaces/ros_agv_pc/src/install/AGV_simulator_description/share/AGV_simulator_description/package.dsv'
[5.389s] INFO:colcon.colcon_core.shell:Creating package script '/workspaces/ros_agv_pc/src/install/AGV_simulator_description/share/AGV_simulator_description/package.sh'
[5.390s] INFO:colcon.colcon_core.shell:Creating package script '/workspaces/ros_agv_pc/src/install/AGV_simulator_description/share/AGV_simulator_description/package.bash'
[5.391s] INFO:colcon.colcon_core.shell:Creating package script '/workspaces/ros_agv_pc/src/install/AGV_simulator_description/share/AGV_simulator_description/package.zsh'
[5.393s] Level 1:colcon.colcon_core.environment:create_file_with_runtime_dependencies(/workspaces/ros_agv_pc/src/install/AGV_simulator_description/share/colcon-core/packages/AGV_simulator_description)
[5.395s] DEBUG:colcon.colcon_parallel_executor.executor.parallel:closing loop
[5.395s] DEBUG:colcon.colcon_parallel_executor.executor.parallel:loop closed
[5.396s] DEBUG:colcon.colcon_parallel_executor.executor.parallel:run_until_complete finished with '0'
[5.396s] DEBUG:colcon.colcon_core.event_reactor:joining thread
[5.433s] INFO:colcon.colcon_core.plugin_system:Skipping extension 'colcon_notification.desktop_notification.notify_send': Could not find 'notify-send'
[5.433s] INFO:colcon.colcon_core.plugin_system:Skipping extension 'colcon_notification.desktop_notification.terminal_notifier': Not used on non-Darwin systems
[5.433s] INFO:colcon.colcon_core.plugin_system:Skipping extension 'colcon_notification.desktop_notification.win32': Not used on non-Windows systems
[5.433s] INFO:colcon.colcon_notification.desktop_notification:Sending desktop notification using 'notify2'
[5.436s] DEBUG:colcon.colcon_notification.desktop_notification.notify2:Failed to initialize notify2: org.freedesktop.DBus.Error.Spawn.ExecFailed: /usr/bin/dbus-launch terminated abnormally without any error message
[5.437s] DEBUG:colcon.colcon_core.event_reactor:joined thread
[5.472s] INFO:colcon.colcon_core.shell:Creating prefix script '/workspaces/ros_agv_pc/src/install/local_setup.ps1'
[5.474s] INFO:colcon.colcon_core.shell:Creating prefix util module '/workspaces/ros_agv_pc/src/install/_local_setup_util_ps1.py'
[5.478s] INFO:colcon.colcon_core.shell:Creating prefix chain script '/workspaces/ros_agv_pc/src/install/setup.ps1'
[5.507s] INFO:colcon.colcon_core.shell:Creating prefix script '/workspaces/ros_agv_pc/src/install/local_setup.sh'
[5.508s] INFO:colcon.colcon_core.shell:Creating prefix util module '/workspaces/ros_agv_pc/src/install/_local_setup_util_sh.py'
[5.509s] INFO:colcon.colcon_core.shell:Creating prefix chain script '/workspaces/ros_agv_pc/src/install/setup.sh'
[5.528s] INFO:colcon.colcon_core.shell:Creating prefix script '/workspaces/ros_agv_pc/src/install/local_setup.bash'
[5.529s] INFO:colcon.colcon_core.shell:Creating prefix chain script '/workspaces/ros_agv_pc/src/install/setup.bash'
[5.549s] INFO:colcon.colcon_core.shell:Creating prefix script '/workspaces/ros_agv_pc/src/install/local_setup.zsh'
[5.550s] INFO:colcon.colcon_core.shell:Creating prefix chain script '/workspaces/ros_agv_pc/src/install/setup.zsh'
