[1.742s] Invoking command in '/workspaces/ros_agv_pc/src/build/agv_mcu_package': CMAKE_PREFIX_PATH=${CMAKE_PREFIX_PATH}:/workspaces/ros_agv_pc/src/install/textual_gui_pkg:/workspaces/ros_agv_pc/src/install/py_qt_app:/workspaces/ros_agv_pc/src/install/AGV_simulator_description:/opt/ros/humble /usr/bin/cmake --build /workspaces/ros_agv_pc/src/build/agv_mcu_package -- -j8 -l8
[3.432s] [35m[1mConsolidate compiler generated dependencies of target stm32_bridge[0m
[3.432s] [ 50%] [32mBuilding CXX object CMakeFiles/stm32_bridge.dir/src/stm32_bridge.cpp.o[0m
[16.918s] [100%] [32m[1mLinking CXX executable stm32_bridge[0m
[17.903s] [100%] Built target stm32_bridge
[17.918s] Invoked command in '/workspaces/ros_agv_pc/src/build/agv_mcu_package' returned '0': CMAKE_PREFIX_PATH=${CMAKE_PREFIX_PATH}:/workspaces/ros_agv_pc/src/install/textual_gui_pkg:/workspaces/ros_agv_pc/src/install/py_qt_app:/workspaces/ros_agv_pc/src/install/AGV_simulator_description:/opt/ros/humble /usr/bin/cmake --build /workspaces/ros_agv_pc/src/build/agv_mcu_package -- -j8 -l8
[17.956s] Invoking command in '/workspaces/ros_agv_pc/src/build/agv_mcu_package': CMAKE_PREFIX_PATH=${CMAKE_PREFIX_PATH}:/workspaces/ros_agv_pc/src/install/textual_gui_pkg:/workspaces/ros_agv_pc/src/install/py_qt_app:/workspaces/ros_agv_pc/src/install/AGV_simulator_description:/opt/ros/humble /usr/bin/cmake --install /workspaces/ros_agv_pc/src/build/agv_mcu_package
[17.967s] -- Install configuration: ""
[17.967s] -- Installing: /workspaces/ros_agv_pc/src/install/agv_mcu_package/lib/agv_mcu_package/stm32_bridge
[17.971s] -- Set runtime path of "/workspaces/ros_agv_pc/src/install/agv_mcu_package/lib/agv_mcu_package/stm32_bridge" to ""
[17.971s] -- Up-to-date: /workspaces/ros_agv_pc/src/install/agv_mcu_package/share/ament_index/resource_index/package_run_dependencies/agv_mcu_package
[17.972s] -- Installing: /workspaces/ros_agv_pc/src/install/agv_mcu_package/share/ament_index/resource_index/parent_prefix_path/agv_mcu_package
[17.972s] -- Up-to-date: /workspaces/ros_agv_pc/src/install/agv_mcu_package/share/agv_mcu_package/environment/ament_prefix_path.sh
[17.973s] -- Installing: /workspaces/ros_agv_pc/src/install/agv_mcu_package/share/agv_mcu_package/environment/ament_prefix_path.dsv
[17.973s] -- Up-to-date: /workspaces/ros_agv_pc/src/install/agv_mcu_package/share/agv_mcu_package/environment/path.sh
[17.973s] -- Installing: /workspaces/ros_agv_pc/src/install/agv_mcu_package/share/agv_mcu_package/environment/path.dsv
[17.973s] -- Up-to-date: /workspaces/ros_agv_pc/src/install/agv_mcu_package/share/agv_mcu_package/local_setup.bash
[17.973s] -- Up-to-date: /workspaces/ros_agv_pc/src/install/agv_mcu_package/share/agv_mcu_package/local_setup.sh
[17.973s] -- Up-to-date: /workspaces/ros_agv_pc/src/install/agv_mcu_package/share/agv_mcu_package/local_setup.zsh
[17.974s] -- Installing: /workspaces/ros_agv_pc/src/install/agv_mcu_package/share/agv_mcu_package/local_setup.dsv
[17.974s] -- Installing: /workspaces/ros_agv_pc/src/install/agv_mcu_package/share/agv_mcu_package/package.dsv
[17.974s] -- Up-to-date: /workspaces/ros_agv_pc/src/install/agv_mcu_package/share/ament_index/resource_index/packages/agv_mcu_package
[17.974s] -- Up-to-date: /workspaces/ros_agv_pc/src/install/agv_mcu_package/share/agv_mcu_package/cmake/agv_mcu_packageConfig.cmake
[17.974s] -- Up-to-date: /workspaces/ros_agv_pc/src/install/agv_mcu_package/share/agv_mcu_package/cmake/agv_mcu_packageConfig-version.cmake
[17.974s] -- Up-to-date: /workspaces/ros_agv_pc/src/install/agv_mcu_package/share/agv_mcu_package/package.xml
[17.979s] Invoked command in '/workspaces/ros_agv_pc/src/build/agv_mcu_package' returned '0': CMAKE_PREFIX_PATH=${CMAKE_PREFIX_PATH}:/workspaces/ros_agv_pc/src/install/textual_gui_pkg:/workspaces/ros_agv_pc/src/install/py_qt_app:/workspaces/ros_agv_pc/src/install/AGV_simulator_description:/opt/ros/humble /usr/bin/cmake --install /workspaces/ros_agv_pc/src/build/agv_mcu_package
