[1.018s] Invoking command in '/workspaces/ros_agv_pc/src/py_qt_app': PYTHONPATH=/workspaces/ros_agv_pc/src/build/py_qt_app/prefix_override:/workspaces/ros_agv_pc/src/install/py_qt_app/lib/python3.10/site-packages:${PYTHONPATH} /usr/bin/python3 setup.py egg_info --egg-base ../build/py_qt_app build --build-base /workspaces/ros_agv_pc/src/build/py_qt_app/build install --record /workspaces/ros_agv_pc/src/build/py_qt_app/install.log --single-version-externally-managed
[1.221s] running egg_info
[1.222s] writing ../build/py_qt_app/py_qt_app.egg-info/PKG-INFO
[1.222s] writing dependency_links to ../build/py_qt_app/py_qt_app.egg-info/dependency_links.txt
[1.222s] writing entry points to ../build/py_qt_app/py_qt_app.egg-info/entry_points.txt
[1.222s] writing requirements to ../build/py_qt_app/py_qt_app.egg-info/requires.txt
[1.222s] writing top-level names to ../build/py_qt_app/py_qt_app.egg-info/top_level.txt
[1.223s] reading manifest file '../build/py_qt_app/py_qt_app.egg-info/SOURCES.txt'
[1.223s] adding license file 'LICENSE'
[1.224s] writing manifest file '../build/py_qt_app/py_qt_app.egg-info/SOURCES.txt'
[1.224s] running build
[1.224s] running build_py
[1.224s] running install
[1.224s] /usr/lib/python3/dist-packages/setuptools/command/install.py:34: SetuptoolsDeprecationWarning: setup.py install is deprecated. Use build and pip and other standards-based tools.
[1.224s]   warnings.warn(
[1.225s] running install_lib
[1.226s] running install_data
[1.227s] running install_egg_info
[1.228s] removing '/workspaces/ros_agv_pc/src/install/py_qt_app/lib/python3.10/site-packages/py_qt_app-0.0.0-py3.10.egg-info' (and everything under it)
[1.228s] Copying ../build/py_qt_app/py_qt_app.egg-info to /workspaces/ros_agv_pc/src/install/py_qt_app/lib/python3.10/site-packages/py_qt_app-0.0.0-py3.10.egg-info
[1.229s] running install_scripts
[1.249s] Installing py_qt_app script to /workspaces/ros_agv_pc/src/install/py_qt_app/lib/py_qt_app
[1.249s] writing list of installed files to '/workspaces/ros_agv_pc/src/build/py_qt_app/install.log'
[1.326s] Invoked command in '/workspaces/ros_agv_pc/src/py_qt_app' returned '0': PYTHONPATH=/workspaces/ros_agv_pc/src/build/py_qt_app/prefix_override:/workspaces/ros_agv_pc/src/install/py_qt_app/lib/python3.10/site-packages:${PYTHONPATH} /usr/bin/python3 setup.py egg_info --egg-base ../build/py_qt_app build --build-base /workspaces/ros_agv_pc/src/build/py_qt_app/build install --record /workspaces/ros_agv_pc/src/build/py_qt_app/install.log --single-version-externally-managed
