[5.055s] Invoking command in '/workspaces/ros_agv_pc/src/AGV_simulator_description': PYTHONPATH=/workspaces/ros_agv_pc/src/build/AGV_simulator_description/prefix_override:/workspaces/ros_agv_pc/src/install/AGV_simulator_description/lib/python3.10/site-packages:${PYTHONPATH} /usr/bin/python3 setup.py egg_info --egg-base ../build/AGV_simulator_description build --build-base /workspaces/ros_agv_pc/src/build/AGV_simulator_description/build install --record /workspaces/ros_agv_pc/src/build/AGV_simulator_description/install.log --install-scripts $base/lib/AGV_simulator_description --single-version-externally-managed
[5.729s] /usr/lib/python3/dist-packages/setuptools/dist.py:723: UserWarning: Usage of dash-separated 'script-dir' will not be supported in future versions. Please use the underscore name 'script_dir' instead
[5.730s]   warnings.warn(
[5.749s] running egg_info
[5.752s] writing ../build/AGV_simulator_description/AGV_simulator_description.egg-info/PKG-INFO
[5.754s] writing dependency_links to ../build/AGV_simulator_description/AGV_simulator_description.egg-info/dependency_links.txt
[5.755s] writing entry points to ../build/AGV_simulator_description/AGV_simulator_description.egg-info/entry_points.txt
[5.755s] writing requirements to ../build/AGV_simulator_description/AGV_simulator_description.egg-info/requires.txt
[5.766s] writing top-level names to ../build/AGV_simulator_description/AGV_simulator_description.egg-info/top_level.txt
[5.768s] /usr/lib/python3/dist-packages/setuptools/command/install.py:34: SetuptoolsDeprecationWarning: setup.py install is deprecated. Use build and pip and other standards-based tools.
[5.768s]   warnings.warn(
[5.771s] reading manifest file '../build/AGV_simulator_description/AGV_simulator_description.egg-info/SOURCES.txt'
[5.771s] writing manifest file '../build/AGV_simulator_description/AGV_simulator_description.egg-info/SOURCES.txt'
[5.771s] running build
[5.774s] running build_py
[5.774s] running install
[5.774s] running install_lib
[5.774s] running install_data
[5.775s] running install_egg_info
[5.779s] removing '/workspaces/ros_agv_pc/src/install/AGV_simulator_description/lib/python3.10/site-packages/AGV_simulator_description-0.0.0-py3.10.egg-info' (and everything under it)
[5.796s] Copying ../build/AGV_simulator_description/AGV_simulator_description.egg-info to /workspaces/ros_agv_pc/src/install/AGV_simulator_description/lib/python3.10/site-packages/AGV_simulator_description-0.0.0-py3.10.egg-info
[5.796s] running install_scripts
[5.845s] writing list of installed files to '/workspaces/ros_agv_pc/src/build/AGV_simulator_description/install.log'
[5.967s] Invoked command in '/workspaces/ros_agv_pc/src/AGV_simulator_description' returned '0': PYTHONPATH=/workspaces/ros_agv_pc/src/build/AGV_simulator_description/prefix_override:/workspaces/ros_agv_pc/src/install/AGV_simulator_description/lib/python3.10/site-packages:${PYTHONPATH} /usr/bin/python3 setup.py egg_info --egg-base ../build/AGV_simulator_description build --build-base /workspaces/ros_agv_pc/src/build/AGV_simulator_description/build install --record /workspaces/ros_agv_pc/src/build/AGV_simulator_description/install.log --install-scripts $base/lib/AGV_simulator_description --single-version-externally-managed
