[1.756s] Invoking command in '/workspaces/ros_agv_pc/src/py_qt_app': PYTHONPATH=/workspaces/ros_agv_pc/src/build/py_qt_app/prefix_override:/workspaces/ros_agv_pc/src/install/py_qt_app/lib/python3.10/site-packages:${PYTHONPATH} /usr/bin/python3 setup.py egg_info --egg-base ../build/py_qt_app build --build-base /workspaces/ros_agv_pc/src/build/py_qt_app/build install --record /workspaces/ros_agv_pc/src/build/py_qt_app/install.log --single-version-externally-managed
[1.975s] running egg_info
[1.975s] writing ../build/py_qt_app/py_qt_app.egg-info/PKG-INFO
[1.976s] writing dependency_links to ../build/py_qt_app/py_qt_app.egg-info/dependency_links.txt
[1.976s] writing entry points to ../build/py_qt_app/py_qt_app.egg-info/entry_points.txt
[1.976s] writing requirements to ../build/py_qt_app/py_qt_app.egg-info/requires.txt
[1.976s] writing top-level names to ../build/py_qt_app/py_qt_app.egg-info/top_level.txt
[1.977s] reading manifest file '../build/py_qt_app/py_qt_app.egg-info/SOURCES.txt'
[1.977s] adding license file 'LICENSE'
[1.978s] writing manifest file '../build/py_qt_app/py_qt_app.egg-info/SOURCES.txt'
[1.978s] running build
[1.978s] running build_py
[1.978s] running install
[1.987s] /usr/lib/python3/dist-packages/setuptools/command/install.py:34: SetuptoolsDeprecationWarning: setup.py install is deprecated. Use build and pip and other standards-based tools.
[1.987s]   warnings.warn(
[1.987s] running install_lib
[1.989s] running install_data
[1.990s] running install_egg_info
[1.991s] removing '/workspaces/ros_agv_pc/src/install/py_qt_app/lib/python3.10/site-packages/py_qt_app-0.0.0-py3.10.egg-info' (and everything under it)
[1.991s] Copying ../build/py_qt_app/py_qt_app.egg-info to /workspaces/ros_agv_pc/src/install/py_qt_app/lib/python3.10/site-packages/py_qt_app-0.0.0-py3.10.egg-info
[1.993s] running install_scripts
[2.023s] Installing py_qt_app script to /workspaces/ros_agv_pc/src/install/py_qt_app/lib/py_qt_app
[2.023s] writing list of installed files to '/workspaces/ros_agv_pc/src/build/py_qt_app/install.log'
[2.101s] Invoked command in '/workspaces/ros_agv_pc/src/py_qt_app' returned '0': PYTHONPATH=/workspaces/ros_agv_pc/src/build/py_qt_app/prefix_override:/workspaces/ros_agv_pc/src/install/py_qt_app/lib/python3.10/site-packages:${PYTHONPATH} /usr/bin/python3 setup.py egg_info --egg-base ../build/py_qt_app build --build-base /workspaces/ros_agv_pc/src/build/py_qt_app/build install --record /workspaces/ros_agv_pc/src/build/py_qt_app/install.log --single-version-externally-managed
