running egg_info
creating ../build/AGV_simulator_description/AGV_simulator_description.egg-info
writing ../build/AGV_simulator_description/AGV_simulator_description.egg-info/PKG-INFO
writing dependency_links to ../build/AGV_simulator_description/AGV_simulator_description.egg-info/dependency_links.txt
writing entry points to ../build/AGV_simulator_description/AGV_simulator_description.egg-info/entry_points.txt
writing requirements to ../build/AGV_simulator_description/AGV_simulator_description.egg-info/requires.txt
writing top-level names to ../build/AGV_simulator_description/AGV_simulator_description.egg-info/top_level.txt
writing manifest file '../build/AGV_simulator_description/AGV_simulator_description.egg-info/SOURCES.txt'
reading manifest file '../build/AGV_simulator_description/AGV_simulator_description.egg-info/SOURCES.txt'
writing manifest file '../build/AGV_simulator_description/AGV_simulator_description.egg-info/SOURCES.txt'
running build
running build_py
creating /workspaces/ros_agv_pc/src/build/AGV_simulator_description/build
creating /workspaces/ros_agv_pc/src/build/AGV_simulator_description/build/lib
creating /workspaces/ros_agv_pc/src/build/AGV_simulator_description/build/lib/AGV_simulator_description
copying AGV_simulator_description/__init__.py -> /workspaces/ros_agv_pc/src/build/AGV_simulator_description/build/lib/AGV_simulator_description
running install
running install_lib
running install_data
running install_egg_info
removing '/workspaces/ros_agv_pc/src/install/AGV_simulator_description/lib/python3.10/site-packages/AGV_simulator_description-0.0.0-py3.10.egg-info' (and everything under it)
Copying ../build/AGV_simulator_description/AGV_simulator_description.egg-info to /workspaces/ros_agv_pc/src/install/AGV_simulator_description/lib/python3.10/site-packages/AGV_simulator_description-0.0.0-py3.10.egg-info
running install_scripts
writing list of installed files to '/workspaces/ros_agv_pc/src/build/AGV_simulator_description/install.log'
