[0.731s] Invoking command in '/workspaces/ros_agv_pc/src/build/agv_mcu_package': CMAKE_PREFIX_PATH=${CMAKE_PREFIX_PATH}:/workspaces/ros_agv_pc/src/install/textual_gui_pkg:/workspaces/ros_agv_pc/src/install/py_qt_app:/workspaces/ros_agv_pc/src/install/AGV_simulator_description:/workspaces/ros_agv_pc/install/textual_gui_pkg:/workspaces/ros_agv_pc/install/py_qt_app:/workspaces/ros_agv_pc/install/AGV_simulator_description:/opt/ros/humble /usr/bin/cmake --build /workspaces/ros_agv_pc/src/build/agv_mcu_package -- -j8 -l8
[1.125s] -- Found ament_cmake: 1.3.8 (/opt/ros/humble/share/ament_cmake/cmake)
[1.125s] -- Found rclcpp: 16.0.8 (/opt/ros/humble/share/rclcpp/cmake)
[1.125s] -- Found rosidl_generator_c: 3.1.5 (/opt/ros/humble/share/rosidl_generator_c/cmake)
[1.125s] -- Found rosidl_adapter: 3.1.5 (/opt/ros/humble/share/rosidl_adapter/cmake)
[1.125s] -- Found rosidl_generator_cpp: 3.1.5 (/opt/ros/humble/share/rosidl_generator_cpp/cmake)
[1.125s] -- Using all available rosidl_typesupport_c: rosidl_typesupport_fastrtps_c;rosidl_typesupport_introspection_c
[1.126s] -- Using all available rosidl_typesupport_cpp: rosidl_typesupport_fastrtps_cpp;rosidl_typesupport_introspection_cpp
[1.153s] -- Found rmw_implementation_cmake: 6.1.1 (/opt/ros/humble/share/rmw_implementation_cmake/cmake)
[1.156s] -- Found rmw_fastrtps_cpp: 6.2.6 (/opt/ros/humble/share/rmw_fastrtps_cpp/cmake)
[1.345s] -- Using RMW implementation 'rmw_fastrtps_cpp' as default
[1.557s] -- Found interfaces: 0.0.0 (/workspaces/ros_agv_pc/src/install/interfaces/share/interfaces/cmake)
[1.578s] -- Found ament_lint_auto: 0.12.10 (/opt/ros/humble/share/ament_lint_auto/cmake)
[1.690s] -- Added test 'cppcheck' to perform static code analysis on C / C++ code
[1.691s] -- Configured cppcheck include dirs: $<BUILD_INTERFACE:/workspaces/ros_agv_pc/src/agv_mcu_package/include>
[1.691s] -- Configured cppcheck exclude dirs and/or files: 
[1.692s] -- Added test 'lint_cmake' to check CMake code style
[1.693s] -- Added test 'uncrustify' to check C / C++ code style
[1.693s] -- Configured uncrustify additional arguments: 
[1.694s] -- Added test 'xmllint' to check XML markup files
[1.695s] -- Configuring done
[1.710s] -- Generating done
[1.713s] -- Build files have been written to: /workspaces/ros_agv_pc/src/build/agv_mcu_package
[1.769s] [35m[1mConsolidate compiler generated dependencies of target stm32_bridge[0m
[1.840s] [ 50%] [32mBuilding CXX object CMakeFiles/stm32_bridge.dir/src/stm32_bridge.cpp.o[0m
[13.539s] [100%] [32m[1mLinking CXX executable stm32_bridge[0m
[13.911s] [100%] Built target stm32_bridge
[13.938s] Invoked command in '/workspaces/ros_agv_pc/src/build/agv_mcu_package' returned '0': CMAKE_PREFIX_PATH=${CMAKE_PREFIX_PATH}:/workspaces/ros_agv_pc/src/install/textual_gui_pkg:/workspaces/ros_agv_pc/src/install/py_qt_app:/workspaces/ros_agv_pc/src/install/AGV_simulator_description:/workspaces/ros_agv_pc/install/textual_gui_pkg:/workspaces/ros_agv_pc/install/py_qt_app:/workspaces/ros_agv_pc/install/AGV_simulator_description:/opt/ros/humble /usr/bin/cmake --build /workspaces/ros_agv_pc/src/build/agv_mcu_package -- -j8 -l8
[13.961s] Invoking command in '/workspaces/ros_agv_pc/src/build/agv_mcu_package': CMAKE_PREFIX_PATH=${CMAKE_PREFIX_PATH}:/workspaces/ros_agv_pc/src/install/textual_gui_pkg:/workspaces/ros_agv_pc/src/install/py_qt_app:/workspaces/ros_agv_pc/src/install/AGV_simulator_description:/workspaces/ros_agv_pc/install/textual_gui_pkg:/workspaces/ros_agv_pc/install/py_qt_app:/workspaces/ros_agv_pc/install/AGV_simulator_description:/opt/ros/humble /usr/bin/cmake --install /workspaces/ros_agv_pc/src/build/agv_mcu_package
[13.968s] -- Install configuration: ""
[13.968s] -- Installing: /workspaces/ros_agv_pc/src/install/agv_mcu_package/lib/agv_mcu_package/stm32_bridge
[13.973s] -- Set runtime path of "/workspaces/ros_agv_pc/src/install/agv_mcu_package/lib/agv_mcu_package/stm32_bridge" to ""
[13.973s] -- Up-to-date: /workspaces/ros_agv_pc/src/install/agv_mcu_package/share/ament_index/resource_index/package_run_dependencies/agv_mcu_package
[13.973s] -- Installing: /workspaces/ros_agv_pc/src/install/agv_mcu_package/share/ament_index/resource_index/parent_prefix_path/agv_mcu_package
[13.973s] -- Installing: /workspaces/ros_agv_pc/src/install/agv_mcu_package/share/agv_mcu_package/environment/ament_prefix_path.sh
[13.973s] -- Installing: /workspaces/ros_agv_pc/src/install/agv_mcu_package/share/agv_mcu_package/environment/ament_prefix_path.dsv
[13.974s] -- Installing: /workspaces/ros_agv_pc/src/install/agv_mcu_package/share/agv_mcu_package/environment/path.sh
[13.974s] -- Installing: /workspaces/ros_agv_pc/src/install/agv_mcu_package/share/agv_mcu_package/environment/path.dsv
[13.974s] -- Up-to-date: /workspaces/ros_agv_pc/src/install/agv_mcu_package/share/agv_mcu_package/local_setup.bash
[13.974s] -- Up-to-date: /workspaces/ros_agv_pc/src/install/agv_mcu_package/share/agv_mcu_package/local_setup.sh
[13.974s] -- Up-to-date: /workspaces/ros_agv_pc/src/install/agv_mcu_package/share/agv_mcu_package/local_setup.zsh
[13.974s] -- Installing: /workspaces/ros_agv_pc/src/install/agv_mcu_package/share/agv_mcu_package/local_setup.dsv
[13.974s] -- Installing: /workspaces/ros_agv_pc/src/install/agv_mcu_package/share/agv_mcu_package/package.dsv
[13.975s] -- Up-to-date: /workspaces/ros_agv_pc/src/install/agv_mcu_package/share/ament_index/resource_index/packages/agv_mcu_package
[13.975s] -- Up-to-date: /workspaces/ros_agv_pc/src/install/agv_mcu_package/share/agv_mcu_package/cmake/agv_mcu_packageConfig.cmake
[13.975s] -- Up-to-date: /workspaces/ros_agv_pc/src/install/agv_mcu_package/share/agv_mcu_package/cmake/agv_mcu_packageConfig-version.cmake
[13.975s] -- Up-to-date: /workspaces/ros_agv_pc/src/install/agv_mcu_package/share/agv_mcu_package/package.xml
[13.977s] Invoked command in '/workspaces/ros_agv_pc/src/build/agv_mcu_package' returned '0': CMAKE_PREFIX_PATH=${CMAKE_PREFIX_PATH}:/workspaces/ros_agv_pc/src/install/textual_gui_pkg:/workspaces/ros_agv_pc/src/install/py_qt_app:/workspaces/ros_agv_pc/src/install/AGV_simulator_description:/workspaces/ros_agv_pc/install/textual_gui_pkg:/workspaces/ros_agv_pc/install/py_qt_app:/workspaces/ros_agv_pc/install/AGV_simulator_description:/opt/ros/humble /usr/bin/cmake --install /workspaces/ros_agv_pc/src/build/agv_mcu_package
