[1.255s] Invoking command in '/workspaces/ros_agv_pc/src/build/interfaces': CMAKE_PREFIX_PATH=${CMAKE_PREFIX_PATH}:/workspaces/ros_agv_pc/src/install/textual_gui_pkg:/workspaces/ros_agv_pc/src/install/py_qt_app:/workspaces/ros_agv_pc/src/install/AGV_simulator_description:/opt/ros/humble /usr/bin/cmake --build /workspaces/ros_agv_pc/src/build/interfaces -- -j8 -l8
[3.221s] [  3%] Built target interfaces__cpp
[3.221s] [ 12%] Built target interfaces__rosidl_generator_c
[3.221s] [ 12%] Built target ament_cmake_python_copy_interfaces
[3.222s] [ 22%] Built target interfaces__rosidl_typesupport_introspection_cpp
[3.222s] [ 32%] Built target interfaces__rosidl_typesupport_c
[3.222s] [ 41%] Built target interfaces__rosidl_typesupport_introspection_c
[3.222s] [ 51%] Built target interfaces__rosidl_typesupport_fastrtps_cpp
[3.223s] [ 61%] Built target interfaces__rosidl_typesupport_fastrtps_c
[3.223s] [ 70%] Built target interfaces__rosidl_typesupport_cpp
[3.223s] [ 70%] Built target interfaces
[3.225s] [ 74%] Built target interfaces__py
[3.225s] [ 80%] Built target interfaces__rosidl_generator_py
[3.225s] [ 87%] Built target interfaces__rosidl_typesupport_c__pyext
[3.225s] [ 93%] Built target interfaces__rosidl_typesupport_fastrtps_c__pyext
[3.226s] [100%] Built target interfaces__rosidl_typesupport_introspection_c__pyext
[3.226s] running egg_info
[3.226s] writing interfaces.egg-info/PKG-INFO
[3.226s] writing dependency_links to interfaces.egg-info/dependency_links.txt
[3.227s] writing top-level names to interfaces.egg-info/top_level.txt
[3.227s] reading manifest file 'interfaces.egg-info/SOURCES.txt'
[3.227s] writing manifest file 'interfaces.egg-info/SOURCES.txt'
[3.227s] [100%] Built target ament_cmake_python_build_interfaces_egg
[4.058s] Invoked command in '/workspaces/ros_agv_pc/src/build/interfaces' returned '0': CMAKE_PREFIX_PATH=${CMAKE_PREFIX_PATH}:/workspaces/ros_agv_pc/src/install/textual_gui_pkg:/workspaces/ros_agv_pc/src/install/py_qt_app:/workspaces/ros_agv_pc/src/install/AGV_simulator_description:/opt/ros/humble /usr/bin/cmake --build /workspaces/ros_agv_pc/src/build/interfaces -- -j8 -l8
[4.633s] Invoking command in '/workspaces/ros_agv_pc/src/build/interfaces': CMAKE_PREFIX_PATH=${CMAKE_PREFIX_PATH}:/workspaces/ros_agv_pc/src/install/textual_gui_pkg:/workspaces/ros_agv_pc/src/install/py_qt_app:/workspaces/ros_agv_pc/src/install/AGV_simulator_description:/opt/ros/humble /usr/bin/cmake --install /workspaces/ros_agv_pc/src/build/interfaces
[4.883s] -- Install configuration: ""
[4.884s] -- Up-to-date: /workspaces/ros_agv_pc/src/install/interfaces/share/ament_index/resource_index/rosidl_interfaces/interfaces
[4.884s] -- Up-to-date: /workspaces/ros_agv_pc/src/install/interfaces/include/interfaces/interfaces
[4.885s] -- Up-to-date: /workspaces/ros_agv_pc/src/install/interfaces/include/interfaces/interfaces/msg
[4.885s] -- Up-to-date: /workspaces/ros_agv_pc/src/install/interfaces/include/interfaces/interfaces/msg/detail
[4.885s] -- Up-to-date: /workspaces/ros_agv_pc/src/install/interfaces/include/interfaces/interfaces/msg/detail/steer__functions.c
[4.885s] -- Up-to-date: /workspaces/ros_agv_pc/src/install/interfaces/include/interfaces/interfaces/msg/detail/steer__functions.h
[4.885s] -- Up-to-date: /workspaces/ros_agv_pc/src/install/interfaces/include/interfaces/interfaces/msg/detail/steer__struct.h
[4.886s] -- Up-to-date: /workspaces/ros_agv_pc/src/install/interfaces/include/interfaces/interfaces/msg/detail/steer__type_support.h
[4.886s] -- Up-to-date: /workspaces/ros_agv_pc/src/install/interfaces/include/interfaces/interfaces/msg/rosidl_generator_c__visibility_control.h
[4.886s] -- Up-to-date: /workspaces/ros_agv_pc/src/install/interfaces/include/interfaces/interfaces/msg/steer.h
[4.886s] -- Up-to-date: /workspaces/ros_agv_pc/src/install/interfaces/share/interfaces/environment/library_path.sh
[4.886s] -- Up-to-date: /workspaces/ros_agv_pc/src/install/interfaces/share/interfaces/environment/library_path.dsv
[4.887s] -- Up-to-date: /workspaces/ros_agv_pc/src/install/interfaces/lib/libinterfaces__rosidl_generator_c.so
[4.887s] -- Up-to-date: /workspaces/ros_agv_pc/src/install/interfaces/include/interfaces/interfaces
[4.887s] -- Up-to-date: /workspaces/ros_agv_pc/src/install/interfaces/include/interfaces/interfaces/msg
[4.887s] -- Up-to-date: /workspaces/ros_agv_pc/src/install/interfaces/include/interfaces/interfaces/msg/detail
[4.887s] -- Up-to-date: /workspaces/ros_agv_pc/src/install/interfaces/include/interfaces/interfaces/msg/detail/steer__rosidl_typesupport_fastrtps_c.h
[4.887s] -- Up-to-date: /workspaces/ros_agv_pc/src/install/interfaces/include/interfaces/interfaces/msg/rosidl_typesupport_fastrtps_c__visibility_control.h
[4.888s] -- Up-to-date: /workspaces/ros_agv_pc/src/install/interfaces/lib/libinterfaces__rosidl_typesupport_fastrtps_c.so
[4.888s] -- Up-to-date: /workspaces/ros_agv_pc/src/install/interfaces/include/interfaces/interfaces
[4.888s] -- Up-to-date: /workspaces/ros_agv_pc/src/install/interfaces/include/interfaces/interfaces/msg
[4.888s] -- Up-to-date: /workspaces/ros_agv_pc/src/install/interfaces/include/interfaces/interfaces/msg/rosidl_typesupport_introspection_c__visibility_control.h
[4.888s] -- Up-to-date: /workspaces/ros_agv_pc/src/install/interfaces/include/interfaces/interfaces/msg/detail
[4.889s] -- Up-to-date: /workspaces/ros_agv_pc/src/install/interfaces/include/interfaces/interfaces/msg/detail/steer__type_support.c
[4.889s] -- Up-to-date: /workspaces/ros_agv_pc/src/install/interfaces/include/interfaces/interfaces/msg/detail/steer__rosidl_typesupport_introspection_c.h
[4.890s] -- Up-to-date: /workspaces/ros_agv_pc/src/install/interfaces/lib/libinterfaces__rosidl_typesupport_introspection_c.so
[4.890s] -- Up-to-date: /workspaces/ros_agv_pc/src/install/interfaces/lib/libinterfaces__rosidl_typesupport_c.so
[4.890s] -- Up-to-date: /workspaces/ros_agv_pc/src/install/interfaces/include/interfaces/interfaces
[4.890s] -- Up-to-date: /workspaces/ros_agv_pc/src/install/interfaces/include/interfaces/interfaces/msg
[4.891s] -- Up-to-date: /workspaces/ros_agv_pc/src/install/interfaces/include/interfaces/interfaces/msg/detail
[4.891s] -- Up-to-date: /workspaces/ros_agv_pc/src/install/interfaces/include/interfaces/interfaces/msg/detail/steer__traits.hpp
[4.891s] -- Up-to-date: /workspaces/ros_agv_pc/src/install/interfaces/include/interfaces/interfaces/msg/detail/steer__builder.hpp
[4.891s] -- Up-to-date: /workspaces/ros_agv_pc/src/install/interfaces/include/interfaces/interfaces/msg/detail/steer__struct.hpp
[4.892s] -- Up-to-date: /workspaces/ros_agv_pc/src/install/interfaces/include/interfaces/interfaces/msg/steer.hpp
[4.892s] -- Up-to-date: /workspaces/ros_agv_pc/src/install/interfaces/include/interfaces/interfaces
[4.892s] -- Up-to-date: /workspaces/ros_agv_pc/src/install/interfaces/include/interfaces/interfaces/msg
[4.892s] -- Up-to-date: /workspaces/ros_agv_pc/src/install/interfaces/include/interfaces/interfaces/msg/detail
[4.892s] -- Up-to-date: /workspaces/ros_agv_pc/src/install/interfaces/include/interfaces/interfaces/msg/detail/steer__rosidl_typesupport_fastrtps_cpp.hpp
[4.893s] -- Up-to-date: /workspaces/ros_agv_pc/src/install/interfaces/include/interfaces/interfaces/msg/detail/dds_fastrtps
[4.893s] -- Up-to-date: /workspaces/ros_agv_pc/src/install/interfaces/include/interfaces/interfaces/msg/rosidl_typesupport_fastrtps_cpp__visibility_control.h
[4.893s] -- Up-to-date: /workspaces/ros_agv_pc/src/install/interfaces/lib/libinterfaces__rosidl_typesupport_fastrtps_cpp.so
[4.893s] -- Up-to-date: /workspaces/ros_agv_pc/src/install/interfaces/include/interfaces/interfaces
[4.893s] -- Up-to-date: /workspaces/ros_agv_pc/src/install/interfaces/include/interfaces/interfaces/msg
[4.893s] -- Up-to-date: /workspaces/ros_agv_pc/src/install/interfaces/include/interfaces/interfaces/msg/detail
[4.894s] -- Up-to-date: /workspaces/ros_agv_pc/src/install/interfaces/include/interfaces/interfaces/msg/detail/steer__rosidl_typesupport_introspection_cpp.hpp
[4.894s] -- Up-to-date: /workspaces/ros_agv_pc/src/install/interfaces/include/interfaces/interfaces/msg/detail/steer__type_support.cpp
[4.894s] -- Up-to-date: /workspaces/ros_agv_pc/src/install/interfaces/lib/libinterfaces__rosidl_typesupport_introspection_cpp.so
[4.895s] -- Up-to-date: /workspaces/ros_agv_pc/src/install/interfaces/lib/libinterfaces__rosidl_typesupport_cpp.so
[4.895s] -- Up-to-date: /workspaces/ros_agv_pc/src/install/interfaces/share/interfaces/environment/pythonpath.sh
[4.895s] -- Up-to-date: /workspaces/ros_agv_pc/src/install/interfaces/share/interfaces/environment/pythonpath.dsv
[4.895s] -- Up-to-date: /workspaces/ros_agv_pc/src/install/interfaces/local/lib/python3.10/dist-packages/interfaces-0.0.0-py3.10.egg-info
[4.896s] -- Installing: /workspaces/ros_agv_pc/src/install/interfaces/local/lib/python3.10/dist-packages/interfaces-0.0.0-py3.10.egg-info/PKG-INFO
[4.896s] -- Installing: /workspaces/ros_agv_pc/src/install/interfaces/local/lib/python3.10/dist-packages/interfaces-0.0.0-py3.10.egg-info/dependency_links.txt
[4.896s] -- Installing: /workspaces/ros_agv_pc/src/install/interfaces/local/lib/python3.10/dist-packages/interfaces-0.0.0-py3.10.egg-info/top_level.txt
[4.896s] -- Installing: /workspaces/ros_agv_pc/src/install/interfaces/local/lib/python3.10/dist-packages/interfaces-0.0.0-py3.10.egg-info/SOURCES.txt
[4.897s] -- Up-to-date: /workspaces/ros_agv_pc/src/install/interfaces/local/lib/python3.10/dist-packages/interfaces
[4.897s] -- Up-to-date: /workspaces/ros_agv_pc/src/install/interfaces/local/lib/python3.10/dist-packages/interfaces/_interfaces_s.ep.rosidl_typesupport_fastrtps_c.c
[4.906s] -- Up-to-date: /workspaces/ros_agv_pc/src/install/interfaces/local/lib/python3.10/dist-packages/interfaces/_interfaces_s.ep.rosidl_typesupport_introspection_c.c
[4.906s] -- Up-to-date: /workspaces/ros_agv_pc/src/install/interfaces/local/lib/python3.10/dist-packages/interfaces/interfaces_s__rosidl_typesupport_introspection_c.cpython-310-x86_64-linux-gnu.so
[4.907s] -- Up-to-date: /workspaces/ros_agv_pc/src/install/interfaces/local/lib/python3.10/dist-packages/interfaces/_interfaces_s.ep.rosidl_typesupport_c.c
[4.907s] -- Up-to-date: /workspaces/ros_agv_pc/src/install/interfaces/local/lib/python3.10/dist-packages/interfaces/libinterfaces__rosidl_generator_py.so
[4.907s] -- Up-to-date: /workspaces/ros_agv_pc/src/install/interfaces/local/lib/python3.10/dist-packages/interfaces/msg
[4.907s] -- Up-to-date: /workspaces/ros_agv_pc/src/install/interfaces/local/lib/python3.10/dist-packages/interfaces/msg/__init__.py
[4.907s] -- Up-to-date: /workspaces/ros_agv_pc/src/install/interfaces/local/lib/python3.10/dist-packages/interfaces/msg/_steer.py
[4.907s] -- Up-to-date: /workspaces/ros_agv_pc/src/install/interfaces/local/lib/python3.10/dist-packages/interfaces/msg/_steer_s.c
[4.908s] -- Up-to-date: /workspaces/ros_agv_pc/src/install/interfaces/local/lib/python3.10/dist-packages/interfaces/interfaces_s__rosidl_typesupport_c.cpython-310-x86_64-linux-gnu.so
[4.908s] -- Up-to-date: /workspaces/ros_agv_pc/src/install/interfaces/local/lib/python3.10/dist-packages/interfaces/__init__.py
[4.908s] -- Up-to-date: /workspaces/ros_agv_pc/src/install/interfaces/local/lib/python3.10/dist-packages/interfaces/interfaces_s__rosidl_typesupport_fastrtps_c.cpython-310-x86_64-linux-gnu.so
[4.908s] Listing '/workspaces/ros_agv_pc/src/install/interfaces/local/lib/python3.10/dist-packages/interfaces'...
[4.908s] Listing '/workspaces/ros_agv_pc/src/install/interfaces/local/lib/python3.10/dist-packages/interfaces/msg'...
[4.908s] -- Up-to-date: /workspaces/ros_agv_pc/src/install/interfaces/local/lib/python3.10/dist-packages/interfaces/interfaces_s__rosidl_typesupport_fastrtps_c.cpython-310-x86_64-linux-gnu.so
[4.909s] -- Up-to-date: /workspaces/ros_agv_pc/src/install/interfaces/local/lib/python3.10/dist-packages/interfaces/interfaces_s__rosidl_typesupport_introspection_c.cpython-310-x86_64-linux-gnu.so
[4.909s] -- Up-to-date: /workspaces/ros_agv_pc/src/install/interfaces/local/lib/python3.10/dist-packages/interfaces/interfaces_s__rosidl_typesupport_c.cpython-310-x86_64-linux-gnu.so
[4.909s] -- Up-to-date: /workspaces/ros_agv_pc/src/install/interfaces/lib/libinterfaces__rosidl_generator_py.so
[4.909s] -- Up-to-date: /workspaces/ros_agv_pc/src/install/interfaces/share/interfaces/msg/Steer.idl
[4.909s] -- Up-to-date: /workspaces/ros_agv_pc/src/install/interfaces/share/interfaces/msg/Steer.msg
[4.909s] -- Up-to-date: /workspaces/ros_agv_pc/src/install/interfaces/share/ament_index/resource_index/package_run_dependencies/interfaces
[4.924s] -- Up-to-date: /workspaces/ros_agv_pc/src/install/interfaces/share/ament_index/resource_index/parent_prefix_path/interfaces
[4.924s] -- Up-to-date: /workspaces/ros_agv_pc/src/install/interfaces/share/interfaces/environment/ament_prefix_path.sh
[4.924s] -- Up-to-date: /workspaces/ros_agv_pc/src/install/interfaces/share/interfaces/environment/ament_prefix_path.dsv
[4.924s] -- Up-to-date: /workspaces/ros_agv_pc/src/install/interfaces/share/interfaces/environment/path.sh
[4.925s] -- Up-to-date: /workspaces/ros_agv_pc/src/install/interfaces/share/interfaces/environment/path.dsv
[4.925s] -- Up-to-date: /workspaces/ros_agv_pc/src/install/interfaces/share/interfaces/local_setup.bash
[4.925s] -- Up-to-date: /workspaces/ros_agv_pc/src/install/interfaces/share/interfaces/local_setup.sh
[4.925s] -- Up-to-date: /workspaces/ros_agv_pc/src/install/interfaces/share/interfaces/local_setup.zsh
[4.926s] -- Up-to-date: /workspaces/ros_agv_pc/src/install/interfaces/share/interfaces/local_setup.dsv
[4.926s] -- Installing: /workspaces/ros_agv_pc/src/install/interfaces/share/interfaces/package.dsv
[4.926s] -- Up-to-date: /workspaces/ros_agv_pc/src/install/interfaces/share/ament_index/resource_index/packages/interfaces
[4.926s] -- Up-to-date: /workspaces/ros_agv_pc/src/install/interfaces/share/interfaces/cmake/export_interfaces__rosidl_generator_cExport.cmake
[4.927s] -- Up-to-date: /workspaces/ros_agv_pc/src/install/interfaces/share/interfaces/cmake/export_interfaces__rosidl_generator_cExport-noconfig.cmake
[4.927s] -- Up-to-date: /workspaces/ros_agv_pc/src/install/interfaces/share/interfaces/cmake/export_interfaces__rosidl_typesupport_fastrtps_cExport.cmake
[4.927s] -- Up-to-date: /workspaces/ros_agv_pc/src/install/interfaces/share/interfaces/cmake/export_interfaces__rosidl_typesupport_fastrtps_cExport-noconfig.cmake
[4.927s] -- Up-to-date: /workspaces/ros_agv_pc/src/install/interfaces/share/interfaces/cmake/interfaces__rosidl_typesupport_introspection_cExport.cmake
[4.928s] -- Up-to-date: /workspaces/ros_agv_pc/src/install/interfaces/share/interfaces/cmake/interfaces__rosidl_typesupport_introspection_cExport-noconfig.cmake
[4.928s] -- Up-to-date: /workspaces/ros_agv_pc/src/install/interfaces/share/interfaces/cmake/interfaces__rosidl_typesupport_cExport.cmake
[4.928s] -- Up-to-date: /workspaces/ros_agv_pc/src/install/interfaces/share/interfaces/cmake/interfaces__rosidl_typesupport_cExport-noconfig.cmake
[4.928s] -- Up-to-date: /workspaces/ros_agv_pc/src/install/interfaces/share/interfaces/cmake/export_interfaces__rosidl_generator_cppExport.cmake
[4.929s] -- Up-to-date: /workspaces/ros_agv_pc/src/install/interfaces/share/interfaces/cmake/export_interfaces__rosidl_typesupport_fastrtps_cppExport.cmake
[4.929s] -- Up-to-date: /workspaces/ros_agv_pc/src/install/interfaces/share/interfaces/cmake/export_interfaces__rosidl_typesupport_fastrtps_cppExport-noconfig.cmake
[4.929s] -- Up-to-date: /workspaces/ros_agv_pc/src/install/interfaces/share/interfaces/cmake/interfaces__rosidl_typesupport_introspection_cppExport.cmake
[4.930s] -- Up-to-date: /workspaces/ros_agv_pc/src/install/interfaces/share/interfaces/cmake/interfaces__rosidl_typesupport_introspection_cppExport-noconfig.cmake
[4.947s] -- Up-to-date: /workspaces/ros_agv_pc/src/install/interfaces/share/interfaces/cmake/interfaces__rosidl_typesupport_cppExport.cmake
[4.947s] -- Up-to-date: /workspaces/ros_agv_pc/src/install/interfaces/share/interfaces/cmake/interfaces__rosidl_typesupport_cppExport-noconfig.cmake
[4.947s] -- Up-to-date: /workspaces/ros_agv_pc/src/install/interfaces/share/interfaces/cmake/export_interfaces__rosidl_generator_pyExport.cmake
[4.947s] -- Up-to-date: /workspaces/ros_agv_pc/src/install/interfaces/share/interfaces/cmake/export_interfaces__rosidl_generator_pyExport-noconfig.cmake
[4.948s] -- Up-to-date: /workspaces/ros_agv_pc/src/install/interfaces/share/interfaces/cmake/rosidl_cmake-extras.cmake
[4.948s] -- Up-to-date: /workspaces/ros_agv_pc/src/install/interfaces/share/interfaces/cmake/ament_cmake_export_include_directories-extras.cmake
[4.948s] -- Up-to-date: /workspaces/ros_agv_pc/src/install/interfaces/share/interfaces/cmake/ament_cmake_export_libraries-extras.cmake
[4.948s] -- Up-to-date: /workspaces/ros_agv_pc/src/install/interfaces/share/interfaces/cmake/ament_cmake_export_targets-extras.cmake
[4.948s] -- Up-to-date: /workspaces/ros_agv_pc/src/install/interfaces/share/interfaces/cmake/rosidl_cmake_export_typesupport_targets-extras.cmake
[4.948s] -- Up-to-date: /workspaces/ros_agv_pc/src/install/interfaces/share/interfaces/cmake/ament_cmake_export_dependencies-extras.cmake
[4.949s] -- Up-to-date: /workspaces/ros_agv_pc/src/install/interfaces/share/interfaces/cmake/rosidl_cmake_export_typesupport_libraries-extras.cmake
[4.949s] -- Up-to-date: /workspaces/ros_agv_pc/src/install/interfaces/share/interfaces/cmake/interfacesConfig.cmake
[4.949s] -- Up-to-date: /workspaces/ros_agv_pc/src/install/interfaces/share/interfaces/cmake/interfacesConfig-version.cmake
[4.949s] -- Up-to-date: /workspaces/ros_agv_pc/src/install/interfaces/share/interfaces/package.xml
[5.327s] Invoked command in '/workspaces/ros_agv_pc/src/build/interfaces' returned '0': CMAKE_PREFIX_PATH=${CMAKE_PREFIX_PATH}:/workspaces/ros_agv_pc/src/install/textual_gui_pkg:/workspaces/ros_agv_pc/src/install/py_qt_app:/workspaces/ros_agv_pc/src/install/AGV_simulator_description:/opt/ros/humble /usr/bin/cmake --install /workspaces/ros_agv_pc/src/build/interfaces
