[0.861s] Invoking command in '/workspaces/ros_agv_pc/src/build/interfaces': CMAKE_PREFIX_PATH=${CMAKE_PREFIX_PATH}:/workspaces/ros_agv_pc/src/install/textual_gui_pkg:/workspaces/ros_agv_pc/src/install/py_qt_app:/workspaces/ros_agv_pc/src/install/AGV_simulator_description:/opt/ros/humble /usr/bin/cmake --build /workspaces/ros_agv_pc/src/build/interfaces -- -j8 -l8
[1.459s] [  3%] Built target interfaces__cpp
[1.460s] [ 12%] Built target interfaces__rosidl_generator_c
[1.460s] [ 12%] Built target ament_cmake_python_copy_interfaces
[1.460s] [ 22%] Built target interfaces__rosidl_typesupport_fastrtps_cpp
[1.460s] [ 41%] Built target interfaces__rosidl_typesupport_cpp
[1.461s] [ 41%] Built target interfaces__rosidl_typesupport_introspection_cpp
[1.461s] [ 51%] Built target interfaces__rosidl_typesupport_fastrtps_c
[1.461s] [ 61%] Built target interfaces__rosidl_typesupport_c
[1.461s] [ 70%] Built target interfaces__rosidl_typesupport_introspection_c
[1.461s] [ 70%] Built target interfaces
[1.461s] [ 74%] Built target interfaces__py
[1.461s] [ 80%] Built target interfaces__rosidl_generator_py
[1.462s] [ 87%] Built target interfaces__rosidl_typesupport_introspection_c__pyext
[1.462s] [100%] Built target interfaces__rosidl_typesupport_fastrtps_c__pyext
[1.462s] [100%] Built target interfaces__rosidl_typesupport_c__pyext
[1.462s] running egg_info
[1.462s] writing interfaces.egg-info/PKG-INFO
[1.463s] writing dependency_links to interfaces.egg-info/dependency_links.txt
[1.463s] writing top-level names to interfaces.egg-info/top_level.txt
[1.463s] reading manifest file 'interfaces.egg-info/SOURCES.txt'
[1.469s] writing manifest file 'interfaces.egg-info/SOURCES.txt'
[1.504s] [100%] Built target ament_cmake_python_build_interfaces_egg
[1.528s] Invoked command in '/workspaces/ros_agv_pc/src/build/interfaces' returned '0': CMAKE_PREFIX_PATH=${CMAKE_PREFIX_PATH}:/workspaces/ros_agv_pc/src/install/textual_gui_pkg:/workspaces/ros_agv_pc/src/install/py_qt_app:/workspaces/ros_agv_pc/src/install/AGV_simulator_description:/opt/ros/humble /usr/bin/cmake --build /workspaces/ros_agv_pc/src/build/interfaces -- -j8 -l8
[1.995s] Invoking command in '/workspaces/ros_agv_pc/src/build/interfaces': CMAKE_PREFIX_PATH=${CMAKE_PREFIX_PATH}:/workspaces/ros_agv_pc/src/install/textual_gui_pkg:/workspaces/ros_agv_pc/src/install/py_qt_app:/workspaces/ros_agv_pc/src/install/AGV_simulator_description:/opt/ros/humble /usr/bin/cmake --install /workspaces/ros_agv_pc/src/build/interfaces
[2.131s] -- Install configuration: ""
[2.131s] -- Up-to-date: /workspaces/ros_agv_pc/src/install/interfaces/share/ament_index/resource_index/rosidl_interfaces/interfaces
[2.132s] -- Up-to-date: /workspaces/ros_agv_pc/src/install/interfaces/include/interfaces/interfaces
[2.132s] -- Up-to-date: /workspaces/ros_agv_pc/src/install/interfaces/include/interfaces/interfaces/msg
[2.132s] -- Up-to-date: /workspaces/ros_agv_pc/src/install/interfaces/include/interfaces/interfaces/msg/detail
[2.132s] -- Up-to-date: /workspaces/ros_agv_pc/src/install/interfaces/include/interfaces/interfaces/msg/detail/steer__functions.c
[2.133s] -- Up-to-date: /workspaces/ros_agv_pc/src/install/interfaces/include/interfaces/interfaces/msg/detail/steer__functions.h
[2.133s] -- Up-to-date: /workspaces/ros_agv_pc/src/install/interfaces/include/interfaces/interfaces/msg/detail/steer__struct.h
[2.133s] -- Up-to-date: /workspaces/ros_agv_pc/src/install/interfaces/include/interfaces/interfaces/msg/detail/steer__type_support.h
[2.133s] -- Up-to-date: /workspaces/ros_agv_pc/src/install/interfaces/include/interfaces/interfaces/msg/rosidl_generator_c__visibility_control.h
[2.133s] -- Up-to-date: /workspaces/ros_agv_pc/src/install/interfaces/include/interfaces/interfaces/msg/steer.h
[2.133s] -- Up-to-date: /workspaces/ros_agv_pc/src/install/interfaces/share/interfaces/environment/library_path.sh
[2.134s] -- Up-to-date: /workspaces/ros_agv_pc/src/install/interfaces/share/interfaces/environment/library_path.dsv
[2.134s] -- Up-to-date: /workspaces/ros_agv_pc/src/install/interfaces/lib/libinterfaces__rosidl_generator_c.so
[2.134s] -- Up-to-date: /workspaces/ros_agv_pc/src/install/interfaces/include/interfaces/interfaces
[2.134s] -- Up-to-date: /workspaces/ros_agv_pc/src/install/interfaces/include/interfaces/interfaces/msg
[2.135s] -- Up-to-date: /workspaces/ros_agv_pc/src/install/interfaces/include/interfaces/interfaces/msg/detail
[2.135s] -- Up-to-date: /workspaces/ros_agv_pc/src/install/interfaces/include/interfaces/interfaces/msg/detail/steer__rosidl_typesupport_fastrtps_c.h
[2.135s] -- Up-to-date: /workspaces/ros_agv_pc/src/install/interfaces/include/interfaces/interfaces/msg/rosidl_typesupport_fastrtps_c__visibility_control.h
[2.135s] -- Up-to-date: /workspaces/ros_agv_pc/src/install/interfaces/lib/libinterfaces__rosidl_typesupport_fastrtps_c.so
[2.136s] -- Up-to-date: /workspaces/ros_agv_pc/src/install/interfaces/include/interfaces/interfaces
[2.136s] -- Up-to-date: /workspaces/ros_agv_pc/src/install/interfaces/include/interfaces/interfaces/msg
[2.136s] -- Up-to-date: /workspaces/ros_agv_pc/src/install/interfaces/include/interfaces/interfaces/msg/rosidl_typesupport_introspection_c__visibility_control.h
[2.136s] -- Up-to-date: /workspaces/ros_agv_pc/src/install/interfaces/include/interfaces/interfaces/msg/detail
[2.137s] -- Up-to-date: /workspaces/ros_agv_pc/src/install/interfaces/include/interfaces/interfaces/msg/detail/steer__type_support.c
[2.137s] -- Up-to-date: /workspaces/ros_agv_pc/src/install/interfaces/include/interfaces/interfaces/msg/detail/steer__rosidl_typesupport_introspection_c.h
[2.137s] -- Up-to-date: /workspaces/ros_agv_pc/src/install/interfaces/lib/libinterfaces__rosidl_typesupport_introspection_c.so
[2.137s] -- Up-to-date: /workspaces/ros_agv_pc/src/install/interfaces/lib/libinterfaces__rosidl_typesupport_c.so
[2.137s] -- Up-to-date: /workspaces/ros_agv_pc/src/install/interfaces/include/interfaces/interfaces
[2.138s] -- Up-to-date: /workspaces/ros_agv_pc/src/install/interfaces/include/interfaces/interfaces/msg
[2.138s] -- Up-to-date: /workspaces/ros_agv_pc/src/install/interfaces/include/interfaces/interfaces/msg/detail
[2.138s] -- Up-to-date: /workspaces/ros_agv_pc/src/install/interfaces/include/interfaces/interfaces/msg/detail/steer__traits.hpp
[2.139s] -- Up-to-date: /workspaces/ros_agv_pc/src/install/interfaces/include/interfaces/interfaces/msg/detail/steer__builder.hpp
[2.139s] -- Up-to-date: /workspaces/ros_agv_pc/src/install/interfaces/include/interfaces/interfaces/msg/detail/steer__struct.hpp
[2.139s] -- Up-to-date: /workspaces/ros_agv_pc/src/install/interfaces/include/interfaces/interfaces/msg/steer.hpp
[2.139s] -- Up-to-date: /workspaces/ros_agv_pc/src/install/interfaces/include/interfaces/interfaces
[2.140s] -- Up-to-date: /workspaces/ros_agv_pc/src/install/interfaces/include/interfaces/interfaces/msg
[2.140s] -- Up-to-date: /workspaces/ros_agv_pc/src/install/interfaces/include/interfaces/interfaces/msg/detail
[2.140s] -- Up-to-date: /workspaces/ros_agv_pc/src/install/interfaces/include/interfaces/interfaces/msg/detail/steer__rosidl_typesupport_fastrtps_cpp.hpp
[2.140s] -- Up-to-date: /workspaces/ros_agv_pc/src/install/interfaces/include/interfaces/interfaces/msg/detail/dds_fastrtps
[2.141s] -- Up-to-date: /workspaces/ros_agv_pc/src/install/interfaces/include/interfaces/interfaces/msg/rosidl_typesupport_fastrtps_cpp__visibility_control.h
[2.141s] -- Up-to-date: /workspaces/ros_agv_pc/src/install/interfaces/lib/libinterfaces__rosidl_typesupport_fastrtps_cpp.so
[2.141s] -- Up-to-date: /workspaces/ros_agv_pc/src/install/interfaces/include/interfaces/interfaces
[2.141s] -- Up-to-date: /workspaces/ros_agv_pc/src/install/interfaces/include/interfaces/interfaces/msg
[2.142s] -- Up-to-date: /workspaces/ros_agv_pc/src/install/interfaces/include/interfaces/interfaces/msg/detail
[2.143s] -- Up-to-date: /workspaces/ros_agv_pc/src/install/interfaces/include/interfaces/interfaces/msg/detail/steer__rosidl_typesupport_introspection_cpp.hpp
[2.143s] -- Up-to-date: /workspaces/ros_agv_pc/src/install/interfaces/include/interfaces/interfaces/msg/detail/steer__type_support.cpp
[2.144s] -- Up-to-date: /workspaces/ros_agv_pc/src/install/interfaces/lib/libinterfaces__rosidl_typesupport_introspection_cpp.so
[2.144s] -- Up-to-date: /workspaces/ros_agv_pc/src/install/interfaces/lib/libinterfaces__rosidl_typesupport_cpp.so
[2.144s] -- Up-to-date: /workspaces/ros_agv_pc/src/install/interfaces/share/interfaces/environment/pythonpath.sh
[2.144s] -- Up-to-date: /workspaces/ros_agv_pc/src/install/interfaces/share/interfaces/environment/pythonpath.dsv
[2.144s] -- Up-to-date: /workspaces/ros_agv_pc/src/install/interfaces/local/lib/python3.10/dist-packages/interfaces-0.0.0-py3.10.egg-info
[2.145s] -- Installing: /workspaces/ros_agv_pc/src/install/interfaces/local/lib/python3.10/dist-packages/interfaces-0.0.0-py3.10.egg-info/PKG-INFO
[2.145s] -- Installing: /workspaces/ros_agv_pc/src/install/interfaces/local/lib/python3.10/dist-packages/interfaces-0.0.0-py3.10.egg-info/dependency_links.txt
[2.145s] -- Installing: /workspaces/ros_agv_pc/src/install/interfaces/local/lib/python3.10/dist-packages/interfaces-0.0.0-py3.10.egg-info/top_level.txt
[2.145s] -- Installing: /workspaces/ros_agv_pc/src/install/interfaces/local/lib/python3.10/dist-packages/interfaces-0.0.0-py3.10.egg-info/SOURCES.txt
[2.145s] -- Up-to-date: /workspaces/ros_agv_pc/src/install/interfaces/local/lib/python3.10/dist-packages/interfaces
[2.145s] -- Up-to-date: /workspaces/ros_agv_pc/src/install/interfaces/local/lib/python3.10/dist-packages/interfaces/_interfaces_s.ep.rosidl_typesupport_fastrtps_c.c
[2.145s] -- Up-to-date: /workspaces/ros_agv_pc/src/install/interfaces/local/lib/python3.10/dist-packages/interfaces/_interfaces_s.ep.rosidl_typesupport_introspection_c.c
[2.146s] -- Up-to-date: /workspaces/ros_agv_pc/src/install/interfaces/local/lib/python3.10/dist-packages/interfaces/interfaces_s__rosidl_typesupport_introspection_c.cpython-310-x86_64-linux-gnu.so
[2.146s] -- Up-to-date: /workspaces/ros_agv_pc/src/install/interfaces/local/lib/python3.10/dist-packages/interfaces/_interfaces_s.ep.rosidl_typesupport_c.c
[2.146s] -- Up-to-date: /workspaces/ros_agv_pc/src/install/interfaces/local/lib/python3.10/dist-packages/interfaces/libinterfaces__rosidl_generator_py.so
[2.147s] -- Up-to-date: /workspaces/ros_agv_pc/src/install/interfaces/local/lib/python3.10/dist-packages/interfaces/msg
[2.148s] -- Up-to-date: /workspaces/ros_agv_pc/src/install/interfaces/local/lib/python3.10/dist-packages/interfaces/msg/__init__.py
[2.148s] -- Up-to-date: /workspaces/ros_agv_pc/src/install/interfaces/local/lib/python3.10/dist-packages/interfaces/msg/_steer.py
[2.148s] -- Up-to-date: /workspaces/ros_agv_pc/src/install/interfaces/local/lib/python3.10/dist-packages/interfaces/msg/_steer_s.c
[2.148s] -- Up-to-date: /workspaces/ros_agv_pc/src/install/interfaces/local/lib/python3.10/dist-packages/interfaces/interfaces_s__rosidl_typesupport_c.cpython-310-x86_64-linux-gnu.so
[2.148s] -- Up-to-date: /workspaces/ros_agv_pc/src/install/interfaces/local/lib/python3.10/dist-packages/interfaces/__init__.py
[2.148s] -- Up-to-date: /workspaces/ros_agv_pc/src/install/interfaces/local/lib/python3.10/dist-packages/interfaces/interfaces_s__rosidl_typesupport_fastrtps_c.cpython-310-x86_64-linux-gnu.so
[2.148s] Listing '/workspaces/ros_agv_pc/src/install/interfaces/local/lib/python3.10/dist-packages/interfaces'...
[2.149s] Listing '/workspaces/ros_agv_pc/src/install/interfaces/local/lib/python3.10/dist-packages/interfaces/msg'...
[2.149s] -- Up-to-date: /workspaces/ros_agv_pc/src/install/interfaces/local/lib/python3.10/dist-packages/interfaces/interfaces_s__rosidl_typesupport_fastrtps_c.cpython-310-x86_64-linux-gnu.so
[2.149s] -- Up-to-date: /workspaces/ros_agv_pc/src/install/interfaces/local/lib/python3.10/dist-packages/interfaces/interfaces_s__rosidl_typesupport_introspection_c.cpython-310-x86_64-linux-gnu.so
[2.150s] -- Up-to-date: /workspaces/ros_agv_pc/src/install/interfaces/local/lib/python3.10/dist-packages/interfaces/interfaces_s__rosidl_typesupport_c.cpython-310-x86_64-linux-gnu.so
[2.151s] -- Up-to-date: /workspaces/ros_agv_pc/src/install/interfaces/lib/libinterfaces__rosidl_generator_py.so
[2.151s] -- Up-to-date: /workspaces/ros_agv_pc/src/install/interfaces/share/interfaces/msg/Steer.idl
[2.151s] -- Up-to-date: /workspaces/ros_agv_pc/src/install/interfaces/share/interfaces/msg/Steer.msg
[2.152s] -- Up-to-date: /workspaces/ros_agv_pc/src/install/interfaces/share/ament_index/resource_index/package_run_dependencies/interfaces
[2.152s] -- Up-to-date: /workspaces/ros_agv_pc/src/install/interfaces/share/ament_index/resource_index/parent_prefix_path/interfaces
[2.152s] -- Up-to-date: /workspaces/ros_agv_pc/src/install/interfaces/share/interfaces/environment/ament_prefix_path.sh
[2.153s] -- Up-to-date: /workspaces/ros_agv_pc/src/install/interfaces/share/interfaces/environment/ament_prefix_path.dsv
[2.153s] -- Up-to-date: /workspaces/ros_agv_pc/src/install/interfaces/share/interfaces/environment/path.sh
[2.156s] -- Up-to-date: /workspaces/ros_agv_pc/src/install/interfaces/share/interfaces/environment/path.dsv
[2.157s] -- Up-to-date: /workspaces/ros_agv_pc/src/install/interfaces/share/interfaces/local_setup.bash
[2.157s] -- Up-to-date: /workspaces/ros_agv_pc/src/install/interfaces/share/interfaces/local_setup.sh
[2.157s] -- Up-to-date: /workspaces/ros_agv_pc/src/install/interfaces/share/interfaces/local_setup.zsh
[2.157s] -- Up-to-date: /workspaces/ros_agv_pc/src/install/interfaces/share/interfaces/local_setup.dsv
[2.168s] -- Installing: /workspaces/ros_agv_pc/src/install/interfaces/share/interfaces/package.dsv
[2.169s] -- Up-to-date: /workspaces/ros_agv_pc/src/install/interfaces/share/ament_index/resource_index/packages/interfaces
[2.169s] -- Up-to-date: /workspaces/ros_agv_pc/src/install/interfaces/share/interfaces/cmake/export_interfaces__rosidl_generator_cExport.cmake
[2.169s] -- Up-to-date: /workspaces/ros_agv_pc/src/install/interfaces/share/interfaces/cmake/export_interfaces__rosidl_generator_cExport-noconfig.cmake
[2.170s] -- Up-to-date: /workspaces/ros_agv_pc/src/install/interfaces/share/interfaces/cmake/export_interfaces__rosidl_typesupport_fastrtps_cExport.cmake
[2.170s] -- Up-to-date: /workspaces/ros_agv_pc/src/install/interfaces/share/interfaces/cmake/export_interfaces__rosidl_typesupport_fastrtps_cExport-noconfig.cmake
[2.171s] -- Up-to-date: /workspaces/ros_agv_pc/src/install/interfaces/share/interfaces/cmake/interfaces__rosidl_typesupport_introspection_cExport.cmake
[2.171s] -- Up-to-date: /workspaces/ros_agv_pc/src/install/interfaces/share/interfaces/cmake/interfaces__rosidl_typesupport_introspection_cExport-noconfig.cmake
[2.171s] -- Up-to-date: /workspaces/ros_agv_pc/src/install/interfaces/share/interfaces/cmake/interfaces__rosidl_typesupport_cExport.cmake
[2.184s] -- Up-to-date: /workspaces/ros_agv_pc/src/install/interfaces/share/interfaces/cmake/interfaces__rosidl_typesupport_cExport-noconfig.cmake
[2.184s] -- Up-to-date: /workspaces/ros_agv_pc/src/install/interfaces/share/interfaces/cmake/export_interfaces__rosidl_generator_cppExport.cmake
[2.185s] -- Up-to-date: /workspaces/ros_agv_pc/src/install/interfaces/share/interfaces/cmake/export_interfaces__rosidl_typesupport_fastrtps_cppExport.cmake
[2.185s] -- Up-to-date: /workspaces/ros_agv_pc/src/install/interfaces/share/interfaces/cmake/export_interfaces__rosidl_typesupport_fastrtps_cppExport-noconfig.cmake
[2.185s] -- Up-to-date: /workspaces/ros_agv_pc/src/install/interfaces/share/interfaces/cmake/interfaces__rosidl_typesupport_introspection_cppExport.cmake
[2.185s] -- Up-to-date: /workspaces/ros_agv_pc/src/install/interfaces/share/interfaces/cmake/interfaces__rosidl_typesupport_introspection_cppExport-noconfig.cmake
[2.185s] -- Up-to-date: /workspaces/ros_agv_pc/src/install/interfaces/share/interfaces/cmake/interfaces__rosidl_typesupport_cppExport.cmake
[2.186s] -- Up-to-date: /workspaces/ros_agv_pc/src/install/interfaces/share/interfaces/cmake/interfaces__rosidl_typesupport_cppExport-noconfig.cmake
[2.186s] -- Up-to-date: /workspaces/ros_agv_pc/src/install/interfaces/share/interfaces/cmake/export_interfaces__rosidl_generator_pyExport.cmake
[2.186s] -- Up-to-date: /workspaces/ros_agv_pc/src/install/interfaces/share/interfaces/cmake/export_interfaces__rosidl_generator_pyExport-noconfig.cmake
[2.186s] -- Up-to-date: /workspaces/ros_agv_pc/src/install/interfaces/share/interfaces/cmake/rosidl_cmake-extras.cmake
[2.186s] -- Up-to-date: /workspaces/ros_agv_pc/src/install/interfaces/share/interfaces/cmake/ament_cmake_export_include_directories-extras.cmake
[2.186s] -- Up-to-date: /workspaces/ros_agv_pc/src/install/interfaces/share/interfaces/cmake/ament_cmake_export_libraries-extras.cmake
[2.186s] -- Up-to-date: /workspaces/ros_agv_pc/src/install/interfaces/share/interfaces/cmake/ament_cmake_export_targets-extras.cmake
[2.187s] -- Up-to-date: /workspaces/ros_agv_pc/src/install/interfaces/share/interfaces/cmake/rosidl_cmake_export_typesupport_targets-extras.cmake
[2.187s] -- Up-to-date: /workspaces/ros_agv_pc/src/install/interfaces/share/interfaces/cmake/ament_cmake_export_dependencies-extras.cmake
[2.187s] -- Up-to-date: /workspaces/ros_agv_pc/src/install/interfaces/share/interfaces/cmake/rosidl_cmake_export_typesupport_libraries-extras.cmake
[2.187s] -- Up-to-date: /workspaces/ros_agv_pc/src/install/interfaces/share/interfaces/cmake/interfacesConfig.cmake
[2.187s] -- Up-to-date: /workspaces/ros_agv_pc/src/install/interfaces/share/interfaces/cmake/interfacesConfig-version.cmake
[2.187s] -- Up-to-date: /workspaces/ros_agv_pc/src/install/interfaces/share/interfaces/package.xml
[2.571s] Invoked command in '/workspaces/ros_agv_pc/src/build/interfaces' returned '0': CMAKE_PREFIX_PATH=${CMAKE_PREFIX_PATH}:/workspaces/ros_agv_pc/src/install/textual_gui_pkg:/workspaces/ros_agv_pc/src/install/py_qt_app:/workspaces/ros_agv_pc/src/install/AGV_simulator_description:/opt/ros/humble /usr/bin/cmake --install /workspaces/ros_agv_pc/src/build/interfaces
