running egg_info
writing ../build/textual_gui_pkg/textual_gui_pkg.egg-info/PKG-INFO
writing dependency_links to ../build/textual_gui_pkg/textual_gui_pkg.egg-info/dependency_links.txt
writing entry points to ../build/textual_gui_pkg/textual_gui_pkg.egg-info/entry_points.txt
writing requirements to ../build/textual_gui_pkg/textual_gui_pkg.egg-info/requires.txt
writing top-level names to ../build/textual_gui_pkg/textual_gui_pkg.egg-info/top_level.txt
reading manifest file '../build/textual_gui_pkg/textual_gui_pkg.egg-info/SOURCES.txt'
adding license file 'LICENSE'
writing manifest file '../build/textual_gui_pkg/textual_gui_pkg.egg-info/SOURCES.txt'
running build
running build_py
copying textual_gui_pkg/tui_2.py -> /workspaces/ros_agv_pc/src/build/textual_gui_pkg/build/lib/textual_gui_pkg
running install
/usr/lib/python3/dist-packages/setuptools/command/install.py:34: SetuptoolsDeprecationWarning: setup.py install is deprecated. Use build and pip and other standards-based tools.
  warnings.warn(
running install_lib
copying /workspaces/ros_agv_pc/src/build/textual_gui_pkg/build/lib/textual_gui_pkg/tui_2.py -> /workspaces/ros_agv_pc/src/install/textual_gui_pkg/lib/python3.10/site-packages/textual_gui_pkg
byte-compiling /workspaces/ros_agv_pc/src/install/textual_gui_pkg/lib/python3.10/site-packages/textual_gui_pkg/tui_2.py to tui_2.cpython-310.pyc
running install_data
running install_egg_info
removing '/workspaces/ros_agv_pc/src/install/textual_gui_pkg/lib/python3.10/site-packages/textual_gui_pkg-0.0.0-py3.10.egg-info' (and everything under it)
Copying ../build/textual_gui_pkg/textual_gui_pkg.egg-info to /workspaces/ros_agv_pc/src/install/textual_gui_pkg/lib/python3.10/site-packages/textual_gui_pkg-0.0.0-py3.10.egg-info
running install_scripts
Installing tui_serial script to /workspaces/ros_agv_pc/src/install/textual_gui_pkg/lib/textual_gui_pkg
writing list of installed files to '/workspaces/ros_agv_pc/src/build/textual_gui_pkg/install.log'
