[1.064s] Invoking command in '/workspaces/ros_agv_pc/src/build/cpp_qt_app': CMAKE_PREFIX_PATH=/opt/ros/humble /usr/bin/cmake /workspaces/ros_agv_pc/src/cpp_qt_app -DCMAKE_INSTALL_PREFIX=/workspaces/ros_agv_pc/src/install/cpp_qt_app
[1.740s] -- The C compiler identification is GNU 11.4.0
[1.787s] -- The CXX compiler identification is GNU 11.4.0
[1.841s] -- Detecting C compiler ABI info
[2.205s] -- Detecting C compiler ABI info - done
[2.286s] -- Check for working C compiler: /usr/bin/cc - skipped
[2.288s] -- Detecting C compile features
[2.289s] -- Detecting C compile features - done
[2.329s] -- Detecting CXX compiler ABI info
[2.663s] -- Detecting CXX compiler ABI info - done
[2.742s] -- Check for working CXX compiler: /usr/bin/c++ - skipped
[2.743s] -- Detecting CXX compile features
[2.743s] -- Detecting CXX compile features - done
[2.750s] -- Found ament_cmake: 1.3.7 (/opt/ros/humble/share/ament_cmake/cmake)
[3.695s] -- Found Python3: /usr/bin/python3.10 (found version "3.10.12") found components: Interpreter 
[4.189s] -- Found rclcpp: 16.0.8 (/opt/ros/humble/share/rclcpp/cmake)
[4.453s] -- Found rosidl_generator_c: 3.1.5 (/opt/ros/humble/share/rosidl_generator_c/cmake)
[4.462s] -- Found rosidl_adapter: 3.1.5 (/opt/ros/humble/share/rosidl_adapter/cmake)
[4.500s] -- Found rosidl_generator_cpp: 3.1.5 (/opt/ros/humble/share/rosidl_generator_cpp/cmake)
[4.570s] -- Using all available rosidl_typesupport_c: rosidl_typesupport_fastrtps_c;rosidl_typesupport_introspection_c
[4.598s] -- Using all available rosidl_typesupport_cpp: rosidl_typesupport_fastrtps_cpp;rosidl_typesupport_introspection_cpp
[4.853s] -- Found rmw_implementation_cmake: 6.1.1 (/opt/ros/humble/share/rmw_implementation_cmake/cmake)
[4.858s] -- Found rmw_fastrtps_cpp: 6.2.6 (/opt/ros/humble/share/rmw_fastrtps_cpp/cmake)
[5.420s] -- Found OpenSSL: /usr/lib/x86_64-linux-gnu/libcrypto.so (found version "3.0.2")  
[5.498s] -- Found FastRTPS: /opt/ros/humble/include  
[5.630s] -- Using RMW implementation 'rmw_fastrtps_cpp' as default
[5.668s] -- Looking for pthread.h
[5.870s] -- Looking for pthread.h - found
[5.871s] -- Performing Test CMAKE_HAVE_LIBC_PTHREAD
[6.095s] -- Performing Test CMAKE_HAVE_LIBC_PTHREAD - Success
[6.103s] -- Found Threads: TRUE  
[6.658s] -- Found OpenCV: /usr (found version "4.5.4") 
[6.858s] -- Configuring done
[7.025s] -- Generating done
[7.028s] -- Build files have been written to: /workspaces/ros_agv_pc/src/build/cpp_qt_app
[7.072s] Invoked command in '/workspaces/ros_agv_pc/src/build/cpp_qt_app' returned '0': CMAKE_PREFIX_PATH=/opt/ros/humble /usr/bin/cmake /workspaces/ros_agv_pc/src/cpp_qt_app -DCMAKE_INSTALL_PREFIX=/workspaces/ros_agv_pc/src/install/cpp_qt_app
[7.074s] Invoking command in '/workspaces/ros_agv_pc/src/build/cpp_qt_app': CMAKE_PREFIX_PATH=/opt/ros/humble /usr/bin/cmake --build /workspaces/ros_agv_pc/src/build/cpp_qt_app -- -j8 -l8
[7.211s] [ 12%] [34m[1mAutomatic MOC and UIC for target cpp_qt_app[0m
[7.986s] [ 12%] Built target cpp_qt_app_autogen
[8.043s] [ 25%] [32mBuilding CXX object CMakeFiles/cpp_qt_app.dir/src/cameras.cpp.o[0m
[8.051s] [ 37%] [32mBuilding CXX object CMakeFiles/cpp_qt_app.dir/src/main.cpp.o[0m
[8.067s] [ 50%] [32mBuilding CXX object CMakeFiles/cpp_qt_app.dir/src/control.cpp.o[0m
[8.077s] [ 62%] [32mBuilding CXX object CMakeFiles/cpp_qt_app.dir/cpp_qt_app_autogen/mocs_compilation.cpp.o[0m
[8.080s] [ 87%] [32mBuilding CXX object CMakeFiles/cpp_qt_app.dir/src/settings.cpp.o[0m
[8.082s] [ 87%] [32mBuilding CXX object CMakeFiles/cpp_qt_app.dir/src/mainwindow.cpp.o[0m
[15.486s] [100%] [32m[1mLinking CXX executable cpp_qt_app[0m
[19.104s] [100%] Built target cpp_qt_app
[19.138s] Invoked command in '/workspaces/ros_agv_pc/src/build/cpp_qt_app' returned '0': CMAKE_PREFIX_PATH=/opt/ros/humble /usr/bin/cmake --build /workspaces/ros_agv_pc/src/build/cpp_qt_app -- -j8 -l8
[19.221s] Invoking command in '/workspaces/ros_agv_pc/src/build/cpp_qt_app': CMAKE_PREFIX_PATH=/opt/ros/humble /usr/bin/cmake --install /workspaces/ros_agv_pc/src/build/cpp_qt_app
[19.236s] -- Install configuration: ""
[19.239s] -- Installing: /workspaces/ros_agv_pc/src/install/cpp_qt_app/lib/cpp_qt_app/cpp_qt_app
[19.239s] -- Set runtime path of "/workspaces/ros_agv_pc/src/install/cpp_qt_app/lib/cpp_qt_app/cpp_qt_app" to ""
[19.239s] -- Installing: /workspaces/ros_agv_pc/src/install/cpp_qt_app/share/ament_index/resource_index/package_run_dependencies/cpp_qt_app
[19.239s] -- Installing: /workspaces/ros_agv_pc/src/install/cpp_qt_app/share/ament_index/resource_index/parent_prefix_path/cpp_qt_app
[19.240s] -- Up-to-date: /workspaces/ros_agv_pc/src/install/cpp_qt_app/share/cpp_qt_app/environment/ament_prefix_path.sh
[19.240s] -- Installing: /workspaces/ros_agv_pc/src/install/cpp_qt_app/share/cpp_qt_app/environment/ament_prefix_path.dsv
[19.240s] -- Up-to-date: /workspaces/ros_agv_pc/src/install/cpp_qt_app/share/cpp_qt_app/environment/path.sh
[19.241s] -- Installing: /workspaces/ros_agv_pc/src/install/cpp_qt_app/share/cpp_qt_app/environment/path.dsv
[19.241s] -- Installing: /workspaces/ros_agv_pc/src/install/cpp_qt_app/share/cpp_qt_app/local_setup.bash
[19.241s] -- Installing: /workspaces/ros_agv_pc/src/install/cpp_qt_app/share/cpp_qt_app/local_setup.sh
[19.241s] -- Installing: /workspaces/ros_agv_pc/src/install/cpp_qt_app/share/cpp_qt_app/local_setup.zsh
[19.242s] -- Installing: /workspaces/ros_agv_pc/src/install/cpp_qt_app/share/cpp_qt_app/local_setup.dsv
[19.242s] -- Installing: /workspaces/ros_agv_pc/src/install/cpp_qt_app/share/cpp_qt_app/package.dsv
[19.243s] -- Installing: /workspaces/ros_agv_pc/src/install/cpp_qt_app/share/ament_index/resource_index/packages/cpp_qt_app
[19.257s] -- Installing: /workspaces/ros_agv_pc/src/install/cpp_qt_app/share/cpp_qt_app/cmake/cpp_qt_appConfig.cmake
[19.258s] -- Installing: /workspaces/ros_agv_pc/src/install/cpp_qt_app/share/cpp_qt_app/cmake/cpp_qt_appConfig-version.cmake
[19.258s] -- Up-to-date: /workspaces/ros_agv_pc/src/install/cpp_qt_app/share/cpp_qt_app/package.xml
[19.258s] Invoked command in '/workspaces/ros_agv_pc/src/build/cpp_qt_app' returned '0': CMAKE_PREFIX_PATH=/opt/ros/humble /usr/bin/cmake --install /workspaces/ros_agv_pc/src/build/cpp_qt_app
