[0.696s] Invoking command in '/workspaces/ros_agv_pc/src/build/agv_sensor_package': CMAKE_PREFIX_PATH=${CMAKE_PREFIX_PATH}:/workspaces/ros_agv_pc/src/install/textual_gui_pkg:/workspaces/ros_agv_pc/src/install/py_qt_app:/workspaces/ros_agv_pc/src/install/AGV_simulator_description:/opt/ros/humble /usr/bin/cmake --build /workspaces/ros_agv_pc/src/build/agv_sensor_package -- -j8 -l8
[1.273s] [100%] Built target oak_d_publisher
[1.276s] Invoked command in '/workspaces/ros_agv_pc/src/build/agv_sensor_package' returned '0': CMAKE_PREFIX_PATH=${CMAKE_PREFIX_PATH}:/workspaces/ros_agv_pc/src/install/textual_gui_pkg:/workspaces/ros_agv_pc/src/install/py_qt_app:/workspaces/ros_agv_pc/src/install/AGV_simulator_description:/opt/ros/humble /usr/bin/cmake --build /workspaces/ros_agv_pc/src/build/agv_sensor_package -- -j8 -l8
[1.335s] Invoking command in '/workspaces/ros_agv_pc/src/build/agv_sensor_package': CMAKE_PREFIX_PATH=${CMAKE_PREFIX_PATH}:/workspaces/ros_agv_pc/src/install/textual_gui_pkg:/workspaces/ros_agv_pc/src/install/py_qt_app:/workspaces/ros_agv_pc/src/install/AGV_simulator_description:/opt/ros/humble /usr/bin/cmake --install /workspaces/ros_agv_pc/src/build/agv_sensor_package
[1.351s] -- Install configuration: ""
[1.352s] -- Up-to-date: /workspaces/ros_agv_pc/src/install/agv_sensor_package/lib/agv_sensor_package/oak_d_publisher
[1.352s] -- Up-to-date: /workspaces/ros_agv_pc/src/install/agv_sensor_package/share/ament_index/resource_index/package_run_dependencies/agv_sensor_package
[1.352s] -- Up-to-date: /workspaces/ros_agv_pc/src/install/agv_sensor_package/share/ament_index/resource_index/parent_prefix_path/agv_sensor_package
[1.352s] -- Up-to-date: /workspaces/ros_agv_pc/src/install/agv_sensor_package/share/agv_sensor_package/environment/ament_prefix_path.sh
[1.352s] -- Up-to-date: /workspaces/ros_agv_pc/src/install/agv_sensor_package/share/agv_sensor_package/environment/ament_prefix_path.dsv
[1.352s] -- Up-to-date: /workspaces/ros_agv_pc/src/install/agv_sensor_package/share/agv_sensor_package/environment/path.sh
[1.352s] -- Up-to-date: /workspaces/ros_agv_pc/src/install/agv_sensor_package/share/agv_sensor_package/environment/path.dsv
[1.355s] -- Up-to-date: /workspaces/ros_agv_pc/src/install/agv_sensor_package/share/agv_sensor_package/local_setup.bash
[1.355s] -- Up-to-date: /workspaces/ros_agv_pc/src/install/agv_sensor_package/share/agv_sensor_package/local_setup.sh
[1.355s] -- Up-to-date: /workspaces/ros_agv_pc/src/install/agv_sensor_package/share/agv_sensor_package/local_setup.zsh
[1.357s] -- Up-to-date: /workspaces/ros_agv_pc/src/install/agv_sensor_package/share/agv_sensor_package/local_setup.dsv
[1.357s] -- Installing: /workspaces/ros_agv_pc/src/install/agv_sensor_package/share/agv_sensor_package/package.dsv
[1.357s] -- Up-to-date: /workspaces/ros_agv_pc/src/install/agv_sensor_package/share/ament_index/resource_index/packages/agv_sensor_package
[1.357s] -- Up-to-date: /workspaces/ros_agv_pc/src/install/agv_sensor_package/share/agv_sensor_package/cmake/agv_sensor_packageConfig.cmake
[1.357s] -- Up-to-date: /workspaces/ros_agv_pc/src/install/agv_sensor_package/share/agv_sensor_package/cmake/agv_sensor_packageConfig-version.cmake
[1.357s] -- Up-to-date: /workspaces/ros_agv_pc/src/install/agv_sensor_package/share/agv_sensor_package/package.xml
[1.430s] Invoked command in '/workspaces/ros_agv_pc/src/build/agv_sensor_package' returned '0': CMAKE_PREFIX_PATH=${CMAKE_PREFIX_PATH}:/workspaces/ros_agv_pc/src/install/textual_gui_pkg:/workspaces/ros_agv_pc/src/install/py_qt_app:/workspaces/ros_agv_pc/src/install/AGV_simulator_description:/opt/ros/humble /usr/bin/cmake --install /workspaces/ros_agv_pc/src/build/agv_sensor_package
