[0.336s] Invoking command in '/workspaces/ros_agv_pc/src/build/cpp_qt_app': CMAKE_PREFIX_PATH=${CMAKE_PREFIX_PATH}:/workspaces/ros_agv_pc/src/install/py_qt_app:/workspaces/ros_agv_pc/src/install/AGV_simulator_description /usr/bin/cmake --build /workspaces/ros_agv_pc/src/build/cpp_qt_app -- -j8 -l8
[0.616s] [ 12%] [34m[1mAutomatic MOC and UIC for target cpp_qt_app[0m
[0.616s] [ 12%] Built target cpp_qt_app_autogen
[0.616s] [100%] Built target cpp_qt_app
[0.624s] Invoked command in '/workspaces/ros_agv_pc/src/build/cpp_qt_app' returned '0': CMAKE_PREFIX_PATH=${CMAKE_PREFIX_PATH}:/workspaces/ros_agv_pc/src/install/py_qt_app:/workspaces/ros_agv_pc/src/install/AGV_simulator_description /usr/bin/cmake --build /workspaces/ros_agv_pc/src/build/cpp_qt_app -- -j8 -l8
[0.773s] Invoking command in '/workspaces/ros_agv_pc/src/build/cpp_qt_app': CMAKE_PREFIX_PATH=${CMAKE_PREFIX_PATH}:/workspaces/ros_agv_pc/src/install/py_qt_app:/workspaces/ros_agv_pc/src/install/AGV_simulator_description /usr/bin/cmake --install /workspaces/ros_agv_pc/src/build/cpp_qt_app
[0.828s] -- Install configuration: ""
[0.829s] -- Up-to-date: /workspaces/ros_agv_pc/src/install/cpp_qt_app/lib/cpp_qt_app/cpp_qt_app
[0.829s] -- Up-to-date: /workspaces/ros_agv_pc/src/install/cpp_qt_app/share/ament_index/resource_index/package_run_dependencies/cpp_qt_app
[0.829s] -- Up-to-date: /workspaces/ros_agv_pc/src/install/cpp_qt_app/share/ament_index/resource_index/parent_prefix_path/cpp_qt_app
[0.829s] -- Up-to-date: /workspaces/ros_agv_pc/src/install/cpp_qt_app/share/cpp_qt_app/environment/ament_prefix_path.sh
[0.829s] -- Up-to-date: /workspaces/ros_agv_pc/src/install/cpp_qt_app/share/cpp_qt_app/environment/ament_prefix_path.dsv
[0.829s] -- Up-to-date: /workspaces/ros_agv_pc/src/install/cpp_qt_app/share/cpp_qt_app/environment/path.sh
[0.829s] -- Up-to-date: /workspaces/ros_agv_pc/src/install/cpp_qt_app/share/cpp_qt_app/environment/path.dsv
[0.829s] -- Up-to-date: /workspaces/ros_agv_pc/src/install/cpp_qt_app/share/cpp_qt_app/local_setup.bash
[0.829s] -- Up-to-date: /workspaces/ros_agv_pc/src/install/cpp_qt_app/share/cpp_qt_app/local_setup.sh
[0.830s] -- Up-to-date: /workspaces/ros_agv_pc/src/install/cpp_qt_app/share/cpp_qt_app/local_setup.zsh
[0.830s] -- Up-to-date: /workspaces/ros_agv_pc/src/install/cpp_qt_app/share/cpp_qt_app/local_setup.dsv
[0.830s] -- Installing: /workspaces/ros_agv_pc/src/install/cpp_qt_app/share/cpp_qt_app/package.dsv
[0.830s] -- Up-to-date: /workspaces/ros_agv_pc/src/install/cpp_qt_app/share/ament_index/resource_index/packages/cpp_qt_app
[0.830s] -- Up-to-date: /workspaces/ros_agv_pc/src/install/cpp_qt_app/share/cpp_qt_app/cmake/cpp_qt_appConfig.cmake
[0.830s] -- Up-to-date: /workspaces/ros_agv_pc/src/install/cpp_qt_app/share/cpp_qt_app/cmake/cpp_qt_appConfig-version.cmake
[0.830s] -- Up-to-date: /workspaces/ros_agv_pc/src/install/cpp_qt_app/share/cpp_qt_app/package.xml
[0.906s] Invoked command in '/workspaces/ros_agv_pc/src/build/cpp_qt_app' returned '0': CMAKE_PREFIX_PATH=${CMAKE_PREFIX_PATH}:/workspaces/ros_agv_pc/src/install/py_qt_app:/workspaces/ros_agv_pc/src/install/AGV_simulator_description /usr/bin/cmake --install /workspaces/ros_agv_pc/src/build/cpp_qt_app
