[0.474s] Invoking command in '/workspaces/ros_agv_pc/src/build/agv_mcu_package': CMAKE_PREFIX_PATH=${CMAKE_PREFIX_PATH}:/workspaces/ros_agv_pc/src/install/py_qt_app:/workspaces/ros_agv_pc/src/install/AGV_simulator_description:/opt/ros/humble /usr/bin/cmake --build /workspaces/ros_agv_pc/src/build/agv_mcu_package -- -j8 -l8
[0.525s] [35m[1mConsolidate compiler generated dependencies of target stm32_bridge[0m
[0.543s] [ 50%] [32mBuilding CXX object CMakeFiles/stm32_bridge.dir/src/stm32_bridge.cpp.o[0m
[0.631s] [100%] [32m[1mLinking CXX executable stm32_bridge[0m
[0.681s] [100%] Built target stm32_bridge
[0.819s] Invoked command in '/workspaces/ros_agv_pc/src/build/agv_mcu_package' returned '0': CMAKE_PREFIX_PATH=${CMAKE_PREFIX_PATH}:/workspaces/ros_agv_pc/src/install/py_qt_app:/workspaces/ros_agv_pc/src/install/AGV_simulator_description:/opt/ros/humble /usr/bin/cmake --build /workspaces/ros_agv_pc/src/build/agv_mcu_package -- -j8 -l8
[0.845s] Invoking command in '/workspaces/ros_agv_pc/src/build/agv_mcu_package': CMAKE_PREFIX_PATH=${CMAKE_PREFIX_PATH}:/workspaces/ros_agv_pc/src/install/py_qt_app:/workspaces/ros_agv_pc/src/install/AGV_simulator_description:/opt/ros/humble /usr/bin/cmake --install /workspaces/ros_agv_pc/src/build/agv_mcu_package
[0.853s] -- Install configuration: ""
[0.854s] -- Installing: /workspaces/ros_agv_pc/src/install/agv_mcu_package/lib/agv_mcu_package/stm32_bridge
[0.854s] -- Up-to-date: /workspaces/ros_agv_pc/src/install/agv_mcu_package/share/ament_index/resource_index/package_run_dependencies/agv_mcu_package
[0.854s] -- Up-to-date: /workspaces/ros_agv_pc/src/install/agv_mcu_package/share/ament_index/resource_index/parent_prefix_path/agv_mcu_package
[0.854s] -- Up-to-date: /workspaces/ros_agv_pc/src/install/agv_mcu_package/share/agv_mcu_package/environment/ament_prefix_path.sh
[0.854s] -- Up-to-date: /workspaces/ros_agv_pc/src/install/agv_mcu_package/share/agv_mcu_package/environment/ament_prefix_path.dsv
[0.854s] -- Up-to-date: /workspaces/ros_agv_pc/src/install/agv_mcu_package/share/agv_mcu_package/environment/path.sh
[0.854s] -- Up-to-date: /workspaces/ros_agv_pc/src/install/agv_mcu_package/share/agv_mcu_package/environment/path.dsv
[0.854s] -- Up-to-date: /workspaces/ros_agv_pc/src/install/agv_mcu_package/share/agv_mcu_package/local_setup.bash
[0.855s] -- Up-to-date: /workspaces/ros_agv_pc/src/install/agv_mcu_package/share/agv_mcu_package/local_setup.sh
[0.855s] -- Up-to-date: /workspaces/ros_agv_pc/src/install/agv_mcu_package/share/agv_mcu_package/local_setup.zsh
[0.855s] -- Up-to-date: /workspaces/ros_agv_pc/src/install/agv_mcu_package/share/agv_mcu_package/local_setup.dsv
[0.855s] -- Up-to-date: /workspaces/ros_agv_pc/src/install/agv_mcu_package/share/agv_mcu_package/package.dsv
[0.855s] -- Up-to-date: /workspaces/ros_agv_pc/src/install/agv_mcu_package/share/ament_index/resource_index/packages/agv_mcu_package
[0.855s] -- Up-to-date: /workspaces/ros_agv_pc/src/install/agv_mcu_package/share/agv_mcu_package/cmake/agv_mcu_packageConfig.cmake
[0.855s] -- Up-to-date: /workspaces/ros_agv_pc/src/install/agv_mcu_package/share/agv_mcu_package/cmake/agv_mcu_packageConfig-version.cmake
[0.855s] -- Up-to-date: /workspaces/ros_agv_pc/src/install/agv_mcu_package/share/agv_mcu_package/package.xml
[0.856s] Invoked command in '/workspaces/ros_agv_pc/src/build/agv_mcu_package' returned '0': CMAKE_PREFIX_PATH=${CMAKE_PREFIX_PATH}:/workspaces/ros_agv_pc/src/install/py_qt_app:/workspaces/ros_agv_pc/src/install/AGV_simulator_description:/opt/ros/humble /usr/bin/cmake --install /workspaces/ros_agv_pc/src/build/agv_mcu_package
