[2.082s] Invoking command in '/workspaces/ros_agv_pc/src/build/cpp_qt_app': CMAKE_PREFIX_PATH=${CMAKE_PREFIX_PATH}:/opt/ros/humble:/workspaces/ros_agv_pc/src/install/textual_gui_pkg:/workspaces/ros_agv_pc/src/install/py_qt_app:/workspaces/ros_agv_pc/src/install/AGV_simulator_description /usr/bin/cmake --build /workspaces/ros_agv_pc/src/build/cpp_qt_app -- -j8 -l8
[3.816s] [ 12%] [34m[1mAutomatic MOC and UIC for target cpp_qt_app[0m
[3.817s] [ 12%] Built target cpp_qt_app_autogen
[3.818s] [100%] Built target cpp_qt_app
[3.826s] Invoked command in '/workspaces/ros_agv_pc/src/build/cpp_qt_app' returned '0': CMAKE_PREFIX_PATH=${CMAKE_PREFIX_PATH}:/opt/ros/humble:/workspaces/ros_agv_pc/src/install/textual_gui_pkg:/workspaces/ros_agv_pc/src/install/py_qt_app:/workspaces/ros_agv_pc/src/install/AGV_simulator_description /usr/bin/cmake --build /workspaces/ros_agv_pc/src/build/cpp_qt_app -- -j8 -l8
[3.993s] Invoking command in '/workspaces/ros_agv_pc/src/build/cpp_qt_app': CMAKE_PREFIX_PATH=${CMAKE_PREFIX_PATH}:/opt/ros/humble:/workspaces/ros_agv_pc/src/install/textual_gui_pkg:/workspaces/ros_agv_pc/src/install/py_qt_app:/workspaces/ros_agv_pc/src/install/AGV_simulator_description /usr/bin/cmake --install /workspaces/ros_agv_pc/src/build/cpp_qt_app
[4.093s] -- Install configuration: ""
[4.094s] -- Up-to-date: /workspaces/ros_agv_pc/src/install/cpp_qt_app/lib/cpp_qt_app/cpp_qt_app
[4.097s] -- Up-to-date: /workspaces/ros_agv_pc/src/install/cpp_qt_app/share/ament_index/resource_index/package_run_dependencies/cpp_qt_app
[4.098s] -- Up-to-date: /workspaces/ros_agv_pc/src/install/cpp_qt_app/share/ament_index/resource_index/parent_prefix_path/cpp_qt_app
[4.100s] -- Up-to-date: /workspaces/ros_agv_pc/src/install/cpp_qt_app/share/cpp_qt_app/environment/ament_prefix_path.sh
[4.101s] -- Up-to-date: /workspaces/ros_agv_pc/src/install/cpp_qt_app/share/cpp_qt_app/environment/ament_prefix_path.dsv
[4.102s] -- Up-to-date: /workspaces/ros_agv_pc/src/install/cpp_qt_app/share/cpp_qt_app/environment/path.sh
[4.103s] -- Up-to-date: /workspaces/ros_agv_pc/src/install/cpp_qt_app/share/cpp_qt_app/environment/path.dsv
[4.103s] -- Up-to-date: /workspaces/ros_agv_pc/src/install/cpp_qt_app/share/cpp_qt_app/local_setup.bash
[4.105s] -- Up-to-date: /workspaces/ros_agv_pc/src/install/cpp_qt_app/share/cpp_qt_app/local_setup.sh
[4.106s] -- Up-to-date: /workspaces/ros_agv_pc/src/install/cpp_qt_app/share/cpp_qt_app/local_setup.zsh
[4.108s] -- Up-to-date: /workspaces/ros_agv_pc/src/install/cpp_qt_app/share/cpp_qt_app/local_setup.dsv
[4.109s] -- Installing: /workspaces/ros_agv_pc/src/install/cpp_qt_app/share/cpp_qt_app/package.dsv
[4.110s] -- Up-to-date: /workspaces/ros_agv_pc/src/install/cpp_qt_app/share/ament_index/resource_index/packages/cpp_qt_app
[4.112s] -- Up-to-date: /workspaces/ros_agv_pc/src/install/cpp_qt_app/share/cpp_qt_app/cmake/cpp_qt_appConfig.cmake
[4.114s] -- Up-to-date: /workspaces/ros_agv_pc/src/install/cpp_qt_app/share/cpp_qt_app/cmake/cpp_qt_appConfig-version.cmake
[4.115s] -- Up-to-date: /workspaces/ros_agv_pc/src/install/cpp_qt_app/share/cpp_qt_app/package.xml
[4.906s] Invoked command in '/workspaces/ros_agv_pc/src/build/cpp_qt_app' returned '0': CMAKE_PREFIX_PATH=${CMAKE_PREFIX_PATH}:/opt/ros/humble:/workspaces/ros_agv_pc/src/install/textual_gui_pkg:/workspaces/ros_agv_pc/src/install/py_qt_app:/workspaces/ros_agv_pc/src/install/AGV_simulator_description /usr/bin/cmake --install /workspaces/ros_agv_pc/src/build/cpp_qt_app
