[0.977s] DEBUG:colcon:Command line arguments: ['/usr/bin/colcon', 'build']
[0.977s] DEBUG:colcon:Parsed command line arguments: Namespace(log_base=None, log_level=None, verb_name='build', build_base='build', install_base='install', merge_install=False, symlink_install=False, test_result_base=None, continue_on_error=False, executor='parallel', parallel_workers=8, event_handlers=None, ignore_user_meta=False, metas=['./colcon.meta'], base_paths=['.'], packages_ignore=None, packages_ignore_regex=None, paths=None, packages_up_to=None, packages_up_to_regex=None, packages_above=None, packages_above_and_dependencies=None, packages_above_depth=None, packages_select_by_dep=None, packages_skip_by_dep=None, packages_skip_up_to=None, packages_select_build_failed=False, packages_skip_build_finished=False, packages_select_test_failures=False, packages_skip_test_passed=False, packages_select=None, packages_skip=None, packages_select_regex=None, packages_skip_regex=None, packages_start=None, packages_end=None, cmake_args=None, cmake_target=None, cmake_target_skip_unavailable=False, cmake_clean_cache=False, cmake_clean_first=False, cmake_force_configure=False, ament_cmake_args=None, catkin_cmake_args=None, catkin_skip_building_tests=False, mixin_files=None, mixin=None, verb_parser=<colcon_mixin.mixin.mixin_argument.MixinArgumentDecorator object at 0x7f1661c71600>, verb_extension=<colcon_core.verb.build.BuildVerb object at 0x7f1661c71b70>, main=<bound method BuildVerb.main of <colcon_core.verb.build.BuildVerb object at 0x7f1661c71b70>>, mixin_verb=('build',))
[1.014s] Level 1:colcon.colcon_core.package_discovery:discover_packages(colcon_meta) check parameters
[1.015s] INFO:colcon.colcon_metadata.package_discovery.colcon_meta:Using configuration from '/root/.colcon/metadata/default/Gazebo.meta'
[1.015s] INFO:colcon.colcon_metadata.package_discovery.colcon_meta:Using configuration from '/root/.colcon/metadata/default/fastrtps.meta'
[1.015s] Level 1:colcon.colcon_core.package_discovery:discover_packages(recursive) check parameters
[1.015s] Level 1:colcon.colcon_core.package_discovery:discover_packages(ignore) check parameters
[1.015s] Level 1:colcon.colcon_core.package_discovery:discover_packages(path) check parameters
[1.016s] Level 1:colcon.colcon_core.package_discovery:discover_packages(colcon_meta) discover
[1.016s] Level 1:colcon.colcon_core.package_discovery:discover_packages(recursive) discover
[1.016s] INFO:colcon.colcon_core.package_discovery:Crawling recursively for packages in '/workspaces/ros_agv_pc/src'
[1.016s] Level 1:colcon.colcon_core.package_identification:_identify(.) by extensions ['ignore', 'ignore_ament_install']
[1.016s] Level 1:colcon.colcon_core.package_identification:_identify(.) by extension 'ignore'
[1.016s] Level 1:colcon.colcon_core.package_identification:_identify(.) by extension 'ignore_ament_install'
[1.016s] Level 1:colcon.colcon_core.package_identification:_identify(.) by extensions ['colcon_pkg']
[1.016s] Level 1:colcon.colcon_core.package_identification:_identify(.) by extension 'colcon_pkg'
[1.016s] Level 1:colcon.colcon_core.package_identification:_identify(.) by extensions ['colcon_meta']
[1.016s] Level 1:colcon.colcon_core.package_identification:_identify(.) by extension 'colcon_meta'
[1.016s] Level 1:colcon.colcon_core.package_identification:_identify(.) by extensions ['ros']
[1.016s] Level 1:colcon.colcon_core.package_identification:_identify(.) by extension 'ros'
[1.026s] Level 1:colcon.colcon_core.package_identification:_identify(.) by extensions ['cmake', 'python']
[1.026s] Level 1:colcon.colcon_core.package_identification:_identify(.) by extension 'cmake'
[1.026s] Level 1:colcon.colcon_core.package_identification:_identify(.) by extension 'python'
[1.026s] Level 1:colcon.colcon_core.package_identification:_identify(.) by extensions ['python_setup_py']
[1.026s] Level 1:colcon.colcon_core.package_identification:_identify(.) by extension 'python_setup_py'
[1.026s] Level 1:colcon.colcon_core.package_identification:_identify(AGV_simulator_description) by extensions ['ignore', 'ignore_ament_install']
[1.026s] Level 1:colcon.colcon_core.package_identification:_identify(AGV_simulator_description) by extension 'ignore'
[1.026s] Level 1:colcon.colcon_core.package_identification:_identify(AGV_simulator_description) by extension 'ignore_ament_install'
[1.026s] Level 1:colcon.colcon_core.package_identification:_identify(AGV_simulator_description) by extensions ['colcon_pkg']
[1.026s] Level 1:colcon.colcon_core.package_identification:_identify(AGV_simulator_description) by extension 'colcon_pkg'
[1.026s] Level 1:colcon.colcon_core.package_identification:_identify(AGV_simulator_description) by extensions ['colcon_meta']
[1.026s] Level 1:colcon.colcon_core.package_identification:_identify(AGV_simulator_description) by extension 'colcon_meta'
[1.026s] Level 1:colcon.colcon_core.package_identification:_identify(AGV_simulator_description) by extensions ['ros']
[1.026s] Level 1:colcon.colcon_core.package_identification:_identify(AGV_simulator_description) by extension 'ros'
[1.029s] DEBUG:colcon.colcon_core.package_identification:Package 'AGV_simulator_description' with type 'ros.ament_python' and name 'AGV_simulator_description'
[1.029s] Level 1:colcon.colcon_core.package_identification:_identify(agv_mcu_package) by extensions ['ignore', 'ignore_ament_install']
[1.029s] Level 1:colcon.colcon_core.package_identification:_identify(agv_mcu_package) by extension 'ignore'
[1.029s] Level 1:colcon.colcon_core.package_identification:_identify(agv_mcu_package) by extension 'ignore_ament_install'
[1.029s] Level 1:colcon.colcon_core.package_identification:_identify(agv_mcu_package) by extensions ['colcon_pkg']
[1.029s] Level 1:colcon.colcon_core.package_identification:_identify(agv_mcu_package) by extension 'colcon_pkg'
[1.029s] Level 1:colcon.colcon_core.package_identification:_identify(agv_mcu_package) by extensions ['colcon_meta']
[1.029s] Level 1:colcon.colcon_core.package_identification:_identify(agv_mcu_package) by extension 'colcon_meta'
[1.029s] Level 1:colcon.colcon_core.package_identification:_identify(agv_mcu_package) by extensions ['ros']
[1.029s] Level 1:colcon.colcon_core.package_identification:_identify(agv_mcu_package) by extension 'ros'
[1.029s] DEBUG:colcon.colcon_core.package_identification:Package 'agv_mcu_package' with type 'ros.ament_cmake' and name 'agv_mcu_package'
[1.029s] Level 1:colcon.colcon_core.package_identification:_identify(agv_sensor_package) by extensions ['ignore', 'ignore_ament_install']
[1.029s] Level 1:colcon.colcon_core.package_identification:_identify(agv_sensor_package) by extension 'ignore'
[1.030s] Level 1:colcon.colcon_core.package_identification:_identify(agv_sensor_package) by extension 'ignore_ament_install'
[1.030s] Level 1:colcon.colcon_core.package_identification:_identify(agv_sensor_package) by extensions ['colcon_pkg']
[1.030s] Level 1:colcon.colcon_core.package_identification:_identify(agv_sensor_package) by extension 'colcon_pkg'
[1.030s] Level 1:colcon.colcon_core.package_identification:_identify(agv_sensor_package) by extensions ['colcon_meta']
[1.030s] Level 1:colcon.colcon_core.package_identification:_identify(agv_sensor_package) by extension 'colcon_meta'
[1.030s] Level 1:colcon.colcon_core.package_identification:_identify(agv_sensor_package) by extensions ['ros']
[1.030s] Level 1:colcon.colcon_core.package_identification:_identify(agv_sensor_package) by extension 'ros'
[1.030s] DEBUG:colcon.colcon_core.package_identification:Package 'agv_sensor_package' with type 'ros.ament_cmake' and name 'agv_sensor_package'
[1.031s] Level 1:colcon.colcon_core.package_identification:_identify(build) by extensions ['ignore', 'ignore_ament_install']
[1.031s] Level 1:colcon.colcon_core.package_identification:_identify(build) by extension 'ignore'
[1.031s] Level 1:colcon.colcon_core.package_identification:_identify(build) ignored
[1.031s] Level 1:colcon.colcon_core.package_identification:_identify(cpp_qt_app) by extensions ['ignore', 'ignore_ament_install']
[1.031s] Level 1:colcon.colcon_core.package_identification:_identify(cpp_qt_app) by extension 'ignore'
[1.031s] Level 1:colcon.colcon_core.package_identification:_identify(cpp_qt_app) by extension 'ignore_ament_install'
[1.031s] Level 1:colcon.colcon_core.package_identification:_identify(cpp_qt_app) by extensions ['colcon_pkg']
[1.031s] Level 1:colcon.colcon_core.package_identification:_identify(cpp_qt_app) by extension 'colcon_pkg'
[1.031s] Level 1:colcon.colcon_core.package_identification:_identify(cpp_qt_app) by extensions ['colcon_meta']
[1.031s] Level 1:colcon.colcon_core.package_identification:_identify(cpp_qt_app) by extension 'colcon_meta'
[1.031s] Level 1:colcon.colcon_core.package_identification:_identify(cpp_qt_app) by extensions ['ros']
[1.031s] Level 1:colcon.colcon_core.package_identification:_identify(cpp_qt_app) by extension 'ros'
[1.032s] DEBUG:colcon.colcon_core.package_identification:Package 'cpp_qt_app' with type 'ros.ament_cmake' and name 'cpp_qt_app'
[1.032s] Level 1:colcon.colcon_core.package_identification:_identify(install) by extensions ['ignore', 'ignore_ament_install']
[1.032s] Level 1:colcon.colcon_core.package_identification:_identify(install) by extension 'ignore'
[1.032s] Level 1:colcon.colcon_core.package_identification:_identify(install) ignored
[1.032s] Level 1:colcon.colcon_core.package_identification:_identify(log) by extensions ['ignore', 'ignore_ament_install']
[1.032s] Level 1:colcon.colcon_core.package_identification:_identify(log) by extension 'ignore'
[1.032s] Level 1:colcon.colcon_core.package_identification:_identify(log) ignored
[1.032s] Level 1:colcon.colcon_core.package_identification:_identify(publisher_pkg) by extensions ['ignore', 'ignore_ament_install']
[1.032s] Level 1:colcon.colcon_core.package_identification:_identify(publisher_pkg) by extension 'ignore'
[1.032s] Level 1:colcon.colcon_core.package_identification:_identify(publisher_pkg) by extension 'ignore_ament_install'
[1.032s] Level 1:colcon.colcon_core.package_identification:_identify(publisher_pkg) by extensions ['colcon_pkg']
[1.032s] Level 1:colcon.colcon_core.package_identification:_identify(publisher_pkg) by extension 'colcon_pkg'
[1.032s] Level 1:colcon.colcon_core.package_identification:_identify(publisher_pkg) by extensions ['colcon_meta']
[1.032s] Level 1:colcon.colcon_core.package_identification:_identify(publisher_pkg) by extension 'colcon_meta'
[1.032s] Level 1:colcon.colcon_core.package_identification:_identify(publisher_pkg) by extensions ['ros']
[1.032s] Level 1:colcon.colcon_core.package_identification:_identify(publisher_pkg) by extension 'ros'
[1.033s] DEBUG:colcon.colcon_core.package_identification:Package 'publisher_pkg' with type 'ros.ament_cmake' and name 'publisher_pkg'
[1.033s] Level 1:colcon.colcon_core.package_identification:_identify(py_qt_app) by extensions ['ignore', 'ignore_ament_install']
[1.033s] Level 1:colcon.colcon_core.package_identification:_identify(py_qt_app) by extension 'ignore'
[1.033s] Level 1:colcon.colcon_core.package_identification:_identify(py_qt_app) by extension 'ignore_ament_install'
[1.033s] Level 1:colcon.colcon_core.package_identification:_identify(py_qt_app) by extensions ['colcon_pkg']
[1.033s] Level 1:colcon.colcon_core.package_identification:_identify(py_qt_app) by extension 'colcon_pkg'
[1.033s] Level 1:colcon.colcon_core.package_identification:_identify(py_qt_app) by extensions ['colcon_meta']
[1.033s] Level 1:colcon.colcon_core.package_identification:_identify(py_qt_app) by extension 'colcon_meta'
[1.033s] Level 1:colcon.colcon_core.package_identification:_identify(py_qt_app) by extensions ['ros']
[1.033s] Level 1:colcon.colcon_core.package_identification:_identify(py_qt_app) by extension 'ros'
[1.034s] DEBUG:colcon.colcon_core.package_identification:Package 'py_qt_app' with type 'ros.ament_python' and name 'py_qt_app'
[1.034s] Level 1:colcon.colcon_core.package_identification:_identify(subpkg) by extensions ['ignore', 'ignore_ament_install']
[1.034s] Level 1:colcon.colcon_core.package_identification:_identify(subpkg) by extension 'ignore'
[1.034s] Level 1:colcon.colcon_core.package_identification:_identify(subpkg) by extension 'ignore_ament_install'
[1.034s] Level 1:colcon.colcon_core.package_identification:_identify(subpkg) by extensions ['colcon_pkg']
[1.034s] Level 1:colcon.colcon_core.package_identification:_identify(subpkg) by extension 'colcon_pkg'
[1.034s] Level 1:colcon.colcon_core.package_identification:_identify(subpkg) by extensions ['colcon_meta']
[1.034s] Level 1:colcon.colcon_core.package_identification:_identify(subpkg) by extension 'colcon_meta'
[1.034s] Level 1:colcon.colcon_core.package_identification:_identify(subpkg) by extensions ['ros']
[1.034s] Level 1:colcon.colcon_core.package_identification:_identify(subpkg) by extension 'ros'
[1.035s] DEBUG:colcon.colcon_core.package_identification:Package 'subpkg' with type 'ros.ament_cmake' and name 'subscriber_package'
[1.035s] Level 1:colcon.colcon_core.package_discovery:discover_packages(recursive) using defaults
[1.035s] Level 1:colcon.colcon_core.package_discovery:discover_packages(ignore) discover
[1.035s] Level 1:colcon.colcon_core.package_discovery:discover_packages(ignore) using defaults
[1.035s] Level 1:colcon.colcon_core.package_discovery:discover_packages(path) discover
[1.035s] Level 1:colcon.colcon_core.package_discovery:discover_packages(path) using defaults
[1.121s] Level 5:colcon.colcon_core.verb:set package 'AGV_simulator_description' build argument 'cmake_args' from command line to 'None'
[1.121s] Level 5:colcon.colcon_core.verb:set package 'AGV_simulator_description' build argument 'cmake_target' from command line to 'None'
[1.121s] Level 5:colcon.colcon_core.verb:set package 'AGV_simulator_description' build argument 'cmake_target_skip_unavailable' from command line to 'False'
[1.121s] Level 5:colcon.colcon_core.verb:set package 'AGV_simulator_description' build argument 'cmake_clean_cache' from command line to 'False'
[1.121s] Level 5:colcon.colcon_core.verb:set package 'AGV_simulator_description' build argument 'cmake_clean_first' from command line to 'False'
[1.121s] Level 5:colcon.colcon_core.verb:set package 'AGV_simulator_description' build argument 'cmake_force_configure' from command line to 'False'
[1.121s] Level 5:colcon.colcon_core.verb:set package 'AGV_simulator_description' build argument 'ament_cmake_args' from command line to 'None'
[1.121s] Level 5:colcon.colcon_core.verb:set package 'AGV_simulator_description' build argument 'catkin_cmake_args' from command line to 'None'
[1.121s] Level 5:colcon.colcon_core.verb:set package 'AGV_simulator_description' build argument 'catkin_skip_building_tests' from command line to 'False'
[1.121s] DEBUG:colcon.colcon_core.verb:Building package 'AGV_simulator_description' with the following arguments: {'ament_cmake_args': None, 'build_base': '/workspaces/ros_agv_pc/src/build/AGV_simulator_description', 'catkin_cmake_args': None, 'catkin_skip_building_tests': False, 'cmake_args': None, 'cmake_clean_cache': False, 'cmake_clean_first': False, 'cmake_force_configure': False, 'cmake_target': None, 'cmake_target_skip_unavailable': False, 'install_base': '/workspaces/ros_agv_pc/src/install/AGV_simulator_description', 'merge_install': False, 'path': '/workspaces/ros_agv_pc/src/AGV_simulator_description', 'symlink_install': False, 'test_result_base': None}
[1.133s] Level 5:colcon.colcon_core.verb:set package 'agv_mcu_package' build argument 'cmake_args' from command line to 'None'
[1.133s] Level 5:colcon.colcon_core.verb:set package 'agv_mcu_package' build argument 'cmake_target' from command line to 'None'
[1.133s] Level 5:colcon.colcon_core.verb:set package 'agv_mcu_package' build argument 'cmake_target_skip_unavailable' from command line to 'False'
[1.133s] Level 5:colcon.colcon_core.verb:set package 'agv_mcu_package' build argument 'cmake_clean_cache' from command line to 'False'
[1.133s] Level 5:colcon.colcon_core.verb:set package 'agv_mcu_package' build argument 'cmake_clean_first' from command line to 'False'
[1.133s] Level 5:colcon.colcon_core.verb:set package 'agv_mcu_package' build argument 'cmake_force_configure' from command line to 'False'
[1.133s] Level 5:colcon.colcon_core.verb:set package 'agv_mcu_package' build argument 'ament_cmake_args' from command line to 'None'
[1.133s] Level 5:colcon.colcon_core.verb:set package 'agv_mcu_package' build argument 'catkin_cmake_args' from command line to 'None'
[1.133s] Level 5:colcon.colcon_core.verb:set package 'agv_mcu_package' build argument 'catkin_skip_building_tests' from command line to 'False'
[1.133s] DEBUG:colcon.colcon_core.verb:Building package 'agv_mcu_package' with the following arguments: {'ament_cmake_args': None, 'build_base': '/workspaces/ros_agv_pc/src/build/agv_mcu_package', 'catkin_cmake_args': None, 'catkin_skip_building_tests': False, 'cmake_args': None, 'cmake_clean_cache': False, 'cmake_clean_first': False, 'cmake_force_configure': False, 'cmake_target': None, 'cmake_target_skip_unavailable': False, 'install_base': '/workspaces/ros_agv_pc/src/install/agv_mcu_package', 'merge_install': False, 'path': '/workspaces/ros_agv_pc/src/agv_mcu_package', 'symlink_install': False, 'test_result_base': None}
[1.145s] Level 5:colcon.colcon_core.verb:set package 'agv_sensor_package' build argument 'cmake_args' from command line to 'None'
[1.145s] Level 5:colcon.colcon_core.verb:set package 'agv_sensor_package' build argument 'cmake_target' from command line to 'None'
[1.145s] Level 5:colcon.colcon_core.verb:set package 'agv_sensor_package' build argument 'cmake_target_skip_unavailable' from command line to 'False'
[1.145s] Level 5:colcon.colcon_core.verb:set package 'agv_sensor_package' build argument 'cmake_clean_cache' from command line to 'False'
[1.145s] Level 5:colcon.colcon_core.verb:set package 'agv_sensor_package' build argument 'cmake_clean_first' from command line to 'False'
[1.145s] Level 5:colcon.colcon_core.verb:set package 'agv_sensor_package' build argument 'cmake_force_configure' from command line to 'False'
[1.145s] Level 5:colcon.colcon_core.verb:set package 'agv_sensor_package' build argument 'ament_cmake_args' from command line to 'None'
[1.145s] Level 5:colcon.colcon_core.verb:set package 'agv_sensor_package' build argument 'catkin_cmake_args' from command line to 'None'
[1.145s] Level 5:colcon.colcon_core.verb:set package 'agv_sensor_package' build argument 'catkin_skip_building_tests' from command line to 'False'
[1.145s] DEBUG:colcon.colcon_core.verb:Building package 'agv_sensor_package' with the following arguments: {'ament_cmake_args': None, 'build_base': '/workspaces/ros_agv_pc/src/build/agv_sensor_package', 'catkin_cmake_args': None, 'catkin_skip_building_tests': False, 'cmake_args': None, 'cmake_clean_cache': False, 'cmake_clean_first': False, 'cmake_force_configure': False, 'cmake_target': None, 'cmake_target_skip_unavailable': False, 'install_base': '/workspaces/ros_agv_pc/src/install/agv_sensor_package', 'merge_install': False, 'path': '/workspaces/ros_agv_pc/src/agv_sensor_package', 'symlink_install': False, 'test_result_base': None}
[1.157s] Level 5:colcon.colcon_core.verb:set package 'cpp_qt_app' build argument 'cmake_args' from command line to 'None'
[1.157s] Level 5:colcon.colcon_core.verb:set package 'cpp_qt_app' build argument 'cmake_target' from command line to 'None'
[1.157s] Level 5:colcon.colcon_core.verb:set package 'cpp_qt_app' build argument 'cmake_target_skip_unavailable' from command line to 'False'
[1.157s] Level 5:colcon.colcon_core.verb:set package 'cpp_qt_app' build argument 'cmake_clean_cache' from command line to 'False'
[1.157s] Level 5:colcon.colcon_core.verb:set package 'cpp_qt_app' build argument 'cmake_clean_first' from command line to 'False'
[1.157s] Level 5:colcon.colcon_core.verb:set package 'cpp_qt_app' build argument 'cmake_force_configure' from command line to 'False'
[1.157s] Level 5:colcon.colcon_core.verb:set package 'cpp_qt_app' build argument 'ament_cmake_args' from command line to 'None'
[1.157s] Level 5:colcon.colcon_core.verb:set package 'cpp_qt_app' build argument 'catkin_cmake_args' from command line to 'None'
[1.157s] Level 5:colcon.colcon_core.verb:set package 'cpp_qt_app' build argument 'catkin_skip_building_tests' from command line to 'False'
[1.157s] DEBUG:colcon.colcon_core.verb:Building package 'cpp_qt_app' with the following arguments: {'ament_cmake_args': None, 'build_base': '/workspaces/ros_agv_pc/src/build/cpp_qt_app', 'catkin_cmake_args': None, 'catkin_skip_building_tests': False, 'cmake_args': None, 'cmake_clean_cache': False, 'cmake_clean_first': False, 'cmake_force_configure': False, 'cmake_target': None, 'cmake_target_skip_unavailable': False, 'install_base': '/workspaces/ros_agv_pc/src/install/cpp_qt_app', 'merge_install': False, 'path': '/workspaces/ros_agv_pc/src/cpp_qt_app', 'symlink_install': False, 'test_result_base': None}
[1.169s] Level 5:colcon.colcon_core.verb:set package 'publisher_pkg' build argument 'cmake_args' from command line to 'None'
[1.169s] Level 5:colcon.colcon_core.verb:set package 'publisher_pkg' build argument 'cmake_target' from command line to 'None'
[1.169s] Level 5:colcon.colcon_core.verb:set package 'publisher_pkg' build argument 'cmake_target_skip_unavailable' from command line to 'False'
[1.169s] Level 5:colcon.colcon_core.verb:set package 'publisher_pkg' build argument 'cmake_clean_cache' from command line to 'False'
[1.169s] Level 5:colcon.colcon_core.verb:set package 'publisher_pkg' build argument 'cmake_clean_first' from command line to 'False'
[1.169s] Level 5:colcon.colcon_core.verb:set package 'publisher_pkg' build argument 'cmake_force_configure' from command line to 'False'
[1.169s] Level 5:colcon.colcon_core.verb:set package 'publisher_pkg' build argument 'ament_cmake_args' from command line to 'None'
[1.169s] Level 5:colcon.colcon_core.verb:set package 'publisher_pkg' build argument 'catkin_cmake_args' from command line to 'None'
[1.169s] Level 5:colcon.colcon_core.verb:set package 'publisher_pkg' build argument 'catkin_skip_building_tests' from command line to 'False'
[1.170s] DEBUG:colcon.colcon_core.verb:Building package 'publisher_pkg' with the following arguments: {'ament_cmake_args': None, 'build_base': '/workspaces/ros_agv_pc/src/build/publisher_pkg', 'catkin_cmake_args': None, 'catkin_skip_building_tests': False, 'cmake_args': None, 'cmake_clean_cache': False, 'cmake_clean_first': False, 'cmake_force_configure': False, 'cmake_target': None, 'cmake_target_skip_unavailable': False, 'install_base': '/workspaces/ros_agv_pc/src/install/publisher_pkg', 'merge_install': False, 'path': '/workspaces/ros_agv_pc/src/publisher_pkg', 'symlink_install': False, 'test_result_base': None}
[1.185s] Level 5:colcon.colcon_core.verb:set package 'py_qt_app' build argument 'cmake_args' from command line to 'None'
[1.185s] Level 5:colcon.colcon_core.verb:set package 'py_qt_app' build argument 'cmake_target' from command line to 'None'
[1.185s] Level 5:colcon.colcon_core.verb:set package 'py_qt_app' build argument 'cmake_target_skip_unavailable' from command line to 'False'
[1.185s] Level 5:colcon.colcon_core.verb:set package 'py_qt_app' build argument 'cmake_clean_cache' from command line to 'False'
[1.186s] Level 5:colcon.colcon_core.verb:set package 'py_qt_app' build argument 'cmake_clean_first' from command line to 'False'
[1.186s] Level 5:colcon.colcon_core.verb:set package 'py_qt_app' build argument 'cmake_force_configure' from command line to 'False'
[1.186s] Level 5:colcon.colcon_core.verb:set package 'py_qt_app' build argument 'ament_cmake_args' from command line to 'None'
[1.186s] Level 5:colcon.colcon_core.verb:set package 'py_qt_app' build argument 'catkin_cmake_args' from command line to 'None'
[1.186s] Level 5:colcon.colcon_core.verb:set package 'py_qt_app' build argument 'catkin_skip_building_tests' from command line to 'False'
[1.186s] DEBUG:colcon.colcon_core.verb:Building package 'py_qt_app' with the following arguments: {'ament_cmake_args': None, 'build_base': '/workspaces/ros_agv_pc/src/build/py_qt_app', 'catkin_cmake_args': None, 'catkin_skip_building_tests': False, 'cmake_args': None, 'cmake_clean_cache': False, 'cmake_clean_first': False, 'cmake_force_configure': False, 'cmake_target': None, 'cmake_target_skip_unavailable': False, 'install_base': '/workspaces/ros_agv_pc/src/install/py_qt_app', 'merge_install': False, 'path': '/workspaces/ros_agv_pc/src/py_qt_app', 'symlink_install': False, 'test_result_base': None}
[1.208s] Level 5:colcon.colcon_core.verb:set package 'subscriber_package' build argument 'cmake_args' from command line to 'None'
[1.208s] Level 5:colcon.colcon_core.verb:set package 'subscriber_package' build argument 'cmake_target' from command line to 'None'
[1.208s] Level 5:colcon.colcon_core.verb:set package 'subscriber_package' build argument 'cmake_target_skip_unavailable' from command line to 'False'
[1.208s] Level 5:colcon.colcon_core.verb:set package 'subscriber_package' build argument 'cmake_clean_cache' from command line to 'False'
[1.208s] Level 5:colcon.colcon_core.verb:set package 'subscriber_package' build argument 'cmake_clean_first' from command line to 'False'
[1.208s] Level 5:colcon.colcon_core.verb:set package 'subscriber_package' build argument 'cmake_force_configure' from command line to 'False'
[1.208s] Level 5:colcon.colcon_core.verb:set package 'subscriber_package' build argument 'ament_cmake_args' from command line to 'None'
[1.208s] Level 5:colcon.colcon_core.verb:set package 'subscriber_package' build argument 'catkin_cmake_args' from command line to 'None'
[1.208s] Level 5:colcon.colcon_core.verb:set package 'subscriber_package' build argument 'catkin_skip_building_tests' from command line to 'False'
[1.208s] DEBUG:colcon.colcon_core.verb:Building package 'subscriber_package' with the following arguments: {'ament_cmake_args': None, 'build_base': '/workspaces/ros_agv_pc/src/build/subscriber_package', 'catkin_cmake_args': None, 'catkin_skip_building_tests': False, 'cmake_args': None, 'cmake_clean_cache': False, 'cmake_clean_first': False, 'cmake_force_configure': False, 'cmake_target': None, 'cmake_target_skip_unavailable': False, 'install_base': '/workspaces/ros_agv_pc/src/install/subscriber_package', 'merge_install': False, 'path': '/workspaces/ros_agv_pc/src/subpkg', 'symlink_install': False, 'test_result_base': None}
[1.227s] INFO:colcon.colcon_core.executor:Executing jobs using 'parallel' executor
[1.246s] DEBUG:colcon.colcon_parallel_executor.executor.parallel:run_until_complete
[1.247s] INFO:colcon.colcon_ros.task.ament_python.build:Building ROS package in '/workspaces/ros_agv_pc/src/AGV_simulator_description' with build type 'ament_python'
[1.247s] Level 1:colcon.colcon_core.shell:create_environment_hook('AGV_simulator_description', 'ament_prefix_path')
[1.271s] INFO:colcon.colcon_core.plugin_system:Skipping extension 'colcon_core.shell.bat': Not used on non-Windows systems
[1.272s] INFO:colcon.colcon_core.shell:Creating environment hook '/workspaces/ros_agv_pc/src/install/AGV_simulator_description/share/AGV_simulator_description/hook/ament_prefix_path.ps1'
[1.274s] INFO:colcon.colcon_core.shell:Creating environment descriptor '/workspaces/ros_agv_pc/src/install/AGV_simulator_description/share/AGV_simulator_description/hook/ament_prefix_path.dsv'
[1.275s] INFO:colcon.colcon_core.shell:Creating environment hook '/workspaces/ros_agv_pc/src/install/AGV_simulator_description/share/AGV_simulator_description/hook/ament_prefix_path.sh'
[1.308s] INFO:colcon.colcon_core.shell:Skip shell extension 'powershell' for command environment: Not usable outside of PowerShell
[1.308s] DEBUG:colcon.colcon_core.shell:Skip shell extension 'dsv' for command environment
[1.428s] INFO:colcon.colcon_ros.task.ament_cmake.build:Building ROS package in '/workspaces/ros_agv_pc/src/agv_mcu_package' with build type 'ament_cmake'
[1.428s] INFO:colcon.colcon_cmake.task.cmake.build:Building CMake package in '/workspaces/ros_agv_pc/src/agv_mcu_package'
[1.460s] INFO:colcon.colcon_core.shell:Skip shell extension 'powershell' for command environment: Not usable outside of PowerShell
[1.460s] DEBUG:colcon.colcon_core.shell:Skip shell extension 'dsv' for command environment
[1.582s] INFO:colcon.colcon_ros.task.ament_cmake.build:Building ROS package in '/workspaces/ros_agv_pc/src/agv_sensor_package' with build type 'ament_cmake'
[1.583s] INFO:colcon.colcon_cmake.task.cmake.build:Building CMake package in '/workspaces/ros_agv_pc/src/agv_sensor_package'
[1.624s] INFO:colcon.colcon_core.shell:Skip shell extension 'powershell' for command environment: Not usable outside of PowerShell
[1.625s] DEBUG:colcon.colcon_core.shell:Skip shell extension 'dsv' for command environment
[1.747s] INFO:colcon.colcon_ros.task.ament_cmake.build:Building ROS package in '/workspaces/ros_agv_pc/src/cpp_qt_app' with build type 'ament_cmake'
[1.747s] INFO:colcon.colcon_cmake.task.cmake.build:Building CMake package in '/workspaces/ros_agv_pc/src/cpp_qt_app'
[1.779s] INFO:colcon.colcon_core.shell:Skip shell extension 'powershell' for command environment: Not usable outside of PowerShell
[1.780s] DEBUG:colcon.colcon_core.shell:Skip shell extension 'dsv' for command environment
[1.897s] INFO:colcon.colcon_ros.task.ament_cmake.build:Building ROS package in '/workspaces/ros_agv_pc/src/publisher_pkg' with build type 'ament_cmake'
[1.897s] INFO:colcon.colcon_cmake.task.cmake.build:Building CMake package in '/workspaces/ros_agv_pc/src/publisher_pkg'
[1.940s] INFO:colcon.colcon_core.shell:Skip shell extension 'powershell' for command environment: Not usable outside of PowerShell
[1.940s] DEBUG:colcon.colcon_core.shell:Skip shell extension 'dsv' for command environment
[2.031s] INFO:colcon.colcon_ros.task.ament_python.build:Building ROS package in '/workspaces/ros_agv_pc/src/py_qt_app' with build type 'ament_python'
[2.032s] Level 1:colcon.colcon_core.shell:create_environment_hook('py_qt_app', 'ament_prefix_path')
[2.065s] INFO:colcon.colcon_core.shell:Creating environment hook '/workspaces/ros_agv_pc/src/install/py_qt_app/share/py_qt_app/hook/ament_prefix_path.ps1'
[2.067s] INFO:colcon.colcon_core.shell:Creating environment descriptor '/workspaces/ros_agv_pc/src/install/py_qt_app/share/py_qt_app/hook/ament_prefix_path.dsv'
[2.069s] INFO:colcon.colcon_core.shell:Creating environment hook '/workspaces/ros_agv_pc/src/install/py_qt_app/share/py_qt_app/hook/ament_prefix_path.sh'
[2.105s] INFO:colcon.colcon_core.shell:Skip shell extension 'powershell' for command environment: Not usable outside of PowerShell
[2.106s] DEBUG:colcon.colcon_core.shell:Skip shell extension 'dsv' for command environment
[2.201s] INFO:colcon.colcon_ros.task.ament_cmake.build:Building ROS package in '/workspaces/ros_agv_pc/src/subpkg' with build type 'ament_cmake'
[2.201s] INFO:colcon.colcon_cmake.task.cmake.build:Building CMake package in '/workspaces/ros_agv_pc/src/subpkg'
[2.233s] INFO:colcon.colcon_core.shell:Skip shell extension 'powershell' for command environment: Not usable outside of PowerShell
[2.233s] DEBUG:colcon.colcon_core.shell:Skip shell extension 'dsv' for command environment
[2.841s] INFO:colcon.colcon_core.task.python.build:Building Python package in '/workspaces/ros_agv_pc/src/AGV_simulator_description'
[2.874s] INFO:colcon.colcon_core.shell:Skip shell extension 'powershell' for command environment: Not usable outside of PowerShell
[2.875s] DEBUG:colcon.colcon_core.shell:Skip shell extension 'dsv' for command environment
[2.967s] DEBUG:colcon.colcon_core.event_handler.log_command:Invoking command in '/workspaces/ros_agv_pc/src/build/agv_mcu_package': CMAKE_PREFIX_PATH=${CMAKE_PREFIX_PATH}:/workspaces/ros_agv_pc/src/install/py_qt_app:/workspaces/ros_agv_pc/src/install/AGV_simulator_description:/opt/ros/humble /usr/bin/cmake --build /workspaces/ros_agv_pc/src/build/agv_mcu_package -- -j8 -l8
[2.976s] DEBUG:colcon.colcon_core.event_handler.log_command:Invoking command in '/workspaces/ros_agv_pc/src/build/agv_sensor_package': CMAKE_PREFIX_PATH=${CMAKE_PREFIX_PATH}:/workspaces/ros_agv_pc/src/install/py_qt_app:/workspaces/ros_agv_pc/src/install/AGV_simulator_description:/opt/ros/humble /usr/bin/cmake --build /workspaces/ros_agv_pc/src/build/agv_sensor_package -- -j8 -l8
[2.983s] DEBUG:colcon.colcon_core.event_handler.log_command:Invoking command in '/workspaces/ros_agv_pc/src/build/cpp_qt_app': CMAKE_PREFIX_PATH=${CMAKE_PREFIX_PATH}:/workspaces/ros_agv_pc/src/install/py_qt_app:/workspaces/ros_agv_pc/src/install/AGV_simulator_description:/opt/ros/humble /usr/bin/cmake --build /workspaces/ros_agv_pc/src/build/cpp_qt_app -- -j8 -l8
[2.996s] DEBUG:colcon.colcon_core.event_handler.log_command:Invoking command in '/workspaces/ros_agv_pc/src/build/publisher_pkg': CMAKE_PREFIX_PATH=${CMAKE_PREFIX_PATH}:/workspaces/ros_agv_pc/src/install/py_qt_app:/workspaces/ros_agv_pc/src/install/AGV_simulator_description:/opt/ros/humble /usr/bin/cmake --build /workspaces/ros_agv_pc/src/build/publisher_pkg -- -j8 -l8
[3.333s] INFO:colcon.colcon_core.task.python.build:Building Python package in '/workspaces/ros_agv_pc/src/py_qt_app'
[3.348s] INFO:colcon.colcon_core.shell:Skip shell extension 'powershell' for command environment: Not usable outside of PowerShell
[3.348s] DEBUG:colcon.colcon_core.shell:Skip shell extension 'dsv' for command environment
[3.433s] DEBUG:colcon.colcon_core.event_handler.log_command:Invoking command in '/workspaces/ros_agv_pc/src/build/subscriber_package': CMAKE_PREFIX_PATH=${CMAKE_PREFIX_PATH}:/workspaces/ros_agv_pc/src/install/py_qt_app:/workspaces/ros_agv_pc/src/install/AGV_simulator_description:/opt/ros/humble /usr/bin/cmake --build /workspaces/ros_agv_pc/src/build/subscriber_package -- -j8 -l8
[3.434s] DEBUG:colcon.colcon_core.event_handler.log_command:Invoked command in '/workspaces/ros_agv_pc/src/build/publisher_pkg' returned '0': CMAKE_PREFIX_PATH=${CMAKE_PREFIX_PATH}:/workspaces/ros_agv_pc/src/install/py_qt_app:/workspaces/ros_agv_pc/src/install/AGV_simulator_description:/opt/ros/humble /usr/bin/cmake --build /workspaces/ros_agv_pc/src/build/publisher_pkg -- -j8 -l8
[3.435s] DEBUG:colcon.colcon_core.event_handler.log_command:Invoked command in '/workspaces/ros_agv_pc/src/build/cpp_qt_app' returned '0': CMAKE_PREFIX_PATH=${CMAKE_PREFIX_PATH}:/workspaces/ros_agv_pc/src/install/py_qt_app:/workspaces/ros_agv_pc/src/install/AGV_simulator_description:/opt/ros/humble /usr/bin/cmake --build /workspaces/ros_agv_pc/src/build/cpp_qt_app -- -j8 -l8
[3.436s] DEBUG:colcon.colcon_core.event_handler.log_command:Invoked command in '/workspaces/ros_agv_pc/src/build/agv_sensor_package' returned '0': CMAKE_PREFIX_PATH=${CMAKE_PREFIX_PATH}:/workspaces/ros_agv_pc/src/install/py_qt_app:/workspaces/ros_agv_pc/src/install/AGV_simulator_description:/opt/ros/humble /usr/bin/cmake --build /workspaces/ros_agv_pc/src/build/agv_sensor_package -- -j8 -l8
[3.440s] DEBUG:colcon.colcon_core.event_handler.log_command:Invoked command in '/workspaces/ros_agv_pc/src/build/agv_mcu_package' returned '0': CMAKE_PREFIX_PATH=${CMAKE_PREFIX_PATH}:/workspaces/ros_agv_pc/src/install/py_qt_app:/workspaces/ros_agv_pc/src/install/AGV_simulator_description:/opt/ros/humble /usr/bin/cmake --build /workspaces/ros_agv_pc/src/build/agv_mcu_package -- -j8 -l8
[3.536s] DEBUG:colcon.colcon_core.event_handler.log_command:Invoking command in '/workspaces/ros_agv_pc/src/build/publisher_pkg': CMAKE_PREFIX_PATH=${CMAKE_PREFIX_PATH}:/workspaces/ros_agv_pc/src/install/py_qt_app:/workspaces/ros_agv_pc/src/install/AGV_simulator_description:/opt/ros/humble /usr/bin/cmake --install /workspaces/ros_agv_pc/src/build/publisher_pkg
[3.553s] DEBUG:colcon.colcon_core.event_handler.log_command:Invoking command in '/workspaces/ros_agv_pc/src/build/agv_sensor_package': CMAKE_PREFIX_PATH=${CMAKE_PREFIX_PATH}:/workspaces/ros_agv_pc/src/install/py_qt_app:/workspaces/ros_agv_pc/src/install/AGV_simulator_description:/opt/ros/humble /usr/bin/cmake --install /workspaces/ros_agv_pc/src/build/agv_sensor_package
[3.578s] DEBUG:colcon.colcon_core.event_handler.log_command:Invoking command in '/workspaces/ros_agv_pc/src/build/agv_mcu_package': CMAKE_PREFIX_PATH=${CMAKE_PREFIX_PATH}:/workspaces/ros_agv_pc/src/install/py_qt_app:/workspaces/ros_agv_pc/src/install/AGV_simulator_description:/opt/ros/humble /usr/bin/cmake --install /workspaces/ros_agv_pc/src/build/agv_mcu_package
[3.590s] Level 1:colcon.colcon_core.environment:create_environment_scripts_only(publisher_pkg)
[3.603s] DEBUG:colcon.colcon_core.event_handler.log_command:Invoked command in '/workspaces/ros_agv_pc/src/build/publisher_pkg' returned '0': CMAKE_PREFIX_PATH=${CMAKE_PREFIX_PATH}:/workspaces/ros_agv_pc/src/install/py_qt_app:/workspaces/ros_agv_pc/src/install/AGV_simulator_description:/opt/ros/humble /usr/bin/cmake --install /workspaces/ros_agv_pc/src/build/publisher_pkg
[3.664s] Level 1:colcon.colcon_core.environment:checking '/workspaces/ros_agv_pc/src/install/publisher_pkg' for CMake module files
[3.665s] Level 1:colcon.colcon_core.environment:checking '/workspaces/ros_agv_pc/src/install/publisher_pkg' for CMake config files
[3.666s] Level 1:colcon.colcon_core.shell:create_environment_hook('publisher_pkg', 'cmake_prefix_path')
[3.710s] INFO:colcon.colcon_core.shell:Creating environment hook '/workspaces/ros_agv_pc/src/install/publisher_pkg/share/publisher_pkg/hook/cmake_prefix_path.ps1'
[3.712s] INFO:colcon.colcon_core.shell:Creating environment descriptor '/workspaces/ros_agv_pc/src/install/publisher_pkg/share/publisher_pkg/hook/cmake_prefix_path.dsv'
[3.713s] INFO:colcon.colcon_core.shell:Creating environment hook '/workspaces/ros_agv_pc/src/install/publisher_pkg/share/publisher_pkg/hook/cmake_prefix_path.sh'
[3.715s] Level 1:colcon.colcon_core.environment:checking '/workspaces/ros_agv_pc/src/install/publisher_pkg/lib'
[3.715s] Level 1:colcon.colcon_core.environment:checking '/workspaces/ros_agv_pc/src/install/publisher_pkg/bin'
[3.715s] Level 1:colcon.colcon_core.environment:checking '/workspaces/ros_agv_pc/src/install/publisher_pkg/lib/pkgconfig/publisher_pkg.pc'
[3.716s] Level 1:colcon.colcon_core.environment:checking '/workspaces/ros_agv_pc/src/install/publisher_pkg/lib/python3.10/site-packages'
[3.716s] Level 1:colcon.colcon_core.environment:checking '/workspaces/ros_agv_pc/src/install/publisher_pkg/bin'
[3.756s] INFO:colcon.colcon_core.shell:Creating package script '/workspaces/ros_agv_pc/src/install/publisher_pkg/share/publisher_pkg/package.ps1'
[3.759s] INFO:colcon.colcon_core.shell:Creating package descriptor '/workspaces/ros_agv_pc/src/install/publisher_pkg/share/publisher_pkg/package.dsv'
[3.761s] INFO:colcon.colcon_core.shell:Creating package script '/workspaces/ros_agv_pc/src/install/publisher_pkg/share/publisher_pkg/package.sh'
[3.764s] INFO:colcon.colcon_core.shell:Creating package script '/workspaces/ros_agv_pc/src/install/publisher_pkg/share/publisher_pkg/package.bash'
[3.766s] INFO:colcon.colcon_core.shell:Creating package script '/workspaces/ros_agv_pc/src/install/publisher_pkg/share/publisher_pkg/package.zsh'
[3.767s] Level 1:colcon.colcon_core.environment:create_file_with_runtime_dependencies(/workspaces/ros_agv_pc/src/install/publisher_pkg/share/colcon-core/packages/publisher_pkg)
[3.770s] Level 1:colcon.colcon_core.environment:create_environment_scripts_only(agv_sensor_package)
[3.777s] DEBUG:colcon.colcon_core.event_handler.log_command:Invoked command in '/workspaces/ros_agv_pc/src/build/agv_sensor_package' returned '0': CMAKE_PREFIX_PATH=${CMAKE_PREFIX_PATH}:/workspaces/ros_agv_pc/src/install/py_qt_app:/workspaces/ros_agv_pc/src/install/AGV_simulator_description:/opt/ros/humble /usr/bin/cmake --install /workspaces/ros_agv_pc/src/build/agv_sensor_package
[3.809s] Level 1:colcon.colcon_core.environment:checking '/workspaces/ros_agv_pc/src/install/agv_sensor_package' for CMake module files
[3.811s] Level 1:colcon.colcon_core.environment:checking '/workspaces/ros_agv_pc/src/install/agv_sensor_package' for CMake config files
[3.811s] Level 1:colcon.colcon_core.shell:create_environment_hook('agv_sensor_package', 'cmake_prefix_path')
[3.852s] INFO:colcon.colcon_core.shell:Creating environment hook '/workspaces/ros_agv_pc/src/install/agv_sensor_package/share/agv_sensor_package/hook/cmake_prefix_path.ps1'
[3.860s] INFO:colcon.colcon_core.shell:Creating environment descriptor '/workspaces/ros_agv_pc/src/install/agv_sensor_package/share/agv_sensor_package/hook/cmake_prefix_path.dsv'
[3.863s] INFO:colcon.colcon_core.shell:Creating environment hook '/workspaces/ros_agv_pc/src/install/agv_sensor_package/share/agv_sensor_package/hook/cmake_prefix_path.sh'
[3.864s] Level 1:colcon.colcon_core.environment:checking '/workspaces/ros_agv_pc/src/install/agv_sensor_package/lib'
[3.864s] Level 1:colcon.colcon_core.environment:checking '/workspaces/ros_agv_pc/src/install/agv_sensor_package/bin'
[3.864s] Level 1:colcon.colcon_core.environment:checking '/workspaces/ros_agv_pc/src/install/agv_sensor_package/lib/pkgconfig/agv_sensor_package.pc'
[3.865s] Level 1:colcon.colcon_core.environment:checking '/workspaces/ros_agv_pc/src/install/agv_sensor_package/lib/python3.10/site-packages'
[3.866s] Level 1:colcon.colcon_core.environment:checking '/workspaces/ros_agv_pc/src/install/agv_sensor_package/bin'
[3.901s] INFO:colcon.colcon_core.shell:Creating package script '/workspaces/ros_agv_pc/src/install/agv_sensor_package/share/agv_sensor_package/package.ps1'
[3.904s] INFO:colcon.colcon_core.shell:Creating package descriptor '/workspaces/ros_agv_pc/src/install/agv_sensor_package/share/agv_sensor_package/package.dsv'
[3.907s] INFO:colcon.colcon_core.shell:Creating package script '/workspaces/ros_agv_pc/src/install/agv_sensor_package/share/agv_sensor_package/package.sh'
[3.909s] INFO:colcon.colcon_core.shell:Creating package script '/workspaces/ros_agv_pc/src/install/agv_sensor_package/share/agv_sensor_package/package.bash'
[3.911s] INFO:colcon.colcon_core.shell:Creating package script '/workspaces/ros_agv_pc/src/install/agv_sensor_package/share/agv_sensor_package/package.zsh'
[3.912s] Level 1:colcon.colcon_core.environment:create_file_with_runtime_dependencies(/workspaces/ros_agv_pc/src/install/agv_sensor_package/share/colcon-core/packages/agv_sensor_package)
[3.918s] Level 1:colcon.colcon_core.environment:create_environment_scripts_only(agv_mcu_package)
[3.919s] DEBUG:colcon.colcon_core.event_handler.log_command:Invoked command in '/workspaces/ros_agv_pc/src/build/agv_mcu_package' returned '0': CMAKE_PREFIX_PATH=${CMAKE_PREFIX_PATH}:/workspaces/ros_agv_pc/src/install/py_qt_app:/workspaces/ros_agv_pc/src/install/AGV_simulator_description:/opt/ros/humble /usr/bin/cmake --install /workspaces/ros_agv_pc/src/build/agv_mcu_package
[3.981s] Level 1:colcon.colcon_core.environment:checking '/workspaces/ros_agv_pc/src/install/agv_mcu_package' for CMake module files
[3.983s] Level 1:colcon.colcon_core.environment:checking '/workspaces/ros_agv_pc/src/install/agv_mcu_package' for CMake config files
[3.983s] Level 1:colcon.colcon_core.shell:create_environment_hook('agv_mcu_package', 'cmake_prefix_path')
[4.023s] INFO:colcon.colcon_core.shell:Creating environment hook '/workspaces/ros_agv_pc/src/install/agv_mcu_package/share/agv_mcu_package/hook/cmake_prefix_path.ps1'
[4.024s] INFO:colcon.colcon_core.shell:Creating environment descriptor '/workspaces/ros_agv_pc/src/install/agv_mcu_package/share/agv_mcu_package/hook/cmake_prefix_path.dsv'
[4.028s] INFO:colcon.colcon_core.shell:Creating environment hook '/workspaces/ros_agv_pc/src/install/agv_mcu_package/share/agv_mcu_package/hook/cmake_prefix_path.sh'
[4.029s] Level 1:colcon.colcon_core.environment:checking '/workspaces/ros_agv_pc/src/install/agv_mcu_package/lib'
[4.030s] Level 1:colcon.colcon_core.environment:checking '/workspaces/ros_agv_pc/src/install/agv_mcu_package/bin'
[4.030s] Level 1:colcon.colcon_core.environment:checking '/workspaces/ros_agv_pc/src/install/agv_mcu_package/lib/pkgconfig/agv_mcu_package.pc'
[4.031s] Level 1:colcon.colcon_core.environment:checking '/workspaces/ros_agv_pc/src/install/agv_mcu_package/lib/python3.10/site-packages'
[4.031s] Level 1:colcon.colcon_core.environment:checking '/workspaces/ros_agv_pc/src/install/agv_mcu_package/bin'
[4.065s] INFO:colcon.colcon_core.shell:Creating package script '/workspaces/ros_agv_pc/src/install/agv_mcu_package/share/agv_mcu_package/package.ps1'
[4.066s] INFO:colcon.colcon_core.shell:Creating package descriptor '/workspaces/ros_agv_pc/src/install/agv_mcu_package/share/agv_mcu_package/package.dsv'
[4.067s] INFO:colcon.colcon_core.shell:Creating package script '/workspaces/ros_agv_pc/src/install/agv_mcu_package/share/agv_mcu_package/package.sh'
[4.068s] INFO:colcon.colcon_core.shell:Creating package script '/workspaces/ros_agv_pc/src/install/agv_mcu_package/share/agv_mcu_package/package.bash'
[4.069s] INFO:colcon.colcon_core.shell:Creating package script '/workspaces/ros_agv_pc/src/install/agv_mcu_package/share/agv_mcu_package/package.zsh'
[4.072s] Level 1:colcon.colcon_core.environment:create_file_with_runtime_dependencies(/workspaces/ros_agv_pc/src/install/agv_mcu_package/share/colcon-core/packages/agv_mcu_package)
[4.080s] DEBUG:colcon.colcon_core.event_handler.log_command:Invoking command in '/workspaces/ros_agv_pc/src/build/cpp_qt_app': CMAKE_PREFIX_PATH=${CMAKE_PREFIX_PATH}:/workspaces/ros_agv_pc/src/install/py_qt_app:/workspaces/ros_agv_pc/src/install/AGV_simulator_description:/opt/ros/humble /usr/bin/cmake --install /workspaces/ros_agv_pc/src/build/cpp_qt_app
[4.101s] DEBUG:colcon.colcon_core.event_handler.log_command:Invoked command in '/workspaces/ros_agv_pc/src/build/subscriber_package' returned '0': CMAKE_PREFIX_PATH=${CMAKE_PREFIX_PATH}:/workspaces/ros_agv_pc/src/install/py_qt_app:/workspaces/ros_agv_pc/src/install/AGV_simulator_description:/opt/ros/humble /usr/bin/cmake --build /workspaces/ros_agv_pc/src/build/subscriber_package -- -j8 -l8
[4.176s] Level 1:colcon.colcon_core.environment:create_environment_scripts_only(publisher_pkg)
[4.221s] Level 1:colcon.colcon_core.environment:checking '/workspaces/ros_agv_pc/src/install/publisher_pkg' for CMake module files
[4.223s] Level 1:colcon.colcon_core.environment:checking '/workspaces/ros_agv_pc/src/install/publisher_pkg' for CMake config files
[4.224s] Level 1:colcon.colcon_core.shell:create_environment_hook('publisher_pkg', 'cmake_prefix_path')
[4.272s] INFO:colcon.colcon_core.shell:Creating environment hook '/workspaces/ros_agv_pc/src/install/publisher_pkg/share/publisher_pkg/hook/cmake_prefix_path.ps1'
[4.275s] INFO:colcon.colcon_core.shell:Creating environment descriptor '/workspaces/ros_agv_pc/src/install/publisher_pkg/share/publisher_pkg/hook/cmake_prefix_path.dsv'
[4.277s] INFO:colcon.colcon_core.shell:Creating environment hook '/workspaces/ros_agv_pc/src/install/publisher_pkg/share/publisher_pkg/hook/cmake_prefix_path.sh'
[4.280s] Level 1:colcon.colcon_core.environment:checking '/workspaces/ros_agv_pc/src/install/publisher_pkg/lib'
[4.280s] Level 1:colcon.colcon_core.environment:checking '/workspaces/ros_agv_pc/src/install/publisher_pkg/bin'
[4.280s] Level 1:colcon.colcon_core.environment:checking '/workspaces/ros_agv_pc/src/install/publisher_pkg/lib/pkgconfig/publisher_pkg.pc'
[4.281s] Level 1:colcon.colcon_core.environment:checking '/workspaces/ros_agv_pc/src/install/publisher_pkg/lib/python3.10/site-packages'
[4.282s] Level 1:colcon.colcon_core.environment:checking '/workspaces/ros_agv_pc/src/install/publisher_pkg/bin'
[4.318s] INFO:colcon.colcon_core.shell:Creating package script '/workspaces/ros_agv_pc/src/install/publisher_pkg/share/publisher_pkg/package.ps1'
[4.319s] INFO:colcon.colcon_core.shell:Creating package descriptor '/workspaces/ros_agv_pc/src/install/publisher_pkg/share/publisher_pkg/package.dsv'
[4.323s] INFO:colcon.colcon_core.shell:Creating package script '/workspaces/ros_agv_pc/src/install/publisher_pkg/share/publisher_pkg/package.sh'
[4.324s] INFO:colcon.colcon_core.shell:Creating package script '/workspaces/ros_agv_pc/src/install/publisher_pkg/share/publisher_pkg/package.bash'
[4.326s] INFO:colcon.colcon_core.shell:Creating package script '/workspaces/ros_agv_pc/src/install/publisher_pkg/share/publisher_pkg/package.zsh'
[4.328s] Level 1:colcon.colcon_core.environment:create_file_with_runtime_dependencies(/workspaces/ros_agv_pc/src/install/publisher_pkg/share/colcon-core/packages/publisher_pkg)
[4.383s] Level 1:colcon.colcon_core.environment:create_environment_scripts_only(agv_sensor_package)
[4.433s] Level 1:colcon.colcon_core.environment:checking '/workspaces/ros_agv_pc/src/install/agv_sensor_package' for CMake module files
[4.435s] Level 1:colcon.colcon_core.environment:checking '/workspaces/ros_agv_pc/src/install/agv_sensor_package' for CMake config files
[4.436s] Level 1:colcon.colcon_core.shell:create_environment_hook('agv_sensor_package', 'cmake_prefix_path')
[4.481s] INFO:colcon.colcon_core.shell:Creating environment hook '/workspaces/ros_agv_pc/src/install/agv_sensor_package/share/agv_sensor_package/hook/cmake_prefix_path.ps1'
[4.482s] INFO:colcon.colcon_core.shell:Creating environment descriptor '/workspaces/ros_agv_pc/src/install/agv_sensor_package/share/agv_sensor_package/hook/cmake_prefix_path.dsv'
[4.483s] INFO:colcon.colcon_core.shell:Creating environment hook '/workspaces/ros_agv_pc/src/install/agv_sensor_package/share/agv_sensor_package/hook/cmake_prefix_path.sh'
[4.484s] Level 1:colcon.colcon_core.environment:checking '/workspaces/ros_agv_pc/src/install/agv_sensor_package/lib'
[4.485s] Level 1:colcon.colcon_core.environment:checking '/workspaces/ros_agv_pc/src/install/agv_sensor_package/bin'
[4.485s] Level 1:colcon.colcon_core.environment:checking '/workspaces/ros_agv_pc/src/install/agv_sensor_package/lib/pkgconfig/agv_sensor_package.pc'
[4.485s] Level 1:colcon.colcon_core.environment:checking '/workspaces/ros_agv_pc/src/install/agv_sensor_package/lib/python3.10/site-packages'
[4.486s] Level 1:colcon.colcon_core.environment:checking '/workspaces/ros_agv_pc/src/install/agv_sensor_package/bin'
[4.521s] INFO:colcon.colcon_core.shell:Creating package script '/workspaces/ros_agv_pc/src/install/agv_sensor_package/share/agv_sensor_package/package.ps1'
[4.523s] INFO:colcon.colcon_core.shell:Creating package descriptor '/workspaces/ros_agv_pc/src/install/agv_sensor_package/share/agv_sensor_package/package.dsv'
[4.525s] INFO:colcon.colcon_core.shell:Creating package script '/workspaces/ros_agv_pc/src/install/agv_sensor_package/share/agv_sensor_package/package.sh'
[4.527s] INFO:colcon.colcon_core.shell:Creating package script '/workspaces/ros_agv_pc/src/install/agv_sensor_package/share/agv_sensor_package/package.bash'
[4.528s] INFO:colcon.colcon_core.shell:Creating package script '/workspaces/ros_agv_pc/src/install/agv_sensor_package/share/agv_sensor_package/package.zsh'
[4.528s] Level 1:colcon.colcon_core.environment:create_file_with_runtime_dependencies(/workspaces/ros_agv_pc/src/install/agv_sensor_package/share/colcon-core/packages/agv_sensor_package)
[4.531s] Level 1:colcon.colcon_core.environment:create_environment_scripts_only(cpp_qt_app)
[4.531s] DEBUG:colcon.colcon_core.event_handler.log_command:Invoked command in '/workspaces/ros_agv_pc/src/build/cpp_qt_app' returned '0': CMAKE_PREFIX_PATH=${CMAKE_PREFIX_PATH}:/workspaces/ros_agv_pc/src/install/py_qt_app:/workspaces/ros_agv_pc/src/install/AGV_simulator_description:/opt/ros/humble /usr/bin/cmake --install /workspaces/ros_agv_pc/src/build/cpp_qt_app
[4.562s] Level 1:colcon.colcon_core.environment:checking '/workspaces/ros_agv_pc/src/install/cpp_qt_app' for CMake module files
[4.563s] Level 1:colcon.colcon_core.environment:checking '/workspaces/ros_agv_pc/src/install/cpp_qt_app' for CMake config files
[4.563s] Level 1:colcon.colcon_core.shell:create_environment_hook('cpp_qt_app', 'cmake_prefix_path')
[4.593s] INFO:colcon.colcon_core.shell:Creating environment hook '/workspaces/ros_agv_pc/src/install/cpp_qt_app/share/cpp_qt_app/hook/cmake_prefix_path.ps1'
[4.595s] INFO:colcon.colcon_core.shell:Creating environment descriptor '/workspaces/ros_agv_pc/src/install/cpp_qt_app/share/cpp_qt_app/hook/cmake_prefix_path.dsv'
[4.596s] INFO:colcon.colcon_core.shell:Creating environment hook '/workspaces/ros_agv_pc/src/install/cpp_qt_app/share/cpp_qt_app/hook/cmake_prefix_path.sh'
[4.597s] Level 1:colcon.colcon_core.environment:checking '/workspaces/ros_agv_pc/src/install/cpp_qt_app/lib'
[4.597s] Level 1:colcon.colcon_core.environment:checking '/workspaces/ros_agv_pc/src/install/cpp_qt_app/bin'
[4.597s] Level 1:colcon.colcon_core.environment:checking '/workspaces/ros_agv_pc/src/install/cpp_qt_app/lib/pkgconfig/cpp_qt_app.pc'
[4.598s] Level 1:colcon.colcon_core.environment:checking '/workspaces/ros_agv_pc/src/install/cpp_qt_app/lib/python3.10/site-packages'
[4.598s] Level 1:colcon.colcon_core.environment:checking '/workspaces/ros_agv_pc/src/install/cpp_qt_app/bin'
[4.625s] INFO:colcon.colcon_core.shell:Creating package script '/workspaces/ros_agv_pc/src/install/cpp_qt_app/share/cpp_qt_app/package.ps1'
[4.627s] INFO:colcon.colcon_core.shell:Creating package descriptor '/workspaces/ros_agv_pc/src/install/cpp_qt_app/share/cpp_qt_app/package.dsv'
[4.627s] INFO:colcon.colcon_core.shell:Creating package script '/workspaces/ros_agv_pc/src/install/cpp_qt_app/share/cpp_qt_app/package.sh'
[4.628s] INFO:colcon.colcon_core.shell:Creating package script '/workspaces/ros_agv_pc/src/install/cpp_qt_app/share/cpp_qt_app/package.bash'
[4.629s] INFO:colcon.colcon_core.shell:Creating package script '/workspaces/ros_agv_pc/src/install/cpp_qt_app/share/cpp_qt_app/package.zsh'
[4.629s] Level 1:colcon.colcon_core.environment:create_file_with_runtime_dependencies(/workspaces/ros_agv_pc/src/install/cpp_qt_app/share/colcon-core/packages/cpp_qt_app)
[4.661s] Level 1:colcon.colcon_core.environment:create_environment_scripts_only(agv_mcu_package)
[4.711s] Level 1:colcon.colcon_core.environment:checking '/workspaces/ros_agv_pc/src/install/agv_mcu_package' for CMake module files
[4.712s] Level 1:colcon.colcon_core.environment:checking '/workspaces/ros_agv_pc/src/install/agv_mcu_package' for CMake config files
[4.713s] Level 1:colcon.colcon_core.shell:create_environment_hook('agv_mcu_package', 'cmake_prefix_path')
[4.745s] INFO:colcon.colcon_core.shell:Creating environment hook '/workspaces/ros_agv_pc/src/install/agv_mcu_package/share/agv_mcu_package/hook/cmake_prefix_path.ps1'
[4.746s] INFO:colcon.colcon_core.shell:Creating environment descriptor '/workspaces/ros_agv_pc/src/install/agv_mcu_package/share/agv_mcu_package/hook/cmake_prefix_path.dsv'
[4.747s] INFO:colcon.colcon_core.shell:Creating environment hook '/workspaces/ros_agv_pc/src/install/agv_mcu_package/share/agv_mcu_package/hook/cmake_prefix_path.sh'
[4.749s] Level 1:colcon.colcon_core.environment:checking '/workspaces/ros_agv_pc/src/install/agv_mcu_package/lib'
[4.749s] Level 1:colcon.colcon_core.environment:checking '/workspaces/ros_agv_pc/src/install/agv_mcu_package/bin'
[4.749s] Level 1:colcon.colcon_core.environment:checking '/workspaces/ros_agv_pc/src/install/agv_mcu_package/lib/pkgconfig/agv_mcu_package.pc'
[4.750s] Level 1:colcon.colcon_core.environment:checking '/workspaces/ros_agv_pc/src/install/agv_mcu_package/lib/python3.10/site-packages'
[4.751s] Level 1:colcon.colcon_core.environment:checking '/workspaces/ros_agv_pc/src/install/agv_mcu_package/bin'
[4.790s] INFO:colcon.colcon_core.shell:Creating package script '/workspaces/ros_agv_pc/src/install/agv_mcu_package/share/agv_mcu_package/package.ps1'
[4.792s] INFO:colcon.colcon_core.shell:Creating package descriptor '/workspaces/ros_agv_pc/src/install/agv_mcu_package/share/agv_mcu_package/package.dsv'
[4.794s] INFO:colcon.colcon_core.shell:Creating package script '/workspaces/ros_agv_pc/src/install/agv_mcu_package/share/agv_mcu_package/package.sh'
[4.796s] INFO:colcon.colcon_core.shell:Creating package script '/workspaces/ros_agv_pc/src/install/agv_mcu_package/share/agv_mcu_package/package.bash'
[4.797s] INFO:colcon.colcon_core.shell:Creating package script '/workspaces/ros_agv_pc/src/install/agv_mcu_package/share/agv_mcu_package/package.zsh'
[4.799s] Level 1:colcon.colcon_core.environment:create_file_with_runtime_dependencies(/workspaces/ros_agv_pc/src/install/agv_mcu_package/share/colcon-core/packages/agv_mcu_package)
[4.813s] DEBUG:colcon.colcon_core.event_handler.log_command:Invoking command in '/workspaces/ros_agv_pc/src/build/subscriber_package': CMAKE_PREFIX_PATH=${CMAKE_PREFIX_PATH}:/workspaces/ros_agv_pc/src/install/py_qt_app:/workspaces/ros_agv_pc/src/install/AGV_simulator_description:/opt/ros/humble /usr/bin/cmake --install /workspaces/ros_agv_pc/src/build/subscriber_package
[4.815s] DEBUG:colcon.colcon_core.event_handler.log_command:Invoking command in '/workspaces/ros_agv_pc/src/py_qt_app': PYTHONPATH=/workspaces/ros_agv_pc/src/build/py_qt_app/prefix_override:/workspaces/ros_agv_pc/src/install/py_qt_app/lib/python3.10/site-packages:${PYTHONPATH} /usr/bin/python3 setup.py egg_info --egg-base ../build/py_qt_app build --build-base /workspaces/ros_agv_pc/src/build/py_qt_app/build install --record /workspaces/ros_agv_pc/src/build/py_qt_app/install.log --single-version-externally-managed
[4.823s] DEBUG:colcon.colcon_core.event_handler.log_command:Invoking command in '/workspaces/ros_agv_pc/src/AGV_simulator_description': PYTHONPATH=/workspaces/ros_agv_pc/src/build/AGV_simulator_description/prefix_override:/workspaces/ros_agv_pc/src/install/AGV_simulator_description/lib/python3.10/site-packages:${PYTHONPATH} /usr/bin/python3 setup.py egg_info --egg-base ../build/AGV_simulator_description build --build-base /workspaces/ros_agv_pc/src/build/AGV_simulator_description/build install --record /workspaces/ros_agv_pc/src/build/AGV_simulator_description/install.log --install-scripts $base/lib/AGV_simulator_description --single-version-externally-managed
[4.886s] Level 1:colcon.colcon_core.environment:create_environment_scripts_only(cpp_qt_app)
[4.933s] Level 1:colcon.colcon_core.environment:checking '/workspaces/ros_agv_pc/src/install/cpp_qt_app' for CMake module files
[4.934s] Level 1:colcon.colcon_core.environment:checking '/workspaces/ros_agv_pc/src/install/cpp_qt_app' for CMake config files
[4.934s] Level 1:colcon.colcon_core.shell:create_environment_hook('cpp_qt_app', 'cmake_prefix_path')
[4.967s] INFO:colcon.colcon_core.shell:Creating environment hook '/workspaces/ros_agv_pc/src/install/cpp_qt_app/share/cpp_qt_app/hook/cmake_prefix_path.ps1'
[4.967s] INFO:colcon.colcon_core.shell:Creating environment descriptor '/workspaces/ros_agv_pc/src/install/cpp_qt_app/share/cpp_qt_app/hook/cmake_prefix_path.dsv'
[4.968s] INFO:colcon.colcon_core.shell:Creating environment hook '/workspaces/ros_agv_pc/src/install/cpp_qt_app/share/cpp_qt_app/hook/cmake_prefix_path.sh'
[4.969s] Level 1:colcon.colcon_core.environment:checking '/workspaces/ros_agv_pc/src/install/cpp_qt_app/lib'
[4.969s] Level 1:colcon.colcon_core.environment:checking '/workspaces/ros_agv_pc/src/install/cpp_qt_app/bin'
[4.969s] Level 1:colcon.colcon_core.environment:checking '/workspaces/ros_agv_pc/src/install/cpp_qt_app/lib/pkgconfig/cpp_qt_app.pc'
[4.969s] Level 1:colcon.colcon_core.environment:checking '/workspaces/ros_agv_pc/src/install/cpp_qt_app/lib/python3.10/site-packages'
[4.970s] Level 1:colcon.colcon_core.environment:checking '/workspaces/ros_agv_pc/src/install/cpp_qt_app/bin'
[5.006s] INFO:colcon.colcon_core.shell:Creating package script '/workspaces/ros_agv_pc/src/install/cpp_qt_app/share/cpp_qt_app/package.ps1'
[5.008s] INFO:colcon.colcon_core.shell:Creating package descriptor '/workspaces/ros_agv_pc/src/install/cpp_qt_app/share/cpp_qt_app/package.dsv'
[5.010s] INFO:colcon.colcon_core.shell:Creating package script '/workspaces/ros_agv_pc/src/install/cpp_qt_app/share/cpp_qt_app/package.sh'
[5.012s] INFO:colcon.colcon_core.shell:Creating package script '/workspaces/ros_agv_pc/src/install/cpp_qt_app/share/cpp_qt_app/package.bash'
[5.014s] INFO:colcon.colcon_core.shell:Creating package script '/workspaces/ros_agv_pc/src/install/cpp_qt_app/share/cpp_qt_app/package.zsh'
[5.016s] Level 1:colcon.colcon_core.environment:create_file_with_runtime_dependencies(/workspaces/ros_agv_pc/src/install/cpp_qt_app/share/colcon-core/packages/cpp_qt_app)
[5.019s] Level 1:colcon.colcon_core.environment:create_environment_scripts_only(subscriber_package)
[5.020s] DEBUG:colcon.colcon_core.event_handler.log_command:Invoked command in '/workspaces/ros_agv_pc/src/build/subscriber_package' returned '0': CMAKE_PREFIX_PATH=${CMAKE_PREFIX_PATH}:/workspaces/ros_agv_pc/src/install/py_qt_app:/workspaces/ros_agv_pc/src/install/AGV_simulator_description:/opt/ros/humble /usr/bin/cmake --install /workspaces/ros_agv_pc/src/build/subscriber_package
[5.064s] Level 1:colcon.colcon_core.environment:checking '/workspaces/ros_agv_pc/src/install/subscriber_package' for CMake module files
[5.065s] Level 1:colcon.colcon_core.environment:checking '/workspaces/ros_agv_pc/src/install/subscriber_package' for CMake config files
[5.066s] Level 1:colcon.colcon_core.shell:create_environment_hook('subscriber_package', 'cmake_prefix_path')
[5.107s] INFO:colcon.colcon_core.shell:Creating environment hook '/workspaces/ros_agv_pc/src/install/subscriber_package/share/subscriber_package/hook/cmake_prefix_path.ps1'
[5.109s] INFO:colcon.colcon_core.shell:Creating environment descriptor '/workspaces/ros_agv_pc/src/install/subscriber_package/share/subscriber_package/hook/cmake_prefix_path.dsv'
[5.110s] INFO:colcon.colcon_core.shell:Creating environment hook '/workspaces/ros_agv_pc/src/install/subscriber_package/share/subscriber_package/hook/cmake_prefix_path.sh'
[5.112s] Level 1:colcon.colcon_core.environment:checking '/workspaces/ros_agv_pc/src/install/subscriber_package/lib'
[5.113s] Level 1:colcon.colcon_core.environment:checking '/workspaces/ros_agv_pc/src/install/subscriber_package/bin'
[5.113s] Level 1:colcon.colcon_core.environment:checking '/workspaces/ros_agv_pc/src/install/subscriber_package/lib/pkgconfig/subscriber_package.pc'
[5.114s] Level 1:colcon.colcon_core.environment:checking '/workspaces/ros_agv_pc/src/install/subscriber_package/lib/python3.10/site-packages'
[5.114s] Level 1:colcon.colcon_core.environment:checking '/workspaces/ros_agv_pc/src/install/subscriber_package/bin'
[5.143s] INFO:colcon.colcon_core.shell:Creating package script '/workspaces/ros_agv_pc/src/install/subscriber_package/share/subscriber_package/package.ps1'
[5.144s] INFO:colcon.colcon_core.shell:Creating package descriptor '/workspaces/ros_agv_pc/src/install/subscriber_package/share/subscriber_package/package.dsv'
[5.145s] INFO:colcon.colcon_core.shell:Creating package script '/workspaces/ros_agv_pc/src/install/subscriber_package/share/subscriber_package/package.sh'
[5.146s] INFO:colcon.colcon_core.shell:Creating package script '/workspaces/ros_agv_pc/src/install/subscriber_package/share/subscriber_package/package.bash'
[5.147s] INFO:colcon.colcon_core.shell:Creating package script '/workspaces/ros_agv_pc/src/install/subscriber_package/share/subscriber_package/package.zsh'
[5.147s] Level 1:colcon.colcon_core.environment:create_file_with_runtime_dependencies(/workspaces/ros_agv_pc/src/install/subscriber_package/share/colcon-core/packages/subscriber_package)
[5.228s] Level 1:colcon.colcon_core.environment:create_environment_scripts_only(subscriber_package)
[5.265s] Level 1:colcon.colcon_core.environment:checking '/workspaces/ros_agv_pc/src/install/subscriber_package' for CMake module files
[5.266s] Level 1:colcon.colcon_core.environment:checking '/workspaces/ros_agv_pc/src/install/subscriber_package' for CMake config files
[5.267s] Level 1:colcon.colcon_core.shell:create_environment_hook('subscriber_package', 'cmake_prefix_path')
[5.301s] INFO:colcon.colcon_core.shell:Creating environment hook '/workspaces/ros_agv_pc/src/install/subscriber_package/share/subscriber_package/hook/cmake_prefix_path.ps1'
[5.302s] INFO:colcon.colcon_core.shell:Creating environment descriptor '/workspaces/ros_agv_pc/src/install/subscriber_package/share/subscriber_package/hook/cmake_prefix_path.dsv'
[5.302s] INFO:colcon.colcon_core.shell:Creating environment hook '/workspaces/ros_agv_pc/src/install/subscriber_package/share/subscriber_package/hook/cmake_prefix_path.sh'
[5.305s] Level 1:colcon.colcon_core.environment:checking '/workspaces/ros_agv_pc/src/install/subscriber_package/lib'
[5.306s] Level 1:colcon.colcon_core.environment:checking '/workspaces/ros_agv_pc/src/install/subscriber_package/bin'
[5.306s] Level 1:colcon.colcon_core.environment:checking '/workspaces/ros_agv_pc/src/install/subscriber_package/lib/pkgconfig/subscriber_package.pc'
[5.307s] Level 1:colcon.colcon_core.environment:checking '/workspaces/ros_agv_pc/src/install/subscriber_package/lib/python3.10/site-packages'
[5.307s] Level 1:colcon.colcon_core.environment:checking '/workspaces/ros_agv_pc/src/install/subscriber_package/bin'
[5.341s] INFO:colcon.colcon_core.shell:Creating package script '/workspaces/ros_agv_pc/src/install/subscriber_package/share/subscriber_package/package.ps1'
[5.342s] INFO:colcon.colcon_core.shell:Creating package descriptor '/workspaces/ros_agv_pc/src/install/subscriber_package/share/subscriber_package/package.dsv'
[5.345s] INFO:colcon.colcon_core.shell:Creating package script '/workspaces/ros_agv_pc/src/install/subscriber_package/share/subscriber_package/package.sh'
[5.347s] INFO:colcon.colcon_core.shell:Creating package script '/workspaces/ros_agv_pc/src/install/subscriber_package/share/subscriber_package/package.bash'
[5.348s] INFO:colcon.colcon_core.shell:Creating package script '/workspaces/ros_agv_pc/src/install/subscriber_package/share/subscriber_package/package.zsh'
[5.349s] Level 1:colcon.colcon_core.environment:create_file_with_runtime_dependencies(/workspaces/ros_agv_pc/src/install/subscriber_package/share/colcon-core/packages/subscriber_package)
[5.644s] DEBUG:colcon.colcon_core.event_handler.log_command:Invoked command in '/workspaces/ros_agv_pc/src/py_qt_app' returned '0': PYTHONPATH=/workspaces/ros_agv_pc/src/build/py_qt_app/prefix_override:/workspaces/ros_agv_pc/src/install/py_qt_app/lib/python3.10/site-packages:${PYTHONPATH} /usr/bin/python3 setup.py egg_info --egg-base ../build/py_qt_app build --build-base /workspaces/ros_agv_pc/src/build/py_qt_app/build install --record /workspaces/ros_agv_pc/src/build/py_qt_app/install.log --single-version-externally-managed
[5.692s] Level 1:colcon.colcon_core.environment:checking '/workspaces/ros_agv_pc/src/install/py_qt_app' for CMake module files
[5.694s] Level 1:colcon.colcon_core.environment:checking '/workspaces/ros_agv_pc/src/install/py_qt_app' for CMake config files
[5.696s] Level 1:colcon.colcon_core.environment:checking '/workspaces/ros_agv_pc/src/install/py_qt_app/lib'
[5.696s] Level 1:colcon.colcon_core.environment:checking '/workspaces/ros_agv_pc/src/install/py_qt_app/bin'
[5.697s] Level 1:colcon.colcon_core.environment:checking '/workspaces/ros_agv_pc/src/install/py_qt_app/lib/pkgconfig/py_qt_app.pc'
[5.698s] Level 1:colcon.colcon_core.environment:checking '/workspaces/ros_agv_pc/src/install/py_qt_app/lib/python3.10/site-packages'
[5.698s] Level 1:colcon.colcon_core.shell:create_environment_hook('py_qt_app', 'pythonpath')
[5.735s] INFO:colcon.colcon_core.shell:Creating environment hook '/workspaces/ros_agv_pc/src/install/py_qt_app/share/py_qt_app/hook/pythonpath.ps1'
[5.735s] INFO:colcon.colcon_core.shell:Creating environment descriptor '/workspaces/ros_agv_pc/src/install/py_qt_app/share/py_qt_app/hook/pythonpath.dsv'
[5.736s] INFO:colcon.colcon_core.shell:Creating environment hook '/workspaces/ros_agv_pc/src/install/py_qt_app/share/py_qt_app/hook/pythonpath.sh'
[5.738s] Level 1:colcon.colcon_core.environment:checking '/workspaces/ros_agv_pc/src/install/py_qt_app/bin'
[5.739s] Level 1:colcon.colcon_core.environment:create_environment_scripts_only(py_qt_app)
[5.779s] INFO:colcon.colcon_core.shell:Creating package script '/workspaces/ros_agv_pc/src/install/py_qt_app/share/py_qt_app/package.ps1'
[5.781s] INFO:colcon.colcon_core.shell:Creating package descriptor '/workspaces/ros_agv_pc/src/install/py_qt_app/share/py_qt_app/package.dsv'
[5.783s] INFO:colcon.colcon_core.shell:Creating package script '/workspaces/ros_agv_pc/src/install/py_qt_app/share/py_qt_app/package.sh'
[5.784s] INFO:colcon.colcon_core.shell:Creating package script '/workspaces/ros_agv_pc/src/install/py_qt_app/share/py_qt_app/package.bash'
[5.784s] INFO:colcon.colcon_core.shell:Creating package script '/workspaces/ros_agv_pc/src/install/py_qt_app/share/py_qt_app/package.zsh'
[5.785s] Level 1:colcon.colcon_core.environment:create_file_with_runtime_dependencies(/workspaces/ros_agv_pc/src/install/py_qt_app/share/colcon-core/packages/py_qt_app)
[5.793s] DEBUG:colcon.colcon_core.event_handler.log_command:Invoked command in '/workspaces/ros_agv_pc/src/AGV_simulator_description' returned '0': PYTHONPATH=/workspaces/ros_agv_pc/src/build/AGV_simulator_description/prefix_override:/workspaces/ros_agv_pc/src/install/AGV_simulator_description/lib/python3.10/site-packages:${PYTHONPATH} /usr/bin/python3 setup.py egg_info --egg-base ../build/AGV_simulator_description build --build-base /workspaces/ros_agv_pc/src/build/AGV_simulator_description/build install --record /workspaces/ros_agv_pc/src/build/AGV_simulator_description/install.log --install-scripts $base/lib/AGV_simulator_description --single-version-externally-managed
[5.828s] Level 1:colcon.colcon_core.environment:checking '/workspaces/ros_agv_pc/src/install/AGV_simulator_description' for CMake module files
[5.830s] Level 1:colcon.colcon_core.environment:checking '/workspaces/ros_agv_pc/src/install/AGV_simulator_description' for CMake config files
[5.831s] Level 1:colcon.colcon_core.environment:checking '/workspaces/ros_agv_pc/src/install/AGV_simulator_description/lib'
[5.831s] Level 1:colcon.colcon_core.environment:checking '/workspaces/ros_agv_pc/src/install/AGV_simulator_description/bin'
[5.831s] Level 1:colcon.colcon_core.environment:checking '/workspaces/ros_agv_pc/src/install/AGV_simulator_description/lib/pkgconfig/AGV_simulator_description.pc'
[5.832s] Level 1:colcon.colcon_core.environment:checking '/workspaces/ros_agv_pc/src/install/AGV_simulator_description/lib/python3.10/site-packages'
[5.832s] Level 1:colcon.colcon_core.shell:create_environment_hook('AGV_simulator_description', 'pythonpath')
[5.868s] INFO:colcon.colcon_core.shell:Creating environment hook '/workspaces/ros_agv_pc/src/install/AGV_simulator_description/share/AGV_simulator_description/hook/pythonpath.ps1'
[5.869s] INFO:colcon.colcon_core.shell:Creating environment descriptor '/workspaces/ros_agv_pc/src/install/AGV_simulator_description/share/AGV_simulator_description/hook/pythonpath.dsv'
[5.869s] INFO:colcon.colcon_core.shell:Creating environment hook '/workspaces/ros_agv_pc/src/install/AGV_simulator_description/share/AGV_simulator_description/hook/pythonpath.sh'
[5.870s] Level 1:colcon.colcon_core.environment:checking '/workspaces/ros_agv_pc/src/install/AGV_simulator_description/bin'
[5.871s] Level 1:colcon.colcon_core.environment:create_environment_scripts_only(AGV_simulator_description)
[5.901s] INFO:colcon.colcon_core.shell:Creating package script '/workspaces/ros_agv_pc/src/install/AGV_simulator_description/share/AGV_simulator_description/package.ps1'
[5.902s] INFO:colcon.colcon_core.shell:Creating package descriptor '/workspaces/ros_agv_pc/src/install/AGV_simulator_description/share/AGV_simulator_description/package.dsv'
[5.903s] INFO:colcon.colcon_core.shell:Creating package script '/workspaces/ros_agv_pc/src/install/AGV_simulator_description/share/AGV_simulator_description/package.sh'
[5.907s] INFO:colcon.colcon_core.shell:Creating package script '/workspaces/ros_agv_pc/src/install/AGV_simulator_description/share/AGV_simulator_description/package.bash'
[5.908s] INFO:colcon.colcon_core.shell:Creating package script '/workspaces/ros_agv_pc/src/install/AGV_simulator_description/share/AGV_simulator_description/package.zsh'
[5.909s] Level 1:colcon.colcon_core.environment:create_file_with_runtime_dependencies(/workspaces/ros_agv_pc/src/install/AGV_simulator_description/share/colcon-core/packages/AGV_simulator_description)
[5.910s] DEBUG:colcon.colcon_parallel_executor.executor.parallel:closing loop
[5.911s] DEBUG:colcon.colcon_parallel_executor.executor.parallel:loop closed
[5.911s] DEBUG:colcon.colcon_parallel_executor.executor.parallel:run_until_complete finished with '0'
[5.911s] DEBUG:colcon.colcon_core.event_reactor:joining thread
[5.956s] INFO:colcon.colcon_core.plugin_system:Skipping extension 'colcon_notification.desktop_notification.notify_send': Could not find 'notify-send'
[5.957s] INFO:colcon.colcon_core.plugin_system:Skipping extension 'colcon_notification.desktop_notification.terminal_notifier': Not used on non-Darwin systems
[5.957s] INFO:colcon.colcon_core.plugin_system:Skipping extension 'colcon_notification.desktop_notification.win32': Not used on non-Windows systems
[5.957s] INFO:colcon.colcon_notification.desktop_notification:Sending desktop notification using 'notify2'
[5.965s] DEBUG:colcon.colcon_notification.desktop_notification.notify2:Failed to initialize notify2: org.freedesktop.DBus.Error.Spawn.ExecFailed: /usr/bin/dbus-launch terminated abnormally without any error message
[5.966s] DEBUG:colcon.colcon_core.event_reactor:joined thread
[6.002s] INFO:colcon.colcon_core.shell:Creating prefix script '/workspaces/ros_agv_pc/src/install/local_setup.ps1'
[6.005s] INFO:colcon.colcon_core.shell:Creating prefix util module '/workspaces/ros_agv_pc/src/install/_local_setup_util_ps1.py'
[6.011s] INFO:colcon.colcon_core.shell:Creating prefix chain script '/workspaces/ros_agv_pc/src/install/setup.ps1'
[6.045s] INFO:colcon.colcon_core.shell:Creating prefix script '/workspaces/ros_agv_pc/src/install/local_setup.sh'
[6.046s] INFO:colcon.colcon_core.shell:Creating prefix util module '/workspaces/ros_agv_pc/src/install/_local_setup_util_sh.py'
[6.046s] INFO:colcon.colcon_core.shell:Creating prefix chain script '/workspaces/ros_agv_pc/src/install/setup.sh'
[6.068s] INFO:colcon.colcon_core.shell:Creating prefix script '/workspaces/ros_agv_pc/src/install/local_setup.bash'
[6.069s] INFO:colcon.colcon_core.shell:Creating prefix chain script '/workspaces/ros_agv_pc/src/install/setup.bash'
[6.092s] INFO:colcon.colcon_core.shell:Creating prefix script '/workspaces/ros_agv_pc/src/install/local_setup.zsh'
[6.093s] INFO:colcon.colcon_core.shell:Creating prefix chain script '/workspaces/ros_agv_pc/src/install/setup.zsh'
