[5.474s] Invoking command in '/workspaces/ros_agv_pc/src/AGV_simulator_description': PYTHONPATH=/workspaces/ros_agv_pc/src/build/AGV_simulator_description/prefix_override:/workspaces/ros_agv_pc/src/install/AGV_simulator_description/lib/python3.10/site-packages:${PYTHONPATH} /usr/bin/python3 setup.py egg_info --egg-base ../build/AGV_simulator_description build --build-base /workspaces/ros_agv_pc/src/build/AGV_simulator_description/build install --record /workspaces/ros_agv_pc/src/build/AGV_simulator_description/install.log --install-scripts $base/lib/AGV_simulator_description --single-version-externally-managed
[6.155s] /usr/lib/python3/dist-packages/setuptools/dist.py:723: UserWarning: Usage of dash-separated 'script-dir' will not be supported in future versions. Please use the underscore name 'script_dir' instead
[6.156s]   warnings.warn(
[6.186s] running egg_info
[6.189s] writing ../build/AGV_simulator_description/AGV_simulator_description.egg-info/PKG-INFO
[6.190s] writing dependency_links to ../build/AGV_simulator_description/AGV_simulator_description.egg-info/dependency_links.txt
[6.191s] writing entry points to ../build/AGV_simulator_description/AGV_simulator_description.egg-info/entry_points.txt
[6.191s] writing requirements to ../build/AGV_simulator_description/AGV_simulator_description.egg-info/requires.txt
[6.193s] writing top-level names to ../build/AGV_simulator_description/AGV_simulator_description.egg-info/top_level.txt
[6.199s] reading manifest file '../build/AGV_simulator_description/AGV_simulator_description.egg-info/SOURCES.txt'
[6.204s] writing manifest file '../build/AGV_simulator_description/AGV_simulator_description.egg-info/SOURCES.txt'
[6.204s] running build
[6.205s] running build_py
[6.205s] running install
[6.206s] /usr/lib/python3/dist-packages/setuptools/command/install.py:34: SetuptoolsDeprecationWarning: setup.py install is deprecated. Use build and pip and other standards-based tools.
[6.206s]   warnings.warn(
[6.209s] running install_lib
[6.211s] running install_data
[6.212s] running install_egg_info
[6.218s] removing '/workspaces/ros_agv_pc/src/install/AGV_simulator_description/lib/python3.10/site-packages/AGV_simulator_description-0.0.0-py3.10.egg-info' (and everything under it)
[6.219s] Copying ../build/AGV_simulator_description/AGV_simulator_description.egg-info to /workspaces/ros_agv_pc/src/install/AGV_simulator_description/lib/python3.10/site-packages/AGV_simulator_description-0.0.0-py3.10.egg-info
[6.222s] running install_scripts
[6.302s] writing list of installed files to '/workspaces/ros_agv_pc/src/build/AGV_simulator_description/install.log'
[6.452s] Invoked command in '/workspaces/ros_agv_pc/src/AGV_simulator_description' returned '0': PYTHONPATH=/workspaces/ros_agv_pc/src/build/AGV_simulator_description/prefix_override:/workspaces/ros_agv_pc/src/install/AGV_simulator_description/lib/python3.10/site-packages:${PYTHONPATH} /usr/bin/python3 setup.py egg_info --egg-base ../build/AGV_simulator_description build --build-base /workspaces/ros_agv_pc/src/build/AGV_simulator_description/build install --record /workspaces/ros_agv_pc/src/build/AGV_simulator_description/install.log --install-scripts $base/lib/AGV_simulator_description --single-version-externally-managed
