[2.850s] Invoking command in '/workspaces/ros_agv_pc/src/py_qt_app': PYTHONPATH=/workspaces/ros_agv_pc/src/build/py_qt_app/prefix_override:/workspaces/ros_agv_pc/src/install/py_qt_app/lib/python3.10/site-packages:${PYTHONPATH} /usr/bin/python3 setup.py egg_info --egg-base ../build/py_qt_app build --build-base /workspaces/ros_agv_pc/src/build/py_qt_app/build install --record /workspaces/ros_agv_pc/src/build/py_qt_app/install.log --single-version-externally-managed
[3.365s] running egg_info
[3.366s] writing ../build/py_qt_app/py_qt_app.egg-info/PKG-INFO
[3.366s] writing dependency_links to ../build/py_qt_app/py_qt_app.egg-info/dependency_links.txt
[3.367s] writing entry points to ../build/py_qt_app/py_qt_app.egg-info/entry_points.txt
[3.367s] writing requirements to ../build/py_qt_app/py_qt_app.egg-info/requires.txt
[3.367s] writing top-level names to ../build/py_qt_app/py_qt_app.egg-info/top_level.txt
[3.369s] reading manifest file '../build/py_qt_app/py_qt_app.egg-info/SOURCES.txt'
[3.369s] adding license file 'LICENSE'
[3.370s] writing manifest file '../build/py_qt_app/py_qt_app.egg-info/SOURCES.txt'
[3.370s] running build
[3.370s] running build_py
[3.371s] running install
[3.371s] /usr/lib/python3/dist-packages/setuptools/command/install.py:34: SetuptoolsDeprecationWarning: setup.py install is deprecated. Use build and pip and other standards-based tools.
[3.372s]   warnings.warn(
[3.372s] running install_lib
[3.374s] running install_data
[3.375s] running install_egg_info
[3.377s] removing '/workspaces/ros_agv_pc/src/install/py_qt_app/lib/python3.10/site-packages/py_qt_app-0.0.0-py3.10.egg-info' (and everything under it)
[3.377s] Copying ../build/py_qt_app/py_qt_app.egg-info to /workspaces/ros_agv_pc/src/install/py_qt_app/lib/python3.10/site-packages/py_qt_app-0.0.0-py3.10.egg-info
[3.379s] running install_scripts
[3.418s] Installing py_qt_app script to /workspaces/ros_agv_pc/src/install/py_qt_app/lib/py_qt_app
[3.418s] writing list of installed files to '/workspaces/ros_agv_pc/src/build/py_qt_app/install.log'
[3.474s] Invoked command in '/workspaces/ros_agv_pc/src/py_qt_app' returned '0': PYTHONPATH=/workspaces/ros_agv_pc/src/build/py_qt_app/prefix_override:/workspaces/ros_agv_pc/src/install/py_qt_app/lib/python3.10/site-packages:${PYTHONPATH} /usr/bin/python3 setup.py egg_info --egg-base ../build/py_qt_app build --build-base /workspaces/ros_agv_pc/src/build/py_qt_app/build install --record /workspaces/ros_agv_pc/src/build/py_qt_app/install.log --single-version-externally-managed
