/workspaces/ros_agv_pc/src/install/textual_gui_pkg/lib/python3.10/site-packages/textual_gui_pkg/tui_topic.py
/workspaces/ros_agv_pc/src/install/textual_gui_pkg/lib/python3.10/site-packages/textual_gui_pkg/__init__.py
/workspaces/ros_agv_pc/src/install/textual_gui_pkg/lib/python3.10/site-packages/textual_gui_pkg/tui_serial.py
/workspaces/ros_agv_pc/src/install/textual_gui_pkg/lib/python3.10/site-packages/textual_gui_pkg/tui_2.py
/workspaces/ros_agv_pc/src/install/textual_gui_pkg/lib/python3.10/site-packages/textual_gui_pkg/__pycache__/tui_topic.cpython-310.pyc
/workspaces/ros_agv_pc/src/install/textual_gui_pkg/lib/python3.10/site-packages/textual_gui_pkg/__pycache__/__init__.cpython-310.pyc
/workspaces/ros_agv_pc/src/install/textual_gui_pkg/lib/python3.10/site-packages/textual_gui_pkg/__pycache__/tui_serial.cpython-310.pyc
/workspaces/ros_agv_pc/src/install/textual_gui_pkg/lib/python3.10/site-packages/textual_gui_pkg/__pycache__/tui_2.cpython-310.pyc
/workspaces/ros_agv_pc/src/install/textual_gui_pkg/share/ament_index/resource_index/packages/textual_gui_pkg
/workspaces/ros_agv_pc/src/install/textual_gui_pkg/share/textual_gui_pkg/package.xml
/workspaces/ros_agv_pc/src/install/textual_gui_pkg/lib/python3.10/site-packages/textual_gui_pkg-0.0.0-py3.10.egg-info/top_level.txt
/workspaces/ros_agv_pc/src/install/textual_gui_pkg/lib/python3.10/site-packages/textual_gui_pkg-0.0.0-py3.10.egg-info/SOURCES.txt
/workspaces/ros_agv_pc/src/install/textual_gui_pkg/lib/python3.10/site-packages/textual_gui_pkg-0.0.0-py3.10.egg-info/zip-safe
/workspaces/ros_agv_pc/src/install/textual_gui_pkg/lib/python3.10/site-packages/textual_gui_pkg-0.0.0-py3.10.egg-info/entry_points.txt
/workspaces/ros_agv_pc/src/install/textual_gui_pkg/lib/python3.10/site-packages/textual_gui_pkg-0.0.0-py3.10.egg-info/dependency_links.txt
/workspaces/ros_agv_pc/src/install/textual_gui_pkg/lib/python3.10/site-packages/textual_gui_pkg-0.0.0-py3.10.egg-info/requires.txt
/workspaces/ros_agv_pc/src/install/textual_gui_pkg/lib/python3.10/site-packages/textual_gui_pkg-0.0.0-py3.10.egg-info/PKG-INFO
/workspaces/ros_agv_pc/src/install/textual_gui_pkg/lib/textual_gui_pkg/tui_2
/workspaces/ros_agv_pc/src/install/textual_gui_pkg/lib/textual_gui_pkg/tui_serial
/workspaces/ros_agv_pc/src/install/textual_gui_pkg/lib/textual_gui_pkg/tui_topic
