[0.863s] Invoking command in '/workspaces/ros_agv_pc/src/build/cpp_qt_app': CMAKE_PREFIX_PATH=${CMAKE_PREFIX_PATH}:/workspaces/ros_agv_pc/src/install/textual_gui_pkg:/workspaces/ros_agv_pc/src/install/py_qt_app:/workspaces/ros_agv_pc/src/install/AGV_simulator_description:/opt/ros/humble /usr/bin/cmake --build /workspaces/ros_agv_pc/src/build/cpp_qt_app -- -j8 -l8
[1.291s] [ 12%] [34m[1mAutomatic MOC and UIC for target cpp_qt_app[0m
[1.292s] [ 12%] Built target cpp_qt_app_autogen
[1.292s] [100%] Built target cpp_qt_app
[1.716s] Invoked command in '/workspaces/ros_agv_pc/src/build/cpp_qt_app' returned '0': CMAKE_PREFIX_PATH=${CMAKE_PREFIX_PATH}:/workspaces/ros_agv_pc/src/install/textual_gui_pkg:/workspaces/ros_agv_pc/src/install/py_qt_app:/workspaces/ros_agv_pc/src/install/AGV_simulator_description:/opt/ros/humble /usr/bin/cmake --build /workspaces/ros_agv_pc/src/build/cpp_qt_app -- -j8 -l8
[1.964s] Invoking command in '/workspaces/ros_agv_pc/src/build/cpp_qt_app': CMAKE_PREFIX_PATH=${CMAKE_PREFIX_PATH}:/workspaces/ros_agv_pc/src/install/textual_gui_pkg:/workspaces/ros_agv_pc/src/install/py_qt_app:/workspaces/ros_agv_pc/src/install/AGV_simulator_description:/opt/ros/humble /usr/bin/cmake --install /workspaces/ros_agv_pc/src/build/cpp_qt_app
[2.141s] -- Install configuration: ""
[2.142s] -- Up-to-date: /workspaces/ros_agv_pc/src/install/cpp_qt_app/lib/cpp_qt_app/cpp_qt_app
[2.142s] -- Up-to-date: /workspaces/ros_agv_pc/src/install/cpp_qt_app/share/ament_index/resource_index/package_run_dependencies/cpp_qt_app
[2.142s] -- Up-to-date: /workspaces/ros_agv_pc/src/install/cpp_qt_app/share/ament_index/resource_index/parent_prefix_path/cpp_qt_app
[2.144s] -- Up-to-date: /workspaces/ros_agv_pc/src/install/cpp_qt_app/share/cpp_qt_app/environment/ament_prefix_path.sh
[2.145s] -- Up-to-date: /workspaces/ros_agv_pc/src/install/cpp_qt_app/share/cpp_qt_app/environment/ament_prefix_path.dsv
[2.146s] -- Up-to-date: /workspaces/ros_agv_pc/src/install/cpp_qt_app/share/cpp_qt_app/environment/path.sh
[2.146s] -- Up-to-date: /workspaces/ros_agv_pc/src/install/cpp_qt_app/share/cpp_qt_app/environment/path.dsv
[2.147s] -- Up-to-date: /workspaces/ros_agv_pc/src/install/cpp_qt_app/share/cpp_qt_app/local_setup.bash
[2.147s] -- Up-to-date: /workspaces/ros_agv_pc/src/install/cpp_qt_app/share/cpp_qt_app/local_setup.sh
[2.147s] -- Up-to-date: /workspaces/ros_agv_pc/src/install/cpp_qt_app/share/cpp_qt_app/local_setup.zsh
[2.148s] -- Up-to-date: /workspaces/ros_agv_pc/src/install/cpp_qt_app/share/cpp_qt_app/local_setup.dsv
[2.148s] -- Installing: /workspaces/ros_agv_pc/src/install/cpp_qt_app/share/cpp_qt_app/package.dsv
[2.148s] -- Up-to-date: /workspaces/ros_agv_pc/src/install/cpp_qt_app/share/ament_index/resource_index/packages/cpp_qt_app
[2.150s] -- Up-to-date: /workspaces/ros_agv_pc/src/install/cpp_qt_app/share/cpp_qt_app/cmake/cpp_qt_appConfig.cmake
[2.150s] -- Up-to-date: /workspaces/ros_agv_pc/src/install/cpp_qt_app/share/cpp_qt_app/cmake/cpp_qt_appConfig-version.cmake
[2.150s] -- Up-to-date: /workspaces/ros_agv_pc/src/install/cpp_qt_app/share/cpp_qt_app/package.xml
[2.253s] Invoked command in '/workspaces/ros_agv_pc/src/build/cpp_qt_app' returned '0': CMAKE_PREFIX_PATH=${CMAKE_PREFIX_PATH}:/workspaces/ros_agv_pc/src/install/textual_gui_pkg:/workspaces/ros_agv_pc/src/install/py_qt_app:/workspaces/ros_agv_pc/src/install/AGV_simulator_description:/opt/ros/humble /usr/bin/cmake --install /workspaces/ros_agv_pc/src/build/cpp_qt_app
