[1.224s] Invoking command in '/workspaces/ros_agv_pc/src/build/agv_mcu_package': CMAKE_PREFIX_PATH=${CMAKE_PREFIX_PATH}:/workspaces/ros_agv_pc/src/install/textual_gui_pkg:/workspaces/ros_agv_pc/src/install/py_qt_app:/workspaces/ros_agv_pc/src/install/AGV_simulator_description:/opt/ros/humble /usr/bin/cmake --build /workspaces/ros_agv_pc/src/build/agv_mcu_package -- -j8 -l8
[1.832s] -- Found ament_cmake: 1.3.7 (/opt/ros/humble/share/ament_cmake/cmake)
[1.832s] -- Found rclcpp: 16.0.8 (/opt/ros/humble/share/rclcpp/cmake)
[1.833s] -- Found rosidl_generator_c: 3.1.5 (/opt/ros/humble/share/rosidl_generator_c/cmake)
[1.833s] -- Found rosidl_adapter: 3.1.5 (/opt/ros/humble/share/rosidl_adapter/cmake)
[1.833s] -- Found rosidl_generator_cpp: 3.1.5 (/opt/ros/humble/share/rosidl_generator_cpp/cmake)
[1.833s] -- Using all available rosidl_typesupport_c: rosidl_typesupport_fastrtps_c;rosidl_typesupport_introspection_c
[1.833s] -- Using all available rosidl_typesupport_cpp: rosidl_typesupport_fastrtps_cpp;rosidl_typesupport_introspection_cpp
[1.953s] -- Found rmw_implementation_cmake: 6.1.1 (/opt/ros/humble/share/rmw_implementation_cmake/cmake)
[1.959s] -- Found rmw_fastrtps_cpp: 6.2.6 (/opt/ros/humble/share/rmw_fastrtps_cpp/cmake)
[2.190s] -- Using RMW implementation 'rmw_fastrtps_cpp' as default
[2.599s] -- Found interfaces: 0.0.0 (/workspaces/ros_agv_pc/src/install/interfaces/share/interfaces/cmake)
[2.665s] -- Found ament_lint_auto: 0.12.10 (/opt/ros/humble/share/ament_lint_auto/cmake)
[2.954s] -- Added test 'cppcheck' to perform static code analysis on C / C++ code
[2.954s] -- Configured cppcheck include dirs: $<BUILD_INTERFACE:/workspaces/ros_agv_pc/src/agv_mcu_package/include>
[2.954s] -- Configured cppcheck exclude dirs and/or files: 
[2.958s] -- Added test 'lint_cmake' to check CMake code style
[2.961s] -- Added test 'uncrustify' to check C / C++ code style
[2.962s] -- Configured uncrustify additional arguments: 
[2.962s] -- Added test 'xmllint' to check XML markup files
[2.973s] -- Configuring done
[3.025s] -- Generating done
[3.028s] -- Build files have been written to: /workspaces/ros_agv_pc/src/build/agv_mcu_package
[3.108s] [35m[1mConsolidate compiler generated dependencies of target stm32_bridge[0m
[3.153s] [ 50%] [32mBuilding CXX object CMakeFiles/stm32_bridge.dir/src/stm32_bridge.cpp.o[0m
[3.196s] [01m[K/workspaces/ros_agv_pc/src/agv_mcu_package/src/stm32_bridge.cpp:11:10:[m[K [01;31m[Kfatal error: [m[Krclcpp/rclcpp.hpp: No such file or directory
[3.196s]    11 | #include [01;31m[K"rclcpp/rclcpp.hpp"[m[K
[3.196s]       |          [01;31m[K^~~~~~~~~~~~~~~~~~~[m[K
[3.196s] compilation terminated.
[3.199s] gmake[2]: *** [CMakeFiles/stm32_bridge.dir/build.make:76: CMakeFiles/stm32_bridge.dir/src/stm32_bridge.cpp.o] Error 1
[3.214s] gmake[1]: *** [CMakeFiles/Makefile2:137: CMakeFiles/stm32_bridge.dir/all] Error 2
[3.217s] gmake: *** [Makefile:146: all] Error 2
[3.425s] Invoked command in '/workspaces/ros_agv_pc/src/build/agv_mcu_package' returned '2': CMAKE_PREFIX_PATH=${CMAKE_PREFIX_PATH}:/workspaces/ros_agv_pc/src/install/textual_gui_pkg:/workspaces/ros_agv_pc/src/install/py_qt_app:/workspaces/ros_agv_pc/src/install/AGV_simulator_description:/opt/ros/humble /usr/bin/cmake --build /workspaces/ros_agv_pc/src/build/agv_mcu_package -- -j8 -l8
