[4.614s] Invoking command in '/workspaces/ros_agv_pc/src/py_qt_app': PYTHONPATH=/workspaces/ros_agv_pc/src/build/py_qt_app/prefix_override:/workspaces/ros_agv_pc/src/install/py_qt_app/lib/python3.10/site-packages:${PYTHONPATH} /usr/bin/python3 setup.py egg_info --egg-base ../build/py_qt_app build --build-base /workspaces/ros_agv_pc/src/build/py_qt_app/build install --record /workspaces/ros_agv_pc/src/build/py_qt_app/install.log --single-version-externally-managed
[5.471s] running egg_info
[5.474s] writing ../build/py_qt_app/py_qt_app.egg-info/PKG-INFO
[5.491s] writing dependency_links to ../build/py_qt_app/py_qt_app.egg-info/dependency_links.txt
[5.492s] writing entry points to ../build/py_qt_app/py_qt_app.egg-info/entry_points.txt
[5.493s] writing requirements to ../build/py_qt_app/py_qt_app.egg-info/requires.txt
[5.494s] writing top-level names to ../build/py_qt_app/py_qt_app.egg-info/top_level.txt
[5.502s] reading manifest file '../build/py_qt_app/py_qt_app.egg-info/SOURCES.txt'
[5.502s] adding license file 'LICENSE'
[5.503s] writing manifest file '../build/py_qt_app/py_qt_app.egg-info/SOURCES.txt'
[5.503s] running build
[5.504s] running build_py
[5.504s] running install
[5.504s] /usr/lib/python3/dist-packages/setuptools/command/install.py:34: SetuptoolsDeprecationWarning: setup.py install is deprecated. Use build and pip and other standards-based tools.
[5.505s]   warnings.warn(
[5.505s] running install_lib
[5.509s] running install_data
[5.510s] running install_egg_info
[5.519s] removing '/workspaces/ros_agv_pc/src/install/py_qt_app/lib/python3.10/site-packages/py_qt_app-0.0.0-py3.10.egg-info' (and everything under it)
[5.520s] Copying ../build/py_qt_app/py_qt_app.egg-info to /workspaces/ros_agv_pc/src/install/py_qt_app/lib/python3.10/site-packages/py_qt_app-0.0.0-py3.10.egg-info
[5.521s] running install_scripts
[5.587s] Installing py_qt_app script to /workspaces/ros_agv_pc/src/install/py_qt_app/lib/py_qt_app
[5.599s] writing list of installed files to '/workspaces/ros_agv_pc/src/build/py_qt_app/install.log'
[5.745s] Invoked command in '/workspaces/ros_agv_pc/src/py_qt_app' returned '0': PYTHONPATH=/workspaces/ros_agv_pc/src/build/py_qt_app/prefix_override:/workspaces/ros_agv_pc/src/install/py_qt_app/lib/python3.10/site-packages:${PYTHONPATH} /usr/bin/python3 setup.py egg_info --egg-base ../build/py_qt_app build --build-base /workspaces/ros_agv_pc/src/build/py_qt_app/build install --record /workspaces/ros_agv_pc/src/build/py_qt_app/install.log --single-version-externally-managed
