[0.507s] Invoking command in '/workspaces/ros_agv_pc/src/build/cpp_qt_app': CMAKE_PREFIX_PATH=${CMAKE_PREFIX_PATH}:/workspaces/ros_agv_pc/install/py_qt_app:/workspaces/ros_agv_pc/install/AGV_simulator_description:/opt/ros/humble /usr/bin/cmake --build /workspaces/ros_agv_pc/src/build/cpp_qt_app -- -j8 -l8
[0.922s] [ 12%] [34m[1mAutomatic MOC and UIC for target cpp_qt_app[0m
[0.971s] [ 12%] Built target cpp_qt_app_autogen
[1.013s] [100%] Built target cpp_qt_app
[1.141s] Invoked command in '/workspaces/ros_agv_pc/src/build/cpp_qt_app' returned '0': CMAKE_PREFIX_PATH=${CMAKE_PREFIX_PATH}:/workspaces/ros_agv_pc/install/py_qt_app:/workspaces/ros_agv_pc/install/AGV_simulator_description:/opt/ros/humble /usr/bin/cmake --build /workspaces/ros_agv_pc/src/build/cpp_qt_app -- -j8 -l8
[1.294s] Invoking command in '/workspaces/ros_agv_pc/src/build/cpp_qt_app': CMAKE_PREFIX_PATH=${CMAKE_PREFIX_PATH}:/workspaces/ros_agv_pc/install/py_qt_app:/workspaces/ros_agv_pc/install/AGV_simulator_description:/opt/ros/humble /usr/bin/cmake --install /workspaces/ros_agv_pc/src/build/cpp_qt_app
[1.302s] -- Install configuration: ""
[1.304s] -- Up-to-date: /workspaces/ros_agv_pc/src/install/cpp_qt_app/lib/cpp_qt_app/cpp_qt_app
[1.304s] -- Up-to-date: /workspaces/ros_agv_pc/src/install/cpp_qt_app/share/ament_index/resource_index/package_run_dependencies/cpp_qt_app
[1.304s] -- Up-to-date: /workspaces/ros_agv_pc/src/install/cpp_qt_app/share/ament_index/resource_index/parent_prefix_path/cpp_qt_app
[1.304s] -- Up-to-date: /workspaces/ros_agv_pc/src/install/cpp_qt_app/share/cpp_qt_app/environment/ament_prefix_path.sh
[1.305s] -- Up-to-date: /workspaces/ros_agv_pc/src/install/cpp_qt_app/share/cpp_qt_app/environment/ament_prefix_path.dsv
[1.305s] -- Up-to-date: /workspaces/ros_agv_pc/src/install/cpp_qt_app/share/cpp_qt_app/environment/path.sh
[1.305s] -- Up-to-date: /workspaces/ros_agv_pc/src/install/cpp_qt_app/share/cpp_qt_app/environment/path.dsv
[1.305s] -- Up-to-date: /workspaces/ros_agv_pc/src/install/cpp_qt_app/share/cpp_qt_app/local_setup.bash
[1.305s] -- Up-to-date: /workspaces/ros_agv_pc/src/install/cpp_qt_app/share/cpp_qt_app/local_setup.sh
[1.305s] -- Up-to-date: /workspaces/ros_agv_pc/src/install/cpp_qt_app/share/cpp_qt_app/local_setup.zsh
[1.305s] -- Up-to-date: /workspaces/ros_agv_pc/src/install/cpp_qt_app/share/cpp_qt_app/local_setup.dsv
[1.305s] -- Installing: /workspaces/ros_agv_pc/src/install/cpp_qt_app/share/cpp_qt_app/package.dsv
[1.306s] -- Up-to-date: /workspaces/ros_agv_pc/src/install/cpp_qt_app/share/ament_index/resource_index/packages/cpp_qt_app
[1.306s] -- Up-to-date: /workspaces/ros_agv_pc/src/install/cpp_qt_app/share/cpp_qt_app/cmake/cpp_qt_appConfig.cmake
[1.306s] -- Up-to-date: /workspaces/ros_agv_pc/src/install/cpp_qt_app/share/cpp_qt_app/cmake/cpp_qt_appConfig-version.cmake
[1.306s] -- Up-to-date: /workspaces/ros_agv_pc/src/install/cpp_qt_app/share/cpp_qt_app/package.xml
[1.308s] Invoked command in '/workspaces/ros_agv_pc/src/build/cpp_qt_app' returned '0': CMAKE_PREFIX_PATH=${CMAKE_PREFIX_PATH}:/workspaces/ros_agv_pc/install/py_qt_app:/workspaces/ros_agv_pc/install/AGV_simulator_description:/opt/ros/humble /usr/bin/cmake --install /workspaces/ros_agv_pc/src/build/cpp_qt_app
