[1.164s] Invoking command in '/workspaces/ros_agv_pc/src/build/interfaces': CMAKE_PREFIX_PATH=${CMAKE_PREFIX_PATH}:/workspaces/ros_agv_pc/src/install/textual_gui_pkg:/workspaces/ros_agv_pc/src/install/py_qt_app:/workspaces/ros_agv_pc/src/install/AGV_simulator_description:/opt/ros/humble /usr/bin/cmake --build /workspaces/ros_agv_pc/src/build/interfaces -- -j8 -l8
[2.744s] [  3%] Built target interfaces__cpp
[2.745s] [ 12%] Built target interfaces__rosidl_generator_c
[2.747s] [ 12%] Built target ament_cmake_python_copy_interfaces
[2.747s] [ 22%] Built target interfaces__rosidl_typesupport_fastrtps_c
[2.747s] [ 32%] Built target interfaces__rosidl_typesupport_introspection_cpp
[2.748s] [ 41%] Built target interfaces__rosidl_typesupport_c
[2.748s] [ 51%] Built target interfaces__rosidl_typesupport_fastrtps_cpp
[2.749s] [ 70%] Built target interfaces__rosidl_typesupport_cpp
[2.749s] [ 70%] Built target interfaces__rosidl_typesupport_introspection_c
[2.749s] [ 70%] Built target interfaces
[2.749s] [ 74%] Built target interfaces__py
[2.749s] [ 80%] Built target interfaces__rosidl_generator_py
[2.749s] [ 87%] Built target interfaces__rosidl_typesupport_fastrtps_c__pyext
[2.749s] [ 93%] Built target interfaces__rosidl_typesupport_introspection_c__pyext
[2.750s] [100%] Built target interfaces__rosidl_typesupport_c__pyext
[2.750s] running egg_info
[2.750s] writing interfaces.egg-info/PKG-INFO
[2.750s] writing dependency_links to interfaces.egg-info/dependency_links.txt
[2.750s] writing top-level names to interfaces.egg-info/top_level.txt
[2.750s] reading manifest file 'interfaces.egg-info/SOURCES.txt'
[2.750s] writing manifest file 'interfaces.egg-info/SOURCES.txt'
[2.750s] [100%] Built target ament_cmake_python_build_interfaces_egg
[3.399s] Invoked command in '/workspaces/ros_agv_pc/src/build/interfaces' returned '0': CMAKE_PREFIX_PATH=${CMAKE_PREFIX_PATH}:/workspaces/ros_agv_pc/src/install/textual_gui_pkg:/workspaces/ros_agv_pc/src/install/py_qt_app:/workspaces/ros_agv_pc/src/install/AGV_simulator_description:/opt/ros/humble /usr/bin/cmake --build /workspaces/ros_agv_pc/src/build/interfaces -- -j8 -l8
[3.782s] Invoking command in '/workspaces/ros_agv_pc/src/build/interfaces': CMAKE_PREFIX_PATH=${CMAKE_PREFIX_PATH}:/workspaces/ros_agv_pc/src/install/textual_gui_pkg:/workspaces/ros_agv_pc/src/install/py_qt_app:/workspaces/ros_agv_pc/src/install/AGV_simulator_description:/opt/ros/humble /usr/bin/cmake --install /workspaces/ros_agv_pc/src/build/interfaces
[4.253s] -- Install configuration: ""
[4.253s] -- Up-to-date: /workspaces/ros_agv_pc/src/install/interfaces/share/ament_index/resource_index/rosidl_interfaces/interfaces
[4.253s] -- Up-to-date: /workspaces/ros_agv_pc/src/install/interfaces/include/interfaces/interfaces
[4.254s] -- Up-to-date: /workspaces/ros_agv_pc/src/install/interfaces/include/interfaces/interfaces/msg
[4.257s] -- Up-to-date: /workspaces/ros_agv_pc/src/install/interfaces/include/interfaces/interfaces/msg/detail
[4.257s] -- Up-to-date: /workspaces/ros_agv_pc/src/install/interfaces/include/interfaces/interfaces/msg/detail/steer__functions.c
[4.258s] -- Up-to-date: /workspaces/ros_agv_pc/src/install/interfaces/include/interfaces/interfaces/msg/detail/steer__functions.h
[4.258s] -- Up-to-date: /workspaces/ros_agv_pc/src/install/interfaces/include/interfaces/interfaces/msg/detail/steer__struct.h
[4.258s] -- Up-to-date: /workspaces/ros_agv_pc/src/install/interfaces/include/interfaces/interfaces/msg/detail/steer__type_support.h
[4.258s] -- Up-to-date: /workspaces/ros_agv_pc/src/install/interfaces/include/interfaces/interfaces/msg/rosidl_generator_c__visibility_control.h
[4.259s] -- Up-to-date: /workspaces/ros_agv_pc/src/install/interfaces/include/interfaces/interfaces/msg/steer.h
[4.259s] -- Up-to-date: /workspaces/ros_agv_pc/src/install/interfaces/share/interfaces/environment/library_path.sh
[4.259s] -- Up-to-date: /workspaces/ros_agv_pc/src/install/interfaces/share/interfaces/environment/library_path.dsv
[4.264s] -- Up-to-date: /workspaces/ros_agv_pc/src/install/interfaces/lib/libinterfaces__rosidl_generator_c.so
[4.265s] -- Up-to-date: /workspaces/ros_agv_pc/src/install/interfaces/include/interfaces/interfaces
[4.269s] -- Up-to-date: /workspaces/ros_agv_pc/src/install/interfaces/include/interfaces/interfaces/msg
[4.270s] -- Up-to-date: /workspaces/ros_agv_pc/src/install/interfaces/include/interfaces/interfaces/msg/detail
[4.271s] -- Up-to-date: /workspaces/ros_agv_pc/src/install/interfaces/include/interfaces/interfaces/msg/detail/steer__rosidl_typesupport_fastrtps_c.h
[4.271s] -- Up-to-date: /workspaces/ros_agv_pc/src/install/interfaces/include/interfaces/interfaces/msg/rosidl_typesupport_fastrtps_c__visibility_control.h
[4.271s] -- Up-to-date: /workspaces/ros_agv_pc/src/install/interfaces/lib/libinterfaces__rosidl_typesupport_fastrtps_c.so
[4.272s] -- Up-to-date: /workspaces/ros_agv_pc/src/install/interfaces/include/interfaces/interfaces
[4.272s] -- Up-to-date: /workspaces/ros_agv_pc/src/install/interfaces/include/interfaces/interfaces/msg
[4.272s] -- Up-to-date: /workspaces/ros_agv_pc/src/install/interfaces/include/interfaces/interfaces/msg/rosidl_typesupport_introspection_c__visibility_control.h
[4.272s] -- Up-to-date: /workspaces/ros_agv_pc/src/install/interfaces/include/interfaces/interfaces/msg/detail
[4.272s] -- Up-to-date: /workspaces/ros_agv_pc/src/install/interfaces/include/interfaces/interfaces/msg/detail/steer__type_support.c
[4.272s] -- Up-to-date: /workspaces/ros_agv_pc/src/install/interfaces/include/interfaces/interfaces/msg/detail/steer__rosidl_typesupport_introspection_c.h
[4.273s] -- Up-to-date: /workspaces/ros_agv_pc/src/install/interfaces/lib/libinterfaces__rosidl_typesupport_introspection_c.so
[4.279s] -- Up-to-date: /workspaces/ros_agv_pc/src/install/interfaces/lib/libinterfaces__rosidl_typesupport_c.so
[4.279s] -- Up-to-date: /workspaces/ros_agv_pc/src/install/interfaces/include/interfaces/interfaces
[4.279s] -- Up-to-date: /workspaces/ros_agv_pc/src/install/interfaces/include/interfaces/interfaces/msg
[4.280s] -- Up-to-date: /workspaces/ros_agv_pc/src/install/interfaces/include/interfaces/interfaces/msg/detail
[4.280s] -- Up-to-date: /workspaces/ros_agv_pc/src/install/interfaces/include/interfaces/interfaces/msg/detail/steer__traits.hpp
[4.280s] -- Up-to-date: /workspaces/ros_agv_pc/src/install/interfaces/include/interfaces/interfaces/msg/detail/steer__builder.hpp
[4.280s] -- Up-to-date: /workspaces/ros_agv_pc/src/install/interfaces/include/interfaces/interfaces/msg/detail/steer__struct.hpp
[4.280s] -- Up-to-date: /workspaces/ros_agv_pc/src/install/interfaces/include/interfaces/interfaces/msg/steer.hpp
[4.281s] -- Up-to-date: /workspaces/ros_agv_pc/src/install/interfaces/include/interfaces/interfaces
[4.281s] -- Up-to-date: /workspaces/ros_agv_pc/src/install/interfaces/include/interfaces/interfaces/msg
[4.281s] -- Up-to-date: /workspaces/ros_agv_pc/src/install/interfaces/include/interfaces/interfaces/msg/detail
[4.281s] -- Up-to-date: /workspaces/ros_agv_pc/src/install/interfaces/include/interfaces/interfaces/msg/detail/steer__rosidl_typesupport_fastrtps_cpp.hpp
[4.287s] -- Up-to-date: /workspaces/ros_agv_pc/src/install/interfaces/include/interfaces/interfaces/msg/detail/dds_fastrtps
[4.287s] -- Up-to-date: /workspaces/ros_agv_pc/src/install/interfaces/include/interfaces/interfaces/msg/rosidl_typesupport_fastrtps_cpp__visibility_control.h
[4.288s] -- Up-to-date: /workspaces/ros_agv_pc/src/install/interfaces/lib/libinterfaces__rosidl_typesupport_fastrtps_cpp.so
[4.288s] -- Up-to-date: /workspaces/ros_agv_pc/src/install/interfaces/include/interfaces/interfaces
[4.288s] -- Up-to-date: /workspaces/ros_agv_pc/src/install/interfaces/include/interfaces/interfaces/msg
[4.288s] -- Up-to-date: /workspaces/ros_agv_pc/src/install/interfaces/include/interfaces/interfaces/msg/detail
[4.288s] -- Up-to-date: /workspaces/ros_agv_pc/src/install/interfaces/include/interfaces/interfaces/msg/detail/steer__rosidl_typesupport_introspection_cpp.hpp
[4.289s] -- Up-to-date: /workspaces/ros_agv_pc/src/install/interfaces/include/interfaces/interfaces/msg/detail/steer__type_support.cpp
[4.289s] -- Up-to-date: /workspaces/ros_agv_pc/src/install/interfaces/lib/libinterfaces__rosidl_typesupport_introspection_cpp.so
[4.302s] -- Up-to-date: /workspaces/ros_agv_pc/src/install/interfaces/lib/libinterfaces__rosidl_typesupport_cpp.so
[4.303s] -- Up-to-date: /workspaces/ros_agv_pc/src/install/interfaces/share/interfaces/environment/pythonpath.sh
[4.304s] -- Up-to-date: /workspaces/ros_agv_pc/src/install/interfaces/share/interfaces/environment/pythonpath.dsv
[4.305s] -- Up-to-date: /workspaces/ros_agv_pc/src/install/interfaces/local/lib/python3.10/dist-packages/interfaces-0.0.0-py3.10.egg-info
[4.306s] -- Installing: /workspaces/ros_agv_pc/src/install/interfaces/local/lib/python3.10/dist-packages/interfaces-0.0.0-py3.10.egg-info/PKG-INFO
[4.319s] -- Installing: /workspaces/ros_agv_pc/src/install/interfaces/local/lib/python3.10/dist-packages/interfaces-0.0.0-py3.10.egg-info/dependency_links.txt
[4.338s] -- Installing: /workspaces/ros_agv_pc/src/install/interfaces/local/lib/python3.10/dist-packages/interfaces-0.0.0-py3.10.egg-info/top_level.txt
[4.339s] -- Installing: /workspaces/ros_agv_pc/src/install/interfaces/local/lib/python3.10/dist-packages/interfaces-0.0.0-py3.10.egg-info/SOURCES.txt
[4.339s] -- Up-to-date: /workspaces/ros_agv_pc/src/install/interfaces/local/lib/python3.10/dist-packages/interfaces
[4.355s] -- Up-to-date: /workspaces/ros_agv_pc/src/install/interfaces/local/lib/python3.10/dist-packages/interfaces/_interfaces_s.ep.rosidl_typesupport_fastrtps_c.c
[4.356s] -- Up-to-date: /workspaces/ros_agv_pc/src/install/interfaces/local/lib/python3.10/dist-packages/interfaces/_interfaces_s.ep.rosidl_typesupport_introspection_c.c
[4.357s] -- Up-to-date: /workspaces/ros_agv_pc/src/install/interfaces/local/lib/python3.10/dist-packages/interfaces/interfaces_s__rosidl_typesupport_introspection_c.cpython-310-x86_64-linux-gnu.so
[4.357s] -- Up-to-date: /workspaces/ros_agv_pc/src/install/interfaces/local/lib/python3.10/dist-packages/interfaces/_interfaces_s.ep.rosidl_typesupport_c.c
[4.357s] -- Up-to-date: /workspaces/ros_agv_pc/src/install/interfaces/local/lib/python3.10/dist-packages/interfaces/libinterfaces__rosidl_generator_py.so
[4.357s] -- Up-to-date: /workspaces/ros_agv_pc/src/install/interfaces/local/lib/python3.10/dist-packages/interfaces/msg
[4.357s] -- Up-to-date: /workspaces/ros_agv_pc/src/install/interfaces/local/lib/python3.10/dist-packages/interfaces/msg/__init__.py
[4.358s] -- Up-to-date: /workspaces/ros_agv_pc/src/install/interfaces/local/lib/python3.10/dist-packages/interfaces/msg/_steer.py
[4.358s] -- Up-to-date: /workspaces/ros_agv_pc/src/install/interfaces/local/lib/python3.10/dist-packages/interfaces/msg/_steer_s.c
[4.358s] -- Up-to-date: /workspaces/ros_agv_pc/src/install/interfaces/local/lib/python3.10/dist-packages/interfaces/interfaces_s__rosidl_typesupport_c.cpython-310-x86_64-linux-gnu.so
[4.358s] -- Up-to-date: /workspaces/ros_agv_pc/src/install/interfaces/local/lib/python3.10/dist-packages/interfaces/__init__.py
[4.358s] -- Up-to-date: /workspaces/ros_agv_pc/src/install/interfaces/local/lib/python3.10/dist-packages/interfaces/interfaces_s__rosidl_typesupport_fastrtps_c.cpython-310-x86_64-linux-gnu.so
[4.360s] Listing '/workspaces/ros_agv_pc/src/install/interfaces/local/lib/python3.10/dist-packages/interfaces'...
[4.361s] Listing '/workspaces/ros_agv_pc/src/install/interfaces/local/lib/python3.10/dist-packages/interfaces/msg'...
[4.361s] -- Up-to-date: /workspaces/ros_agv_pc/src/install/interfaces/local/lib/python3.10/dist-packages/interfaces/interfaces_s__rosidl_typesupport_fastrtps_c.cpython-310-x86_64-linux-gnu.so
[4.361s] -- Up-to-date: /workspaces/ros_agv_pc/src/install/interfaces/local/lib/python3.10/dist-packages/interfaces/interfaces_s__rosidl_typesupport_introspection_c.cpython-310-x86_64-linux-gnu.so
[4.362s] -- Up-to-date: /workspaces/ros_agv_pc/src/install/interfaces/local/lib/python3.10/dist-packages/interfaces/interfaces_s__rosidl_typesupport_c.cpython-310-x86_64-linux-gnu.so
[4.362s] -- Up-to-date: /workspaces/ros_agv_pc/src/install/interfaces/lib/libinterfaces__rosidl_generator_py.so
[4.362s] -- Up-to-date: /workspaces/ros_agv_pc/src/install/interfaces/share/interfaces/msg/Steer.idl
[4.362s] -- Up-to-date: /workspaces/ros_agv_pc/src/install/interfaces/share/interfaces/msg/Steer.msg
[4.362s] -- Up-to-date: /workspaces/ros_agv_pc/src/install/interfaces/share/ament_index/resource_index/package_run_dependencies/interfaces
[4.362s] -- Up-to-date: /workspaces/ros_agv_pc/src/install/interfaces/share/ament_index/resource_index/parent_prefix_path/interfaces
[4.363s] -- Up-to-date: /workspaces/ros_agv_pc/src/install/interfaces/share/interfaces/environment/ament_prefix_path.sh
[4.363s] -- Up-to-date: /workspaces/ros_agv_pc/src/install/interfaces/share/interfaces/environment/ament_prefix_path.dsv
[4.363s] -- Up-to-date: /workspaces/ros_agv_pc/src/install/interfaces/share/interfaces/environment/path.sh
[4.363s] -- Up-to-date: /workspaces/ros_agv_pc/src/install/interfaces/share/interfaces/environment/path.dsv
[4.363s] -- Up-to-date: /workspaces/ros_agv_pc/src/install/interfaces/share/interfaces/local_setup.bash
[4.364s] -- Up-to-date: /workspaces/ros_agv_pc/src/install/interfaces/share/interfaces/local_setup.sh
[4.364s] -- Up-to-date: /workspaces/ros_agv_pc/src/install/interfaces/share/interfaces/local_setup.zsh
[4.364s] -- Up-to-date: /workspaces/ros_agv_pc/src/install/interfaces/share/interfaces/local_setup.dsv
[4.364s] -- Installing: /workspaces/ros_agv_pc/src/install/interfaces/share/interfaces/package.dsv
[4.364s] -- Up-to-date: /workspaces/ros_agv_pc/src/install/interfaces/share/ament_index/resource_index/packages/interfaces
[4.365s] -- Up-to-date: /workspaces/ros_agv_pc/src/install/interfaces/share/interfaces/cmake/export_interfaces__rosidl_generator_cExport.cmake
[4.365s] -- Up-to-date: /workspaces/ros_agv_pc/src/install/interfaces/share/interfaces/cmake/export_interfaces__rosidl_generator_cExport-noconfig.cmake
[4.365s] -- Up-to-date: /workspaces/ros_agv_pc/src/install/interfaces/share/interfaces/cmake/export_interfaces__rosidl_typesupport_fastrtps_cExport.cmake
[4.365s] -- Up-to-date: /workspaces/ros_agv_pc/src/install/interfaces/share/interfaces/cmake/export_interfaces__rosidl_typesupport_fastrtps_cExport-noconfig.cmake
[4.366s] -- Up-to-date: /workspaces/ros_agv_pc/src/install/interfaces/share/interfaces/cmake/interfaces__rosidl_typesupport_introspection_cExport.cmake
[4.366s] -- Up-to-date: /workspaces/ros_agv_pc/src/install/interfaces/share/interfaces/cmake/interfaces__rosidl_typesupport_introspection_cExport-noconfig.cmake
[4.366s] -- Up-to-date: /workspaces/ros_agv_pc/src/install/interfaces/share/interfaces/cmake/interfaces__rosidl_typesupport_cExport.cmake
[4.366s] -- Up-to-date: /workspaces/ros_agv_pc/src/install/interfaces/share/interfaces/cmake/interfaces__rosidl_typesupport_cExport-noconfig.cmake
[4.367s] -- Up-to-date: /workspaces/ros_agv_pc/src/install/interfaces/share/interfaces/cmake/export_interfaces__rosidl_generator_cppExport.cmake
[4.367s] -- Up-to-date: /workspaces/ros_agv_pc/src/install/interfaces/share/interfaces/cmake/export_interfaces__rosidl_typesupport_fastrtps_cppExport.cmake
[4.367s] -- Up-to-date: /workspaces/ros_agv_pc/src/install/interfaces/share/interfaces/cmake/export_interfaces__rosidl_typesupport_fastrtps_cppExport-noconfig.cmake
[4.367s] -- Up-to-date: /workspaces/ros_agv_pc/src/install/interfaces/share/interfaces/cmake/interfaces__rosidl_typesupport_introspection_cppExport.cmake
[4.367s] -- Up-to-date: /workspaces/ros_agv_pc/src/install/interfaces/share/interfaces/cmake/interfaces__rosidl_typesupport_introspection_cppExport-noconfig.cmake
[4.367s] -- Up-to-date: /workspaces/ros_agv_pc/src/install/interfaces/share/interfaces/cmake/interfaces__rosidl_typesupport_cppExport.cmake
[4.368s] -- Up-to-date: /workspaces/ros_agv_pc/src/install/interfaces/share/interfaces/cmake/interfaces__rosidl_typesupport_cppExport-noconfig.cmake
[4.368s] -- Up-to-date: /workspaces/ros_agv_pc/src/install/interfaces/share/interfaces/cmake/export_interfaces__rosidl_generator_pyExport.cmake
[4.368s] -- Up-to-date: /workspaces/ros_agv_pc/src/install/interfaces/share/interfaces/cmake/export_interfaces__rosidl_generator_pyExport-noconfig.cmake
[4.372s] -- Up-to-date: /workspaces/ros_agv_pc/src/install/interfaces/share/interfaces/cmake/rosidl_cmake-extras.cmake
[4.384s] -- Up-to-date: /workspaces/ros_agv_pc/src/install/interfaces/share/interfaces/cmake/ament_cmake_export_include_directories-extras.cmake
[4.384s] -- Up-to-date: /workspaces/ros_agv_pc/src/install/interfaces/share/interfaces/cmake/ament_cmake_export_libraries-extras.cmake
[4.385s] -- Up-to-date: /workspaces/ros_agv_pc/src/install/interfaces/share/interfaces/cmake/ament_cmake_export_targets-extras.cmake
[4.385s] -- Up-to-date: /workspaces/ros_agv_pc/src/install/interfaces/share/interfaces/cmake/rosidl_cmake_export_typesupport_targets-extras.cmake
[4.385s] -- Up-to-date: /workspaces/ros_agv_pc/src/install/interfaces/share/interfaces/cmake/ament_cmake_export_dependencies-extras.cmake
[4.386s] -- Up-to-date: /workspaces/ros_agv_pc/src/install/interfaces/share/interfaces/cmake/rosidl_cmake_export_typesupport_libraries-extras.cmake
[4.386s] -- Up-to-date: /workspaces/ros_agv_pc/src/install/interfaces/share/interfaces/cmake/interfacesConfig.cmake
[4.386s] -- Up-to-date: /workspaces/ros_agv_pc/src/install/interfaces/share/interfaces/cmake/interfacesConfig-version.cmake
[4.386s] -- Up-to-date: /workspaces/ros_agv_pc/src/install/interfaces/share/interfaces/package.xml
[4.636s] Invoked command in '/workspaces/ros_agv_pc/src/build/interfaces' returned '0': CMAKE_PREFIX_PATH=${CMAKE_PREFIX_PATH}:/workspaces/ros_agv_pc/src/install/textual_gui_pkg:/workspaces/ros_agv_pc/src/install/py_qt_app:/workspaces/ros_agv_pc/src/install/AGV_simulator_description:/opt/ros/humble /usr/bin/cmake --install /workspaces/ros_agv_pc/src/build/interfaces
