[1.001s] Invoking command in '/workspaces/ros_agv_pc/src/build/publisher_pkg': CMAKE_PREFIX_PATH=/opt/ros/humble /usr/bin/cmake --build /workspaces/ros_agv_pc/src/build/publisher_pkg -- -j8 -l8
[1.422s] -- Found ament_cmake: 1.3.7 (/opt/ros/humble/share/ament_cmake/cmake)
[1.423s] -- Found rclcpp: 16.0.8 (/opt/ros/humble/share/rclcpp/cmake)
[1.524s] -- Found rosidl_generator_c: 3.1.5 (/opt/ros/humble/share/rosidl_generator_c/cmake)
[1.532s] -- Found rosidl_adapter: 3.1.5 (/opt/ros/humble/share/rosidl_adapter/cmake)
[1.556s] -- Found rosidl_generator_cpp: 3.1.5 (/opt/ros/humble/share/rosidl_generator_cpp/cmake)
[1.596s] -- Using all available rosidl_typesupport_c: rosidl_typesupport_fastrtps_c;rosidl_typesupport_introspection_c
[1.657s] -- Using all available rosidl_typesupport_cpp: rosidl_typesupport_fastrtps_cpp;rosidl_typesupport_introspection_cpp
[1.851s] -- Found rmw_implementation_cmake: 6.1.1 (/opt/ros/humble/share/rmw_implementation_cmake/cmake)
[1.860s] -- Found rmw_fastrtps_cpp: 6.2.6 (/opt/ros/humble/share/rmw_fastrtps_cpp/cmake)
[2.245s] -- Using RMW implementation 'rmw_fastrtps_cpp' as default
[2.687s] -- Found ament_lint_auto: 0.12.10 (/opt/ros/humble/share/ament_lint_auto/cmake)
[2.829s] -- Added test 'cppcheck' to perform static code analysis on C / C++ code
[2.830s] -- Configured cppcheck include dirs: $<BUILD_INTERFACE:/workspaces/ros_agv_pc/src/publisher_pkg/include>
[2.830s] -- Configured cppcheck exclude dirs and/or files: 
[2.832s] -- Added test 'lint_cmake' to check CMake code style
[2.835s] -- Added test 'uncrustify' to check C / C++ code style
[2.835s] -- Configured uncrustify additional arguments: 
[2.837s] -- Added test 'xmllint' to check XML markup files
[2.838s] -- Configuring done
[2.867s] -- Generating done
[2.870s] -- Build files have been written to: /workspaces/ros_agv_pc/src/build/publisher_pkg
[2.922s] [35m[1mConsolidate compiler generated dependencies of target publisher_exp[0m
[2.982s] [ 50%] [32mBuilding CXX object CMakeFiles/publisher_exp.dir/src/publisher_exp.cpp.o[0m
[11.250s] [100%] [32m[1mLinking CXX executable publisher_exp[0m
[11.531s] [100%] Built target publisher_exp
[11.546s] Invoked command in '/workspaces/ros_agv_pc/src/build/publisher_pkg' returned '0': CMAKE_PREFIX_PATH=/opt/ros/humble /usr/bin/cmake --build /workspaces/ros_agv_pc/src/build/publisher_pkg -- -j8 -l8
[11.581s] Invoking command in '/workspaces/ros_agv_pc/src/build/publisher_pkg': CMAKE_PREFIX_PATH=/opt/ros/humble /usr/bin/cmake --install /workspaces/ros_agv_pc/src/build/publisher_pkg
[11.589s] -- Install configuration: ""
[11.590s] -- Installing: /workspaces/ros_agv_pc/src/install/publisher_pkg/lib/publisher_pkg/publisher_exp
[11.591s] -- Set runtime path of "/workspaces/ros_agv_pc/src/install/publisher_pkg/lib/publisher_pkg/publisher_exp" to ""
[11.591s] -- Up-to-date: /workspaces/ros_agv_pc/src/install/publisher_pkg/share/ament_index/resource_index/package_run_dependencies/publisher_pkg
[11.592s] -- Up-to-date: /workspaces/ros_agv_pc/src/install/publisher_pkg/share/ament_index/resource_index/parent_prefix_path/publisher_pkg
[11.592s] -- Installing: /workspaces/ros_agv_pc/src/install/publisher_pkg/share/publisher_pkg/environment/ament_prefix_path.sh
[11.592s] -- Installing: /workspaces/ros_agv_pc/src/install/publisher_pkg/share/publisher_pkg/environment/ament_prefix_path.dsv
[11.592s] -- Installing: /workspaces/ros_agv_pc/src/install/publisher_pkg/share/publisher_pkg/environment/path.sh
[11.592s] -- Installing: /workspaces/ros_agv_pc/src/install/publisher_pkg/share/publisher_pkg/environment/path.dsv
[11.592s] -- Up-to-date: /workspaces/ros_agv_pc/src/install/publisher_pkg/share/publisher_pkg/local_setup.bash
[11.592s] -- Up-to-date: /workspaces/ros_agv_pc/src/install/publisher_pkg/share/publisher_pkg/local_setup.sh
[11.592s] -- Up-to-date: /workspaces/ros_agv_pc/src/install/publisher_pkg/share/publisher_pkg/local_setup.zsh
[11.592s] -- Installing: /workspaces/ros_agv_pc/src/install/publisher_pkg/share/publisher_pkg/local_setup.dsv
[11.592s] -- Installing: /workspaces/ros_agv_pc/src/install/publisher_pkg/share/publisher_pkg/package.dsv
[11.593s] -- Up-to-date: /workspaces/ros_agv_pc/src/install/publisher_pkg/share/ament_index/resource_index/packages/publisher_pkg
[11.593s] -- Up-to-date: /workspaces/ros_agv_pc/src/install/publisher_pkg/share/publisher_pkg/cmake/publisher_pkgConfig.cmake
[11.593s] -- Up-to-date: /workspaces/ros_agv_pc/src/install/publisher_pkg/share/publisher_pkg/cmake/publisher_pkgConfig-version.cmake
[11.593s] -- Up-to-date: /workspaces/ros_agv_pc/src/install/publisher_pkg/share/publisher_pkg/package.xml
[11.595s] Invoked command in '/workspaces/ros_agv_pc/src/build/publisher_pkg' returned '0': CMAKE_PREFIX_PATH=/opt/ros/humble /usr/bin/cmake --install /workspaces/ros_agv_pc/src/build/publisher_pkg
