[0.707s] Invoking command in '/workspaces/ros_agv_pc/src/build/cpp_qt_app': CMAKE_PREFIX_PATH=/opt/ros/humble /usr/bin/cmake /workspaces/ros_agv_pc/src/cpp_qt_app -DCMAKE_INSTALL_PREFIX=/workspaces/ros_agv_pc/src/install/cpp_qt_app
[0.843s] -- The C compiler identification is GNU 11.4.0
[0.953s] -- The CXX compiler identification is GNU 11.4.0
[0.969s] -- Detecting C compiler ABI info
[1.093s] -- Detecting C compiler ABI info - done
[1.127s] -- Check for working C compiler: /usr/bin/cc - skipped
[1.128s] -- Detecting C compile features
[1.129s] -- Detecting C compile features - done
[1.138s] -- Detecting CXX compiler ABI info
[1.303s] -- Detecting CXX compiler ABI info - done
[1.321s] -- Check for working CXX compiler: /usr/bin/c++ - skipped
[1.321s] -- Detecting CXX compile features
[1.322s] -- Detecting CXX compile features - done
[1.329s] -- Found ament_cmake: 1.3.7 (/opt/ros/humble/share/ament_cmake/cmake)
[1.690s] -- Found Python3: /usr/bin/python3.10 (found version "3.10.12") found components: Interpreter 
[1.919s] -- Found rclcpp: 16.0.8 (/opt/ros/humble/share/rclcpp/cmake)
[2.042s] -- Found rosidl_generator_c: 3.1.5 (/opt/ros/humble/share/rosidl_generator_c/cmake)
[2.062s] -- Found rosidl_adapter: 3.1.5 (/opt/ros/humble/share/rosidl_adapter/cmake)
[2.086s] -- Found rosidl_generator_cpp: 3.1.5 (/opt/ros/humble/share/rosidl_generator_cpp/cmake)
[2.127s] -- Using all available rosidl_typesupport_c: rosidl_typesupport_fastrtps_c;rosidl_typesupport_introspection_c
[2.175s] -- Using all available rosidl_typesupport_cpp: rosidl_typesupport_fastrtps_cpp;rosidl_typesupport_introspection_cpp
[2.330s] -- Found rmw_implementation_cmake: 6.1.1 (/opt/ros/humble/share/rmw_implementation_cmake/cmake)
[2.336s] -- Found rmw_fastrtps_cpp: 6.2.6 (/opt/ros/humble/share/rmw_fastrtps_cpp/cmake)
[2.540s] -- Found OpenSSL: /usr/lib/x86_64-linux-gnu/libcrypto.so (found version "3.0.2")  
[2.609s] -- Found FastRTPS: /opt/ros/humble/include  
[2.761s] -- Using RMW implementation 'rmw_fastrtps_cpp' as default
[2.787s] -- Looking for pthread.h
[2.986s] -- Looking for pthread.h - found
[2.987s] -- Performing Test CMAKE_HAVE_LIBC_PTHREAD
[3.177s] -- Performing Test CMAKE_HAVE_LIBC_PTHREAD - Success
[3.179s] -- Found Threads: TRUE  
[3.634s] -- Found OpenCV: /usr (found version "4.5.4") 
[3.751s] -- Configuring done
[3.791s] -- Generating done
[3.796s] -- Build files have been written to: /workspaces/ros_agv_pc/src/build/cpp_qt_app
[3.824s] Invoked command in '/workspaces/ros_agv_pc/src/build/cpp_qt_app' returned '0': CMAKE_PREFIX_PATH=/opt/ros/humble /usr/bin/cmake /workspaces/ros_agv_pc/src/cpp_qt_app -DCMAKE_INSTALL_PREFIX=/workspaces/ros_agv_pc/src/install/cpp_qt_app
[3.830s] Invoking command in '/workspaces/ros_agv_pc/src/build/cpp_qt_app': CMAKE_PREFIX_PATH=/opt/ros/humble /usr/bin/cmake --build /workspaces/ros_agv_pc/src/build/cpp_qt_app -- -j8 -l8
[3.917s] [ 12%] [34m[1mAutomatic MOC and UIC for target cpp_qt_app[0m
[4.517s] [ 12%] Built target cpp_qt_app_autogen
[4.560s] [ 37%] [32mBuilding CXX object CMakeFiles/cpp_qt_app.dir/src/cameras.cpp.o[0m
[4.560s] [ 50%] [32mBuilding CXX object CMakeFiles/cpp_qt_app.dir/src/control.cpp.o[0m
[4.561s] [ 62%] [32mBuilding CXX object CMakeFiles/cpp_qt_app.dir/src/mainwindow.cpp.o[0m
[4.561s] [ 62%] [32mBuilding CXX object CMakeFiles/cpp_qt_app.dir/cpp_qt_app_autogen/mocs_compilation.cpp.o[0m
[4.565s] [ 75%] [32mBuilding CXX object CMakeFiles/cpp_qt_app.dir/src/settings.cpp.o[0m
[4.569s] [ 87%] [32mBuilding CXX object CMakeFiles/cpp_qt_app.dir/src/main.cpp.o[0m
[10.171s] [100%] [32m[1mLinking CXX executable cpp_qt_app[0m
[13.389s] [100%] Built target cpp_qt_app
[13.413s] Invoked command in '/workspaces/ros_agv_pc/src/build/cpp_qt_app' returned '0': CMAKE_PREFIX_PATH=/opt/ros/humble /usr/bin/cmake --build /workspaces/ros_agv_pc/src/build/cpp_qt_app -- -j8 -l8
[13.488s] Invoking command in '/workspaces/ros_agv_pc/src/build/cpp_qt_app': CMAKE_PREFIX_PATH=/opt/ros/humble /usr/bin/cmake --install /workspaces/ros_agv_pc/src/build/cpp_qt_app
[13.498s] -- Install configuration: ""
[13.499s] -- Installing: /workspaces/ros_agv_pc/src/install/cpp_qt_app/lib/cpp_qt_app/cpp_qt_app
[13.500s] -- Set runtime path of "/workspaces/ros_agv_pc/src/install/cpp_qt_app/lib/cpp_qt_app/cpp_qt_app" to ""
[13.500s] -- Installing: /workspaces/ros_agv_pc/src/install/cpp_qt_app/share/ament_index/resource_index/package_run_dependencies/cpp_qt_app
[13.500s] -- Installing: /workspaces/ros_agv_pc/src/install/cpp_qt_app/share/ament_index/resource_index/parent_prefix_path/cpp_qt_app
[13.501s] -- Installing: /workspaces/ros_agv_pc/src/install/cpp_qt_app/share/cpp_qt_app/environment/ament_prefix_path.sh
[13.501s] -- Installing: /workspaces/ros_agv_pc/src/install/cpp_qt_app/share/cpp_qt_app/environment/ament_prefix_path.dsv
[13.502s] -- Installing: /workspaces/ros_agv_pc/src/install/cpp_qt_app/share/cpp_qt_app/environment/path.sh
[13.502s] -- Installing: /workspaces/ros_agv_pc/src/install/cpp_qt_app/share/cpp_qt_app/environment/path.dsv
[13.502s] -- Installing: /workspaces/ros_agv_pc/src/install/cpp_qt_app/share/cpp_qt_app/local_setup.bash
[13.502s] -- Installing: /workspaces/ros_agv_pc/src/install/cpp_qt_app/share/cpp_qt_app/local_setup.sh
[13.503s] -- Installing: /workspaces/ros_agv_pc/src/install/cpp_qt_app/share/cpp_qt_app/local_setup.zsh
[13.503s] -- Installing: /workspaces/ros_agv_pc/src/install/cpp_qt_app/share/cpp_qt_app/local_setup.dsv
[13.503s] -- Installing: /workspaces/ros_agv_pc/src/install/cpp_qt_app/share/cpp_qt_app/package.dsv
[13.503s] -- Installing: /workspaces/ros_agv_pc/src/install/cpp_qt_app/share/ament_index/resource_index/packages/cpp_qt_app
[13.504s] -- Installing: /workspaces/ros_agv_pc/src/install/cpp_qt_app/share/cpp_qt_app/cmake/cpp_qt_appConfig.cmake
[13.504s] -- Installing: /workspaces/ros_agv_pc/src/install/cpp_qt_app/share/cpp_qt_app/cmake/cpp_qt_appConfig-version.cmake
[13.504s] -- Installing: /workspaces/ros_agv_pc/src/install/cpp_qt_app/share/cpp_qt_app/package.xml
[13.508s] Invoked command in '/workspaces/ros_agv_pc/src/build/cpp_qt_app' returned '0': CMAKE_PREFIX_PATH=/opt/ros/humble /usr/bin/cmake --install /workspaces/ros_agv_pc/src/build/cpp_qt_app
