/usr/lib/python3/dist-packages/setuptools/dist.py:723: UserWarning: Usage of dash-separated 'script-dir' will not be supported in future versions. Please use the underscore name 'script_dir' instead
  warnings.warn(
running egg_info
writing ../build/AGV_simulator_description/AGV_simulator_description.egg-info/PKG-INFO
writing dependency_links to ../build/AGV_simulator_description/AGV_simulator_description.egg-info/dependency_links.txt
writing entry points to ../build/AGV_simulator_description/AGV_simulator_description.egg-info/entry_points.txt
writing requirements to ../build/AGV_simulator_description/AGV_simulator_description.egg-info/requires.txt
writing top-level names to ../build/AGV_simulator_description/AGV_simulator_description.egg-info/top_level.txt
reading manifest file '../build/AGV_simulator_description/AGV_simulator_description.egg-info/SOURCES.txt'
/usr/lib/python3/dist-packages/setuptools/command/install.py:34: SetuptoolsDeprecationWarning: setup.py install is deprecated. Use build and pip and other standards-based tools.
  warnings.warn(
writing manifest file '../build/AGV_simulator_description/AGV_simulator_description.egg-info/SOURCES.txt'
running build
running build_py
running install
running install_lib
running install_data
running install_egg_info
removing '/workspaces/ros_agv_pc/src/install/AGV_simulator_description/lib/python3.10/site-packages/AGV_simulator_description-0.0.0-py3.10.egg-info' (and everything under it)
Copying ../build/AGV_simulator_description/AGV_simulator_description.egg-info to /workspaces/ros_agv_pc/src/install/AGV_simulator_description/lib/python3.10/site-packages/AGV_simulator_description-0.0.0-py3.10.egg-info
running install_scripts
writing list of installed files to '/workspaces/ros_agv_pc/src/build/AGV_simulator_description/install.log'
